<?xml version="1.0" encoding="UTF-8"?>
<testsuite xmlns:xsi="http://www.w3.org/2001/XMLSchema-instance" xsi:noNamespaceSchemaLocation="https://maven.apache.org/surefire/maven-surefire-plugin/xsd/surefire-test-report.xsd" name="ngondi.ged.ga.infrastructure.service.test.FournisseurImplTest" time="2.462" tests="8" errors="7" skipped="0" failures="0">
  <properties>
    <property name="sun.desktop" value="windows"/>
    <property name="awt.toolkit" value="sun.awt.windows.WToolkit"/>
    <property name="file.encoding.pkg" value="sun.io"/>
    <property name="java.specification.version" value="1.8"/>
    <property name="sun.cpu.isalist" value="amd64"/>
    <property name="sun.jnu.encoding" value="Cp1252"/>
    <property name="java.class.path" value="C:\Users\gmihindou\Desktop\NGONDI\ngondi\ngondi-infrastructure\target\test-classes;C:\Users\gmihindou\Desktop\NGONDI\ngondi\ngondi-infrastructure\target\classes;C:\Users\gmihindou\.m2\repository\org\springframework\boot\spring-boot-starter-web\2.0.4.RELEASE\spring-boot-starter-web-2.0.4.RELEASE.jar;C:\Users\gmihindou\.m2\repository\org\springframework\boot\spring-boot-starter\2.0.4.RELEASE\spring-boot-starter-2.0.4.RELEASE.jar;C:\Users\gmihindou\.m2\repository\org\springframework\boot\spring-boot-starter-logging\2.0.4.RELEASE\spring-boot-starter-logging-2.0.4.RELEASE.jar;C:\Users\gmihindou\.m2\repository\ch\qos\logback\logback-classic\1.2.3\logback-classic-1.2.3.jar;C:\Users\gmihindou\.m2\repository\ch\qos\logback\logback-core\1.2.3\logback-core-1.2.3.jar;C:\Users\gmihindou\.m2\repository\org\apache\logging\log4j\log4j-to-slf4j\2.10.0\log4j-to-slf4j-2.10.0.jar;C:\Users\gmihindou\.m2\repository\org\apache\logging\log4j\log4j-api\2.10.0\log4j-api-2.10.0.jar;C:\Users\gmihindou\.m2\repository\org\slf4j\jul-to-slf4j\1.7.25\jul-to-slf4j-1.7.25.jar;C:\Users\gmihindou\.m2\repository\javax\annotation\javax.annotation-api\1.3.2\javax.annotation-api-1.3.2.jar;C:\Users\gmihindou\.m2\repository\org\yaml\snakeyaml\1.19\snakeyaml-1.19.jar;C:\Users\gmihindou\.m2\repository\org\springframework\boot\spring-boot-starter-json\2.0.4.RELEASE\spring-boot-starter-json-2.0.4.RELEASE.jar;C:\Users\gmihindou\.m2\repository\com\fasterxml\jackson\core\jackson-databind\2.9.6\jackson-databind-2.9.6.jar;C:\Users\gmihindou\.m2\repository\com\fasterxml\jackson\core\jackson-annotations\2.9.0\jackson-annotations-2.9.0.jar;C:\Users\gmihindou\.m2\repository\com\fasterxml\jackson\core\jackson-core\2.9.6\jackson-core-2.9.6.jar;C:\Users\gmihindou\.m2\repository\com\fasterxml\jackson\datatype\jackson-datatype-jdk8\2.9.6\jackson-datatype-jdk8-2.9.6.jar;C:\Users\gmihindou\.m2\repository\com\fasterxml\jackson\datatype\jackson-datatype-jsr310\2.9.6\jackson-datatype-jsr310-2.9.6.jar;C:\Users\gmihindou\.m2\repository\com\fasterxml\jackson\module\jackson-module-parameter-names\2.9.6\jackson-module-parameter-names-2.9.6.jar;C:\Users\gmihindou\.m2\repository\org\springframework\boot\spring-boot-starter-tomcat\2.0.4.RELEASE\spring-boot-starter-tomcat-2.0.4.RELEASE.jar;C:\Users\gmihindou\.m2\repository\org\apache\tomcat\embed\tomcat-embed-core\8.5.32\tomcat-embed-core-8.5.32.jar;C:\Users\gmihindou\.m2\repository\org\apache\tomcat\embed\tomcat-embed-el\8.5.32\tomcat-embed-el-8.5.32.jar;C:\Users\gmihindou\.m2\repository\org\apache\tomcat\embed\tomcat-embed-websocket\8.5.32\tomcat-embed-websocket-8.5.32.jar;C:\Users\gmihindou\.m2\repository\org\hibernate\validator\hibernate-validator\6.0.11.Final\hibernate-validator-6.0.11.Final.jar;C:\Users\gmihindou\.m2\repository\javax\validation\validation-api\2.0.1.Final\validation-api-2.0.1.Final.jar;C:\Users\gmihindou\.m2\repository\org\jboss\logging\jboss-logging\3.3.2.Final\jboss-logging-3.3.2.Final.jar;C:\Users\gmihindou\.m2\repository\com\fasterxml\classmate\1.3.4\classmate-1.3.4.jar;C:\Users\gmihindou\.m2\repository\org\springframework\spring-web\5.0.8.RELEASE\spring-web-5.0.8.RELEASE.jar;C:\Users\gmihindou\.m2\repository\org\springframework\spring-beans\5.0.8.RELEASE\spring-beans-5.0.8.RELEASE.jar;C:\Users\gmihindou\.m2\repository\org\springframework\spring-webmvc\5.0.8.RELEASE\spring-webmvc-5.0.8.RELEASE.jar;C:\Users\gmihindou\.m2\repository\org\springframework\spring-aop\5.0.8.RELEASE\spring-aop-5.0.8.RELEASE.jar;C:\Users\gmihindou\.m2\repository\org\springframework\spring-context\5.0.8.RELEASE\spring-context-5.0.8.RELEASE.jar;C:\Users\gmihindou\.m2\repository\org\springframework\spring-expression\5.0.8.RELEASE\spring-expression-5.0.8.RELEASE.jar;C:\Users\gmihindou\.m2\repository\org\springframework\boot\spring-boot-devtools\2.0.4.RELEASE\spring-boot-devtools-2.0.4.RELEASE.jar;C:\Users\gmihindou\.m2\repository\org\springframework\boot\spring-boot\2.0.4.RELEASE\spring-boot-2.0.4.RELEASE.jar;C:\Users\gmihindou\.m2\repository\org\springframework\boot\spring-boot-autoconfigure\2.0.4.RELEASE\spring-boot-autoconfigure-2.0.4.RELEASE.jar;C:\Users\gmihindou\.m2\repository\org\springframework\boot\spring-boot-starter-test\2.0.4.RELEASE\spring-boot-starter-test-2.0.4.RELEASE.jar;C:\Users\gmihindou\.m2\repository\org\springframework\boot\spring-boot-test\2.0.4.RELEASE\spring-boot-test-2.0.4.RELEASE.jar;C:\Users\gmihindou\.m2\repository\org\springframework\boot\spring-boot-test-autoconfigure\2.0.4.RELEASE\spring-boot-test-autoconfigure-2.0.4.RELEASE.jar;C:\Users\gmihindou\.m2\repository\com\jayway\jsonpath\json-path\2.4.0\json-path-2.4.0.jar;C:\Users\gmihindou\.m2\repository\net\minidev\json-smart\2.3\json-smart-2.3.jar;C:\Users\gmihindou\.m2\repository\net\minidev\accessors-smart\1.2\accessors-smart-1.2.jar;C:\Users\gmihindou\.m2\repository\org\ow2\asm\asm\5.0.4\asm-5.0.4.jar;C:\Users\gmihindou\.m2\repository\org\slf4j\slf4j-api\1.7.25\slf4j-api-1.7.25.jar;C:\Users\gmihindou\.m2\repository\junit\junit\4.12\junit-4.12.jar;C:\Users\gmihindou\.m2\repository\org\assertj\assertj-core\3.9.1\assertj-core-3.9.1.jar;C:\Users\gmihindou\.m2\repository\org\mockito\mockito-core\2.15.0\mockito-core-2.15.0.jar;C:\Users\gmihindou\.m2\repository\net\bytebuddy\byte-buddy\1.7.11\byte-buddy-1.7.11.jar;C:\Users\gmihindou\.m2\repository\net\bytebuddy\byte-buddy-agent\1.7.11\byte-buddy-agent-1.7.11.jar;C:\Users\gmihindou\.m2\repository\org\objenesis\objenesis\2.6\objenesis-2.6.jar;C:\Users\gmihindou\.m2\repository\org\hamcrest\hamcrest-core\1.3\hamcrest-core-1.3.jar;C:\Users\gmihindou\.m2\repository\org\hamcrest\hamcrest-library\1.3\hamcrest-library-1.3.jar;C:\Users\gmihindou\.m2\repository\org\skyscreamer\jsonassert\1.5.0\jsonassert-1.5.0.jar;C:\Users\gmihindou\.m2\repository\com\vaadin\external\google\android-json\0.0.20131108.vaadin1\android-json-0.0.20131108.vaadin1.jar;C:\Users\gmihindou\.m2\repository\org\springframework\spring-core\5.0.8.RELEASE\spring-core-5.0.8.RELEASE.jar;C:\Users\gmihindou\.m2\repository\org\springframework\spring-jcl\5.0.8.RELEASE\spring-jcl-5.0.8.RELEASE.jar;C:\Users\gmihindou\.m2\repository\org\springframework\spring-test\5.0.8.RELEASE\spring-test-5.0.8.RELEASE.jar;C:\Users\gmihindou\.m2\repository\org\xmlunit\xmlunit-core\2.5.1\xmlunit-core-2.5.1.jar;C:\Users\gmihindou\.m2\repository\org\springframework\boot\spring-boot-starter-data-jpa\2.0.4.RELEASE\spring-boot-starter-data-jpa-2.0.4.RELEASE.jar;C:\Users\gmihindou\.m2\repository\org\springframework\boot\spring-boot-starter-aop\2.0.4.RELEASE\spring-boot-starter-aop-2.0.4.RELEASE.jar;C:\Users\gmihindou\.m2\repository\org\aspectj\aspectjweaver\1.8.13\aspectjweaver-1.8.13.jar;C:\Users\gmihindou\.m2\repository\org\springframework\boot\spring-boot-starter-jdbc\2.0.4.RELEASE\spring-boot-starter-jdbc-2.0.4.RELEASE.jar;C:\Users\gmihindou\.m2\repository\com\zaxxer\HikariCP\2.7.9\HikariCP-2.7.9.jar;C:\Users\gmihindou\.m2\repository\org\springframework\spring-jdbc\5.0.8.RELEASE\spring-jdbc-5.0.8.RELEASE.jar;C:\Users\gmihindou\.m2\repository\org\hibernate\hibernate-core\5.2.17.Final\hibernate-core-5.2.17.Final.jar;C:\Users\gmihindou\.m2\repository\org\hibernate\javax\persistence\hibernate-jpa-2.1-api\1.0.2.Final\hibernate-jpa-2.1-api-1.0.2.Final.jar;C:\Users\gmihindou\.m2\repository\org\javassist\javassist\3.22.0-GA\javassist-3.22.0-GA.jar;C:\Users\gmihindou\.m2\repository\antlr\antlr\2.7.7\antlr-2.7.7.jar;C:\Users\gmihindou\.m2\repository\org\jboss\jandex\2.0.3.Final\jandex-2.0.3.Final.jar;C:\Users\gmihindou\.m2\repository\dom4j\dom4j\1.6.1\dom4j-1.6.1.jar;C:\Users\gmihindou\.m2\repository\org\hibernate\common\hibernate-commons-annotations\5.0.1.Final\hibernate-commons-annotations-5.0.1.Final.jar;C:\Users\gmihindou\.m2\repository\javax\transaction\javax.transaction-api\1.2\javax.transaction-api-1.2.jar;C:\Users\gmihindou\.m2\repository\org\springframework\data\spring-data-jpa\2.0.9.RELEASE\spring-data-jpa-2.0.9.RELEASE.jar;C:\Users\gmihindou\.m2\repository\org\springframework\data\spring-data-commons\2.0.9.RELEASE\spring-data-commons-2.0.9.RELEASE.jar;C:\Users\gmihindou\.m2\repository\org\springframework\spring-orm\5.0.8.RELEASE\spring-orm-5.0.8.RELEASE.jar;C:\Users\gmihindou\.m2\repository\org\springframework\spring-tx\5.0.8.RELEASE\spring-tx-5.0.8.RELEASE.jar;C:\Users\gmihindou\.m2\repository\org\springframework\spring-aspects\5.0.8.RELEASE\spring-aspects-5.0.8.RELEASE.jar;C:\Users\gmihindou\.m2\repository\mysql\mysql-connector-java\5.1.46\mysql-connector-java-5.1.46.jar;C:\Users\gmihindou\Desktop\NGONDI\ngondi\ngondi-domain\target\ngondi-domain-0.4-SNAPSHOT.jar;"/>
    <property name="java.vm.vendor" value="Oracle Corporation"/>
    <property name="sun.arch.data.model" value="64"/>
    <property name="user.variant" value=""/>
    <property name="java.vendor.url" value="http://java.oracle.com/"/>
    <property name="user.timezone" value=""/>
    <property name="java.vm.specification.version" value="1.8"/>
    <property name="os.name" value="Windows 10"/>
    <property name="user.country" value="FR"/>
    <property name="sun.java.launcher" value="SUN_STANDARD"/>
    <property name="sun.boot.library.path" value="C:\Program Files\Java\jdk1.8.0_181\jre\bin"/>
    <property name="sun.java.command" value="C:\Users\GMIHIN~1\AppData\Local\Temp\surefire3983876529997774579\surefirebooter7677067244655180553.jar C:\Users\gmihindou\AppData\Local\Temp\surefire3983876529997774579 2019-09-16T01-26-34_030-jvmRun1 surefire3396645508792052299tmp surefire_06323548799839411616tmp"/>
    <property name="surefire.test.class.path" value="C:\Users\gmihindou\Desktop\NGONDI\ngondi\ngondi-infrastructure\target\test-classes;C:\Users\gmihindou\Desktop\NGONDI\ngondi\ngondi-infrastructure\target\classes;C:\Users\gmihindou\.m2\repository\org\springframework\boot\spring-boot-starter-web\2.0.4.RELEASE\spring-boot-starter-web-2.0.4.RELEASE.jar;C:\Users\gmihindou\.m2\repository\org\springframework\boot\spring-boot-starter\2.0.4.RELEASE\spring-boot-starter-2.0.4.RELEASE.jar;C:\Users\gmihindou\.m2\repository\org\springframework\boot\spring-boot-starter-logging\2.0.4.RELEASE\spring-boot-starter-logging-2.0.4.RELEASE.jar;C:\Users\gmihindou\.m2\repository\ch\qos\logback\logback-classic\1.2.3\logback-classic-1.2.3.jar;C:\Users\gmihindou\.m2\repository\ch\qos\logback\logback-core\1.2.3\logback-core-1.2.3.jar;C:\Users\gmihindou\.m2\repository\org\apache\logging\log4j\log4j-to-slf4j\2.10.0\log4j-to-slf4j-2.10.0.jar;C:\Users\gmihindou\.m2\repository\org\apache\logging\log4j\log4j-api\2.10.0\log4j-api-2.10.0.jar;C:\Users\gmihindou\.m2\repository\org\slf4j\jul-to-slf4j\1.7.25\jul-to-slf4j-1.7.25.jar;C:\Users\gmihindou\.m2\repository\javax\annotation\javax.annotation-api\1.3.2\javax.annotation-api-1.3.2.jar;C:\Users\gmihindou\.m2\repository\org\yaml\snakeyaml\1.19\snakeyaml-1.19.jar;C:\Users\gmihindou\.m2\repository\org\springframework\boot\spring-boot-starter-json\2.0.4.RELEASE\spring-boot-starter-json-2.0.4.RELEASE.jar;C:\Users\gmihindou\.m2\repository\com\fasterxml\jackson\core\jackson-databind\2.9.6\jackson-databind-2.9.6.jar;C:\Users\gmihindou\.m2\repository\com\fasterxml\jackson\core\jackson-annotations\2.9.0\jackson-annotations-2.9.0.jar;C:\Users\gmihindou\.m2\repository\com\fasterxml\jackson\core\jackson-core\2.9.6\jackson-core-2.9.6.jar;C:\Users\gmihindou\.m2\repository\com\fasterxml\jackson\datatype\jackson-datatype-jdk8\2.9.6\jackson-datatype-jdk8-2.9.6.jar;C:\Users\gmihindou\.m2\repository\com\fasterxml\jackson\datatype\jackson-datatype-jsr310\2.9.6\jackson-datatype-jsr310-2.9.6.jar;C:\Users\gmihindou\.m2\repository\com\fasterxml\jackson\module\jackson-module-parameter-names\2.9.6\jackson-module-parameter-names-2.9.6.jar;C:\Users\gmihindou\.m2\repository\org\springframework\boot\spring-boot-starter-tomcat\2.0.4.RELEASE\spring-boot-starter-tomcat-2.0.4.RELEASE.jar;C:\Users\gmihindou\.m2\repository\org\apache\tomcat\embed\tomcat-embed-core\8.5.32\tomcat-embed-core-8.5.32.jar;C:\Users\gmihindou\.m2\repository\org\apache\tomcat\embed\tomcat-embed-el\8.5.32\tomcat-embed-el-8.5.32.jar;C:\Users\gmihindou\.m2\repository\org\apache\tomcat\embed\tomcat-embed-websocket\8.5.32\tomcat-embed-websocket-8.5.32.jar;C:\Users\gmihindou\.m2\repository\org\hibernate\validator\hibernate-validator\6.0.11.Final\hibernate-validator-6.0.11.Final.jar;C:\Users\gmihindou\.m2\repository\javax\validation\validation-api\2.0.1.Final\validation-api-2.0.1.Final.jar;C:\Users\gmihindou\.m2\repository\org\jboss\logging\jboss-logging\3.3.2.Final\jboss-logging-3.3.2.Final.jar;C:\Users\gmihindou\.m2\repository\com\fasterxml\classmate\1.3.4\classmate-1.3.4.jar;C:\Users\gmihindou\.m2\repository\org\springframework\spring-web\5.0.8.RELEASE\spring-web-5.0.8.RELEASE.jar;C:\Users\gmihindou\.m2\repository\org\springframework\spring-beans\5.0.8.RELEASE\spring-beans-5.0.8.RELEASE.jar;C:\Users\gmihindou\.m2\repository\org\springframework\spring-webmvc\5.0.8.RELEASE\spring-webmvc-5.0.8.RELEASE.jar;C:\Users\gmihindou\.m2\repository\org\springframework\spring-aop\5.0.8.RELEASE\spring-aop-5.0.8.RELEASE.jar;C:\Users\gmihindou\.m2\repository\org\springframework\spring-context\5.0.8.RELEASE\spring-context-5.0.8.RELEASE.jar;C:\Users\gmihindou\.m2\repository\org\springframework\spring-expression\5.0.8.RELEASE\spring-expression-5.0.8.RELEASE.jar;C:\Users\gmihindou\.m2\repository\org\springframework\boot\spring-boot-devtools\2.0.4.RELEASE\spring-boot-devtools-2.0.4.RELEASE.jar;C:\Users\gmihindou\.m2\repository\org\springframework\boot\spring-boot\2.0.4.RELEASE\spring-boot-2.0.4.RELEASE.jar;C:\Users\gmihindou\.m2\repository\org\springframework\boot\spring-boot-autoconfigure\2.0.4.RELEASE\spring-boot-autoconfigure-2.0.4.RELEASE.jar;C:\Users\gmihindou\.m2\repository\org\springframework\boot\spring-boot-starter-test\2.0.4.RELEASE\spring-boot-starter-test-2.0.4.RELEASE.jar;C:\Users\gmihindou\.m2\repository\org\springframework\boot\spring-boot-test\2.0.4.RELEASE\spring-boot-test-2.0.4.RELEASE.jar;C:\Users\gmihindou\.m2\repository\org\springframework\boot\spring-boot-test-autoconfigure\2.0.4.RELEASE\spring-boot-test-autoconfigure-2.0.4.RELEASE.jar;C:\Users\gmihindou\.m2\repository\com\jayway\jsonpath\json-path\2.4.0\json-path-2.4.0.jar;C:\Users\gmihindou\.m2\repository\net\minidev\json-smart\2.3\json-smart-2.3.jar;C:\Users\gmihindou\.m2\repository\net\minidev\accessors-smart\1.2\accessors-smart-1.2.jar;C:\Users\gmihindou\.m2\repository\org\ow2\asm\asm\5.0.4\asm-5.0.4.jar;C:\Users\gmihindou\.m2\repository\org\slf4j\slf4j-api\1.7.25\slf4j-api-1.7.25.jar;C:\Users\gmihindou\.m2\repository\junit\junit\4.12\junit-4.12.jar;C:\Users\gmihindou\.m2\repository\org\assertj\assertj-core\3.9.1\assertj-core-3.9.1.jar;C:\Users\gmihindou\.m2\repository\org\mockito\mockito-core\2.15.0\mockito-core-2.15.0.jar;C:\Users\gmihindou\.m2\repository\net\bytebuddy\byte-buddy\1.7.11\byte-buddy-1.7.11.jar;C:\Users\gmihindou\.m2\repository\net\bytebuddy\byte-buddy-agent\1.7.11\byte-buddy-agent-1.7.11.jar;C:\Users\gmihindou\.m2\repository\org\objenesis\objenesis\2.6\objenesis-2.6.jar;C:\Users\gmihindou\.m2\repository\org\hamcrest\hamcrest-core\1.3\hamcrest-core-1.3.jar;C:\Users\gmihindou\.m2\repository\org\hamcrest\hamcrest-library\1.3\hamcrest-library-1.3.jar;C:\Users\gmihindou\.m2\repository\org\skyscreamer\jsonassert\1.5.0\jsonassert-1.5.0.jar;C:\Users\gmihindou\.m2\repository\com\vaadin\external\google\android-json\0.0.20131108.vaadin1\android-json-0.0.20131108.vaadin1.jar;C:\Users\gmihindou\.m2\repository\org\springframework\spring-core\5.0.8.RELEASE\spring-core-5.0.8.RELEASE.jar;C:\Users\gmihindou\.m2\repository\org\springframework\spring-jcl\5.0.8.RELEASE\spring-jcl-5.0.8.RELEASE.jar;C:\Users\gmihindou\.m2\repository\org\springframework\spring-test\5.0.8.RELEASE\spring-test-5.0.8.RELEASE.jar;C:\Users\gmihindou\.m2\repository\org\xmlunit\xmlunit-core\2.5.1\xmlunit-core-2.5.1.jar;C:\Users\gmihindou\.m2\repository\org\springframework\boot\spring-boot-starter-data-jpa\2.0.4.RELEASE\spring-boot-starter-data-jpa-2.0.4.RELEASE.jar;C:\Users\gmihindou\.m2\repository\org\springframework\boot\spring-boot-starter-aop\2.0.4.RELEASE\spring-boot-starter-aop-2.0.4.RELEASE.jar;C:\Users\gmihindou\.m2\repository\org\aspectj\aspectjweaver\1.8.13\aspectjweaver-1.8.13.jar;C:\Users\gmihindou\.m2\repository\org\springframework\boot\spring-boot-starter-jdbc\2.0.4.RELEASE\spring-boot-starter-jdbc-2.0.4.RELEASE.jar;C:\Users\gmihindou\.m2\repository\com\zaxxer\HikariCP\2.7.9\HikariCP-2.7.9.jar;C:\Users\gmihindou\.m2\repository\org\springframework\spring-jdbc\5.0.8.RELEASE\spring-jdbc-5.0.8.RELEASE.jar;C:\Users\gmihindou\.m2\repository\org\hibernate\hibernate-core\5.2.17.Final\hibernate-core-5.2.17.Final.jar;C:\Users\gmihindou\.m2\repository\org\hibernate\javax\persistence\hibernate-jpa-2.1-api\1.0.2.Final\hibernate-jpa-2.1-api-1.0.2.Final.jar;C:\Users\gmihindou\.m2\repository\org\javassist\javassist\3.22.0-GA\javassist-3.22.0-GA.jar;C:\Users\gmihindou\.m2\repository\antlr\antlr\2.7.7\antlr-2.7.7.jar;C:\Users\gmihindou\.m2\repository\org\jboss\jandex\2.0.3.Final\jandex-2.0.3.Final.jar;C:\Users\gmihindou\.m2\repository\dom4j\dom4j\1.6.1\dom4j-1.6.1.jar;C:\Users\gmihindou\.m2\repository\org\hibernate\common\hibernate-commons-annotations\5.0.1.Final\hibernate-commons-annotations-5.0.1.Final.jar;C:\Users\gmihindou\.m2\repository\javax\transaction\javax.transaction-api\1.2\javax.transaction-api-1.2.jar;C:\Users\gmihindou\.m2\repository\org\springframework\data\spring-data-jpa\2.0.9.RELEASE\spring-data-jpa-2.0.9.RELEASE.jar;C:\Users\gmihindou\.m2\repository\org\springframework\data\spring-data-commons\2.0.9.RELEASE\spring-data-commons-2.0.9.RELEASE.jar;C:\Users\gmihindou\.m2\repository\org\springframework\spring-orm\5.0.8.RELEASE\spring-orm-5.0.8.RELEASE.jar;C:\Users\gmihindou\.m2\repository\org\springframework\spring-tx\5.0.8.RELEASE\spring-tx-5.0.8.RELEASE.jar;C:\Users\gmihindou\.m2\repository\org\springframework\spring-aspects\5.0.8.RELEASE\spring-aspects-5.0.8.RELEASE.jar;C:\Users\gmihindou\.m2\repository\mysql\mysql-connector-java\5.1.46\mysql-connector-java-5.1.46.jar;C:\Users\gmihindou\Desktop\NGONDI\ngondi\ngondi-domain\target\ngondi-domain-0.4-SNAPSHOT.jar;"/>
    <property name="sun.cpu.endian" value="little"/>
    <property name="user.home" value="C:\Users\gmihindou"/>
    <property name="user.language" value="fr"/>
    <property name="java.specification.vendor" value="Oracle Corporation"/>
    <property name="java.home" value="C:\Program Files\Java\jdk1.8.0_181\jre"/>
    <property name="basedir" value="C:\Users\gmihindou\Desktop\NGONDI\ngondi\ngondi-infrastructure"/>
    <property name="file.separator" value="\"/>
    <property name="line.separator" value="&#10;"/>
    <property name="java.vm.specification.vendor" value="Oracle Corporation"/>
    <property name="java.specification.name" value="Java Platform API Specification"/>
    <property name="java.awt.graphicsenv" value="sun.awt.Win32GraphicsEnvironment"/>
    <property name="surefire.real.class.path" value="C:\Users\GMIHIN~1\AppData\Local\Temp\surefire3983876529997774579\surefirebooter7677067244655180553.jar"/>
    <property name="sun.boot.class.path" value="C:\Program Files\Java\jdk1.8.0_181\jre\lib\resources.jar;C:\Program Files\Java\jdk1.8.0_181\jre\lib\rt.jar;C:\Program Files\Java\jdk1.8.0_181\jre\lib\sunrsasign.jar;C:\Program Files\Java\jdk1.8.0_181\jre\lib\jsse.jar;C:\Program Files\Java\jdk1.8.0_181\jre\lib\jce.jar;C:\Program Files\Java\jdk1.8.0_181\jre\lib\charsets.jar;C:\Program Files\Java\jdk1.8.0_181\jre\lib\jfr.jar;C:\Program Files\Java\jdk1.8.0_181\jre\classes"/>
    <property name="user.script" value=""/>
    <property name="sun.management.compiler" value="HotSpot 64-Bit Tiered Compilers"/>
    <property name="java.runtime.version" value="1.8.0_181-b13"/>
    <property name="user.name" value="gmihindou"/>
    <property name="path.separator" value=";"/>
    <property name="os.version" value="10.0"/>
    <property name="java.endorsed.dirs" value="C:\Program Files\Java\jdk1.8.0_181\jre\lib\endorsed"/>
    <property name="java.runtime.name" value="Java(TM) SE Runtime Environment"/>
    <property name="file.encoding" value="Cp1252"/>
    <property name="java.vm.name" value="Java HotSpot(TM) 64-Bit Server VM"/>
    <property name="localRepository" value="C:\Users\gmihindou\.m2\repository"/>
    <property name="java.vendor.url.bug" value="http://bugreport.sun.com/bugreport/"/>
    <property name="java.io.tmpdir" value="C:\Users\GMIHIN~1\AppData\Local\Temp\"/>
    <property name="java.version" value="1.8.0_181"/>
    <property name="user.dir" value="C:\Users\gmihindou\Desktop\NGONDI\ngondi\ngondi-infrastructure"/>
    <property name="os.arch" value="amd64"/>
    <property name="java.vm.specification.name" value="Java Virtual Machine Specification"/>
    <property name="java.awt.printerjob" value="sun.awt.windows.WPrinterJob"/>
    <property name="sun.os.patch.level" value=""/>
    <property name="java.library.path" value="C:\Program Files\Java\jdk1.8.0_181\jre\bin;C:\WINDOWS\Sun\Java\bin;C:\WINDOWS\system32;C:\WINDOWS;C:/Program Files/Java/jre1.8.0_181/bin/server;C:/Program Files/Java/jre1.8.0_181/bin;C:/Program Files/Java/jre1.8.0_181/lib/amd64;C:\Program Files (x86)\Common Files\Oracle\Java\javapath;C:\ProgramData\Oracle\Java\javapath;C:\WINDOWS\system32;C:\WINDOWS;C:\WINDOWS\System32\Wbem;C:\WINDOWS\System32\WindowsPowerShell\v1.0\;C:\WINDOWS\System32\OpenSSH\;C:\Program Files\nodejs\;C:\Program Files\Git\cmd;C:\Program Files\Java\jdk1.8.0_181\bin;C:\Program Files\apache-maven-3.5.4\bin;C:\Program Files (x86)\Intel\Intel(R) Management Engine Components\DAL;C:\Program Files\Intel\Intel(R) Management Engine Components\DAL;;C:\adb;C:\WINDOWS\system32;C:\WINDOWS;C:\WINDOWS\System32\Wbem;C:\WINDOWS\System32\WindowsPowerShell\v1.0\;C:\WINDOWS\System32\OpenSSH\;C:\Program Files\Intel\WiFi\bin\;C:\Program Files\Common Files\Intel\WirelessCommon\;C:\Program Files\Intel\WiFi\bin\;C:\Program Files\Common Files\Intel\WirelessCommon\;C:\Users\gmihindou\AppData\Local\Microsoft\WindowsApps;C:\Users\gmihindou\AppData\Local\GitHubDesktop\bin;C:\Users\gmihindou\Downloads\sts-bundle\sts-3.9.5.RELEASE;;."/>
    <property name="java.vm.info" value="mixed mode"/>
    <property name="java.vendor" value="Oracle Corporation"/>
    <property name="java.vm.version" value="25.181-b13"/>
    <property name="java.ext.dirs" value="C:\Program Files\Java\jdk1.8.0_181\jre\lib\ext;C:\WINDOWS\Sun\Java\lib\ext"/>
    <property name="sun.io.unicode.encoding" value="UnicodeLittle"/>
    <property name="java.class.version" value="52.0"/>
  </properties>
  <testcase name="testGetFournisseurs" classname="ngondi.ged.ga.infrastructure.service.test.FournisseurImplTest" time="0.001">
    <error message="Source must not be null" type="java.lang.IllegalArgumentException">java.lang.IllegalArgumentException: Source must not be null
	at ngondi.ged.ga.infrastructure.service.test.FournisseurImplTest.testGetFournisseurs(FournisseurImplTest.java:178)
</error>
    <system-out><![CDATA[01:26:47.910 [main] DEBUG org.springframework.test.context.junit4.SpringJUnit4ClassRunner - SpringJUnit4ClassRunner constructor called with [class ngondi.ged.ga.infrastructure.service.test.FournisseurImplTest]
01:26:47.910 [main] DEBUG org.springframework.test.context.BootstrapUtils - Instantiating CacheAwareContextLoaderDelegate from class [org.springframework.test.context.cache.DefaultCacheAwareContextLoaderDelegate]
01:26:47.910 [main] DEBUG org.springframework.test.context.BootstrapUtils - Instantiating BootstrapContext using constructor [public org.springframework.test.context.support.DefaultBootstrapContext(java.lang.Class,org.springframework.test.context.CacheAwareContextLoaderDelegate)]
01:26:47.910 [main] DEBUG org.springframework.test.context.BootstrapUtils - Instantiating TestContextBootstrapper for test class [ngondi.ged.ga.infrastructure.service.test.FournisseurImplTest] from class [org.springframework.test.context.support.DefaultTestContextBootstrapper]
01:26:47.911 [main] INFO org.springframework.test.context.support.DefaultTestContextBootstrapper - Neither @ContextConfiguration nor @ContextHierarchy found for test class [ngondi.ged.ga.infrastructure.service.test.FournisseurImplTest], using DelegatingSmartContextLoader
01:26:47.911 [main] DEBUG org.springframework.test.context.support.AbstractDelegatingSmartContextLoader - Delegating to GenericXmlContextLoader to process context configuration [ContextConfigurationAttributes@51eb0e84 declaringClass = 'ngondi.ged.ga.infrastructure.service.test.FournisseurImplTest', classes = '{}', locations = '{}', inheritLocations = false, initializers = '{}', inheritInitializers = true, name = [null], contextLoaderClass = 'org.springframework.test.context.ContextLoader'].
01:26:47.912 [main] DEBUG org.springframework.test.context.support.AbstractContextLoader - Did not detect default resource location for test class [ngondi.ged.ga.infrastructure.service.test.FournisseurImplTest]: class path resource [ngondi/ged/ga/infrastructure/service/test/FournisseurImplTest-context.xml] does not exist
01:26:47.912 [main] INFO org.springframework.test.context.support.AbstractContextLoader - Could not detect default resource locations for test class [ngondi.ged.ga.infrastructure.service.test.FournisseurImplTest]: no resource found for suffixes {-context.xml}.
01:26:47.912 [main] DEBUG org.springframework.test.context.support.AbstractDelegatingSmartContextLoader - Delegating to AnnotationConfigContextLoader to process context configuration [ContextConfigurationAttributes@51eb0e84 declaringClass = 'ngondi.ged.ga.infrastructure.service.test.FournisseurImplTest', classes = '{}', locations = '{}', inheritLocations = false, initializers = '{}', inheritInitializers = true, name = [null], contextLoaderClass = 'org.springframework.test.context.ContextLoader'].
01:26:47.912 [main] INFO org.springframework.test.context.support.AbstractDelegatingSmartContextLoader - AnnotationConfigContextLoader detected default configuration classes for context configuration [ContextConfigurationAttributes@51eb0e84 declaringClass = 'ngondi.ged.ga.infrastructure.service.test.FournisseurImplTest', classes = '{class ngondi.ged.ga.infrastructure.service.test.FournisseurImplTest$conf}', locations = '{}', inheritLocations = false, initializers = '{}', inheritInitializers = true, name = [null], contextLoaderClass = 'org.springframework.test.context.ContextLoader'].
01:26:47.913 [main] DEBUG org.springframework.test.context.support.ActiveProfilesUtils - Could not find an 'annotation declaring class' for annotation type [org.springframework.test.context.ActiveProfiles] and class [ngondi.ged.ga.infrastructure.service.test.FournisseurImplTest]
01:26:47.913 [main] DEBUG org.springframework.test.context.support.DefaultTestContextBootstrapper - @TestExecutionListeners is not present for class [ngondi.ged.ga.infrastructure.service.test.FournisseurImplTest]: using defaults.
01:26:47.913 [main] INFO org.springframework.test.context.support.DefaultTestContextBootstrapper - Loaded default TestExecutionListener class names from location [META-INF/spring.factories]: [org.springframework.boot.test.mock.mockito.MockitoTestExecutionListener, org.springframework.boot.test.mock.mockito.ResetMocksTestExecutionListener, org.springframework.boot.test.autoconfigure.restdocs.RestDocsTestExecutionListener, org.springframework.boot.test.autoconfigure.web.client.MockRestServiceServerResetTestExecutionListener, org.springframework.boot.test.autoconfigure.web.servlet.MockMvcPrintOnlyOnFailureTestExecutionListener, org.springframework.boot.test.autoconfigure.web.servlet.WebDriverTestExecutionListener, org.springframework.test.context.web.ServletTestExecutionListener, org.springframework.test.context.support.DirtiesContextBeforeModesTestExecutionListener, org.springframework.test.context.support.DependencyInjectionTestExecutionListener, org.springframework.test.context.support.DirtiesContextTestExecutionListener, org.springframework.test.context.transaction.TransactionalTestExecutionListener, org.springframework.test.context.jdbc.SqlScriptsTestExecutionListener]
01:26:47.914 [main] INFO org.springframework.test.context.support.DefaultTestContextBootstrapper - Using TestExecutionListeners: [org.springframework.test.context.web.ServletTestExecutionListener@4ce267cc, org.springframework.test.context.support.DirtiesContextBeforeModesTestExecutionListener@2eebce87, org.springframework.boot.test.mock.mockito.MockitoTestExecutionListener@6ee37ca7, org.springframework.test.context.support.DependencyInjectionTestExecutionListener@6775c0d1, org.springframework.test.context.support.DirtiesContextTestExecutionListener@38f617f4, org.springframework.test.context.transaction.TransactionalTestExecutionListener@4899799b, org.springframework.test.context.jdbc.SqlScriptsTestExecutionListener@3dea226b, org.springframework.boot.test.mock.mockito.ResetMocksTestExecutionListener@74500e4f, org.springframework.boot.test.autoconfigure.restdocs.RestDocsTestExecutionListener@7c91fe86, org.springframework.boot.test.autoconfigure.web.client.MockRestServiceServerResetTestExecutionListener@7fc7152e, org.springframework.boot.test.autoconfigure.web.servlet.MockMvcPrintOnlyOnFailureTestExecutionListener@13d289c7, org.springframework.boot.test.autoconfigure.web.servlet.WebDriverTestExecutionListener@6704df84]
01:26:47.914 [main] DEBUG org.springframework.test.annotation.ProfileValueUtils - Retrieved @ProfileValueSourceConfiguration [null] for test class [ngondi.ged.ga.infrastructure.service.test.FournisseurImplTest]
01:26:47.914 [main] DEBUG org.springframework.test.annotation.ProfileValueUtils - Retrieved ProfileValueSource type [class org.springframework.test.annotation.SystemProfileValueSource] for class [ngondi.ged.ga.infrastructure.service.test.FournisseurImplTest]
01:26:47.914 [main] DEBUG org.springframework.test.annotation.ProfileValueUtils - Retrieved @ProfileValueSourceConfiguration [null] for test class [ngondi.ged.ga.infrastructure.service.test.FournisseurImplTest]
01:26:47.914 [main] DEBUG org.springframework.test.annotation.ProfileValueUtils - Retrieved ProfileValueSource type [class org.springframework.test.annotation.SystemProfileValueSource] for class [ngondi.ged.ga.infrastructure.service.test.FournisseurImplTest]
01:26:47.914 [main] DEBUG org.springframework.test.annotation.ProfileValueUtils - Retrieved @ProfileValueSourceConfiguration [null] for test class [ngondi.ged.ga.infrastructure.service.test.FournisseurImplTest]
01:26:47.915 [main] DEBUG org.springframework.test.annotation.ProfileValueUtils - Retrieved ProfileValueSource type [class org.springframework.test.annotation.SystemProfileValueSource] for class [ngondi.ged.ga.infrastructure.service.test.FournisseurImplTest]
01:26:47.915 [main] DEBUG org.springframework.test.context.support.AbstractDirtiesContextTestExecutionListener - Before test class: context [DefaultTestContext@1412682c testClass = FournisseurImplTest, testInstance = [null], testMethod = [null], testException = [null], mergedContextConfiguration = [MergedContextConfiguration@53bb71e5 testClass = FournisseurImplTest, locations = '{}', classes = '{class ngondi.ged.ga.infrastructure.service.test.FournisseurImplTest$conf}', contextInitializerClasses = '[]', activeProfiles = '{}', propertySourceLocations = '{}', propertySourceProperties = '{}', contextCustomizers = set[org.springframework.boot.test.context.filter.ExcludeFilterContextCustomizer@1e4a7dd4, org.springframework.boot.test.json.DuplicateJsonObjectContextCustomizerFactory$DuplicateJsonObjectContextCustomizer@133e16fd, org.springframework.boot.test.mock.mockito.MockitoContextCustomizer@0, org.springframework.boot.test.autoconfigure.properties.PropertyMappingContextCustomizer@0, org.springframework.boot.test.autoconfigure.web.servlet.WebDriverContextCustomizerFactory$Customizer@1176dcec], contextLoader = 'org.springframework.test.context.support.DelegatingSmartContextLoader', parent = [null]], attributes = map[[empty]]], class annotated with @DirtiesContext [false] with mode [null].
01:26:47.915 [main] DEBUG org.springframework.test.annotation.ProfileValueUtils - Retrieved @ProfileValueSourceConfiguration [null] for test class [ngondi.ged.ga.infrastructure.service.test.FournisseurImplTest]
01:26:47.915 [main] DEBUG org.springframework.test.annotation.ProfileValueUtils - Retrieved ProfileValueSource type [class org.springframework.test.annotation.SystemProfileValueSource] for class [ngondi.ged.ga.infrastructure.service.test.FournisseurImplTest]
01:26:47.915 [main] DEBUG org.springframework.test.context.support.DependencyInjectionTestExecutionListener - Performing dependency injection for test context [[DefaultTestContext@1412682c testClass = FournisseurImplTest, testInstance = ngondi.ged.ga.infrastructure.service.test.FournisseurImplTest@54a056e4, testMethod = [null], testException = [null], mergedContextConfiguration = [MergedContextConfiguration@53bb71e5 testClass = FournisseurImplTest, locations = '{}', classes = '{class ngondi.ged.ga.infrastructure.service.test.FournisseurImplTest$conf}', contextInitializerClasses = '[]', activeProfiles = '{}', propertySourceLocations = '{}', propertySourceProperties = '{}', contextCustomizers = set[org.springframework.boot.test.context.filter.ExcludeFilterContextCustomizer@1e4a7dd4, org.springframework.boot.test.json.DuplicateJsonObjectContextCustomizerFactory$DuplicateJsonObjectContextCustomizer@133e16fd, org.springframework.boot.test.mock.mockito.MockitoContextCustomizer@0, org.springframework.boot.test.autoconfigure.properties.PropertyMappingContextCustomizer@0, org.springframework.boot.test.autoconfigure.web.servlet.WebDriverContextCustomizerFactory$Customizer@1176dcec], contextLoader = 'org.springframework.test.context.support.DelegatingSmartContextLoader', parent = [null]], attributes = map[[empty]]]].
01:26:47.915 [main] DEBUG org.springframework.test.context.support.AbstractDelegatingSmartContextLoader - Delegating to AnnotationConfigContextLoader to load context from [MergedContextConfiguration@53bb71e5 testClass = FournisseurImplTest, locations = '{}', classes = '{class ngondi.ged.ga.infrastructure.service.test.FournisseurImplTest$conf}', contextInitializerClasses = '[]', activeProfiles = '{}', propertySourceLocations = '{}', propertySourceProperties = '{}', contextCustomizers = set[org.springframework.boot.test.context.filter.ExcludeFilterContextCustomizer@1e4a7dd4, org.springframework.boot.test.json.DuplicateJsonObjectContextCustomizerFactory$DuplicateJsonObjectContextCustomizer@133e16fd, org.springframework.boot.test.mock.mockito.MockitoContextCustomizer@0, org.springframework.boot.test.autoconfigure.properties.PropertyMappingContextCustomizer@0, org.springframework.boot.test.autoconfigure.web.servlet.WebDriverContextCustomizerFactory$Customizer@1176dcec], contextLoader = 'org.springframework.test.context.support.DelegatingSmartContextLoader', parent = [null]].
01:26:47.916 [main] DEBUG org.springframework.test.context.support.AbstractGenericContextLoader - Loading ApplicationContext for merged context configuration [[MergedContextConfiguration@53bb71e5 testClass = FournisseurImplTest, locations = '{}', classes = '{class ngondi.ged.ga.infrastructure.service.test.FournisseurImplTest$conf}', contextInitializerClasses = '[]', activeProfiles = '{}', propertySourceLocations = '{}', propertySourceProperties = '{}', contextCustomizers = set[org.springframework.boot.test.context.filter.ExcludeFilterContextCustomizer@1e4a7dd4, org.springframework.boot.test.json.DuplicateJsonObjectContextCustomizerFactory$DuplicateJsonObjectContextCustomizer@133e16fd, org.springframework.boot.test.mock.mockito.MockitoContextCustomizer@0, org.springframework.boot.test.autoconfigure.properties.PropertyMappingContextCustomizer@0, org.springframework.boot.test.autoconfigure.web.servlet.WebDriverContextCustomizerFactory$Customizer@1176dcec], contextLoader = 'org.springframework.test.context.support.DelegatingSmartContextLoader', parent = [null]]].
01:26:47.916 [main] DEBUG org.springframework.core.env.StandardEnvironment - Adding PropertySource 'systemProperties' with lowest search precedence
01:26:47.916 [main] DEBUG org.springframework.core.env.StandardEnvironment - Adding PropertySource 'systemEnvironment' with lowest search precedence
01:26:47.926 [main] DEBUG org.springframework.core.env.StandardEnvironment - Initialized StandardEnvironment with PropertySources [MapPropertySource@315429532 {name='systemProperties', properties={java.runtime.name=Java(TM) SE Runtime Environment, sun.boot.library.path=C:\Program Files\Java\jdk1.8.0_181\jre\bin, java.vm.version=25.181-b13, java.vm.vendor=Oracle Corporation, java.vendor.url=http://java.oracle.com/, path.separator=;, java.vm.name=Java HotSpot(TM) 64-Bit Server VM, file.encoding.pkg=sun.io, user.country=FR, user.script=, sun.java.launcher=SUN_STANDARD, sun.os.patch.level=, java.vm.specification.name=Java Virtual Machine Specification, user.dir=C:\Users\gmihindou\Desktop\NGONDI\ngondi\ngondi-infrastructure, java.runtime.version=1.8.0_181-b13, basedir=C:\Users\gmihindou\Desktop\NGONDI\ngondi\ngondi-infrastructure, java.awt.graphicsenv=sun.awt.Win32GraphicsEnvironment, java.endorsed.dirs=C:\Program Files\Java\jdk1.8.0_181\jre\lib\endorsed, os.arch=amd64, surefire.real.class.path=C:\Users\GMIHIN~1\AppData\Local\Temp\surefire3983876529997774579\surefirebooter7677067244655180553.jar, java.io.tmpdir=C:\Users\GMIHIN~1\AppData\Local\Temp\, line.separator=
, java.vm.specification.vendor=Oracle Corporation, user.variant=, os.name=Windows 10, sun.jnu.encoding=Cp1252, java.library.path=C:\Program Files\Java\jdk1.8.0_181\jre\bin;C:\WINDOWS\Sun\Java\bin;C:\WINDOWS\system32;C:\WINDOWS;C:/Program Files/Java/jre1.8.0_181/bin/server;C:/Program Files/Java/jre1.8.0_181/bin;C:/Program Files/Java/jre1.8.0_181/lib/amd64;C:\Program Files (x86)\Common Files\Oracle\Java\javapath;C:\ProgramData\Oracle\Java\javapath;C:\WINDOWS\system32;C:\WINDOWS;C:\WINDOWS\System32\Wbem;C:\WINDOWS\System32\WindowsPowerShell\v1.0\;C:\WINDOWS\System32\OpenSSH\;C:\Program Files\nodejs\;C:\Program Files\Git\cmd;C:\Program Files\Java\jdk1.8.0_181\bin;C:\Program Files\apache-maven-3.5.4\bin;C:\Program Files (x86)\Intel\Intel(R) Management Engine Components\DAL;C:\Program Files\Intel\Intel(R) Management Engine Components\DAL;;C:\adb;C:\WINDOWS\system32;C:\WINDOWS;C:\WINDOWS\System32\Wbem;C:\WINDOWS\System32\WindowsPowerShell\v1.0\;C:\WINDOWS\System32\OpenSSH\;C:\Program Files\Intel\WiFi\bin\;C:\Program Files\Common Files\Intel\WirelessCommon\;C:\Program Files\Intel\WiFi\bin\;C:\Program Files\Common Files\Intel\WirelessCommon\;C:\Users\gmihindou\AppData\Local\Microsoft\WindowsApps;C:\Users\gmihindou\AppData\Local\GitHubDesktop\bin;C:\Users\gmihindou\Downloads\sts-bundle\sts-3.9.5.RELEASE;;., surefire.test.class.path=C:\Users\gmihindou\Desktop\NGONDI\ngondi\ngondi-infrastructure\target\test-classes;C:\Users\gmihindou\Desktop\NGONDI\ngondi\ngondi-infrastructure\target\classes;C:\Users\gmihindou\.m2\repository\org\springframework\boot\spring-boot-starter-web\2.0.4.RELEASE\spring-boot-starter-web-2.0.4.RELEASE.jar;C:\Users\gmihindou\.m2\repository\org\springframework\boot\spring-boot-starter\2.0.4.RELEASE\spring-boot-starter-2.0.4.RELEASE.jar;C:\Users\gmihindou\.m2\repository\org\springframework\boot\spring-boot-starter-logging\2.0.4.RELEASE\spring-boot-starter-logging-2.0.4.RELEASE.jar;C:\Users\gmihindou\.m2\repository\ch\qos\logback\logback-classic\1.2.3\logback-classic-1.2.3.jar;C:\Users\gmihindou\.m2\repository\ch\qos\logback\logback-core\1.2.3\logback-core-1.2.3.jar;C:\Users\gmihindou\.m2\repository\org\apache\logging\log4j\log4j-to-slf4j\2.10.0\log4j-to-slf4j-2.10.0.jar;C:\Users\gmihindou\.m2\repository\org\apache\logging\log4j\log4j-api\2.10.0\log4j-api-2.10.0.jar;C:\Users\gmihindou\.m2\repository\org\slf4j\jul-to-slf4j\1.7.25\jul-to-slf4j-1.7.25.jar;C:\Users\gmihindou\.m2\repository\javax\annotation\javax.annotation-api\1.3.2\javax.annotation-api-1.3.2.jar;C:\Users\gmihindou\.m2\repository\org\yaml\snakeyaml\1.19\snakeyaml-1.19.jar;C:\Users\gmihindou\.m2\repository\org\springframework\boot\spring-boot-starter-json\2.0.4.RELEASE\spring-boot-starter-json-2.0.4.RELEASE.jar;C:\Users\gmihindou\.m2\repository\com\fasterxml\jackson\core\jackson-databind\2.9.6\jackson-databind-2.9.6.jar;C:\Users\gmihindou\.m2\repository\com\fasterxml\jackson\core\jackson-annotations\2.9.0\jackson-annotations-2.9.0.jar;C:\Users\gmihindou\.m2\repository\com\fasterxml\jackson\core\jackson-core\2.9.6\jackson-core-2.9.6.jar;C:\Users\gmihindou\.m2\repository\com\fasterxml\jackson\datatype\jackson-datatype-jdk8\2.9.6\jackson-datatype-jdk8-2.9.6.jar;C:\Users\gmihindou\.m2\repository\com\fasterxml\jackson\datatype\jackson-datatype-jsr310\2.9.6\jackson-datatype-jsr310-2.9.6.jar;C:\Users\gmihindou\.m2\repository\com\fasterxml\jackson\module\jackson-module-parameter-names\2.9.6\jackson-module-parameter-names-2.9.6.jar;C:\Users\gmihindou\.m2\repository\org\springframework\boot\spring-boot-starter-tomcat\2.0.4.RELEASE\spring-boot-starter-tomcat-2.0.4.RELEASE.jar;C:\Users\gmihindou\.m2\repository\org\apache\tomcat\embed\tomcat-embed-core\8.5.32\tomcat-embed-core-8.5.32.jar;C:\Users\gmihindou\.m2\repository\org\apache\tomcat\embed\tomcat-embed-el\8.5.32\tomcat-embed-el-8.5.32.jar;C:\Users\gmihindou\.m2\repository\org\apache\tomcat\embed\tomcat-embed-websocket\8.5.32\tomcat-embed-websocket-8.5.32.jar;C:\Users\gmihindou\.m2\repository\org\hibernate\validator\hibernate-validator\6.0.11.Final\hibernate-validator-6.0.11.Final.jar;C:\Users\gmihindou\.m2\repository\javax\validation\validation-api\2.0.1.Final\validation-api-2.0.1.Final.jar;C:\Users\gmihindou\.m2\repository\org\jboss\logging\jboss-logging\3.3.2.Final\jboss-logging-3.3.2.Final.jar;C:\Users\gmihindou\.m2\repository\com\fasterxml\classmate\1.3.4\classmate-1.3.4.jar;C:\Users\gmihindou\.m2\repository\org\springframework\spring-web\5.0.8.RELEASE\spring-web-5.0.8.RELEASE.jar;C:\Users\gmihindou\.m2\repository\org\springframework\spring-beans\5.0.8.RELEASE\spring-beans-5.0.8.RELEASE.jar;C:\Users\gmihindou\.m2\repository\org\springframework\spring-webmvc\5.0.8.RELEASE\spring-webmvc-5.0.8.RELEASE.jar;C:\Users\gmihindou\.m2\repository\org\springframework\spring-aop\5.0.8.RELEASE\spring-aop-5.0.8.RELEASE.jar;C:\Users\gmihindou\.m2\repository\org\springframework\spring-context\5.0.8.RELEASE\spring-context-5.0.8.RELEASE.jar;C:\Users\gmihindou\.m2\repository\org\springframework\spring-expression\5.0.8.RELEASE\spring-expression-5.0.8.RELEASE.jar;C:\Users\gmihindou\.m2\repository\org\springframework\boot\spring-boot-devtools\2.0.4.RELEASE\spring-boot-devtools-2.0.4.RELEASE.jar;C:\Users\gmihindou\.m2\repository\org\springframework\boot\spring-boot\2.0.4.RELEASE\spring-boot-2.0.4.RELEASE.jar;C:\Users\gmihindou\.m2\repository\org\springframework\boot\spring-boot-autoconfigure\2.0.4.RELEASE\spring-boot-autoconfigure-2.0.4.RELEASE.jar;C:\Users\gmihindou\.m2\repository\org\springframework\boot\spring-boot-starter-test\2.0.4.RELEASE\spring-boot-starter-test-2.0.4.RELEASE.jar;C:\Users\gmihindou\.m2\repository\org\springframework\boot\spring-boot-test\2.0.4.RELEASE\spring-boot-test-2.0.4.RELEASE.jar;C:\Users\gmihindou\.m2\repository\org\springframework\boot\spring-boot-test-autoconfigure\2.0.4.RELEASE\spring-boot-test-autoconfigure-2.0.4.RELEASE.jar;C:\Users\gmihindou\.m2\repository\com\jayway\jsonpath\json-path\2.4.0\json-path-2.4.0.jar;C:\Users\gmihindou\.m2\repository\net\minidev\json-smart\2.3\json-smart-2.3.jar;C:\Users\gmihindou\.m2\repository\net\minidev\accessors-smart\1.2\accessors-smart-1.2.jar;C:\Users\gmihindou\.m2\repository\org\ow2\asm\asm\5.0.4\asm-5.0.4.jar;C:\Users\gmihindou\.m2\repository\org\slf4j\slf4j-api\1.7.25\slf4j-api-1.7.25.jar;C:\Users\gmihindou\.m2\repository\junit\junit\4.12\junit-4.12.jar;C:\Users\gmihindou\.m2\repository\org\assertj\assertj-core\3.9.1\assertj-core-3.9.1.jar;C:\Users\gmihindou\.m2\repository\org\mockito\mockito-core\2.15.0\mockito-core-2.15.0.jar;C:\Users\gmihindou\.m2\repository\net\bytebuddy\byte-buddy\1.7.11\byte-buddy-1.7.11.jar;C:\Users\gmihindou\.m2\repository\net\bytebuddy\byte-buddy-agent\1.7.11\byte-buddy-agent-1.7.11.jar;C:\Users\gmihindou\.m2\repository\org\objenesis\objenesis\2.6\objenesis-2.6.jar;C:\Users\gmihindou\.m2\repository\org\hamcrest\hamcrest-core\1.3\hamcrest-core-1.3.jar;C:\Users\gmihindou\.m2\repository\org\hamcrest\hamcrest-library\1.3\hamcrest-library-1.3.jar;C:\Users\gmihindou\.m2\repository\org\skyscreamer\jsonassert\1.5.0\jsonassert-1.5.0.jar;C:\Users\gmihindou\.m2\repository\com\vaadin\external\google\android-json\0.0.20131108.vaadin1\android-json-0.0.20131108.vaadin1.jar;C:\Users\gmihindou\.m2\repository\org\springframework\spring-core\5.0.8.RELEASE\spring-core-5.0.8.RELEASE.jar;C:\Users\gmihindou\.m2\repository\org\springframework\spring-jcl\5.0.8.RELEASE\spring-jcl-5.0.8.RELEASE.jar;C:\Users\gmihindou\.m2\repository\org\springframework\spring-test\5.0.8.RELEASE\spring-test-5.0.8.RELEASE.jar;C:\Users\gmihindou\.m2\repository\org\xmlunit\xmlunit-core\2.5.1\xmlunit-core-2.5.1.jar;C:\Users\gmihindou\.m2\repository\org\springframework\boot\spring-boot-starter-data-jpa\2.0.4.RELEASE\spring-boot-starter-data-jpa-2.0.4.RELEASE.jar;C:\Users\gmihindou\.m2\repository\org\springframework\boot\spring-boot-starter-aop\2.0.4.RELEASE\spring-boot-starter-aop-2.0.4.RELEASE.jar;C:\Users\gmihindou\.m2\repository\org\aspectj\aspectjweaver\1.8.13\aspectjweaver-1.8.13.jar;C:\Users\gmihindou\.m2\repository\org\springframework\boot\spring-boot-starter-jdbc\2.0.4.RELEASE\spring-boot-starter-jdbc-2.0.4.RELEASE.jar;C:\Users\gmihindou\.m2\repository\com\zaxxer\HikariCP\2.7.9\HikariCP-2.7.9.jar;C:\Users\gmihindou\.m2\repository\org\springframework\spring-jdbc\5.0.8.RELEASE\spring-jdbc-5.0.8.RELEASE.jar;C:\Users\gmihindou\.m2\repository\org\hibernate\hibernate-core\5.2.17.Final\hibernate-core-5.2.17.Final.jar;C:\Users\gmihindou\.m2\repository\org\hibernate\javax\persistence\hibernate-jpa-2.1-api\1.0.2.Final\hibernate-jpa-2.1-api-1.0.2.Final.jar;C:\Users\gmihindou\.m2\repository\org\javassist\javassist\3.22.0-GA\javassist-3.22.0-GA.jar;C:\Users\gmihindou\.m2\repository\antlr\antlr\2.7.7\antlr-2.7.7.jar;C:\Users\gmihindou\.m2\repository\org\jboss\jandex\2.0.3.Final\jandex-2.0.3.Final.jar;C:\Users\gmihindou\.m2\repository\dom4j\dom4j\1.6.1\dom4j-1.6.1.jar;C:\Users\gmihindou\.m2\repository\org\hibernate\common\hibernate-commons-annotations\5.0.1.Final\hibernate-commons-annotations-5.0.1.Final.jar;C:\Users\gmihindou\.m2\repository\javax\transaction\javax.transaction-api\1.2\javax.transaction-api-1.2.jar;C:\Users\gmihindou\.m2\repository\org\springframework\data\spring-data-jpa\2.0.9.RELEASE\spring-data-jpa-2.0.9.RELEASE.jar;C:\Users\gmihindou\.m2\repository\org\springframework\data\spring-data-commons\2.0.9.RELEASE\spring-data-commons-2.0.9.RELEASE.jar;C:\Users\gmihindou\.m2\repository\org\springframework\spring-orm\5.0.8.RELEASE\spring-orm-5.0.8.RELEASE.jar;C:\Users\gmihindou\.m2\repository\org\springframework\spring-tx\5.0.8.RELEASE\spring-tx-5.0.8.RELEASE.jar;C:\Users\gmihindou\.m2\repository\org\springframework\spring-aspects\5.0.8.RELEASE\spring-aspects-5.0.8.RELEASE.jar;C:\Users\gmihindou\.m2\repository\mysql\mysql-connector-java\5.1.46\mysql-connector-java-5.1.46.jar;C:\Users\gmihindou\Desktop\NGONDI\ngondi\ngondi-domain\target\ngondi-domain-0.4-SNAPSHOT.jar;, java.specification.name=Java Platform API Specification, java.class.version=52.0, sun.management.compiler=HotSpot 64-Bit Tiered Compilers, os.version=10.0, user.home=C:\Users\gmihindou, user.timezone=Europe/Paris, java.awt.printerjob=sun.awt.windows.WPrinterJob, file.encoding=Cp1252, java.specification.version=1.8, java.class.path=C:\Users\gmihindou\Desktop\NGONDI\ngondi\ngondi-infrastructure\target\test-classes;C:\Users\gmihindou\Desktop\NGONDI\ngondi\ngondi-infrastructure\target\classes;C:\Users\gmihindou\.m2\repository\org\springframework\boot\spring-boot-starter-web\2.0.4.RELEASE\spring-boot-starter-web-2.0.4.RELEASE.jar;C:\Users\gmihindou\.m2\repository\org\springframework\boot\spring-boot-starter\2.0.4.RELEASE\spring-boot-starter-2.0.4.RELEASE.jar;C:\Users\gmihindou\.m2\repository\org\springframework\boot\spring-boot-starter-logging\2.0.4.RELEASE\spring-boot-starter-logging-2.0.4.RELEASE.jar;C:\Users\gmihindou\.m2\repository\ch\qos\logback\logback-classic\1.2.3\logback-classic-1.2.3.jar;C:\Users\gmihindou\.m2\repository\ch\qos\logback\logback-core\1.2.3\logback-core-1.2.3.jar;C:\Users\gmihindou\.m2\repository\org\apache\logging\log4j\log4j-to-slf4j\2.10.0\log4j-to-slf4j-2.10.0.jar;C:\Users\gmihindou\.m2\repository\org\apache\logging\log4j\log4j-api\2.10.0\log4j-api-2.10.0.jar;C:\Users\gmihindou\.m2\repository\org\slf4j\jul-to-slf4j\1.7.25\jul-to-slf4j-1.7.25.jar;C:\Users\gmihindou\.m2\repository\javax\annotation\javax.annotation-api\1.3.2\javax.annotation-api-1.3.2.jar;C:\Users\gmihindou\.m2\repository\org\yaml\snakeyaml\1.19\snakeyaml-1.19.jar;C:\Users\gmihindou\.m2\repository\org\springframework\boot\spring-boot-starter-json\2.0.4.RELEASE\spring-boot-starter-json-2.0.4.RELEASE.jar;C:\Users\gmihindou\.m2\repository\com\fasterxml\jackson\core\jackson-databind\2.9.6\jackson-databind-2.9.6.jar;C:\Users\gmihindou\.m2\repository\com\fasterxml\jackson\core\jackson-annotations\2.9.0\jackson-annotations-2.9.0.jar;C:\Users\gmihindou\.m2\repository\com\fasterxml\jackson\core\jackson-core\2.9.6\jackson-core-2.9.6.jar;C:\Users\gmihindou\.m2\repository\com\fasterxml\jackson\datatype\jackson-datatype-jdk8\2.9.6\jackson-datatype-jdk8-2.9.6.jar;C:\Users\gmihindou\.m2\repository\com\fasterxml\jackson\datatype\jackson-datatype-jsr310\2.9.6\jackson-datatype-jsr310-2.9.6.jar;C:\Users\gmihindou\.m2\repository\com\fasterxml\jackson\module\jackson-module-parameter-names\2.9.6\jackson-module-parameter-names-2.9.6.jar;C:\Users\gmihindou\.m2\repository\org\springframework\boot\spring-boot-starter-tomcat\2.0.4.RELEASE\spring-boot-starter-tomcat-2.0.4.RELEASE.jar;C:\Users\gmihindou\.m2\repository\org\apache\tomcat\embed\tomcat-embed-core\8.5.32\tomcat-embed-core-8.5.32.jar;C:\Users\gmihindou\.m2\repository\org\apache\tomcat\embed\tomcat-embed-el\8.5.32\tomcat-embed-el-8.5.32.jar;C:\Users\gmihindou\.m2\repository\org\apache\tomcat\embed\tomcat-embed-websocket\8.5.32\tomcat-embed-websocket-8.5.32.jar;C:\Users\gmihindou\.m2\repository\org\hibernate\validator\hibernate-validator\6.0.11.Final\hibernate-validator-6.0.11.Final.jar;C:\Users\gmihindou\.m2\repository\javax\validation\validation-api\2.0.1.Final\validation-api-2.0.1.Final.jar;C:\Users\gmihindou\.m2\repository\org\jboss\logging\jboss-logging\3.3.2.Final\jboss-logging-3.3.2.Final.jar;C:\Users\gmihindou\.m2\repository\com\fasterxml\classmate\1.3.4\classmate-1.3.4.jar;C:\Users\gmihindou\.m2\repository\org\springframework\spring-web\5.0.8.RELEASE\spring-web-5.0.8.RELEASE.jar;C:\Users\gmihindou\.m2\repository\org\springframework\spring-beans\5.0.8.RELEASE\spring-beans-5.0.8.RELEASE.jar;C:\Users\gmihindou\.m2\repository\org\springframework\spring-webmvc\5.0.8.RELEASE\spring-webmvc-5.0.8.RELEASE.jar;C:\Users\gmihindou\.m2\repository\org\springframework\spring-aop\5.0.8.RELEASE\spring-aop-5.0.8.RELEASE.jar;C:\Users\gmihindou\.m2\repository\org\springframework\spring-context\5.0.8.RELEASE\spring-context-5.0.8.RELEASE.jar;C:\Users\gmihindou\.m2\repository\org\springframework\spring-expression\5.0.8.RELEASE\spring-expression-5.0.8.RELEASE.jar;C:\Users\gmihindou\.m2\repository\org\springframework\boot\spring-boot-devtools\2.0.4.RELEASE\spring-boot-devtools-2.0.4.RELEASE.jar;C:\Users\gmihindou\.m2\repository\org\springframework\boot\spring-boot\2.0.4.RELEASE\spring-boot-2.0.4.RELEASE.jar;C:\Users\gmihindou\.m2\repository\org\springframework\boot\spring-boot-autoconfigure\2.0.4.RELEASE\spring-boot-autoconfigure-2.0.4.RELEASE.jar;C:\Users\gmihindou\.m2\repository\org\springframework\boot\spring-boot-starter-test\2.0.4.RELEASE\spring-boot-starter-test-2.0.4.RELEASE.jar;C:\Users\gmihindou\.m2\repository\org\springframework\boot\spring-boot-test\2.0.4.RELEASE\spring-boot-test-2.0.4.RELEASE.jar;C:\Users\gmihindou\.m2\repository\org\springframework\boot\spring-boot-test-autoconfigure\2.0.4.RELEASE\spring-boot-test-autoconfigure-2.0.4.RELEASE.jar;C:\Users\gmihindou\.m2\repository\com\jayway\jsonpath\json-path\2.4.0\json-path-2.4.0.jar;C:\Users\gmihindou\.m2\repository\net\minidev\json-smart\2.3\json-smart-2.3.jar;C:\Users\gmihindou\.m2\repository\net\minidev\accessors-smart\1.2\accessors-smart-1.2.jar;C:\Users\gmihindou\.m2\repository\org\ow2\asm\asm\5.0.4\asm-5.0.4.jar;C:\Users\gmihindou\.m2\repository\org\slf4j\slf4j-api\1.7.25\slf4j-api-1.7.25.jar;C:\Users\gmihindou\.m2\repository\junit\junit\4.12\junit-4.12.jar;C:\Users\gmihindou\.m2\repository\org\assertj\assertj-core\3.9.1\assertj-core-3.9.1.jar;C:\Users\gmihindou\.m2\repository\org\mockito\mockito-core\2.15.0\mockito-core-2.15.0.jar;C:\Users\gmihindou\.m2\repository\net\bytebuddy\byte-buddy\1.7.11\byte-buddy-1.7.11.jar;C:\Users\gmihindou\.m2\repository\net\bytebuddy\byte-buddy-agent\1.7.11\byte-buddy-agent-1.7.11.jar;C:\Users\gmihindou\.m2\repository\org\objenesis\objenesis\2.6\objenesis-2.6.jar;C:\Users\gmihindou\.m2\repository\org\hamcrest\hamcrest-core\1.3\hamcrest-core-1.3.jar;C:\Users\gmihindou\.m2\repository\org\hamcrest\hamcrest-library\1.3\hamcrest-library-1.3.jar;C:\Users\gmihindou\.m2\repository\org\skyscreamer\jsonassert\1.5.0\jsonassert-1.5.0.jar;C:\Users\gmihindou\.m2\repository\com\vaadin\external\google\android-json\0.0.20131108.vaadin1\android-json-0.0.20131108.vaadin1.jar;C:\Users\gmihindou\.m2\repository\org\springframework\spring-core\5.0.8.RELEASE\spring-core-5.0.8.RELEASE.jar;C:\Users\gmihindou\.m2\repository\org\springframework\spring-jcl\5.0.8.RELEASE\spring-jcl-5.0.8.RELEASE.jar;C:\Users\gmihindou\.m2\repository\org\springframework\spring-test\5.0.8.RELEASE\spring-test-5.0.8.RELEASE.jar;C:\Users\gmihindou\.m2\repository\org\xmlunit\xmlunit-core\2.5.1\xmlunit-core-2.5.1.jar;C:\Users\gmihindou\.m2\repository\org\springframework\boot\spring-boot-starter-data-jpa\2.0.4.RELEASE\spring-boot-starter-data-jpa-2.0.4.RELEASE.jar;C:\Users\gmihindou\.m2\repository\org\springframework\boot\spring-boot-starter-aop\2.0.4.RELEASE\spring-boot-starter-aop-2.0.4.RELEASE.jar;C:\Users\gmihindou\.m2\repository\org\aspectj\aspectjweaver\1.8.13\aspectjweaver-1.8.13.jar;C:\Users\gmihindou\.m2\repository\org\springframework\boot\spring-boot-starter-jdbc\2.0.4.RELEASE\spring-boot-starter-jdbc-2.0.4.RELEASE.jar;C:\Users\gmihindou\.m2\repository\com\zaxxer\HikariCP\2.7.9\HikariCP-2.7.9.jar;C:\Users\gmihindou\.m2\repository\org\springframework\spring-jdbc\5.0.8.RELEASE\spring-jdbc-5.0.8.RELEASE.jar;C:\Users\gmihindou\.m2\repository\org\hibernate\hibernate-core\5.2.17.Final\hibernate-core-5.2.17.Final.jar;C:\Users\gmihindou\.m2\repository\org\hibernate\javax\persistence\hibernate-jpa-2.1-api\1.0.2.Final\hibernate-jpa-2.1-api-1.0.2.Final.jar;C:\Users\gmihindou\.m2\repository\org\javassist\javassist\3.22.0-GA\javassist-3.22.0-GA.jar;C:\Users\gmihindou\.m2\repository\antlr\antlr\2.7.7\antlr-2.7.7.jar;C:\Users\gmihindou\.m2\repository\org\jboss\jandex\2.0.3.Final\jandex-2.0.3.Final.jar;C:\Users\gmihindou\.m2\repository\dom4j\dom4j\1.6.1\dom4j-1.6.1.jar;C:\Users\gmihindou\.m2\repository\org\hibernate\common\hibernate-commons-annotations\5.0.1.Final\hibernate-commons-annotations-5.0.1.Final.jar;C:\Users\gmihindou\.m2\repository\javax\transaction\javax.transaction-api\1.2\javax.transaction-api-1.2.jar;C:\Users\gmihindou\.m2\repository\org\springframework\data\spring-data-jpa\2.0.9.RELEASE\spring-data-jpa-2.0.9.RELEASE.jar;C:\Users\gmihindou\.m2\repository\org\springframework\data\spring-data-commons\2.0.9.RELEASE\spring-data-commons-2.0.9.RELEASE.jar;C:\Users\gmihindou\.m2\repository\org\springframework\spring-orm\5.0.8.RELEASE\spring-orm-5.0.8.RELEASE.jar;C:\Users\gmihindou\.m2\repository\org\springframework\spring-tx\5.0.8.RELEASE\spring-tx-5.0.8.RELEASE.jar;C:\Users\gmihindou\.m2\repository\org\springframework\spring-aspects\5.0.8.RELEASE\spring-aspects-5.0.8.RELEASE.jar;C:\Users\gmihindou\.m2\repository\mysql\mysql-connector-java\5.1.46\mysql-connector-java-5.1.46.jar;C:\Users\gmihindou\Desktop\NGONDI\ngondi\ngondi-domain\target\ngondi-domain-0.4-SNAPSHOT.jar;, user.name=gmihindou, java.vm.specification.version=1.8, sun.java.command=C:\Users\GMIHIN~1\AppData\Local\Temp\surefire3983876529997774579\surefirebooter7677067244655180553.jar C:\Users\gmihindou\AppData\Local\Temp\surefire3983876529997774579 2019-09-16T01-26-34_030-jvmRun1 surefire3396645508792052299tmp surefire_06323548799839411616tmp, java.home=C:\Program Files\Java\jdk1.8.0_181\jre, sun.arch.data.model=64, user.language=fr, java.specification.vendor=Oracle Corporation, awt.toolkit=sun.awt.windows.WToolkit, java.vm.info=mixed mode, java.version=1.8.0_181, java.ext.dirs=C:\Program Files\Java\jdk1.8.0_181\jre\lib\ext;C:\WINDOWS\Sun\Java\lib\ext, sun.boot.class.path=C:\Program Files\Java\jdk1.8.0_181\jre\lib\resources.jar;C:\Program Files\Java\jdk1.8.0_181\jre\lib\rt.jar;C:\Program Files\Java\jdk1.8.0_181\jre\lib\sunrsasign.jar;C:\Program Files\Java\jdk1.8.0_181\jre\lib\jsse.jar;C:\Program Files\Java\jdk1.8.0_181\jre\lib\jce.jar;C:\Program Files\Java\jdk1.8.0_181\jre\lib\charsets.jar;C:\Program Files\Java\jdk1.8.0_181\jre\lib\jfr.jar;C:\Program Files\Java\jdk1.8.0_181\jre\classes, java.vendor=Oracle Corporation, com.zaxxer.hikari.pool_number=1, localRepository=C:\Users\gmihindou\.m2\repository, file.separator=\, java.vendor.url.bug=http://bugreport.sun.com/bugreport/, sun.io.unicode.encoding=UnicodeLittle, sun.cpu.endian=little, sun.desktop=windows, sun.cpu.isalist=amd64}}, SystemEnvironmentPropertySource@443645305 {name='systemEnvironment', properties={PATH=C:/Program Files/Java/jre1.8.0_181/bin/server;C:/Program Files/Java/jre1.8.0_181/bin;C:/Program Files/Java/jre1.8.0_181/lib/amd64;C:\Program Files (x86)\Common Files\Oracle\Java\javapath;C:\ProgramData\Oracle\Java\javapath;C:\WINDOWS\system32;C:\WINDOWS;C:\WINDOWS\System32\Wbem;C:\WINDOWS\System32\WindowsPowerShell\v1.0\;C:\WINDOWS\System32\OpenSSH\;C:\Program Files\nodejs\;C:\Program Files\Git\cmd;C:\Program Files\Java\jdk1.8.0_181\bin;C:\Program Files\apache-maven-3.5.4\bin;C:\Program Files (x86)\Intel\Intel(R) Management Engine Components\DAL;C:\Program Files\Intel\Intel(R) Management Engine Components\DAL;;C:\adb;C:\WINDOWS\system32;C:\WINDOWS;C:\WINDOWS\System32\Wbem;C:\WINDOWS\System32\WindowsPowerShell\v1.0\;C:\WINDOWS\System32\OpenSSH\;C:\Program Files\Intel\WiFi\bin\;C:\Program Files\Common Files\Intel\WirelessCommon\;C:\Program Files\Intel\WiFi\bin\;C:\Program Files\Common Files\Intel\WirelessCommon\;C:\Users\gmihindou\AppData\Local\Microsoft\WindowsApps;C:\Users\gmihindou\AppData\Local\GitHubDesktop\bin;C:\Users\gmihindou\Downloads\sts-bundle\sts-3.9.5.RELEASE;, USERDOMAIN_ROAMINGPROFILE=DEVOTEAM, PROCESSOR_LEVEL=6, SYSTEMDRIVE=C:, SESSIONNAME=Console, ALLUSERSPROFILE=C:\ProgramData, PROCESSOR_ARCHITECTURE=AMD64, DRIVERDATA=C:\Windows\System32\Drivers\DriverData, MAVEN_HOME=C:\Program Files\apache-maven-3.5.4, PROGRAMFILES=C:\Program Files, PSMODULEPATH=C:\Program Files\WindowsPowerShell\Modules;C:\WINDOWS\system32\WindowsPowerShell\v1.0\Modules, PROGRAMDATA=C:\ProgramData, USERNAME=gmihindou, USERDNSDOMAIN=FR.DEVOTEAM.COM, FPS_BROWSER_USER_PROFILE_STRING=Default, ONEDRIVE=C:\Users\gmihindou\OneDrive, PATHEXT=.COM;.EXE;.BAT;.CMD;.VBS;.VBE;.JS;.JSE;.WSF;.WSH;.MSC, ONEDRIVECONSUMER=C:\Users\gmihindou\OneDrive, DEVOTEAMPLATFORMLOCATION=FRGEN, WINDIR=C:\WINDOWS, HOMEPATH=\Users\gmihindou, PROCESSOR_IDENTIFIER=Intel64 Family 6 Model 142 Stepping 9, GenuineIntel, M2_HOME=C:\Program Files\apache-maven-3.5.4, PUBLIC=C:\Users\Public, =::=::\, LOCALAPPDATA=C:\Users\gmihindou\AppData\Local, COMMONPROGRAMFILES(X86)=C:\Program Files (x86)\Common Files, USERDOMAIN=DEVOTEAM, FPS_BROWSER_APP_PROFILE_STRING=Internet Explorer, LOGONSERVER=\\SVLVPADFR01, JAVA_HOME=C:\Program Files\Java\jdk1.8.0_181, PROMPT=$P$G, PROGRAMFILES(X86)=C:\Program Files (x86), =C:=C:\Users\gmihindou\Desktop\NGONDI\ngondi\ngondi-infrastructure, APPDATA=C:\Users\gmihindou\AppData\Roaming, PROGRAMW6432=C:\Program Files, SYSTEMROOT=C:\WINDOWS, DEVOTEAMPLATFORMBASE=W10Px64, OS=Windows_NT, COMMONPROGRAMW6432=C:\Program Files\Common Files, COMPUTERNAME=FRL0553, COMMONPROGRAMFILES=C:\Program Files\Common Files, COMSPEC=C:\WINDOWS\system32\cmd.exe, PROCESSOR_REVISION=8e09, TEMP=C:\Users\GMIHIN~1\AppData\Local\Temp, HOMEDRIVE=C:, USERPROFILE=C:\Users\gmihindou, DEVOTEAMPLATFORMVERSION=2018Q1, TMP=C:\Users\GMIHIN~1\AppData\Local\Temp, NUMBER_OF_PROCESSORS=4}}]
01:26:47.926 [main] DEBUG org.springframework.core.env.StandardEnvironment - Activating profiles []
01:26:47.926 [main] DEBUG org.springframework.test.context.support.AnnotationConfigContextLoader - Registering annotated classes: {class ngondi.ged.ga.infrastructure.service.test.FournisseurImplTest$conf}
01:26:47.931 [main] INFO org.springframework.context.support.GenericApplicationContext - Refreshing org.springframework.context.support.GenericApplicationContext@15994b0b: startup date [Mon Sep 16 01:26:47 CEST 2019]; root of context hierarchy
01:26:47.932 [main] DEBUG org.springframework.context.support.GenericApplicationContext - Bean factory for org.springframework.context.support.GenericApplicationContext@15994b0b: org.springframework.beans.factory.support.DefaultListableBeanFactory@4cb00fa5: defining beans [org.springframework.context.annotation.internalConfigurationAnnotationProcessor,org.springframework.context.annotation.internalAutowiredAnnotationProcessor,org.springframework.context.annotation.internalRequiredAnnotationProcessor,org.springframework.context.annotation.internalCommonAnnotationProcessor,org.springframework.context.annotation.internalPersistenceAnnotationProcessor,org.springframework.context.event.internalEventListenerProcessor,org.springframework.context.event.internalEventListenerFactory,fournisseurImplTest.conf,org.springframework.boot.test.mock.mockito.MockitoPostProcessor$SpyPostProcessor,org.springframework.boot.test.mock.mockito.MockitoPostProcessor]; root of factory hierarchy
01:26:47.977 [main] DEBUG org.springframework.beans.factory.support.DefaultListableBeanFactory - Creating shared instance of singleton bean 'org.springframework.context.annotation.internalConfigurationAnnotationProcessor'
01:26:47.977 [main] DEBUG org.springframework.beans.factory.support.DefaultListableBeanFactory - Creating instance of bean 'org.springframework.context.annotation.internalConfigurationAnnotationProcessor'
01:26:47.977 [main] DEBUG org.springframework.beans.factory.support.DefaultListableBeanFactory - Eagerly caching bean 'org.springframework.context.annotation.internalConfigurationAnnotationProcessor' to allow for resolving potential circular references
01:26:47.977 [main] DEBUG org.springframework.beans.factory.support.DefaultListableBeanFactory - Finished creating instance of bean 'org.springframework.context.annotation.internalConfigurationAnnotationProcessor'
01:26:47.980 [main] DEBUG org.springframework.context.annotation.ClassPathBeanDefinitionScanner - JSR-250 'javax.annotation.ManagedBean' found and supported for component scanning
01:26:47.982 [main] DEBUG org.springframework.core.io.support.PathMatchingResourcePatternResolver - Resolved classpath location [ngondi/ged/ga/infrastructure/] to resources [URL [file:/C:/Users/gmihindou/Desktop/NGONDI/ngondi/ngondi-infrastructure/target/test-classes/ngondi/ged/ga/infrastructure/], URL [file:/C:/Users/gmihindou/Desktop/NGONDI/ngondi/ngondi-infrastructure/target/classes/ngondi/ged/ga/infrastructure/]]
01:26:47.982 [main] DEBUG org.springframework.core.io.support.PathMatchingResourcePatternResolver - Looking for matching resources in directory tree [C:\Users\gmihindou\Desktop\NGONDI\ngondi\ngondi-infrastructure\target\test-classes\ngondi\ged\ga\infrastructure]
01:26:47.982 [main] DEBUG org.springframework.core.io.support.PathMatchingResourcePatternResolver - Searching directory [C:\Users\gmihindou\Desktop\NGONDI\ngondi\ngondi-infrastructure\target\test-classes\ngondi\ged\ga\infrastructure] for files matching pattern [C:/Users/gmihindou/Desktop/NGONDI/ngondi/ngondi-infrastructure/target/test-classes/ngondi/ged/ga/infrastructure/**/*.class]
01:26:47.983 [main] DEBUG org.springframework.core.io.support.PathMatchingResourcePatternResolver - Searching directory [C:\Users\gmihindou\Desktop\NGONDI\ngondi\ngondi-infrastructure\target\test-classes\ngondi\ged\ga\infrastructure\service] for files matching pattern [C:/Users/gmihindou/Desktop/NGONDI/ngondi/ngondi-infrastructure/target/test-classes/ngondi/ged/ga/infrastructure/**/*.class]
01:26:47.983 [main] DEBUG org.springframework.core.io.support.PathMatchingResourcePatternResolver - Searching directory [C:\Users\gmihindou\Desktop\NGONDI\ngondi\ngondi-infrastructure\target\test-classes\ngondi\ged\ga\infrastructure\service\test] for files matching pattern [C:/Users/gmihindou/Desktop/NGONDI/ngondi/ngondi-infrastructure/target/test-classes/ngondi/ged/ga/infrastructure/**/*.class]
01:26:47.985 [main] DEBUG org.springframework.core.io.support.PathMatchingResourcePatternResolver - Searching directory [C:\Users\gmihindou\Desktop\NGONDI\ngondi\ngondi-infrastructure\target\test-classes\ngondi\ged\ga\infrastructure\test] for files matching pattern [C:/Users/gmihindou/Desktop/NGONDI/ngondi/ngondi-infrastructure/target/test-classes/ngondi/ged/ga/infrastructure/**/*.class]
01:26:47.985 [main] DEBUG org.springframework.core.io.support.PathMatchingResourcePatternResolver - Looking for matching resources in directory tree [C:\Users\gmihindou\Desktop\NGONDI\ngondi\ngondi-infrastructure\target\classes\ngondi\ged\ga\infrastructure]
01:26:47.986 [main] DEBUG org.springframework.core.io.support.PathMatchingResourcePatternResolver - Searching directory [C:\Users\gmihindou\Desktop\NGONDI\ngondi\ngondi-infrastructure\target\classes\ngondi\ged\ga\infrastructure] for files matching pattern [C:/Users/gmihindou/Desktop/NGONDI/ngondi/ngondi-infrastructure/target/classes/ngondi/ged/ga/infrastructure/**/*.class]
01:26:47.988 [main] DEBUG org.springframework.core.io.support.PathMatchingResourcePatternResolver - Searching directory [C:\Users\gmihindou\Desktop\NGONDI\ngondi\ngondi-infrastructure\target\classes\ngondi\ged\ga\infrastructure\model] for files matching pattern [C:/Users/gmihindou/Desktop/NGONDI/ngondi/ngondi-infrastructure/target/classes/ngondi/ged/ga/infrastructure/**/*.class]
01:26:47.989 [main] DEBUG org.springframework.core.io.support.PathMatchingResourcePatternResolver - Searching directory [C:\Users\gmihindou\Desktop\NGONDI\ngondi\ngondi-infrastructure\target\classes\ngondi\ged\ga\infrastructure\service] for files matching pattern [C:/Users/gmihindou/Desktop/NGONDI/ngondi/ngondi-infrastructure/target/classes/ngondi/ged/ga/infrastructure/**/*.class]
01:26:47.992 [main] DEBUG org.springframework.core.io.support.PathMatchingResourcePatternResolver - Resolved location pattern [classpath*:ngondi/ged/ga/infrastructure/**/*.class] to resources [file [C:\Users\gmihindou\Desktop\NGONDI\ngondi\ngondi-infrastructure\target\test-classes\ngondi\ged\ga\infrastructure\service\test\ArchivageImplTest$conf.class], file [C:\Users\gmihindou\Desktop\NGONDI\ngondi\ngondi-infrastructure\target\test-classes\ngondi\ged\ga\infrastructure\service\test\ArchivageImplTest.class], file [C:\Users\gmihindou\Desktop\NGONDI\ngondi\ngondi-infrastructure\target\test-classes\ngondi\ged\ga\infrastructure\service\test\FournisseurImplTest$conf.class], file [C:\Users\gmihindou\Desktop\NGONDI\ngondi\ngondi-infrastructure\target\test-classes\ngondi\ged\ga\infrastructure\service\test\FournisseurImplTest.class], file [C:\Users\gmihindou\Desktop\NGONDI\ngondi\ngondi-infrastructure\target\test-classes\ngondi\ged\ga\infrastructure\test\NgondiInfrastructureApplicationTests.class], file [C:\Users\gmihindou\Desktop\NGONDI\ngondi\ngondi-infrastructure\target\classes\ngondi\ged\ga\infrastructure\model\DocumentEntity.class], file [C:\Users\gmihindou\Desktop\NGONDI\ngondi\ngondi-infrastructure\target\classes\ngondi\ged\ga\infrastructure\model\FournisseurEntity.class], file [C:\Users\gmihindou\Desktop\NGONDI\ngondi\ngondi-infrastructure\target\classes\ngondi\ged\ga\infrastructure\model\StatistiqueFournisseurEntity.class], file [C:\Users\gmihindou\Desktop\NGONDI\ngondi\ngondi-infrastructure\target\classes\ngondi\ged\ga\infrastructure\NgondiInfrastructureApplication.class], file [C:\Users\gmihindou\Desktop\NGONDI\ngondi\ngondi-infrastructure\target\classes\ngondi\ged\ga\infrastructure\PersistenceConfiguration.class], file [C:\Users\gmihindou\Desktop\NGONDI\ngondi\ngondi-infrastructure\target\classes\ngondi\ged\ga\infrastructure\service\ArchivageImpl.class], file [C:\Users\gmihindou\Desktop\NGONDI\ngondi\ngondi-infrastructure\target\classes\ngondi\ged\ga\infrastructure\service\Conf.class], file [C:\Users\gmihindou\Desktop\NGONDI\ngondi\ngondi-infrastructure\target\classes\ngondi\ged\ga\infrastructure\service\FournisseurImpl.class], file [C:\Users\gmihindou\Desktop\NGONDI\ngondi\ngondi-infrastructure\target\classes\ngondi\ged\ga\infrastructure\service\IArchivageDao.class], file [C:\Users\gmihindou\Desktop\NGONDI\ngondi\ngondi-infrastructure\target\classes\ngondi\ged\ga\infrastructure\service\IFournisseurDao.class]]
01:26:48.005 [main] DEBUG org.springframework.context.annotation.ClassPathBeanDefinitionScanner - Identified candidate component class: file [C:\Users\gmihindou\Desktop\NGONDI\ngondi\ngondi-infrastructure\target\test-classes\ngondi\ged\ga\infrastructure\service\test\ArchivageImplTest$conf.class]
01:26:48.019 [main] DEBUG org.springframework.context.annotation.ClassPathBeanDefinitionScanner - Identified candidate component class: file [C:\Users\gmihindou\Desktop\NGONDI\ngondi\ngondi-infrastructure\target\classes\ngondi\ged\ga\infrastructure\NgondiInfrastructureApplication.class]
01:26:48.020 [main] DEBUG org.springframework.context.annotation.ClassPathBeanDefinitionScanner - Identified candidate component class: file [C:\Users\gmihindou\Desktop\NGONDI\ngondi\ngondi-infrastructure\target\classes\ngondi\ged\ga\infrastructure\PersistenceConfiguration.class]
01:26:48.022 [main] DEBUG org.springframework.context.annotation.ClassPathBeanDefinitionScanner - Identified candidate component class: file [C:\Users\gmihindou\Desktop\NGONDI\ngondi\ngondi-infrastructure\target\classes\ngondi\ged\ga\infrastructure\service\ArchivageImpl.class]
01:26:48.023 [main] DEBUG org.springframework.context.annotation.ClassPathBeanDefinitionScanner - Identified candidate component class: file [C:\Users\gmihindou\Desktop\NGONDI\ngondi\ngondi-infrastructure\target\classes\ngondi\ged\ga\infrastructure\service\Conf.class]
01:26:48.024 [main] DEBUG org.springframework.context.annotation.ClassPathBeanDefinitionScanner - Identified candidate component class: file [C:\Users\gmihindou\Desktop\NGONDI\ngondi\ngondi-infrastructure\target\classes\ngondi\ged\ga\infrastructure\service\FournisseurImpl.class]
01:26:48.025 [main] DEBUG org.springframework.context.annotation.ClassPathBeanDefinitionScanner - Ignored because not a concrete top-level class: file [C:\Users\gmihindou\Desktop\NGONDI\ngondi\ngondi-infrastructure\target\classes\ngondi\ged\ga\infrastructure\service\IArchivageDao.class]
01:26:48.025 [main] DEBUG org.springframework.context.annotation.ClassPathBeanDefinitionScanner - Ignored because not a concrete top-level class: file [C:\Users\gmihindou\Desktop\NGONDI\ngondi\ngondi-infrastructure\target\classes\ngondi\ged\ga\infrastructure\service\IFournisseurDao.class]
01:26:48.030 [main] DEBUG org.springframework.core.io.support.PathMatchingResourcePatternResolver - Resolved classpath location [ngondi/ged/ga/domain/] to resources [URL [jar:file:/C:/Users/gmihindou/Desktop/NGONDI/ngondi/ngondi-domain/target/ngondi-domain-0.4-SNAPSHOT.jar!/ngondi/ged/ga/domain/]]
01:26:48.052 [main] DEBUG org.springframework.core.io.support.PathMatchingResourcePatternResolver - Looking for matching resources in jar file [file:/C:/Users/gmihindou/Desktop/NGONDI/ngondi/ngondi-domain/target/ngondi-domain-0.4-SNAPSHOT.jar]
01:26:48.054 [main] DEBUG org.springframework.core.io.support.PathMatchingResourcePatternResolver - Resolved location pattern [classpath*:ngondi/ged/ga/domain/**/*.class] to resources [URL [jar:file:/C:/Users/gmihindou/Desktop/NGONDI/ngondi/ngondi-domain/target/ngondi-domain-0.4-SNAPSHOT.jar!/ngondi/ged/ga/domain/archivage/structure/StatistiqueFournisseur.class], URL [jar:file:/C:/Users/gmihindou/Desktop/NGONDI/ngondi/ngondi-domain/target/ngondi-domain-0.4-SNAPSHOT.jar!/ngondi/ged/ga/domain/archivage/IArchivage.class], URL [jar:file:/C:/Users/gmihindou/Desktop/NGONDI/ngondi/ngondi-domain/target/ngondi-domain-0.4-SNAPSHOT.jar!/ngondi/ged/ga/domain/archivage/structure/DocumentOutput.class], URL [jar:file:/C:/Users/gmihindou/Desktop/NGONDI/ngondi/ngondi-domain/target/ngondi-domain-0.4-SNAPSHOT.jar!/ngondi/ged/ga/domain/archivage/structure/StatistiqueFournisseurOutput.class], URL [jar:file:/C:/Users/gmihindou/Desktop/NGONDI/ngondi/ngondi-domain/target/ngondi-domain-0.4-SNAPSHOT.jar!/ngondi/ged/ga/domain/archivage/FournisseurException.class], URL [jar:file:/C:/Users/gmihindou/Desktop/NGONDI/ngondi/ngondi-domain/target/ngondi-domain-0.4-SNAPSHOT.jar!/ngondi/ged/ga/domain/archivage/IFournisseur.class], URL [jar:file:/C:/Users/gmihindou/Desktop/NGONDI/ngondi/ngondi-domain/target/ngondi-domain-0.4-SNAPSHOT.jar!/ngondi/ged/ga/domain/archivage/structure/FournisseurInput.class], URL [jar:file:/C:/Users/gmihindou/Desktop/NGONDI/ngondi/ngondi-domain/target/ngondi-domain-0.4-SNAPSHOT.jar!/ngondi/ged/ga/domain/NgondiDomainApplication.class], URL [jar:file:/C:/Users/gmihindou/Desktop/NGONDI/ngondi/ngondi-domain/target/ngondi-domain-0.4-SNAPSHOT.jar!/ngondi/ged/ga/domain/archivage/ArchivageException.class], URL [jar:file:/C:/Users/gmihindou/Desktop/NGONDI/ngondi/ngondi-domain/target/ngondi-domain-0.4-SNAPSHOT.jar!/ngondi/ged/ga/domain/archivage/structure/DocumentInput.class], URL [jar:file:/C:/Users/gmihindou/Desktop/NGONDI/ngondi/ngondi-domain/target/ngondi-domain-0.4-SNAPSHOT.jar!/ngondi/ged/ga/domain/archivage/structure/FournisseurOuput.class]]
01:26:48.056 [main] DEBUG org.springframework.context.annotation.ClassPathBeanDefinitionScanner - Ignored because not a concrete top-level class: URL [jar:file:/C:/Users/gmihindou/Desktop/NGONDI/ngondi/ngondi-domain/target/ngondi-domain-0.4-SNAPSHOT.jar!/ngondi/ged/ga/domain/archivage/IArchivage.class]
01:26:48.060 [main] DEBUG org.springframework.context.annotation.ClassPathBeanDefinitionScanner - Ignored because not a concrete top-level class: URL [jar:file:/C:/Users/gmihindou/Desktop/NGONDI/ngondi/ngondi-domain/target/ngondi-domain-0.4-SNAPSHOT.jar!/ngondi/ged/ga/domain/archivage/IFournisseur.class]
01:26:48.067 [main] DEBUG org.springframework.context.annotation.ClassPathBeanDefinitionScanner - Identified candidate component class: URL [jar:file:/C:/Users/gmihindou/Desktop/NGONDI/ngondi/ngondi-domain/target/ngondi-domain-0.4-SNAPSHOT.jar!/ngondi/ged/ga/domain/NgondiDomainApplication.class]
01:26:48.073 [main] DEBUG org.springframework.context.annotation.ClassPathBeanDefinitionScanner - JSR-250 'javax.annotation.ManagedBean' found and supported for component scanning
01:26:48.076 [main] DEBUG org.springframework.core.io.support.PathMatchingResourcePatternResolver - Resolved classpath location [ngondi/ged/ga/infrastructure/] to resources [URL [file:/C:/Users/gmihindou/Desktop/NGONDI/ngondi/ngondi-infrastructure/target/test-classes/ngondi/ged/ga/infrastructure/], URL [file:/C:/Users/gmihindou/Desktop/NGONDI/ngondi/ngondi-infrastructure/target/classes/ngondi/ged/ga/infrastructure/]]
01:26:48.076 [main] DEBUG org.springframework.core.io.support.PathMatchingResourcePatternResolver - Looking for matching resources in directory tree [C:\Users\gmihindou\Desktop\NGONDI\ngondi\ngondi-infrastructure\target\test-classes\ngondi\ged\ga\infrastructure]
01:26:48.076 [main] DEBUG org.springframework.core.io.support.PathMatchingResourcePatternResolver - Searching directory [C:\Users\gmihindou\Desktop\NGONDI\ngondi\ngondi-infrastructure\target\test-classes\ngondi\ged\ga\infrastructure] for files matching pattern [C:/Users/gmihindou/Desktop/NGONDI/ngondi/ngondi-infrastructure/target/test-classes/ngondi/ged/ga/infrastructure/**/*.class]
01:26:48.077 [main] DEBUG org.springframework.core.io.support.PathMatchingResourcePatternResolver - Searching directory [C:\Users\gmihindou\Desktop\NGONDI\ngondi\ngondi-infrastructure\target\test-classes\ngondi\ged\ga\infrastructure\service] for files matching pattern [C:/Users/gmihindou/Desktop/NGONDI/ngondi/ngondi-infrastructure/target/test-classes/ngondi/ged/ga/infrastructure/**/*.class]
01:26:48.077 [main] DEBUG org.springframework.core.io.support.PathMatchingResourcePatternResolver - Searching directory [C:\Users\gmihindou\Desktop\NGONDI\ngondi\ngondi-infrastructure\target\test-classes\ngondi\ged\ga\infrastructure\service\test] for files matching pattern [C:/Users/gmihindou/Desktop/NGONDI/ngondi/ngondi-infrastructure/target/test-classes/ngondi/ged/ga/infrastructure/**/*.class]
01:26:48.078 [main] DEBUG org.springframework.core.io.support.PathMatchingResourcePatternResolver - Searching directory [C:\Users\gmihindou\Desktop\NGONDI\ngondi\ngondi-infrastructure\target\test-classes\ngondi\ged\ga\infrastructure\test] for files matching pattern [C:/Users/gmihindou/Desktop/NGONDI/ngondi/ngondi-infrastructure/target/test-classes/ngondi/ged/ga/infrastructure/**/*.class]
01:26:48.079 [main] DEBUG org.springframework.core.io.support.PathMatchingResourcePatternResolver - Looking for matching resources in directory tree [C:\Users\gmihindou\Desktop\NGONDI\ngondi\ngondi-infrastructure\target\classes\ngondi\ged\ga\infrastructure]
01:26:48.079 [main] DEBUG org.springframework.core.io.support.PathMatchingResourcePatternResolver - Searching directory [C:\Users\gmihindou\Desktop\NGONDI\ngondi\ngondi-infrastructure\target\classes\ngondi\ged\ga\infrastructure] for files matching pattern [C:/Users/gmihindou/Desktop/NGONDI/ngondi/ngondi-infrastructure/target/classes/ngondi/ged/ga/infrastructure/**/*.class]
01:26:48.079 [main] DEBUG org.springframework.core.io.support.PathMatchingResourcePatternResolver - Searching directory [C:\Users\gmihindou\Desktop\NGONDI\ngondi\ngondi-infrastructure\target\classes\ngondi\ged\ga\infrastructure\model] for files matching pattern [C:/Users/gmihindou/Desktop/NGONDI/ngondi/ngondi-infrastructure/target/classes/ngondi/ged/ga/infrastructure/**/*.class]
01:26:48.080 [main] DEBUG org.springframework.core.io.support.PathMatchingResourcePatternResolver - Searching directory [C:\Users\gmihindou\Desktop\NGONDI\ngondi\ngondi-infrastructure\target\classes\ngondi\ged\ga\infrastructure\service] for files matching pattern [C:/Users/gmihindou/Desktop/NGONDI/ngondi/ngondi-infrastructure/target/classes/ngondi/ged/ga/infrastructure/**/*.class]
01:26:48.081 [main] DEBUG org.springframework.core.io.support.PathMatchingResourcePatternResolver - Resolved location pattern [classpath*:ngondi/ged/ga/infrastructure/**/*.class] to resources [file [C:\Users\gmihindou\Desktop\NGONDI\ngondi\ngondi-infrastructure\target\test-classes\ngondi\ged\ga\infrastructure\service\test\ArchivageImplTest$conf.class], file [C:\Users\gmihindou\Desktop\NGONDI\ngondi\ngondi-infrastructure\target\test-classes\ngondi\ged\ga\infrastructure\service\test\ArchivageImplTest.class], file [C:\Users\gmihindou\Desktop\NGONDI\ngondi\ngondi-infrastructure\target\test-classes\ngondi\ged\ga\infrastructure\service\test\FournisseurImplTest$conf.class], file [C:\Users\gmihindou\Desktop\NGONDI\ngondi\ngondi-infrastructure\target\test-classes\ngondi\ged\ga\infrastructure\service\test\FournisseurImplTest.class], file [C:\Users\gmihindou\Desktop\NGONDI\ngondi\ngondi-infrastructure\target\test-classes\ngondi\ged\ga\infrastructure\test\NgondiInfrastructureApplicationTests.class], file [C:\Users\gmihindou\Desktop\NGONDI\ngondi\ngondi-infrastructure\target\classes\ngondi\ged\ga\infrastructure\model\DocumentEntity.class], file [C:\Users\gmihindou\Desktop\NGONDI\ngondi\ngondi-infrastructure\target\classes\ngondi\ged\ga\infrastructure\model\FournisseurEntity.class], file [C:\Users\gmihindou\Desktop\NGONDI\ngondi\ngondi-infrastructure\target\classes\ngondi\ged\ga\infrastructure\model\StatistiqueFournisseurEntity.class], file [C:\Users\gmihindou\Desktop\NGONDI\ngondi\ngondi-infrastructure\target\classes\ngondi\ged\ga\infrastructure\NgondiInfrastructureApplication.class], file [C:\Users\gmihindou\Desktop\NGONDI\ngondi\ngondi-infrastructure\target\classes\ngondi\ged\ga\infrastructure\PersistenceConfiguration.class], file [C:\Users\gmihindou\Desktop\NGONDI\ngondi\ngondi-infrastructure\target\classes\ngondi\ged\ga\infrastructure\service\ArchivageImpl.class], file [C:\Users\gmihindou\Desktop\NGONDI\ngondi\ngondi-infrastructure\target\classes\ngondi\ged\ga\infrastructure\service\Conf.class], file [C:\Users\gmihindou\Desktop\NGONDI\ngondi\ngondi-infrastructure\target\classes\ngondi\ged\ga\infrastructure\service\FournisseurImpl.class], file [C:\Users\gmihindou\Desktop\NGONDI\ngondi\ngondi-infrastructure\target\classes\ngondi\ged\ga\infrastructure\service\IArchivageDao.class], file [C:\Users\gmihindou\Desktop\NGONDI\ngondi\ngondi-infrastructure\target\classes\ngondi\ged\ga\infrastructure\service\IFournisseurDao.class]]
01:26:48.082 [main] DEBUG org.springframework.context.annotation.ClassPathBeanDefinitionScanner - Identified candidate component class: file [C:\Users\gmihindou\Desktop\NGONDI\ngondi\ngondi-infrastructure\target\test-classes\ngondi\ged\ga\infrastructure\service\test\FournisseurImplTest$conf.class]
01:26:48.082 [main] DEBUG org.springframework.context.annotation.ClassPathBeanDefinitionScanner - Identified candidate component class: file [C:\Users\gmihindou\Desktop\NGONDI\ngondi\ngondi-infrastructure\target\classes\ngondi\ged\ga\infrastructure\NgondiInfrastructureApplication.class]
01:26:48.083 [main] DEBUG org.springframework.context.annotation.ClassPathBeanDefinitionScanner - Identified candidate component class: file [C:\Users\gmihindou\Desktop\NGONDI\ngondi\ngondi-infrastructure\target\classes\ngondi\ged\ga\infrastructure\PersistenceConfiguration.class]
01:26:48.083 [main] DEBUG org.springframework.context.annotation.ClassPathBeanDefinitionScanner - Identified candidate component class: file [C:\Users\gmihindou\Desktop\NGONDI\ngondi\ngondi-infrastructure\target\classes\ngondi\ged\ga\infrastructure\service\ArchivageImpl.class]
01:26:48.083 [main] DEBUG org.springframework.context.annotation.ClassPathBeanDefinitionScanner - Identified candidate component class: file [C:\Users\gmihindou\Desktop\NGONDI\ngondi\ngondi-infrastructure\target\classes\ngondi\ged\ga\infrastructure\service\Conf.class]
01:26:48.083 [main] DEBUG org.springframework.context.annotation.ClassPathBeanDefinitionScanner - Identified candidate component class: file [C:\Users\gmihindou\Desktop\NGONDI\ngondi\ngondi-infrastructure\target\classes\ngondi\ged\ga\infrastructure\service\FournisseurImpl.class]
01:26:48.083 [main] DEBUG org.springframework.context.annotation.ClassPathBeanDefinitionScanner - Ignored because not a concrete top-level class: file [C:\Users\gmihindou\Desktop\NGONDI\ngondi\ngondi-infrastructure\target\classes\ngondi\ged\ga\infrastructure\service\IArchivageDao.class]
01:26:48.084 [main] DEBUG org.springframework.context.annotation.ClassPathBeanDefinitionScanner - Ignored because not a concrete top-level class: file [C:\Users\gmihindou\Desktop\NGONDI\ngondi\ngondi-infrastructure\target\classes\ngondi\ged\ga\infrastructure\service\IFournisseurDao.class]
01:26:48.084 [main] DEBUG org.springframework.core.io.support.PathMatchingResourcePatternResolver - Resolved classpath location [ngondi/ged/ga/domain/] to resources [URL [jar:file:/C:/Users/gmihindou/Desktop/NGONDI/ngondi/ngondi-domain/target/ngondi-domain-0.4-SNAPSHOT.jar!/ngondi/ged/ga/domain/]]
01:26:48.084 [main] DEBUG org.springframework.core.io.support.PathMatchingResourcePatternResolver - Looking for matching resources in jar file [file:/C:/Users/gmihindou/Desktop/NGONDI/ngondi/ngondi-domain/target/ngondi-domain-0.4-SNAPSHOT.jar]
01:26:48.085 [main] DEBUG org.springframework.core.io.support.PathMatchingResourcePatternResolver - Resolved location pattern [classpath*:ngondi/ged/ga/domain/**/*.class] to resources [URL [jar:file:/C:/Users/gmihindou/Desktop/NGONDI/ngondi/ngondi-domain/target/ngondi-domain-0.4-SNAPSHOT.jar!/ngondi/ged/ga/domain/archivage/structure/StatistiqueFournisseur.class], URL [jar:file:/C:/Users/gmihindou/Desktop/NGONDI/ngondi/ngondi-domain/target/ngondi-domain-0.4-SNAPSHOT.jar!/ngondi/ged/ga/domain/archivage/IArchivage.class], URL [jar:file:/C:/Users/gmihindou/Desktop/NGONDI/ngondi/ngondi-domain/target/ngondi-domain-0.4-SNAPSHOT.jar!/ngondi/ged/ga/domain/archivage/structure/DocumentOutput.class], URL [jar:file:/C:/Users/gmihindou/Desktop/NGONDI/ngondi/ngondi-domain/target/ngondi-domain-0.4-SNAPSHOT.jar!/ngondi/ged/ga/domain/archivage/structure/StatistiqueFournisseurOutput.class], URL [jar:file:/C:/Users/gmihindou/Desktop/NGONDI/ngondi/ngondi-domain/target/ngondi-domain-0.4-SNAPSHOT.jar!/ngondi/ged/ga/domain/archivage/FournisseurException.class], URL [jar:file:/C:/Users/gmihindou/Desktop/NGONDI/ngondi/ngondi-domain/target/ngondi-domain-0.4-SNAPSHOT.jar!/ngondi/ged/ga/domain/archivage/IFournisseur.class], URL [jar:file:/C:/Users/gmihindou/Desktop/NGONDI/ngondi/ngondi-domain/target/ngondi-domain-0.4-SNAPSHOT.jar!/ngondi/ged/ga/domain/archivage/structure/FournisseurInput.class], URL [jar:file:/C:/Users/gmihindou/Desktop/NGONDI/ngondi/ngondi-domain/target/ngondi-domain-0.4-SNAPSHOT.jar!/ngondi/ged/ga/domain/NgondiDomainApplication.class], URL [jar:file:/C:/Users/gmihindou/Desktop/NGONDI/ngondi/ngondi-domain/target/ngondi-domain-0.4-SNAPSHOT.jar!/ngondi/ged/ga/domain/archivage/ArchivageException.class], URL [jar:file:/C:/Users/gmihindou/Desktop/NGONDI/ngondi/ngondi-domain/target/ngondi-domain-0.4-SNAPSHOT.jar!/ngondi/ged/ga/domain/archivage/structure/DocumentInput.class], URL [jar:file:/C:/Users/gmihindou/Desktop/NGONDI/ngondi/ngondi-domain/target/ngondi-domain-0.4-SNAPSHOT.jar!/ngondi/ged/ga/domain/archivage/structure/FournisseurOuput.class]]
01:26:48.086 [main] DEBUG org.springframework.context.annotation.ClassPathBeanDefinitionScanner - Ignored because not a concrete top-level class: URL [jar:file:/C:/Users/gmihindou/Desktop/NGONDI/ngondi/ngondi-domain/target/ngondi-domain-0.4-SNAPSHOT.jar!/ngondi/ged/ga/domain/archivage/IArchivage.class]
01:26:48.086 [main] DEBUG org.springframework.context.annotation.ClassPathBeanDefinitionScanner - Ignored because not a concrete top-level class: URL [jar:file:/C:/Users/gmihindou/Desktop/NGONDI/ngondi/ngondi-domain/target/ngondi-domain-0.4-SNAPSHOT.jar!/ngondi/ged/ga/domain/archivage/IFournisseur.class]
01:26:48.086 [main] DEBUG org.springframework.context.annotation.ClassPathBeanDefinitionScanner - Identified candidate component class: URL [jar:file:/C:/Users/gmihindou/Desktop/NGONDI/ngondi/ngondi-domain/target/ngondi-domain-0.4-SNAPSHOT.jar!/ngondi/ged/ga/domain/NgondiDomainApplication.class]
01:26:48.092 [main] DEBUG org.springframework.context.annotation.ClassPathBeanDefinitionScanner - JSR-250 'javax.annotation.ManagedBean' found and supported for component scanning
01:26:48.093 [main] DEBUG org.springframework.core.io.support.PathMatchingResourcePatternResolver - Resolved classpath location [ngondi/ged/ga/infrastructure/] to resources [URL [file:/C:/Users/gmihindou/Desktop/NGONDI/ngondi/ngondi-infrastructure/target/test-classes/ngondi/ged/ga/infrastructure/], URL [file:/C:/Users/gmihindou/Desktop/NGONDI/ngondi/ngondi-infrastructure/target/classes/ngondi/ged/ga/infrastructure/]]
01:26:48.094 [main] DEBUG org.springframework.core.io.support.PathMatchingResourcePatternResolver - Looking for matching resources in directory tree [C:\Users\gmihindou\Desktop\NGONDI\ngondi\ngondi-infrastructure\target\test-classes\ngondi\ged\ga\infrastructure]
01:26:48.094 [main] DEBUG org.springframework.core.io.support.PathMatchingResourcePatternResolver - Searching directory [C:\Users\gmihindou\Desktop\NGONDI\ngondi\ngondi-infrastructure\target\test-classes\ngondi\ged\ga\infrastructure] for files matching pattern [C:/Users/gmihindou/Desktop/NGONDI/ngondi/ngondi-infrastructure/target/test-classes/ngondi/ged/ga/infrastructure/**/*.class]
01:26:48.095 [main] DEBUG org.springframework.core.io.support.PathMatchingResourcePatternResolver - Searching directory [C:\Users\gmihindou\Desktop\NGONDI\ngondi\ngondi-infrastructure\target\test-classes\ngondi\ged\ga\infrastructure\service] for files matching pattern [C:/Users/gmihindou/Desktop/NGONDI/ngondi/ngondi-infrastructure/target/test-classes/ngondi/ged/ga/infrastructure/**/*.class]
01:26:48.095 [main] DEBUG org.springframework.core.io.support.PathMatchingResourcePatternResolver - Searching directory [C:\Users\gmihindou\Desktop\NGONDI\ngondi\ngondi-infrastructure\target\test-classes\ngondi\ged\ga\infrastructure\service\test] for files matching pattern [C:/Users/gmihindou/Desktop/NGONDI/ngondi/ngondi-infrastructure/target/test-classes/ngondi/ged/ga/infrastructure/**/*.class]
01:26:48.097 [main] DEBUG org.springframework.core.io.support.PathMatchingResourcePatternResolver - Searching directory [C:\Users\gmihindou\Desktop\NGONDI\ngondi\ngondi-infrastructure\target\test-classes\ngondi\ged\ga\infrastructure\test] for files matching pattern [C:/Users/gmihindou/Desktop/NGONDI/ngondi/ngondi-infrastructure/target/test-classes/ngondi/ged/ga/infrastructure/**/*.class]
01:26:48.098 [main] DEBUG org.springframework.core.io.support.PathMatchingResourcePatternResolver - Looking for matching resources in directory tree [C:\Users\gmihindou\Desktop\NGONDI\ngondi\ngondi-infrastructure\target\classes\ngondi\ged\ga\infrastructure]
01:26:48.098 [main] DEBUG org.springframework.core.io.support.PathMatchingResourcePatternResolver - Searching directory [C:\Users\gmihindou\Desktop\NGONDI\ngondi\ngondi-infrastructure\target\classes\ngondi\ged\ga\infrastructure] for files matching pattern [C:/Users/gmihindou/Desktop/NGONDI/ngondi/ngondi-infrastructure/target/classes/ngondi/ged/ga/infrastructure/**/*.class]
01:26:48.099 [main] DEBUG org.springframework.core.io.support.PathMatchingResourcePatternResolver - Searching directory [C:\Users\gmihindou\Desktop\NGONDI\ngondi\ngondi-infrastructure\target\classes\ngondi\ged\ga\infrastructure\model] for files matching pattern [C:/Users/gmihindou/Desktop/NGONDI/ngondi/ngondi-infrastructure/target/classes/ngondi/ged/ga/infrastructure/**/*.class]
01:26:48.102 [main] DEBUG org.springframework.core.io.support.PathMatchingResourcePatternResolver - Searching directory [C:\Users\gmihindou\Desktop\NGONDI\ngondi\ngondi-infrastructure\target\classes\ngondi\ged\ga\infrastructure\service] for files matching pattern [C:/Users/gmihindou/Desktop/NGONDI/ngondi/ngondi-infrastructure/target/classes/ngondi/ged/ga/infrastructure/**/*.class]
01:26:48.103 [main] DEBUG org.springframework.core.io.support.PathMatchingResourcePatternResolver - Resolved location pattern [classpath*:ngondi/ged/ga/infrastructure/**/*.class] to resources [file [C:\Users\gmihindou\Desktop\NGONDI\ngondi\ngondi-infrastructure\target\test-classes\ngondi\ged\ga\infrastructure\service\test\ArchivageImplTest$conf.class], file [C:\Users\gmihindou\Desktop\NGONDI\ngondi\ngondi-infrastructure\target\test-classes\ngondi\ged\ga\infrastructure\service\test\ArchivageImplTest.class], file [C:\Users\gmihindou\Desktop\NGONDI\ngondi\ngondi-infrastructure\target\test-classes\ngondi\ged\ga\infrastructure\service\test\FournisseurImplTest$conf.class], file [C:\Users\gmihindou\Desktop\NGONDI\ngondi\ngondi-infrastructure\target\test-classes\ngondi\ged\ga\infrastructure\service\test\FournisseurImplTest.class], file [C:\Users\gmihindou\Desktop\NGONDI\ngondi\ngondi-infrastructure\target\test-classes\ngondi\ged\ga\infrastructure\test\NgondiInfrastructureApplicationTests.class], file [C:\Users\gmihindou\Desktop\NGONDI\ngondi\ngondi-infrastructure\target\classes\ngondi\ged\ga\infrastructure\model\DocumentEntity.class], file [C:\Users\gmihindou\Desktop\NGONDI\ngondi\ngondi-infrastructure\target\classes\ngondi\ged\ga\infrastructure\model\FournisseurEntity.class], file [C:\Users\gmihindou\Desktop\NGONDI\ngondi\ngondi-infrastructure\target\classes\ngondi\ged\ga\infrastructure\model\StatistiqueFournisseurEntity.class], file [C:\Users\gmihindou\Desktop\NGONDI\ngondi\ngondi-infrastructure\target\classes\ngondi\ged\ga\infrastructure\NgondiInfrastructureApplication.class], file [C:\Users\gmihindou\Desktop\NGONDI\ngondi\ngondi-infrastructure\target\classes\ngondi\ged\ga\infrastructure\PersistenceConfiguration.class], file [C:\Users\gmihindou\Desktop\NGONDI\ngondi\ngondi-infrastructure\target\classes\ngondi\ged\ga\infrastructure\service\ArchivageImpl.class], file [C:\Users\gmihindou\Desktop\NGONDI\ngondi\ngondi-infrastructure\target\classes\ngondi\ged\ga\infrastructure\service\Conf.class], file [C:\Users\gmihindou\Desktop\NGONDI\ngondi\ngondi-infrastructure\target\classes\ngondi\ged\ga\infrastructure\service\FournisseurImpl.class], file [C:\Users\gmihindou\Desktop\NGONDI\ngondi\ngondi-infrastructure\target\classes\ngondi\ged\ga\infrastructure\service\IArchivageDao.class], file [C:\Users\gmihindou\Desktop\NGONDI\ngondi\ngondi-infrastructure\target\classes\ngondi\ged\ga\infrastructure\service\IFournisseurDao.class]]
01:26:48.105 [main] DEBUG org.springframework.beans.factory.support.DefaultListableBeanFactory - Returning cached instance of singleton bean 'org.springframework.boot.test.context.filter.TestTypeExcludeFilter'
01:26:48.106 [main] DEBUG org.springframework.beans.factory.support.DefaultListableBeanFactory - Returning cached instance of singleton bean 'org.springframework.boot.test.context.filter.TestTypeExcludeFilter'
01:26:48.107 [main] DEBUG org.springframework.beans.factory.support.DefaultListableBeanFactory - Returning cached instance of singleton bean 'org.springframework.boot.test.context.filter.TestTypeExcludeFilter'
01:26:48.110 [main] DEBUG org.springframework.beans.factory.support.DefaultListableBeanFactory - Returning cached instance of singleton bean 'org.springframework.boot.test.context.filter.TestTypeExcludeFilter'
01:26:48.111 [main] DEBUG org.springframework.beans.factory.support.DefaultListableBeanFactory - Returning cached instance of singleton bean 'org.springframework.boot.test.context.filter.TestTypeExcludeFilter'
01:26:48.111 [main] DEBUG org.springframework.beans.factory.support.DefaultListableBeanFactory - Returning cached instance of singleton bean 'org.springframework.boot.test.context.filter.TestTypeExcludeFilter'
01:26:48.115 [main] DEBUG org.springframework.beans.factory.support.DefaultListableBeanFactory - Returning cached instance of singleton bean 'org.springframework.boot.test.context.filter.TestTypeExcludeFilter'
01:26:48.115 [main] DEBUG org.springframework.beans.factory.support.DefaultListableBeanFactory - Returning cached instance of singleton bean 'org.springframework.boot.test.context.filter.TestTypeExcludeFilter'
01:26:48.115 [main] DEBUG org.springframework.beans.factory.support.DefaultListableBeanFactory - Returning cached instance of singleton bean 'org.springframework.boot.test.context.filter.TestTypeExcludeFilter'
01:26:48.115 [main] DEBUG org.springframework.context.annotation.ClassPathBeanDefinitionScanner - Identified candidate component class: file [C:\Users\gmihindou\Desktop\NGONDI\ngondi\ngondi-infrastructure\target\classes\ngondi\ged\ga\infrastructure\PersistenceConfiguration.class]
01:26:48.116 [main] DEBUG org.springframework.beans.factory.support.DefaultListableBeanFactory - Returning cached instance of singleton bean 'org.springframework.boot.test.context.filter.TestTypeExcludeFilter'
01:26:48.116 [main] DEBUG org.springframework.context.annotation.ClassPathBeanDefinitionScanner - Identified candidate component class: file [C:\Users\gmihindou\Desktop\NGONDI\ngondi\ngondi-infrastructure\target\classes\ngondi\ged\ga\infrastructure\service\ArchivageImpl.class]
01:26:48.116 [main] DEBUG org.springframework.beans.factory.support.DefaultListableBeanFactory - Returning cached instance of singleton bean 'org.springframework.boot.test.context.filter.TestTypeExcludeFilter'
01:26:48.116 [main] DEBUG org.springframework.context.annotation.ClassPathBeanDefinitionScanner - Identified candidate component class: file [C:\Users\gmihindou\Desktop\NGONDI\ngondi\ngondi-infrastructure\target\classes\ngondi\ged\ga\infrastructure\service\Conf.class]
01:26:48.116 [main] DEBUG org.springframework.beans.factory.support.DefaultListableBeanFactory - Returning cached instance of singleton bean 'org.springframework.boot.test.context.filter.TestTypeExcludeFilter'
01:26:48.117 [main] DEBUG org.springframework.context.annotation.ClassPathBeanDefinitionScanner - Identified candidate component class: file [C:\Users\gmihindou\Desktop\NGONDI\ngondi\ngondi-infrastructure\target\classes\ngondi\ged\ga\infrastructure\service\FournisseurImpl.class]
01:26:48.117 [main] DEBUG org.springframework.beans.factory.support.DefaultListableBeanFactory - Returning cached instance of singleton bean 'org.springframework.boot.test.context.filter.TestTypeExcludeFilter'
01:26:48.117 [main] DEBUG org.springframework.context.annotation.ClassPathBeanDefinitionScanner - Ignored because not a concrete top-level class: file [C:\Users\gmihindou\Desktop\NGONDI\ngondi\ngondi-infrastructure\target\classes\ngondi\ged\ga\infrastructure\service\IArchivageDao.class]
01:26:48.117 [main] DEBUG org.springframework.beans.factory.support.DefaultListableBeanFactory - Returning cached instance of singleton bean 'org.springframework.boot.test.context.filter.TestTypeExcludeFilter'
01:26:48.117 [main] DEBUG org.springframework.context.annotation.ClassPathBeanDefinitionScanner - Ignored because not a concrete top-level class: file [C:\Users\gmihindou\Desktop\NGONDI\ngondi\ngondi-infrastructure\target\classes\ngondi\ged\ga\infrastructure\service\IFournisseurDao.class]
01:26:48.144 [main] DEBUG org.springframework.core.env.StandardEnvironment - Adding PropertySource 'class path resource [application.properties]' with lowest search precedence
01:26:48.148 [main] DEBUG org.springframework.context.annotation.ClassPathBeanDefinitionScanner - JSR-250 'javax.annotation.ManagedBean' found and supported for component scanning
01:26:48.149 [main] DEBUG org.springframework.core.io.support.PathMatchingResourcePatternResolver - Resolved classpath location [ngondi/ged/ga/domain/] to resources [URL [jar:file:/C:/Users/gmihindou/Desktop/NGONDI/ngondi/ngondi-domain/target/ngondi-domain-0.4-SNAPSHOT.jar!/ngondi/ged/ga/domain/]]
01:26:48.149 [main] DEBUG org.springframework.core.io.support.PathMatchingResourcePatternResolver - Looking for matching resources in jar file [file:/C:/Users/gmihindou/Desktop/NGONDI/ngondi/ngondi-domain/target/ngondi-domain-0.4-SNAPSHOT.jar]
01:26:48.150 [main] DEBUG org.springframework.core.io.support.PathMatchingResourcePatternResolver - Resolved location pattern [classpath*:ngondi/ged/ga/domain/**/*.class] to resources [URL [jar:file:/C:/Users/gmihindou/Desktop/NGONDI/ngondi/ngondi-domain/target/ngondi-domain-0.4-SNAPSHOT.jar!/ngondi/ged/ga/domain/archivage/structure/StatistiqueFournisseur.class], URL [jar:file:/C:/Users/gmihindou/Desktop/NGONDI/ngondi/ngondi-domain/target/ngondi-domain-0.4-SNAPSHOT.jar!/ngondi/ged/ga/domain/archivage/IArchivage.class], URL [jar:file:/C:/Users/gmihindou/Desktop/NGONDI/ngondi/ngondi-domain/target/ngondi-domain-0.4-SNAPSHOT.jar!/ngondi/ged/ga/domain/archivage/structure/DocumentOutput.class], URL [jar:file:/C:/Users/gmihindou/Desktop/NGONDI/ngondi/ngondi-domain/target/ngondi-domain-0.4-SNAPSHOT.jar!/ngondi/ged/ga/domain/archivage/structure/StatistiqueFournisseurOutput.class], URL [jar:file:/C:/Users/gmihindou/Desktop/NGONDI/ngondi/ngondi-domain/target/ngondi-domain-0.4-SNAPSHOT.jar!/ngondi/ged/ga/domain/archivage/FournisseurException.class], URL [jar:file:/C:/Users/gmihindou/Desktop/NGONDI/ngondi/ngondi-domain/target/ngondi-domain-0.4-SNAPSHOT.jar!/ngondi/ged/ga/domain/archivage/IFournisseur.class], URL [jar:file:/C:/Users/gmihindou/Desktop/NGONDI/ngondi/ngondi-domain/target/ngondi-domain-0.4-SNAPSHOT.jar!/ngondi/ged/ga/domain/archivage/structure/FournisseurInput.class], URL [jar:file:/C:/Users/gmihindou/Desktop/NGONDI/ngondi/ngondi-domain/target/ngondi-domain-0.4-SNAPSHOT.jar!/ngondi/ged/ga/domain/NgondiDomainApplication.class], URL [jar:file:/C:/Users/gmihindou/Desktop/NGONDI/ngondi/ngondi-domain/target/ngondi-domain-0.4-SNAPSHOT.jar!/ngondi/ged/ga/domain/archivage/ArchivageException.class], URL [jar:file:/C:/Users/gmihindou/Desktop/NGONDI/ngondi/ngondi-domain/target/ngondi-domain-0.4-SNAPSHOT.jar!/ngondi/ged/ga/domain/archivage/structure/DocumentInput.class], URL [jar:file:/C:/Users/gmihindou/Desktop/NGONDI/ngondi/ngondi-domain/target/ngondi-domain-0.4-SNAPSHOT.jar!/ngondi/ged/ga/domain/archivage/structure/FournisseurOuput.class]]
01:26:48.150 [main] DEBUG org.springframework.beans.factory.support.DefaultListableBeanFactory - Returning cached instance of singleton bean 'org.springframework.boot.test.context.filter.TestTypeExcludeFilter'
01:26:48.150 [main] DEBUG org.springframework.beans.factory.support.DefaultListableBeanFactory - Returning cached instance of singleton bean 'org.springframework.boot.test.context.filter.TestTypeExcludeFilter'
01:26:48.150 [main] DEBUG org.springframework.context.annotation.ClassPathBeanDefinitionScanner - Ignored because not a concrete top-level class: URL [jar:file:/C:/Users/gmihindou/Desktop/NGONDI/ngondi/ngondi-domain/target/ngondi-domain-0.4-SNAPSHOT.jar!/ngondi/ged/ga/domain/archivage/IArchivage.class]
01:26:48.150 [main] DEBUG org.springframework.beans.factory.support.DefaultListableBeanFactory - Returning cached instance of singleton bean 'org.springframework.boot.test.context.filter.TestTypeExcludeFilter'
01:26:48.150 [main] DEBUG org.springframework.beans.factory.support.DefaultListableBeanFactory - Returning cached instance of singleton bean 'org.springframework.boot.test.context.filter.TestTypeExcludeFilter'
01:26:48.150 [main] DEBUG org.springframework.beans.factory.support.DefaultListableBeanFactory - Returning cached instance of singleton bean 'org.springframework.boot.test.context.filter.TestTypeExcludeFilter'
01:26:48.150 [main] DEBUG org.springframework.beans.factory.support.DefaultListableBeanFactory - Returning cached instance of singleton bean 'org.springframework.boot.test.context.filter.TestTypeExcludeFilter'
01:26:48.150 [main] DEBUG org.springframework.context.annotation.ClassPathBeanDefinitionScanner - Ignored because not a concrete top-level class: URL [jar:file:/C:/Users/gmihindou/Desktop/NGONDI/ngondi/ngondi-domain/target/ngondi-domain-0.4-SNAPSHOT.jar!/ngondi/ged/ga/domain/archivage/IFournisseur.class]
01:26:48.150 [main] DEBUG org.springframework.beans.factory.support.DefaultListableBeanFactory - Returning cached instance of singleton bean 'org.springframework.boot.test.context.filter.TestTypeExcludeFilter'
01:26:48.151 [main] DEBUG org.springframework.beans.factory.support.DefaultListableBeanFactory - Returning cached instance of singleton bean 'org.springframework.boot.test.context.filter.TestTypeExcludeFilter'
01:26:48.151 [main] DEBUG org.springframework.beans.factory.support.DefaultListableBeanFactory - Returning cached instance of singleton bean 'org.springframework.boot.test.context.filter.TestTypeExcludeFilter'
01:26:48.151 [main] DEBUG org.springframework.beans.factory.support.DefaultListableBeanFactory - Returning cached instance of singleton bean 'org.springframework.boot.test.context.filter.TestTypeExcludeFilter'
01:26:48.152 [main] DEBUG org.springframework.core.env.PropertySourcesPropertyResolver - Could not find key 'spring.boot.enableautoconfiguration' in any property source
01:26:48.210 [main] DEBUG org.springframework.beans.factory.support.DefaultListableBeanFactory - Returning cached instance of singleton bean 'autoConfigurationReport'
01:26:48.210 [main] DEBUG org.springframework.core.env.PropertySourcesPropertyResolver - Could not find key 'spring.boot.enableautoconfiguration' in any property source
01:26:48.236 [main] DEBUG org.springframework.beans.factory.support.DefaultListableBeanFactory - Returning cached instance of singleton bean 'autoConfigurationReport'
01:26:48.297 [main] DEBUG org.springframework.beans.factory.support.DefaultListableBeanFactory - Returning cached instance of singleton bean 'autoConfigurationReport'
01:26:48.323 [main] DEBUG org.springframework.core.env.PropertySourcesPropertyResolver - Could not find key 'spring.messages.basename' in any property source
01:26:48.323 [main] DEBUG org.springframework.beans.factory.support.DefaultListableBeanFactory - Returning cached instance of singleton bean 'autoConfigurationReport'
01:26:48.325 [main] DEBUG org.springframework.beans.factory.support.DefaultListableBeanFactory - Returning cached instance of singleton bean 'autoConfigurationReport'
01:26:48.325 [main] DEBUG org.springframework.beans.factory.support.DefaultListableBeanFactory - Returning cached instance of singleton bean 'autoConfigurationReport'
01:26:48.326 [main] DEBUG org.springframework.beans.factory.support.DefaultListableBeanFactory - Returning cached instance of singleton bean 'autoConfigurationReport'
01:26:48.326 [main] DEBUG org.springframework.beans.factory.support.DefaultListableBeanFactory - Returning cached instance of singleton bean 'autoConfigurationReport'
01:26:48.328 [main] DEBUG org.springframework.beans.factory.support.DefaultListableBeanFactory - Returning cached instance of singleton bean 'autoConfigurationReport'
01:26:48.328 [main] DEBUG org.springframework.beans.factory.support.DefaultListableBeanFactory - Returning cached instance of singleton bean 'autoConfigurationReport'
01:26:48.329 [main] DEBUG org.springframework.beans.factory.support.DefaultListableBeanFactory - Returning cached instance of singleton bean 'autoConfigurationReport'
01:26:48.329 [main] DEBUG org.springframework.beans.factory.support.DefaultListableBeanFactory - Returning cached instance of singleton bean 'autoConfigurationReport'
01:26:48.330 [main] DEBUG org.springframework.beans.factory.support.DefaultListableBeanFactory - Returning cached instance of singleton bean 'autoConfigurationReport'
01:26:48.330 [main] DEBUG org.springframework.beans.factory.support.DefaultListableBeanFactory - Returning cached instance of singleton bean 'autoConfigurationReport'
01:26:48.332 [main] DEBUG org.springframework.beans.factory.support.DefaultListableBeanFactory - Returning cached instance of singleton bean 'autoConfigurationReport'
01:26:48.333 [main] DEBUG org.springframework.beans.factory.support.DefaultListableBeanFactory - Returning cached instance of singleton bean 'autoConfigurationReport'
01:26:48.338 [main] DEBUG org.springframework.beans.factory.support.DefaultListableBeanFactory - Returning cached instance of singleton bean 'autoConfigurationReport'
01:26:48.338 [main] DEBUG org.springframework.beans.factory.support.DefaultListableBeanFactory - Returning cached instance of singleton bean 'autoConfigurationReport'
01:26:48.339 [main] DEBUG org.springframework.beans.factory.support.DefaultListableBeanFactory - Returning cached instance of singleton bean 'autoConfigurationReport'
01:26:48.339 [main] DEBUG org.springframework.beans.factory.support.DefaultListableBeanFactory - Returning cached instance of singleton bean 'autoConfigurationReport'
01:26:48.340 [main] DEBUG org.springframework.beans.factory.support.DefaultListableBeanFactory - Returning cached instance of singleton bean 'autoConfigurationReport'
01:26:48.340 [main] DEBUG org.springframework.core.env.PropertySourcesPropertyResolver - Found key 'spring.jmx.enabled' in PropertySource 'class path resource [application.properties]' with value of type String
01:26:48.340 [main] DEBUG org.springframework.beans.factory.support.DefaultListableBeanFactory - Returning cached instance of singleton bean 'autoConfigurationReport'
01:26:48.341 [main] DEBUG org.springframework.beans.factory.support.DefaultListableBeanFactory - Returning cached instance of singleton bean 'autoConfigurationReport'
01:26:48.342 [main] DEBUG org.springframework.beans.factory.support.DefaultListableBeanFactory - Returning cached instance of singleton bean 'autoConfigurationReport'
01:26:48.342 [main] DEBUG org.springframework.beans.factory.support.DefaultListableBeanFactory - Returning cached instance of singleton bean 'autoConfigurationReport'
01:26:48.343 [main] DEBUG org.springframework.beans.factory.support.DefaultListableBeanFactory - Returning cached instance of singleton bean 'autoConfigurationReport'
01:26:48.344 [main] DEBUG org.springframework.beans.factory.support.DefaultListableBeanFactory - Returning cached instance of singleton bean 'autoConfigurationReport'
01:26:48.346 [main] DEBUG org.springframework.beans.factory.support.DefaultListableBeanFactory - Returning cached instance of singleton bean 'autoConfigurationReport'
01:26:48.348 [main] DEBUG org.springframework.beans.factory.support.DefaultListableBeanFactory - Returning cached instance of singleton bean 'autoConfigurationReport'
01:26:48.368 [main] DEBUG org.springframework.beans.factory.support.DefaultListableBeanFactory - Returning cached instance of singleton bean 'autoConfigurationReport'
01:26:48.369 [main] DEBUG org.springframework.beans.factory.support.DefaultListableBeanFactory - Returning cached instance of singleton bean 'autoConfigurationReport'
01:26:48.370 [main] DEBUG org.springframework.beans.factory.support.DefaultListableBeanFactory - Returning cached instance of singleton bean 'autoConfigurationReport'
01:26:48.373 [main] DEBUG org.springframework.beans.factory.support.DefaultListableBeanFactory - Returning cached instance of singleton bean 'autoConfigurationReport'
01:26:48.374 [main] DEBUG org.springframework.beans.factory.support.DefaultListableBeanFactory - Returning cached instance of singleton bean 'autoConfigurationReport'
01:26:48.375 [main] DEBUG org.springframework.beans.factory.support.DefaultListableBeanFactory - Returning cached instance of singleton bean 'autoConfigurationReport'
01:26:48.377 [main] DEBUG org.springframework.beans.factory.support.DefaultListableBeanFactory - Returning cached instance of singleton bean 'autoConfigurationReport'
01:26:48.377 [main] DEBUG org.springframework.beans.factory.support.DefaultListableBeanFactory - Returning cached instance of singleton bean 'autoConfigurationReport'
01:26:48.382 [main] DEBUG org.springframework.beans.factory.support.DefaultListableBeanFactory - Returning cached instance of singleton bean 'autoConfigurationReport'
01:26:48.384 [main] DEBUG org.springframework.beans.factory.support.DefaultListableBeanFactory - Returning cached instance of singleton bean 'autoConfigurationReport'
01:26:48.386 [main] DEBUG org.springframework.beans.factory.support.DefaultListableBeanFactory - Returning cached instance of singleton bean 'autoConfigurationReport'
01:26:48.389 [main] DEBUG org.springframework.beans.factory.support.DefaultListableBeanFactory - Returning cached instance of singleton bean 'autoConfigurationReport'
01:26:48.389 [main] DEBUG org.springframework.beans.factory.support.DefaultListableBeanFactory - Returning cached instance of singleton bean 'autoConfigurationReport'
01:26:48.390 [main] DEBUG org.springframework.beans.factory.support.DefaultListableBeanFactory - Returning cached instance of singleton bean 'autoConfigurationReport'
01:26:48.391 [main] DEBUG org.springframework.beans.factory.support.DefaultListableBeanFactory - Returning cached instance of singleton bean 'autoConfigurationReport'
01:26:48.400 [main] DEBUG org.springframework.beans.factory.support.DefaultListableBeanFactory - Returning cached instance of singleton bean 'autoConfigurationReport'
01:26:48.400 [main] DEBUG org.springframework.beans.factory.support.DefaultListableBeanFactory - Returning cached instance of singleton bean 'autoConfigurationReport'
01:26:48.401 [main] DEBUG org.springframework.beans.factory.support.DefaultListableBeanFactory - Returning cached instance of singleton bean 'autoConfigurationReport'
01:26:48.402 [main] DEBUG org.springframework.beans.factory.support.DefaultListableBeanFactory - Returning cached instance of singleton bean 'autoConfigurationReport'
01:26:48.403 [main] DEBUG org.springframework.beans.factory.support.DefaultListableBeanFactory - Returning cached instance of singleton bean 'autoConfigurationReport'
01:26:48.404 [main] DEBUG org.springframework.beans.factory.support.DefaultListableBeanFactory - Returning cached instance of singleton bean 'autoConfigurationReport'
01:26:48.406 [main] DEBUG org.springframework.beans.factory.support.DefaultListableBeanFactory - Returning cached instance of singleton bean 'autoConfigurationReport'
01:26:48.411 [main] DEBUG org.springframework.beans.factory.support.DefaultListableBeanFactory - Returning cached instance of singleton bean 'autoConfigurationReport'
01:26:48.420 [main] DEBUG org.springframework.beans.factory.support.DefaultListableBeanFactory - Returning cached instance of singleton bean 'autoConfigurationReport'
01:26:48.421 [main] DEBUG org.springframework.beans.factory.support.DefaultListableBeanFactory - Returning cached instance of singleton bean 'autoConfigurationReport'
01:26:48.422 [main] DEBUG org.springframework.beans.factory.support.DefaultListableBeanFactory - Returning cached instance of singleton bean 'autoConfigurationReport'
01:26:48.422 [main] DEBUG org.springframework.beans.factory.support.DefaultListableBeanFactory - Returning cached instance of singleton bean 'autoConfigurationReport'
01:26:48.423 [main] DEBUG org.springframework.beans.factory.support.DefaultListableBeanFactory - Returning cached instance of singleton bean 'autoConfigurationReport'
01:26:48.423 [main] DEBUG org.springframework.core.env.PropertySourcesPropertyResolver - Found key 'spring.jmx.enabled' in PropertySource 'class path resource [application.properties]' with value of type String
01:26:48.423 [main] DEBUG org.springframework.beans.factory.support.DefaultListableBeanFactory - Returning cached instance of singleton bean 'autoConfigurationReport'
01:26:48.426 [main] DEBUG org.springframework.beans.factory.support.DefaultListableBeanFactory - Returning cached instance of singleton bean 'autoConfigurationReport'
01:26:48.432 [main] DEBUG org.springframework.beans.factory.support.DefaultListableBeanFactory - Returning cached instance of singleton bean 'autoConfigurationReport'
01:26:48.432 [main] DEBUG org.springframework.beans.factory.support.DefaultListableBeanFactory - Returning cached instance of singleton bean 'autoConfigurationReport'
01:26:48.433 [main] DEBUG org.springframework.beans.factory.support.DefaultListableBeanFactory - Returning cached instance of singleton bean 'autoConfigurationReport'
01:26:48.435 [main] DEBUG org.springframework.beans.factory.support.DefaultListableBeanFactory - Returning cached instance of singleton bean 'autoConfigurationReport'
01:26:48.436 [main] DEBUG org.springframework.beans.factory.support.DefaultListableBeanFactory - Returning cached instance of singleton bean 'autoConfigurationReport'
01:26:48.442 [main] DEBUG org.springframework.beans.factory.support.DefaultListableBeanFactory - Returning cached instance of singleton bean 'autoConfigurationReport'
01:26:48.443 [main] DEBUG org.springframework.beans.factory.support.DefaultListableBeanFactory - Returning cached instance of singleton bean 'autoConfigurationReport'
01:26:48.444 [main] DEBUG org.springframework.beans.factory.support.DefaultListableBeanFactory - Returning cached instance of singleton bean 'autoConfigurationReport'
01:26:48.445 [main] DEBUG org.springframework.beans.factory.support.DefaultListableBeanFactory - Returning cached instance of singleton bean 'autoConfigurationReport'
01:26:48.447 [main] DEBUG org.springframework.beans.factory.support.DefaultListableBeanFactory - Returning cached instance of singleton bean 'autoConfigurationReport'
01:26:48.452 [main] DEBUG org.springframework.beans.factory.support.DefaultListableBeanFactory - Returning cached instance of singleton bean 'autoConfigurationReport'
01:26:48.454 [main] DEBUG org.springframework.beans.factory.support.DefaultListableBeanFactory - Returning cached instance of singleton bean 'autoConfigurationReport'
01:26:48.458 [main] DEBUG org.springframework.beans.factory.support.DefaultListableBeanFactory - Returning cached instance of singleton bean 'autoConfigurationReport'
01:26:48.460 [main] DEBUG org.springframework.beans.factory.support.DefaultListableBeanFactory - Returning cached instance of singleton bean 'autoConfigurationReport'
01:26:48.460 [main] DEBUG org.springframework.beans.factory.support.DefaultListableBeanFactory - Returning cached instance of singleton bean 'autoConfigurationReport'
01:26:48.462 [main] DEBUG org.springframework.beans.factory.support.DefaultListableBeanFactory - Returning cached instance of singleton bean 'autoConfigurationReport'
01:26:48.463 [main] DEBUG org.springframework.beans.factory.support.DefaultListableBeanFactory - Returning cached instance of singleton bean 'autoConfigurationReport'
01:26:48.467 [main] DEBUG org.springframework.beans.factory.support.DefaultListableBeanFactory - Returning cached instance of singleton bean 'autoConfigurationReport'
01:26:48.468 [main] DEBUG org.springframework.beans.factory.support.DefaultListableBeanFactory - Returning cached instance of singleton bean 'autoConfigurationReport'
01:26:48.468 [main] DEBUG org.springframework.beans.factory.support.DefaultListableBeanFactory - Returning cached instance of singleton bean 'autoConfigurationReport'
01:26:48.469 [main] DEBUG org.springframework.beans.factory.support.DefaultListableBeanFactory - Returning cached instance of singleton bean 'autoConfigurationReport'
01:26:48.469 [main] DEBUG org.springframework.beans.factory.support.DefaultListableBeanFactory - Returning cached instance of singleton bean 'autoConfigurationReport'
01:26:48.472 [main] DEBUG org.springframework.beans.factory.support.DefaultListableBeanFactory - Returning cached instance of singleton bean 'autoConfigurationReport'
01:26:48.476 [main] DEBUG org.springframework.beans.factory.support.DefaultListableBeanFactory - Returning cached instance of singleton bean 'autoConfigurationReport'
01:26:48.477 [main] DEBUG org.springframework.beans.factory.support.DefaultListableBeanFactory - Returning cached instance of singleton bean 'autoConfigurationReport'
01:26:48.479 [main] DEBUG org.springframework.beans.factory.support.DefaultListableBeanFactory - Returning cached instance of singleton bean 'autoConfigurationReport'
01:26:48.482 [main] DEBUG org.springframework.beans.factory.support.DefaultListableBeanFactory - Returning cached instance of singleton bean 'autoConfigurationReport'
01:26:48.484 [main] DEBUG org.springframework.beans.factory.support.DefaultListableBeanFactory - Returning cached instance of singleton bean 'autoConfigurationReport'
01:26:48.488 [main] DEBUG org.springframework.beans.factory.support.DefaultListableBeanFactory - Returning cached instance of singleton bean 'autoConfigurationReport'
01:26:48.489 [main] DEBUG org.springframework.beans.factory.support.DefaultListableBeanFactory - Returning cached instance of singleton bean 'autoConfigurationReport'
01:26:48.491 [main] DEBUG org.springframework.beans.factory.support.DefaultListableBeanFactory - Returning cached instance of singleton bean 'autoConfigurationReport'
01:26:48.493 [main] DEBUG org.springframework.beans.factory.support.DefaultListableBeanFactory - Returning cached instance of singleton bean 'autoConfigurationReport'
01:26:48.499 [main] DEBUG org.springframework.beans.factory.support.DefaultListableBeanFactory - Returning cached instance of singleton bean 'autoConfigurationReport'
01:26:48.506 [main] DEBUG org.springframework.beans.factory.support.DefaultListableBeanFactory - Returning cached instance of singleton bean 'autoConfigurationReport'
01:26:48.511 [main] DEBUG org.springframework.beans.factory.support.DefaultListableBeanFactory - Returning cached instance of singleton bean 'autoConfigurationReport'
01:26:48.512 [main] DEBUG org.springframework.beans.factory.support.DefaultListableBeanFactory - Returning cached instance of singleton bean 'autoConfigurationReport'
01:26:48.512 [main] DEBUG org.springframework.beans.factory.support.DefaultListableBeanFactory - Returning cached instance of singleton bean 'autoConfigurationReport'
01:26:48.513 [main] DEBUG org.springframework.beans.factory.support.DefaultListableBeanFactory - Returning cached instance of singleton bean 'autoConfigurationReport'
01:26:48.513 [main] DEBUG org.springframework.beans.factory.support.DefaultListableBeanFactory - Returning cached instance of singleton bean 'autoConfigurationReport'
01:26:48.514 [main] DEBUG org.springframework.beans.factory.support.DefaultListableBeanFactory - Returning cached instance of singleton bean 'autoConfigurationReport'
01:26:48.515 [main] DEBUG org.springframework.beans.factory.support.DefaultListableBeanFactory - Returning cached instance of singleton bean 'autoConfigurationReport'
01:26:48.517 [main] DEBUG org.springframework.beans.factory.support.DefaultListableBeanFactory - Returning cached instance of singleton bean 'autoConfigurationReport'
01:26:48.518 [main] DEBUG org.springframework.beans.factory.support.DefaultListableBeanFactory - Returning cached instance of singleton bean 'autoConfigurationReport'
01:26:48.519 [main] DEBUG org.springframework.beans.factory.support.DefaultListableBeanFactory - Returning cached instance of singleton bean 'autoConfigurationReport'
01:26:48.519 [main] DEBUG org.springframework.beans.factory.support.DefaultListableBeanFactory - Returning cached instance of singleton bean 'autoConfigurationReport'
01:26:48.520 [main] DEBUG org.springframework.context.annotation.ConfigurationClassBeanDefinitionReader - Registering bean definition for @Bean method ngondi.ged.ga.infrastructure.PersistenceConfiguration.transactionManager()
01:26:48.520 [main] DEBUG org.springframework.context.annotation.ConfigurationClassBeanDefinitionReader - Registering bean definition for @Bean method ngondi.ged.ga.infrastructure.PersistenceConfiguration.exceptionTranslation()
01:26:48.520 [main] DEBUG org.springframework.core.env.StandardEnvironment - Adding PropertySource 'systemProperties' with lowest search precedence
01:26:48.520 [main] DEBUG org.springframework.core.env.StandardEnvironment - Adding PropertySource 'systemEnvironment' with lowest search precedence
01:26:48.520 [main] DEBUG org.springframework.core.env.StandardEnvironment - Initialized StandardEnvironment with PropertySources [MapPropertySource@1115073856 {name='systemProperties', properties={java.runtime.name=Java(TM) SE Runtime Environment, sun.boot.library.path=C:\Program Files\Java\jdk1.8.0_181\jre\bin, java.vm.version=25.181-b13, java.vm.vendor=Oracle Corporation, java.vendor.url=http://java.oracle.com/, path.separator=;, java.vm.name=Java HotSpot(TM) 64-Bit Server VM, file.encoding.pkg=sun.io, user.country=FR, user.script=, sun.java.launcher=SUN_STANDARD, sun.os.patch.level=, java.vm.specification.name=Java Virtual Machine Specification, user.dir=C:\Users\gmihindou\Desktop\NGONDI\ngondi\ngondi-infrastructure, java.runtime.version=1.8.0_181-b13, basedir=C:\Users\gmihindou\Desktop\NGONDI\ngondi\ngondi-infrastructure, java.awt.graphicsenv=sun.awt.Win32GraphicsEnvironment, java.endorsed.dirs=C:\Program Files\Java\jdk1.8.0_181\jre\lib\endorsed, os.arch=amd64, surefire.real.class.path=C:\Users\GMIHIN~1\AppData\Local\Temp\surefire3983876529997774579\surefirebooter7677067244655180553.jar, java.io.tmpdir=C:\Users\GMIHIN~1\AppData\Local\Temp\, line.separator=
, java.vm.specification.vendor=Oracle Corporation, user.variant=, os.name=Windows 10, sun.jnu.encoding=Cp1252, java.library.path=C:\Program Files\Java\jdk1.8.0_181\jre\bin;C:\WINDOWS\Sun\Java\bin;C:\WINDOWS\system32;C:\WINDOWS;C:/Program Files/Java/jre1.8.0_181/bin/server;C:/Program Files/Java/jre1.8.0_181/bin;C:/Program Files/Java/jre1.8.0_181/lib/amd64;C:\Program Files (x86)\Common Files\Oracle\Java\javapath;C:\ProgramData\Oracle\Java\javapath;C:\WINDOWS\system32;C:\WINDOWS;C:\WINDOWS\System32\Wbem;C:\WINDOWS\System32\WindowsPowerShell\v1.0\;C:\WINDOWS\System32\OpenSSH\;C:\Program Files\nodejs\;C:\Program Files\Git\cmd;C:\Program Files\Java\jdk1.8.0_181\bin;C:\Program Files\apache-maven-3.5.4\bin;C:\Program Files (x86)\Intel\Intel(R) Management Engine Components\DAL;C:\Program Files\Intel\Intel(R) Management Engine Components\DAL;;C:\adb;C:\WINDOWS\system32;C:\WINDOWS;C:\WINDOWS\System32\Wbem;C:\WINDOWS\System32\WindowsPowerShell\v1.0\;C:\WINDOWS\System32\OpenSSH\;C:\Program Files\Intel\WiFi\bin\;C:\Program Files\Common Files\Intel\WirelessCommon\;C:\Program Files\Intel\WiFi\bin\;C:\Program Files\Common Files\Intel\WirelessCommon\;C:\Users\gmihindou\AppData\Local\Microsoft\WindowsApps;C:\Users\gmihindou\AppData\Local\GitHubDesktop\bin;C:\Users\gmihindou\Downloads\sts-bundle\sts-3.9.5.RELEASE;;., surefire.test.class.path=C:\Users\gmihindou\Desktop\NGONDI\ngondi\ngondi-infrastructure\target\test-classes;C:\Users\gmihindou\Desktop\NGONDI\ngondi\ngondi-infrastructure\target\classes;C:\Users\gmihindou\.m2\repository\org\springframework\boot\spring-boot-starter-web\2.0.4.RELEASE\spring-boot-starter-web-2.0.4.RELEASE.jar;C:\Users\gmihindou\.m2\repository\org\springframework\boot\spring-boot-starter\2.0.4.RELEASE\spring-boot-starter-2.0.4.RELEASE.jar;C:\Users\gmihindou\.m2\repository\org\springframework\boot\spring-boot-starter-logging\2.0.4.RELEASE\spring-boot-starter-logging-2.0.4.RELEASE.jar;C:\Users\gmihindou\.m2\repository\ch\qos\logback\logback-classic\1.2.3\logback-classic-1.2.3.jar;C:\Users\gmihindou\.m2\repository\ch\qos\logback\logback-core\1.2.3\logback-core-1.2.3.jar;C:\Users\gmihindou\.m2\repository\org\apache\logging\log4j\log4j-to-slf4j\2.10.0\log4j-to-slf4j-2.10.0.jar;C:\Users\gmihindou\.m2\repository\org\apache\logging\log4j\log4j-api\2.10.0\log4j-api-2.10.0.jar;C:\Users\gmihindou\.m2\repository\org\slf4j\jul-to-slf4j\1.7.25\jul-to-slf4j-1.7.25.jar;C:\Users\gmihindou\.m2\repository\javax\annotation\javax.annotation-api\1.3.2\javax.annotation-api-1.3.2.jar;C:\Users\gmihindou\.m2\repository\org\yaml\snakeyaml\1.19\snakeyaml-1.19.jar;C:\Users\gmihindou\.m2\repository\org\springframework\boot\spring-boot-starter-json\2.0.4.RELEASE\spring-boot-starter-json-2.0.4.RELEASE.jar;C:\Users\gmihindou\.m2\repository\com\fasterxml\jackson\core\jackson-databind\2.9.6\jackson-databind-2.9.6.jar;C:\Users\gmihindou\.m2\repository\com\fasterxml\jackson\core\jackson-annotations\2.9.0\jackson-annotations-2.9.0.jar;C:\Users\gmihindou\.m2\repository\com\fasterxml\jackson\core\jackson-core\2.9.6\jackson-core-2.9.6.jar;C:\Users\gmihindou\.m2\repository\com\fasterxml\jackson\datatype\jackson-datatype-jdk8\2.9.6\jackson-datatype-jdk8-2.9.6.jar;C:\Users\gmihindou\.m2\repository\com\fasterxml\jackson\datatype\jackson-datatype-jsr310\2.9.6\jackson-datatype-jsr310-2.9.6.jar;C:\Users\gmihindou\.m2\repository\com\fasterxml\jackson\module\jackson-module-parameter-names\2.9.6\jackson-module-parameter-names-2.9.6.jar;C:\Users\gmihindou\.m2\repository\org\springframework\boot\spring-boot-starter-tomcat\2.0.4.RELEASE\spring-boot-starter-tomcat-2.0.4.RELEASE.jar;C:\Users\gmihindou\.m2\repository\org\apache\tomcat\embed\tomcat-embed-core\8.5.32\tomcat-embed-core-8.5.32.jar;C:\Users\gmihindou\.m2\repository\org\apache\tomcat\embed\tomcat-embed-el\8.5.32\tomcat-embed-el-8.5.32.jar;C:\Users\gmihindou\.m2\repository\org\apache\tomcat\embed\tomcat-embed-websocket\8.5.32\tomcat-embed-websocket-8.5.32.jar;C:\Users\gmihindou\.m2\repository\org\hibernate\validator\hibernate-validator\6.0.11.Final\hibernate-validator-6.0.11.Final.jar;C:\Users\gmihindou\.m2\repository\javax\validation\validation-api\2.0.1.Final\validation-api-2.0.1.Final.jar;C:\Users\gmihindou\.m2\repository\org\jboss\logging\jboss-logging\3.3.2.Final\jboss-logging-3.3.2.Final.jar;C:\Users\gmihindou\.m2\repository\com\fasterxml\classmate\1.3.4\classmate-1.3.4.jar;C:\Users\gmihindou\.m2\repository\org\springframework\spring-web\5.0.8.RELEASE\spring-web-5.0.8.RELEASE.jar;C:\Users\gmihindou\.m2\repository\org\springframework\spring-beans\5.0.8.RELEASE\spring-beans-5.0.8.RELEASE.jar;C:\Users\gmihindou\.m2\repository\org\springframework\spring-webmvc\5.0.8.RELEASE\spring-webmvc-5.0.8.RELEASE.jar;C:\Users\gmihindou\.m2\repository\org\springframework\spring-aop\5.0.8.RELEASE\spring-aop-5.0.8.RELEASE.jar;C:\Users\gmihindou\.m2\repository\org\springframework\spring-context\5.0.8.RELEASE\spring-context-5.0.8.RELEASE.jar;C:\Users\gmihindou\.m2\repository\org\springframework\spring-expression\5.0.8.RELEASE\spring-expression-5.0.8.RELEASE.jar;C:\Users\gmihindou\.m2\repository\org\springframework\boot\spring-boot-devtools\2.0.4.RELEASE\spring-boot-devtools-2.0.4.RELEASE.jar;C:\Users\gmihindou\.m2\repository\org\springframework\boot\spring-boot\2.0.4.RELEASE\spring-boot-2.0.4.RELEASE.jar;C:\Users\gmihindou\.m2\repository\org\springframework\boot\spring-boot-autoconfigure\2.0.4.RELEASE\spring-boot-autoconfigure-2.0.4.RELEASE.jar;C:\Users\gmihindou\.m2\repository\org\springframework\boot\spring-boot-starter-test\2.0.4.RELEASE\spring-boot-starter-test-2.0.4.RELEASE.jar;C:\Users\gmihindou\.m2\repository\org\springframework\boot\spring-boot-test\2.0.4.RELEASE\spring-boot-test-2.0.4.RELEASE.jar;C:\Users\gmihindou\.m2\repository\org\springframework\boot\spring-boot-test-autoconfigure\2.0.4.RELEASE\spring-boot-test-autoconfigure-2.0.4.RELEASE.jar;C:\Users\gmihindou\.m2\repository\com\jayway\jsonpath\json-path\2.4.0\json-path-2.4.0.jar;C:\Users\gmihindou\.m2\repository\net\minidev\json-smart\2.3\json-smart-2.3.jar;C:\Users\gmihindou\.m2\repository\net\minidev\accessors-smart\1.2\accessors-smart-1.2.jar;C:\Users\gmihindou\.m2\repository\org\ow2\asm\asm\5.0.4\asm-5.0.4.jar;C:\Users\gmihindou\.m2\repository\org\slf4j\slf4j-api\1.7.25\slf4j-api-1.7.25.jar;C:\Users\gmihindou\.m2\repository\junit\junit\4.12\junit-4.12.jar;C:\Users\gmihindou\.m2\repository\org\assertj\assertj-core\3.9.1\assertj-core-3.9.1.jar;C:\Users\gmihindou\.m2\repository\org\mockito\mockito-core\2.15.0\mockito-core-2.15.0.jar;C:\Users\gmihindou\.m2\repository\net\bytebuddy\byte-buddy\1.7.11\byte-buddy-1.7.11.jar;C:\Users\gmihindou\.m2\repository\net\bytebuddy\byte-buddy-agent\1.7.11\byte-buddy-agent-1.7.11.jar;C:\Users\gmihindou\.m2\repository\org\objenesis\objenesis\2.6\objenesis-2.6.jar;C:\Users\gmihindou\.m2\repository\org\hamcrest\hamcrest-core\1.3\hamcrest-core-1.3.jar;C:\Users\gmihindou\.m2\repository\org\hamcrest\hamcrest-library\1.3\hamcrest-library-1.3.jar;C:\Users\gmihindou\.m2\repository\org\skyscreamer\jsonassert\1.5.0\jsonassert-1.5.0.jar;C:\Users\gmihindou\.m2\repository\com\vaadin\external\google\android-json\0.0.20131108.vaadin1\android-json-0.0.20131108.vaadin1.jar;C:\Users\gmihindou\.m2\repository\org\springframework\spring-core\5.0.8.RELEASE\spring-core-5.0.8.RELEASE.jar;C:\Users\gmihindou\.m2\repository\org\springframework\spring-jcl\5.0.8.RELEASE\spring-jcl-5.0.8.RELEASE.jar;C:\Users\gmihindou\.m2\repository\org\springframework\spring-test\5.0.8.RELEASE\spring-test-5.0.8.RELEASE.jar;C:\Users\gmihindou\.m2\repository\org\xmlunit\xmlunit-core\2.5.1\xmlunit-core-2.5.1.jar;C:\Users\gmihindou\.m2\repository\org\springframework\boot\spring-boot-starter-data-jpa\2.0.4.RELEASE\spring-boot-starter-data-jpa-2.0.4.RELEASE.jar;C:\Users\gmihindou\.m2\repository\org\springframework\boot\spring-boot-starter-aop\2.0.4.RELEASE\spring-boot-starter-aop-2.0.4.RELEASE.jar;C:\Users\gmihindou\.m2\repository\org\aspectj\aspectjweaver\1.8.13\aspectjweaver-1.8.13.jar;C:\Users\gmihindou\.m2\repository\org\springframework\boot\spring-boot-starter-jdbc\2.0.4.RELEASE\spring-boot-starter-jdbc-2.0.4.RELEASE.jar;C:\Users\gmihindou\.m2\repository\com\zaxxer\HikariCP\2.7.9\HikariCP-2.7.9.jar;C:\Users\gmihindou\.m2\repository\org\springframework\spring-jdbc\5.0.8.RELEASE\spring-jdbc-5.0.8.RELEASE.jar;C:\Users\gmihindou\.m2\repository\org\hibernate\hibernate-core\5.2.17.Final\hibernate-core-5.2.17.Final.jar;C:\Users\gmihindou\.m2\repository\org\hibernate\javax\persistence\hibernate-jpa-2.1-api\1.0.2.Final\hibernate-jpa-2.1-api-1.0.2.Final.jar;C:\Users\gmihindou\.m2\repository\org\javassist\javassist\3.22.0-GA\javassist-3.22.0-GA.jar;C:\Users\gmihindou\.m2\repository\antlr\antlr\2.7.7\antlr-2.7.7.jar;C:\Users\gmihindou\.m2\repository\org\jboss\jandex\2.0.3.Final\jandex-2.0.3.Final.jar;C:\Users\gmihindou\.m2\repository\dom4j\dom4j\1.6.1\dom4j-1.6.1.jar;C:\Users\gmihindou\.m2\repository\org\hibernate\common\hibernate-commons-annotations\5.0.1.Final\hibernate-commons-annotations-5.0.1.Final.jar;C:\Users\gmihindou\.m2\repository\javax\transaction\javax.transaction-api\1.2\javax.transaction-api-1.2.jar;C:\Users\gmihindou\.m2\repository\org\springframework\data\spring-data-jpa\2.0.9.RELEASE\spring-data-jpa-2.0.9.RELEASE.jar;C:\Users\gmihindou\.m2\repository\org\springframework\data\spring-data-commons\2.0.9.RELEASE\spring-data-commons-2.0.9.RELEASE.jar;C:\Users\gmihindou\.m2\repository\org\springframework\spring-orm\5.0.8.RELEASE\spring-orm-5.0.8.RELEASE.jar;C:\Users\gmihindou\.m2\repository\org\springframework\spring-tx\5.0.8.RELEASE\spring-tx-5.0.8.RELEASE.jar;C:\Users\gmihindou\.m2\repository\org\springframework\spring-aspects\5.0.8.RELEASE\spring-aspects-5.0.8.RELEASE.jar;C:\Users\gmihindou\.m2\repository\mysql\mysql-connector-java\5.1.46\mysql-connector-java-5.1.46.jar;C:\Users\gmihindou\Desktop\NGONDI\ngondi\ngondi-domain\target\ngondi-domain-0.4-SNAPSHOT.jar;, java.specification.name=Java Platform API Specification, java.class.version=52.0, sun.management.compiler=HotSpot 64-Bit Tiered Compilers, os.version=10.0, user.home=C:\Users\gmihindou, user.timezone=Europe/Paris, java.awt.printerjob=sun.awt.windows.WPrinterJob, file.encoding=Cp1252, java.specification.version=1.8, java.class.path=C:\Users\gmihindou\Desktop\NGONDI\ngondi\ngondi-infrastructure\target\test-classes;C:\Users\gmihindou\Desktop\NGONDI\ngondi\ngondi-infrastructure\target\classes;C:\Users\gmihindou\.m2\repository\org\springframework\boot\spring-boot-starter-web\2.0.4.RELEASE\spring-boot-starter-web-2.0.4.RELEASE.jar;C:\Users\gmihindou\.m2\repository\org\springframework\boot\spring-boot-starter\2.0.4.RELEASE\spring-boot-starter-2.0.4.RELEASE.jar;C:\Users\gmihindou\.m2\repository\org\springframework\boot\spring-boot-starter-logging\2.0.4.RELEASE\spring-boot-starter-logging-2.0.4.RELEASE.jar;C:\Users\gmihindou\.m2\repository\ch\qos\logback\logback-classic\1.2.3\logback-classic-1.2.3.jar;C:\Users\gmihindou\.m2\repository\ch\qos\logback\logback-core\1.2.3\logback-core-1.2.3.jar;C:\Users\gmihindou\.m2\repository\org\apache\logging\log4j\log4j-to-slf4j\2.10.0\log4j-to-slf4j-2.10.0.jar;C:\Users\gmihindou\.m2\repository\org\apache\logging\log4j\log4j-api\2.10.0\log4j-api-2.10.0.jar;C:\Users\gmihindou\.m2\repository\org\slf4j\jul-to-slf4j\1.7.25\jul-to-slf4j-1.7.25.jar;C:\Users\gmihindou\.m2\repository\javax\annotation\javax.annotation-api\1.3.2\javax.annotation-api-1.3.2.jar;C:\Users\gmihindou\.m2\repository\org\yaml\snakeyaml\1.19\snakeyaml-1.19.jar;C:\Users\gmihindou\.m2\repository\org\springframework\boot\spring-boot-starter-json\2.0.4.RELEASE\spring-boot-starter-json-2.0.4.RELEASE.jar;C:\Users\gmihindou\.m2\repository\com\fasterxml\jackson\core\jackson-databind\2.9.6\jackson-databind-2.9.6.jar;C:\Users\gmihindou\.m2\repository\com\fasterxml\jackson\core\jackson-annotations\2.9.0\jackson-annotations-2.9.0.jar;C:\Users\gmihindou\.m2\repository\com\fasterxml\jackson\core\jackson-core\2.9.6\jackson-core-2.9.6.jar;C:\Users\gmihindou\.m2\repository\com\fasterxml\jackson\datatype\jackson-datatype-jdk8\2.9.6\jackson-datatype-jdk8-2.9.6.jar;C:\Users\gmihindou\.m2\repository\com\fasterxml\jackson\datatype\jackson-datatype-jsr310\2.9.6\jackson-datatype-jsr310-2.9.6.jar;C:\Users\gmihindou\.m2\repository\com\fasterxml\jackson\module\jackson-module-parameter-names\2.9.6\jackson-module-parameter-names-2.9.6.jar;C:\Users\gmihindou\.m2\repository\org\springframework\boot\spring-boot-starter-tomcat\2.0.4.RELEASE\spring-boot-starter-tomcat-2.0.4.RELEASE.jar;C:\Users\gmihindou\.m2\repository\org\apache\tomcat\embed\tomcat-embed-core\8.5.32\tomcat-embed-core-8.5.32.jar;C:\Users\gmihindou\.m2\repository\org\apache\tomcat\embed\tomcat-embed-el\8.5.32\tomcat-embed-el-8.5.32.jar;C:\Users\gmihindou\.m2\repository\org\apache\tomcat\embed\tomcat-embed-websocket\8.5.32\tomcat-embed-websocket-8.5.32.jar;C:\Users\gmihindou\.m2\repository\org\hibernate\validator\hibernate-validator\6.0.11.Final\hibernate-validator-6.0.11.Final.jar;C:\Users\gmihindou\.m2\repository\javax\validation\validation-api\2.0.1.Final\validation-api-2.0.1.Final.jar;C:\Users\gmihindou\.m2\repository\org\jboss\logging\jboss-logging\3.3.2.Final\jboss-logging-3.3.2.Final.jar;C:\Users\gmihindou\.m2\repository\com\fasterxml\classmate\1.3.4\classmate-1.3.4.jar;C:\Users\gmihindou\.m2\repository\org\springframework\spring-web\5.0.8.RELEASE\spring-web-5.0.8.RELEASE.jar;C:\Users\gmihindou\.m2\repository\org\springframework\spring-beans\5.0.8.RELEASE\spring-beans-5.0.8.RELEASE.jar;C:\Users\gmihindou\.m2\repository\org\springframework\spring-webmvc\5.0.8.RELEASE\spring-webmvc-5.0.8.RELEASE.jar;C:\Users\gmihindou\.m2\repository\org\springframework\spring-aop\5.0.8.RELEASE\spring-aop-5.0.8.RELEASE.jar;C:\Users\gmihindou\.m2\repository\org\springframework\spring-context\5.0.8.RELEASE\spring-context-5.0.8.RELEASE.jar;C:\Users\gmihindou\.m2\repository\org\springframework\spring-expression\5.0.8.RELEASE\spring-expression-5.0.8.RELEASE.jar;C:\Users\gmihindou\.m2\repository\org\springframework\boot\spring-boot-devtools\2.0.4.RELEASE\spring-boot-devtools-2.0.4.RELEASE.jar;C:\Users\gmihindou\.m2\repository\org\springframework\boot\spring-boot\2.0.4.RELEASE\spring-boot-2.0.4.RELEASE.jar;C:\Users\gmihindou\.m2\repository\org\springframework\boot\spring-boot-autoconfigure\2.0.4.RELEASE\spring-boot-autoconfigure-2.0.4.RELEASE.jar;C:\Users\gmihindou\.m2\repository\org\springframework\boot\spring-boot-starter-test\2.0.4.RELEASE\spring-boot-starter-test-2.0.4.RELEASE.jar;C:\Users\gmihindou\.m2\repository\org\springframework\boot\spring-boot-test\2.0.4.RELEASE\spring-boot-test-2.0.4.RELEASE.jar;C:\Users\gmihindou\.m2\repository\org\springframework\boot\spring-boot-test-autoconfigure\2.0.4.RELEASE\spring-boot-test-autoconfigure-2.0.4.RELEASE.jar;C:\Users\gmihindou\.m2\repository\com\jayway\jsonpath\json-path\2.4.0\json-path-2.4.0.jar;C:\Users\gmihindou\.m2\repository\net\minidev\json-smart\2.3\json-smart-2.3.jar;C:\Users\gmihindou\.m2\repository\net\minidev\accessors-smart\1.2\accessors-smart-1.2.jar;C:\Users\gmihindou\.m2\repository\org\ow2\asm\asm\5.0.4\asm-5.0.4.jar;C:\Users\gmihindou\.m2\repository\org\slf4j\slf4j-api\1.7.25\slf4j-api-1.7.25.jar;C:\Users\gmihindou\.m2\repository\junit\junit\4.12\junit-4.12.jar;C:\Users\gmihindou\.m2\repository\org\assertj\assertj-core\3.9.1\assertj-core-3.9.1.jar;C:\Users\gmihindou\.m2\repository\org\mockito\mockito-core\2.15.0\mockito-core-2.15.0.jar;C:\Users\gmihindou\.m2\repository\net\bytebuddy\byte-buddy\1.7.11\byte-buddy-1.7.11.jar;C:\Users\gmihindou\.m2\repository\net\bytebuddy\byte-buddy-agent\1.7.11\byte-buddy-agent-1.7.11.jar;C:\Users\gmihindou\.m2\repository\org\objenesis\objenesis\2.6\objenesis-2.6.jar;C:\Users\gmihindou\.m2\repository\org\hamcrest\hamcrest-core\1.3\hamcrest-core-1.3.jar;C:\Users\gmihindou\.m2\repository\org\hamcrest\hamcrest-library\1.3\hamcrest-library-1.3.jar;C:\Users\gmihindou\.m2\repository\org\skyscreamer\jsonassert\1.5.0\jsonassert-1.5.0.jar;C:\Users\gmihindou\.m2\repository\com\vaadin\external\google\android-json\0.0.20131108.vaadin1\android-json-0.0.20131108.vaadin1.jar;C:\Users\gmihindou\.m2\repository\org\springframework\spring-core\5.0.8.RELEASE\spring-core-5.0.8.RELEASE.jar;C:\Users\gmihindou\.m2\repository\org\springframework\spring-jcl\5.0.8.RELEASE\spring-jcl-5.0.8.RELEASE.jar;C:\Users\gmihindou\.m2\repository\org\springframework\spring-test\5.0.8.RELEASE\spring-test-5.0.8.RELEASE.jar;C:\Users\gmihindou\.m2\repository\org\xmlunit\xmlunit-core\2.5.1\xmlunit-core-2.5.1.jar;C:\Users\gmihindou\.m2\repository\org\springframework\boot\spring-boot-starter-data-jpa\2.0.4.RELEASE\spring-boot-starter-data-jpa-2.0.4.RELEASE.jar;C:\Users\gmihindou\.m2\repository\org\springframework\boot\spring-boot-starter-aop\2.0.4.RELEASE\spring-boot-starter-aop-2.0.4.RELEASE.jar;C:\Users\gmihindou\.m2\repository\org\aspectj\aspectjweaver\1.8.13\aspectjweaver-1.8.13.jar;C:\Users\gmihindou\.m2\repository\org\springframework\boot\spring-boot-starter-jdbc\2.0.4.RELEASE\spring-boot-starter-jdbc-2.0.4.RELEASE.jar;C:\Users\gmihindou\.m2\repository\com\zaxxer\HikariCP\2.7.9\HikariCP-2.7.9.jar;C:\Users\gmihindou\.m2\repository\org\springframework\spring-jdbc\5.0.8.RELEASE\spring-jdbc-5.0.8.RELEASE.jar;C:\Users\gmihindou\.m2\repository\org\hibernate\hibernate-core\5.2.17.Final\hibernate-core-5.2.17.Final.jar;C:\Users\gmihindou\.m2\repository\org\hibernate\javax\persistence\hibernate-jpa-2.1-api\1.0.2.Final\hibernate-jpa-2.1-api-1.0.2.Final.jar;C:\Users\gmihindou\.m2\repository\org\javassist\javassist\3.22.0-GA\javassist-3.22.0-GA.jar;C:\Users\gmihindou\.m2\repository\antlr\antlr\2.7.7\antlr-2.7.7.jar;C:\Users\gmihindou\.m2\repository\org\jboss\jandex\2.0.3.Final\jandex-2.0.3.Final.jar;C:\Users\gmihindou\.m2\repository\dom4j\dom4j\1.6.1\dom4j-1.6.1.jar;C:\Users\gmihindou\.m2\repository\org\hibernate\common\hibernate-commons-annotations\5.0.1.Final\hibernate-commons-annotations-5.0.1.Final.jar;C:\Users\gmihindou\.m2\repository\javax\transaction\javax.transaction-api\1.2\javax.transaction-api-1.2.jar;C:\Users\gmihindou\.m2\repository\org\springframework\data\spring-data-jpa\2.0.9.RELEASE\spring-data-jpa-2.0.9.RELEASE.jar;C:\Users\gmihindou\.m2\repository\org\springframework\data\spring-data-commons\2.0.9.RELEASE\spring-data-commons-2.0.9.RELEASE.jar;C:\Users\gmihindou\.m2\repository\org\springframework\spring-orm\5.0.8.RELEASE\spring-orm-5.0.8.RELEASE.jar;C:\Users\gmihindou\.m2\repository\org\springframework\spring-tx\5.0.8.RELEASE\spring-tx-5.0.8.RELEASE.jar;C:\Users\gmihindou\.m2\repository\org\springframework\spring-aspects\5.0.8.RELEASE\spring-aspects-5.0.8.RELEASE.jar;C:\Users\gmihindou\.m2\repository\mysql\mysql-connector-java\5.1.46\mysql-connector-java-5.1.46.jar;C:\Users\gmihindou\Desktop\NGONDI\ngondi\ngondi-domain\target\ngondi-domain-0.4-SNAPSHOT.jar;, user.name=gmihindou, java.vm.specification.version=1.8, sun.java.command=C:\Users\GMIHIN~1\AppData\Local\Temp\surefire3983876529997774579\surefirebooter7677067244655180553.jar C:\Users\gmihindou\AppData\Local\Temp\surefire3983876529997774579 2019-09-16T01-26-34_030-jvmRun1 surefire3396645508792052299tmp surefire_06323548799839411616tmp, java.home=C:\Program Files\Java\jdk1.8.0_181\jre, sun.arch.data.model=64, user.language=fr, java.specification.vendor=Oracle Corporation, awt.toolkit=sun.awt.windows.WToolkit, java.vm.info=mixed mode, java.version=1.8.0_181, java.ext.dirs=C:\Program Files\Java\jdk1.8.0_181\jre\lib\ext;C:\WINDOWS\Sun\Java\lib\ext, sun.boot.class.path=C:\Program Files\Java\jdk1.8.0_181\jre\lib\resources.jar;C:\Program Files\Java\jdk1.8.0_181\jre\lib\rt.jar;C:\Program Files\Java\jdk1.8.0_181\jre\lib\sunrsasign.jar;C:\Program Files\Java\jdk1.8.0_181\jre\lib\jsse.jar;C:\Program Files\Java\jdk1.8.0_181\jre\lib\jce.jar;C:\Program Files\Java\jdk1.8.0_181\jre\lib\charsets.jar;C:\Program Files\Java\jdk1.8.0_181\jre\lib\jfr.jar;C:\Program Files\Java\jdk1.8.0_181\jre\classes, java.vendor=Oracle Corporation, com.zaxxer.hikari.pool_number=1, localRepository=C:\Users\gmihindou\.m2\repository, file.separator=\, java.vendor.url.bug=http://bugreport.sun.com/bugreport/, sun.io.unicode.encoding=UnicodeLittle, sun.cpu.endian=little, sun.desktop=windows, sun.cpu.isalist=amd64}}, SystemEnvironmentPropertySource@1851741304 {name='systemEnvironment', properties={PATH=C:/Program Files/Java/jre1.8.0_181/bin/server;C:/Program Files/Java/jre1.8.0_181/bin;C:/Program Files/Java/jre1.8.0_181/lib/amd64;C:\Program Files (x86)\Common Files\Oracle\Java\javapath;C:\ProgramData\Oracle\Java\javapath;C:\WINDOWS\system32;C:\WINDOWS;C:\WINDOWS\System32\Wbem;C:\WINDOWS\System32\WindowsPowerShell\v1.0\;C:\WINDOWS\System32\OpenSSH\;C:\Program Files\nodejs\;C:\Program Files\Git\cmd;C:\Program Files\Java\jdk1.8.0_181\bin;C:\Program Files\apache-maven-3.5.4\bin;C:\Program Files (x86)\Intel\Intel(R) Management Engine Components\DAL;C:\Program Files\Intel\Intel(R) Management Engine Components\DAL;;C:\adb;C:\WINDOWS\system32;C:\WINDOWS;C:\WINDOWS\System32\Wbem;C:\WINDOWS\System32\WindowsPowerShell\v1.0\;C:\WINDOWS\System32\OpenSSH\;C:\Program Files\Intel\WiFi\bin\;C:\Program Files\Common Files\Intel\WirelessCommon\;C:\Program Files\Intel\WiFi\bin\;C:\Program Files\Common Files\Intel\WirelessCommon\;C:\Users\gmihindou\AppData\Local\Microsoft\WindowsApps;C:\Users\gmihindou\AppData\Local\GitHubDesktop\bin;C:\Users\gmihindou\Downloads\sts-bundle\sts-3.9.5.RELEASE;, USERDOMAIN_ROAMINGPROFILE=DEVOTEAM, PROCESSOR_LEVEL=6, SYSTEMDRIVE=C:, SESSIONNAME=Console, ALLUSERSPROFILE=C:\ProgramData, PROCESSOR_ARCHITECTURE=AMD64, DRIVERDATA=C:\Windows\System32\Drivers\DriverData, MAVEN_HOME=C:\Program Files\apache-maven-3.5.4, PROGRAMFILES=C:\Program Files, PSMODULEPATH=C:\Program Files\WindowsPowerShell\Modules;C:\WINDOWS\system32\WindowsPowerShell\v1.0\Modules, PROGRAMDATA=C:\ProgramData, USERNAME=gmihindou, USERDNSDOMAIN=FR.DEVOTEAM.COM, FPS_BROWSER_USER_PROFILE_STRING=Default, ONEDRIVE=C:\Users\gmihindou\OneDrive, PATHEXT=.COM;.EXE;.BAT;.CMD;.VBS;.VBE;.JS;.JSE;.WSF;.WSH;.MSC, ONEDRIVECONSUMER=C:\Users\gmihindou\OneDrive, DEVOTEAMPLATFORMLOCATION=FRGEN, WINDIR=C:\WINDOWS, HOMEPATH=\Users\gmihindou, PROCESSOR_IDENTIFIER=Intel64 Family 6 Model 142 Stepping 9, GenuineIntel, M2_HOME=C:\Program Files\apache-maven-3.5.4, PUBLIC=C:\Users\Public, =::=::\, LOCALAPPDATA=C:\Users\gmihindou\AppData\Local, COMMONPROGRAMFILES(X86)=C:\Program Files (x86)\Common Files, USERDOMAIN=DEVOTEAM, FPS_BROWSER_APP_PROFILE_STRING=Internet Explorer, LOGONSERVER=\\SVLVPADFR01, JAVA_HOME=C:\Program Files\Java\jdk1.8.0_181, PROMPT=$P$G, PROGRAMFILES(X86)=C:\Program Files (x86), =C:=C:\Users\gmihindou\Desktop\NGONDI\ngondi\ngondi-infrastructure, APPDATA=C:\Users\gmihindou\AppData\Roaming, PROGRAMW6432=C:\Program Files, SYSTEMROOT=C:\WINDOWS, DEVOTEAMPLATFORMBASE=W10Px64, OS=Windows_NT, COMMONPROGRAMW6432=C:\Program Files\Common Files, COMPUTERNAME=FRL0553, COMMONPROGRAMFILES=C:\Program Files\Common Files, COMSPEC=C:\WINDOWS\system32\cmd.exe, PROCESSOR_REVISION=8e09, TEMP=C:\Users\GMIHIN~1\AppData\Local\Temp, HOMEDRIVE=C:, USERPROFILE=C:\Users\gmihindou, DEVOTEAMPLATFORMVERSION=2018Q1, TMP=C:\Users\GMIHIN~1\AppData\Local\Temp, NUMBER_OF_PROCESSORS=4}}]
01:26:48.523 [main] DEBUG org.springframework.core.io.support.PathMatchingResourcePatternResolver - Resolved classpath location [ngondi/ged/ga/infrastructure/] to resources [URL [file:/C:/Users/gmihindou/Desktop/NGONDI/ngondi/ngondi-infrastructure/target/test-classes/ngondi/ged/ga/infrastructure/], URL [file:/C:/Users/gmihindou/Desktop/NGONDI/ngondi/ngondi-infrastructure/target/classes/ngondi/ged/ga/infrastructure/]]
01:26:48.523 [main] DEBUG org.springframework.core.io.support.PathMatchingResourcePatternResolver - Looking for matching resources in directory tree [C:\Users\gmihindou\Desktop\NGONDI\ngondi\ngondi-infrastructure\target\test-classes\ngondi\ged\ga\infrastructure]
01:26:48.523 [main] DEBUG org.springframework.core.io.support.PathMatchingResourcePatternResolver - Searching directory [C:\Users\gmihindou\Desktop\NGONDI\ngondi\ngondi-infrastructure\target\test-classes\ngondi\ged\ga\infrastructure] for files matching pattern [C:/Users/gmihindou/Desktop/NGONDI/ngondi/ngondi-infrastructure/target/test-classes/ngondi/ged/ga/infrastructure/**/*.class]
01:26:48.523 [main] DEBUG org.springframework.core.io.support.PathMatchingResourcePatternResolver - Searching directory [C:\Users\gmihindou\Desktop\NGONDI\ngondi\ngondi-infrastructure\target\test-classes\ngondi\ged\ga\infrastructure\service] for files matching pattern [C:/Users/gmihindou/Desktop/NGONDI/ngondi/ngondi-infrastructure/target/test-classes/ngondi/ged/ga/infrastructure/**/*.class]
01:26:48.523 [main] DEBUG org.springframework.core.io.support.PathMatchingResourcePatternResolver - Searching directory [C:\Users\gmihindou\Desktop\NGONDI\ngondi\ngondi-infrastructure\target\test-classes\ngondi\ged\ga\infrastructure\service\test] for files matching pattern [C:/Users/gmihindou/Desktop/NGONDI/ngondi/ngondi-infrastructure/target/test-classes/ngondi/ged/ga/infrastructure/**/*.class]
01:26:48.524 [main] DEBUG org.springframework.core.io.support.PathMatchingResourcePatternResolver - Searching directory [C:\Users\gmihindou\Desktop\NGONDI\ngondi\ngondi-infrastructure\target\test-classes\ngondi\ged\ga\infrastructure\test] for files matching pattern [C:/Users/gmihindou/Desktop/NGONDI/ngondi/ngondi-infrastructure/target/test-classes/ngondi/ged/ga/infrastructure/**/*.class]
01:26:48.524 [main] DEBUG org.springframework.core.io.support.PathMatchingResourcePatternResolver - Looking for matching resources in directory tree [C:\Users\gmihindou\Desktop\NGONDI\ngondi\ngondi-infrastructure\target\classes\ngondi\ged\ga\infrastructure]
01:26:48.525 [main] DEBUG org.springframework.core.io.support.PathMatchingResourcePatternResolver - Searching directory [C:\Users\gmihindou\Desktop\NGONDI\ngondi\ngondi-infrastructure\target\classes\ngondi\ged\ga\infrastructure] for files matching pattern [C:/Users/gmihindou/Desktop/NGONDI/ngondi/ngondi-infrastructure/target/classes/ngondi/ged/ga/infrastructure/**/*.class]
01:26:48.525 [main] DEBUG org.springframework.core.io.support.PathMatchingResourcePatternResolver - Searching directory [C:\Users\gmihindou\Desktop\NGONDI\ngondi\ngondi-infrastructure\target\classes\ngondi\ged\ga\infrastructure\model] for files matching pattern [C:/Users/gmihindou/Desktop/NGONDI/ngondi/ngondi-infrastructure/target/classes/ngondi/ged/ga/infrastructure/**/*.class]
01:26:48.526 [main] DEBUG org.springframework.core.io.support.PathMatchingResourcePatternResolver - Searching directory [C:\Users\gmihindou\Desktop\NGONDI\ngondi\ngondi-infrastructure\target\classes\ngondi\ged\ga\infrastructure\service] for files matching pattern [C:/Users/gmihindou/Desktop/NGONDI/ngondi/ngondi-infrastructure/target/classes/ngondi/ged/ga/infrastructure/**/*.class]
01:26:48.527 [main] DEBUG org.springframework.core.io.support.PathMatchingResourcePatternResolver - Resolved location pattern [classpath*:ngondi/ged/ga/infrastructure/**/*.class] to resources [file [C:\Users\gmihindou\Desktop\NGONDI\ngondi\ngondi-infrastructure\target\test-classes\ngondi\ged\ga\infrastructure\service\test\ArchivageImplTest$conf.class], file [C:\Users\gmihindou\Desktop\NGONDI\ngondi\ngondi-infrastructure\target\test-classes\ngondi\ged\ga\infrastructure\service\test\ArchivageImplTest.class], file [C:\Users\gmihindou\Desktop\NGONDI\ngondi\ngondi-infrastructure\target\test-classes\ngondi\ged\ga\infrastructure\service\test\FournisseurImplTest$conf.class], file [C:\Users\gmihindou\Desktop\NGONDI\ngondi\ngondi-infrastructure\target\test-classes\ngondi\ged\ga\infrastructure\service\test\FournisseurImplTest.class], file [C:\Users\gmihindou\Desktop\NGONDI\ngondi\ngondi-infrastructure\target\test-classes\ngondi\ged\ga\infrastructure\test\NgondiInfrastructureApplicationTests.class], file [C:\Users\gmihindou\Desktop\NGONDI\ngondi\ngondi-infrastructure\target\classes\ngondi\ged\ga\infrastructure\model\DocumentEntity.class], file [C:\Users\gmihindou\Desktop\NGONDI\ngondi\ngondi-infrastructure\target\classes\ngondi\ged\ga\infrastructure\model\FournisseurEntity.class], file [C:\Users\gmihindou\Desktop\NGONDI\ngondi\ngondi-infrastructure\target\classes\ngondi\ged\ga\infrastructure\model\StatistiqueFournisseurEntity.class], file [C:\Users\gmihindou\Desktop\NGONDI\ngondi\ngondi-infrastructure\target\classes\ngondi\ged\ga\infrastructure\NgondiInfrastructureApplication.class], file [C:\Users\gmihindou\Desktop\NGONDI\ngondi\ngondi-infrastructure\target\classes\ngondi\ged\ga\infrastructure\PersistenceConfiguration.class], file [C:\Users\gmihindou\Desktop\NGONDI\ngondi\ngondi-infrastructure\target\classes\ngondi\ged\ga\infrastructure\service\ArchivageImpl.class], file [C:\Users\gmihindou\Desktop\NGONDI\ngondi\ngondi-infrastructure\target\classes\ngondi\ged\ga\infrastructure\service\Conf.class], file [C:\Users\gmihindou\Desktop\NGONDI\ngondi\ngondi-infrastructure\target\classes\ngondi\ged\ga\infrastructure\service\FournisseurImpl.class], file [C:\Users\gmihindou\Desktop\NGONDI\ngondi\ngondi-infrastructure\target\classes\ngondi\ged\ga\infrastructure\service\IArchivageDao.class], file [C:\Users\gmihindou\Desktop\NGONDI\ngondi\ngondi-infrastructure\target\classes\ngondi\ged\ga\infrastructure\service\IFournisseurDao.class]]
01:26:48.529 [main] DEBUG org.springframework.data.repository.config.RepositoryComponentProvider - Identified candidate component class: file [C:\Users\gmihindou\Desktop\NGONDI\ngondi\ngondi-infrastructure\target\classes\ngondi\ged\ga\infrastructure\service\IArchivageDao.class]
01:26:48.530 [main] DEBUG org.springframework.data.repository.config.RepositoryComponentProvider - Identified candidate component class: file [C:\Users\gmihindou\Desktop\NGONDI\ngondi\ngondi-infrastructure\target\classes\ngondi\ged\ga\infrastructure\service\IFournisseurDao.class]
01:26:48.533 [main] DEBUG org.springframework.core.io.support.PathMatchingResourcePatternResolver - Resolved classpath location [ngondi/ged/ga/infrastructure/service/] to resources [URL [file:/C:/Users/gmihindou/Desktop/NGONDI/ngondi/ngondi-infrastructure/target/test-classes/ngondi/ged/ga/infrastructure/service/], URL [file:/C:/Users/gmihindou/Desktop/NGONDI/ngondi/ngondi-infrastructure/target/classes/ngondi/ged/ga/infrastructure/service/]]
01:26:48.533 [main] DEBUG org.springframework.core.io.support.PathMatchingResourcePatternResolver - Looking for matching resources in directory tree [C:\Users\gmihindou\Desktop\NGONDI\ngondi\ngondi-infrastructure\target\test-classes\ngondi\ged\ga\infrastructure\service]
01:26:48.534 [main] DEBUG org.springframework.core.io.support.PathMatchingResourcePatternResolver - Searching directory [C:\Users\gmihindou\Desktop\NGONDI\ngondi\ngondi-infrastructure\target\test-classes\ngondi\ged\ga\infrastructure\service] for files matching pattern [C:/Users/gmihindou/Desktop/NGONDI/ngondi/ngondi-infrastructure/target/test-classes/ngondi/ged/ga/infrastructure/service/**/*IArchivageDaoImpl.class]
01:26:48.534 [main] DEBUG org.springframework.core.io.support.PathMatchingResourcePatternResolver - Searching directory [C:\Users\gmihindou\Desktop\NGONDI\ngondi\ngondi-infrastructure\target\test-classes\ngondi\ged\ga\infrastructure\service\test] for files matching pattern [C:/Users/gmihindou/Desktop/NGONDI/ngondi/ngondi-infrastructure/target/test-classes/ngondi/ged/ga/infrastructure/service/**/*IArchivageDaoImpl.class]
01:26:48.535 [main] DEBUG org.springframework.core.io.support.PathMatchingResourcePatternResolver - Looking for matching resources in directory tree [C:\Users\gmihindou\Desktop\NGONDI\ngondi\ngondi-infrastructure\target\classes\ngondi\ged\ga\infrastructure\service]
01:26:48.535 [main] DEBUG org.springframework.core.io.support.PathMatchingResourcePatternResolver - Searching directory [C:\Users\gmihindou\Desktop\NGONDI\ngondi\ngondi-infrastructure\target\classes\ngondi\ged\ga\infrastructure\service] for files matching pattern [C:/Users/gmihindou/Desktop/NGONDI/ngondi/ngondi-infrastructure/target/classes/ngondi/ged/ga/infrastructure/service/**/*IArchivageDaoImpl.class]
01:26:48.535 [main] DEBUG org.springframework.core.io.support.PathMatchingResourcePatternResolver - Resolved location pattern [classpath*:ngondi/ged/ga/infrastructure/service/**/*IArchivageDaoImpl.class] to resources []
01:26:48.537 [main] DEBUG org.springframework.data.repository.config.RepositoryConfigurationDelegate - Spring Data JPA - Registering repository: IArchivageDao - Interface: ngondi.ged.ga.infrastructure.service.IArchivageDao - Factory: org.springframework.data.jpa.repository.support.JpaRepositoryFactoryBean
01:26:48.538 [main] DEBUG org.springframework.core.io.support.PathMatchingResourcePatternResolver - Resolved classpath location [ngondi/ged/ga/infrastructure/service/] to resources [URL [file:/C:/Users/gmihindou/Desktop/NGONDI/ngondi/ngondi-infrastructure/target/test-classes/ngondi/ged/ga/infrastructure/service/], URL [file:/C:/Users/gmihindou/Desktop/NGONDI/ngondi/ngondi-infrastructure/target/classes/ngondi/ged/ga/infrastructure/service/]]
01:26:48.538 [main] DEBUG org.springframework.core.io.support.PathMatchingResourcePatternResolver - Looking for matching resources in directory tree [C:\Users\gmihindou\Desktop\NGONDI\ngondi\ngondi-infrastructure\target\test-classes\ngondi\ged\ga\infrastructure\service]
01:26:48.539 [main] DEBUG org.springframework.core.io.support.PathMatchingResourcePatternResolver - Searching directory [C:\Users\gmihindou\Desktop\NGONDI\ngondi\ngondi-infrastructure\target\test-classes\ngondi\ged\ga\infrastructure\service] for files matching pattern [C:/Users/gmihindou/Desktop/NGONDI/ngondi/ngondi-infrastructure/target/test-classes/ngondi/ged/ga/infrastructure/service/**/*IFournisseurDaoImpl.class]
01:26:48.539 [main] DEBUG org.springframework.core.io.support.PathMatchingResourcePatternResolver - Searching directory [C:\Users\gmihindou\Desktop\NGONDI\ngondi\ngondi-infrastructure\target\test-classes\ngondi\ged\ga\infrastructure\service\test] for files matching pattern [C:/Users/gmihindou/Desktop/NGONDI/ngondi/ngondi-infrastructure/target/test-classes/ngondi/ged/ga/infrastructure/service/**/*IFournisseurDaoImpl.class]
01:26:48.539 [main] DEBUG org.springframework.core.io.support.PathMatchingResourcePatternResolver - Looking for matching resources in directory tree [C:\Users\gmihindou\Desktop\NGONDI\ngondi\ngondi-infrastructure\target\classes\ngondi\ged\ga\infrastructure\service]
01:26:48.539 [main] DEBUG org.springframework.core.io.support.PathMatchingResourcePatternResolver - Searching directory [C:\Users\gmihindou\Desktop\NGONDI\ngondi\ngondi-infrastructure\target\classes\ngondi\ged\ga\infrastructure\service] for files matching pattern [C:/Users/gmihindou/Desktop/NGONDI/ngondi/ngondi-infrastructure/target/classes/ngondi/ged/ga/infrastructure/service/**/*IFournisseurDaoImpl.class]
01:26:48.540 [main] DEBUG org.springframework.core.io.support.PathMatchingResourcePatternResolver - Resolved location pattern [classpath*:ngondi/ged/ga/infrastructure/service/**/*IFournisseurDaoImpl.class] to resources []
01:26:48.542 [main] DEBUG org.springframework.data.repository.config.RepositoryConfigurationDelegate - Spring Data JPA - Registering repository: IFournisseurDao - Interface: ngondi.ged.ga.infrastructure.service.IFournisseurDao - Factory: org.springframework.data.jpa.repository.support.JpaRepositoryFactoryBean
01:26:48.542 [main] DEBUG org.springframework.context.annotation.ConfigurationClassBeanDefinitionReader - Registered bean definition for imported class 'org.springframework.boot.autoconfigure.context.PropertyPlaceholderAutoConfiguration'
01:26:48.542 [main] DEBUG org.springframework.beans.factory.support.DefaultListableBeanFactory - Creating shared instance of singleton bean 'org.springframework.boot.autoconfigure.condition.BeanTypeRegistry'
01:26:48.542 [main] DEBUG org.springframework.beans.factory.support.DefaultListableBeanFactory - Creating instance of bean 'org.springframework.boot.autoconfigure.condition.BeanTypeRegistry'
01:26:48.543 [main] DEBUG org.springframework.beans.factory.support.DefaultListableBeanFactory - Eagerly caching bean 'org.springframework.boot.autoconfigure.condition.BeanTypeRegistry' to allow for resolving potential circular references
01:26:48.543 [main] DEBUG org.springframework.beans.factory.support.DefaultListableBeanFactory - Finished creating instance of bean 'org.springframework.boot.autoconfigure.condition.BeanTypeRegistry'
01:26:48.544 [main] DEBUG org.springframework.beans.factory.support.DefaultListableBeanFactory - Returning cached instance of singleton bean 'autoConfigurationReport'
01:26:48.544 [main] DEBUG org.springframework.context.annotation.ConfigurationClassBeanDefinitionReader - Registering bean definition for @Bean method org.springframework.boot.autoconfigure.context.PropertyPlaceholderAutoConfiguration.propertySourcesPlaceholderConfigurer()
01:26:48.544 [main] DEBUG org.springframework.beans.factory.support.DefaultListableBeanFactory - Returning cached instance of singleton bean 'autoConfigurationReport'
01:26:48.545 [main] DEBUG org.springframework.beans.factory.support.DefaultListableBeanFactory - Returning cached instance of singleton bean 'autoConfigurationReport'
01:26:48.545 [main] DEBUG org.springframework.context.annotation.ConfigurationClassBeanDefinitionReader - Registered bean definition for imported class 'org.springframework.boot.autoconfigure.validation.ValidationAutoConfiguration'
01:26:48.545 [main] DEBUG org.springframework.beans.factory.support.DefaultListableBeanFactory - Returning cached instance of singleton bean 'org.springframework.boot.autoconfigure.condition.BeanTypeRegistry'
01:26:48.545 [main] DEBUG org.springframework.beans.factory.support.DefaultListableBeanFactory - Returning cached instance of singleton bean 'autoConfigurationReport'
01:26:48.545 [main] DEBUG org.springframework.context.annotation.ConfigurationClassBeanDefinitionReader - Registering bean definition for @Bean method org.springframework.boot.autoconfigure.validation.ValidationAutoConfiguration.defaultValidator()
01:26:48.546 [main] DEBUG org.springframework.beans.factory.support.DefaultListableBeanFactory - Returning cached instance of singleton bean 'org.springframework.boot.autoconfigure.condition.BeanTypeRegistry'
01:26:48.547 [main] DEBUG org.springframework.beans.factory.support.DefaultListableBeanFactory - Returning cached instance of singleton bean 'autoConfigurationReport'
01:26:48.547 [main] DEBUG org.springframework.context.annotation.ConfigurationClassBeanDefinitionReader - Registering bean definition for @Bean method org.springframework.boot.autoconfigure.validation.ValidationAutoConfiguration.methodValidationPostProcessor()
01:26:48.548 [main] DEBUG org.springframework.beans.factory.support.DefaultListableBeanFactory - Returning cached instance of singleton bean 'autoConfigurationReport'
01:26:48.548 [main] DEBUG org.springframework.beans.factory.support.DefaultListableBeanFactory - Returning cached instance of singleton bean 'autoConfigurationReport'
01:26:48.548 [main] DEBUG org.springframework.beans.factory.support.DefaultListableBeanFactory - Returning cached instance of singleton bean 'autoConfigurationReport'
01:26:48.548 [main] DEBUG org.springframework.context.annotation.ConfigurationClassBeanDefinitionReader - Registered bean definition for imported class 'org.springframework.boot.autoconfigure.aop.AopAutoConfiguration$CglibAutoProxyConfiguration'
01:26:48.548 [main] DEBUG org.springframework.context.annotation.ConfigurationClassBeanDefinitionReader - Registered bean definition for imported class 'org.springframework.boot.autoconfigure.aop.AopAutoConfiguration'
01:26:48.548 [main] DEBUG org.springframework.beans.factory.support.DefaultListableBeanFactory - Returning cached instance of singleton bean 'autoConfigurationReport'
01:26:48.549 [main] DEBUG org.springframework.beans.factory.support.DefaultListableBeanFactory - Returning cached instance of singleton bean 'org.springframework.boot.autoconfigure.condition.BeanTypeRegistry'
01:26:48.549 [main] DEBUG org.springframework.beans.factory.support.DefaultListableBeanFactory - Returning cached instance of singleton bean 'autoConfigurationReport'
01:26:48.549 [main] DEBUG org.springframework.context.annotation.ConfigurationClassBeanDefinitionReader - Registered bean definition for imported class 'org.springframework.boot.autoconfigure.context.ConfigurationPropertiesAutoConfiguration'
01:26:48.549 [main] DEBUG org.springframework.beans.factory.support.DefaultListableBeanFactory - Returning cached instance of singleton bean 'autoConfigurationReport'
01:26:48.549 [main] DEBUG org.springframework.context.annotation.ConfigurationClassBeanDefinitionReader - Registered bean definition for imported class 'org.springframework.boot.autoconfigure.dao.PersistenceExceptionTranslationAutoConfiguration'
01:26:48.549 [main] DEBUG org.springframework.beans.factory.support.DefaultListableBeanFactory - Returning cached instance of singleton bean 'autoConfigurationReport'
01:26:48.550 [main] DEBUG org.springframework.beans.factory.support.DefaultListableBeanFactory - Returning cached instance of singleton bean 'org.springframework.boot.autoconfigure.condition.BeanTypeRegistry'
01:26:48.550 [main] DEBUG org.springframework.beans.factory.support.DefaultListableBeanFactory - Returning cached instance of singleton bean 'autoConfigurationReport'
01:26:48.550 [main] DEBUG org.springframework.beans.factory.support.DefaultListableBeanFactory - Returning cached instance of singleton bean 'autoConfigurationReport'
01:26:48.550 [main] DEBUG org.springframework.beans.factory.support.DefaultListableBeanFactory - Returning cached instance of singleton bean 'autoConfigurationReport'
01:26:48.550 [main] DEBUG org.springframework.context.annotation.ConfigurationClassBeanDefinitionReader - Registered bean definition for imported class 'org.springframework.boot.autoconfigure.transaction.jta.JtaAutoConfiguration'
01:26:48.550 [main] DEBUG org.springframework.beans.factory.support.DefaultListableBeanFactory - Returning cached instance of singleton bean 'autoConfigurationReport'
01:26:48.550 [main] DEBUG org.springframework.beans.factory.support.DefaultListableBeanFactory - Returning cached instance of singleton bean 'org.springframework.boot.autoconfigure.condition.BeanTypeRegistry'
01:26:48.551 [main] DEBUG org.springframework.beans.factory.support.DefaultListableBeanFactory - Returning cached instance of singleton bean 'autoConfigurationReport'
01:26:48.551 [main] DEBUG org.springframework.beans.factory.support.DefaultListableBeanFactory - Returning cached instance of singleton bean 'autoConfigurationReport'
01:26:48.551 [main] DEBUG org.springframework.beans.factory.support.DefaultListableBeanFactory - Returning cached instance of singleton bean 'org.springframework.boot.autoconfigure.condition.BeanTypeRegistry'
01:26:48.551 [main] DEBUG org.springframework.beans.factory.support.DefaultListableBeanFactory - Returning cached instance of singleton bean 'org.springframework.boot.autoconfigure.condition.BeanTypeRegistry'
01:26:48.551 [main] DEBUG org.springframework.beans.factory.support.DefaultListableBeanFactory - Returning cached instance of singleton bean 'autoConfigurationReport'
01:26:48.551 [main] DEBUG org.springframework.beans.factory.support.DefaultListableBeanFactory - Returning cached instance of singleton bean 'autoConfigurationReport'
01:26:48.551 [main] DEBUG org.springframework.beans.factory.support.DefaultListableBeanFactory - Returning cached instance of singleton bean 'autoConfigurationReport'
01:26:48.551 [main] DEBUG org.springframework.beans.factory.support.DefaultListableBeanFactory - Returning cached instance of singleton bean 'org.springframework.boot.autoconfigure.condition.BeanTypeRegistry'
01:26:48.551 [main] DEBUG org.springframework.beans.factory.support.DefaultListableBeanFactory - Returning cached instance of singleton bean 'autoConfigurationReport'
01:26:48.551 [main] DEBUG org.springframework.context.annotation.ConfigurationClassBeanDefinitionReader - Registered bean definition for imported class 'org.springframework.boot.autoconfigure.jdbc.DataSourceConfiguration$Hikari'
01:26:48.551 [main] DEBUG org.springframework.context.annotation.ConfigurationClassBeanDefinitionReader - Registering bean definition for @Bean method org.springframework.boot.autoconfigure.jdbc.DataSourceConfiguration$Hikari.dataSource()
01:26:48.552 [main] DEBUG org.springframework.context.annotation.ConfigurationClassBeanDefinitionReader - Registered bean definition for imported class 'org.springframework.boot.autoconfigure.jdbc.DataSourceAutoConfiguration$PooledDataSourceConfiguration'
01:26:48.552 [main] DEBUG org.springframework.beans.factory.support.DefaultListableBeanFactory - Returning cached instance of singleton bean 'autoConfigurationReport'
01:26:48.552 [main] DEBUG org.springframework.context.annotation.ConfigurationClassBeanDefinitionReader - Registered bean definition for imported class 'org.springframework.boot.autoconfigure.jdbc.metadata.DataSourcePoolMetadataProvidersConfiguration$HikariPoolDataSourceMetadataProviderConfiguration'
01:26:48.552 [main] DEBUG org.springframework.context.annotation.ConfigurationClassBeanDefinitionReader - Registering bean definition for @Bean method org.springframework.boot.autoconfigure.jdbc.metadata.DataSourcePoolMetadataProvidersConfiguration$HikariPoolDataSourceMetadataProviderConfiguration.hikariPoolDataSourceMetadataProvider()
01:26:48.552 [main] DEBUG org.springframework.context.annotation.ConfigurationClassBeanDefinitionReader - Registered bean definition for imported class 'org.springframework.boot.autoconfigure.jdbc.metadata.DataSourcePoolMetadataProvidersConfiguration'
01:26:48.552 [main] DEBUG org.springframework.context.annotation.ConfigurationClassBeanDefinitionReader - Registered bean definition for imported class 'org.springframework.boot.autoconfigure.jdbc.DataSourceInitializerInvoker'
01:26:48.552 [main] DEBUG org.springframework.context.annotation.ConfigurationClassBeanDefinitionReader - Registered bean definition for imported class 'org.springframework.boot.autoconfigure.jdbc.DataSourceInitializationConfiguration'
01:26:48.552 [main] DEBUG org.springframework.context.annotation.ConfigurationClassBeanDefinitionReader - Registered bean definition for imported class 'org.springframework.boot.autoconfigure.jdbc.DataSourceAutoConfiguration'
01:26:48.553 [main] DEBUG org.springframework.beans.factory.support.DefaultListableBeanFactory - Returning cached instance of singleton bean 'autoConfigurationReport'
01:26:48.554 [main] DEBUG org.springframework.beans.factory.support.DefaultListableBeanFactory - Returning cached instance of singleton bean 'autoConfigurationReport'
01:26:48.554 [main] DEBUG org.springframework.beans.factory.support.DefaultListableBeanFactory - Returning cached instance of singleton bean 'org.springframework.boot.autoconfigure.condition.BeanTypeRegistry'
01:26:48.555 [main] DEBUG org.springframework.beans.factory.support.DefaultListableBeanFactory - Returning cached instance of singleton bean 'autoConfigurationReport'
01:26:48.555 [main] DEBUG org.springframework.context.annotation.ConfigurationClassBeanDefinitionReader - Registered bean definition for imported class 'org.springframework.boot.autoconfigure.orm.jpa.HibernateJpaConfiguration'
01:26:48.555 [main] DEBUG org.springframework.beans.factory.support.DefaultListableBeanFactory - Returning cached instance of singleton bean 'org.springframework.boot.autoconfigure.condition.BeanTypeRegistry'
01:26:48.555 [main] DEBUG org.springframework.beans.factory.support.DefaultListableBeanFactory - Returning cached instance of singleton bean 'autoConfigurationReport'
01:26:48.556 [main] DEBUG org.springframework.beans.factory.support.DefaultListableBeanFactory - Returning cached instance of singleton bean 'org.springframework.boot.autoconfigure.condition.BeanTypeRegistry'
01:26:48.556 [main] DEBUG org.springframework.beans.factory.support.DefaultListableBeanFactory - Returning cached instance of singleton bean 'autoConfigurationReport'
01:26:48.557 [main] DEBUG org.springframework.context.annotation.ConfigurationClassBeanDefinitionReader - Registering bean definition for @Bean method org.springframework.boot.autoconfigure.orm.jpa.HibernateJpaConfiguration.jpaVendorAdapter()
01:26:48.557 [main] DEBUG org.springframework.beans.factory.support.DefaultListableBeanFactory - Returning cached instance of singleton bean 'org.springframework.boot.autoconfigure.condition.BeanTypeRegistry'
01:26:48.557 [main] DEBUG org.springframework.beans.factory.support.DefaultListableBeanFactory - Returning cached instance of singleton bean 'autoConfigurationReport'
01:26:48.557 [main] DEBUG org.springframework.context.annotation.ConfigurationClassBeanDefinitionReader - Registering bean definition for @Bean method org.springframework.boot.autoconfigure.orm.jpa.HibernateJpaConfiguration.entityManagerFactoryBuilder()
01:26:48.558 [main] DEBUG org.springframework.beans.factory.support.DefaultListableBeanFactory - Returning cached instance of singleton bean 'org.springframework.boot.autoconfigure.condition.BeanTypeRegistry'
01:26:48.558 [main] DEBUG org.springframework.beans.factory.support.DefaultListableBeanFactory - Returning cached instance of singleton bean 'org.springframework.boot.autoconfigure.condition.BeanTypeRegistry'
01:26:48.558 [main] DEBUG org.springframework.beans.factory.support.DefaultListableBeanFactory - Returning cached instance of singleton bean 'autoConfigurationReport'
01:26:48.558 [main] DEBUG org.springframework.context.annotation.ConfigurationClassBeanDefinitionReader - Registering bean definition for @Bean method org.springframework.boot.autoconfigure.orm.jpa.HibernateJpaConfiguration.entityManagerFactory()
01:26:48.559 [main] DEBUG org.springframework.context.annotation.ConfigurationClassBeanDefinitionReader - Registered bean definition for imported class 'org.springframework.boot.autoconfigure.orm.jpa.HibernateJpaAutoConfiguration'
01:26:48.559 [main] DEBUG org.springframework.beans.factory.support.DefaultListableBeanFactory - Returning cached instance of singleton bean 'autoConfigurationReport'
01:26:48.559 [main] DEBUG org.springframework.beans.factory.support.DefaultListableBeanFactory - Returning cached instance of singleton bean 'autoConfigurationReport'
01:26:48.559 [main] DEBUG org.springframework.beans.factory.support.DefaultListableBeanFactory - Returning cached instance of singleton bean 'org.springframework.boot.autoconfigure.condition.BeanTypeRegistry'
01:26:48.559 [main] DEBUG org.springframework.beans.factory.support.DefaultListableBeanFactory - Returning cached instance of singleton bean 'org.springframework.boot.autoconfigure.condition.BeanTypeRegistry'
01:26:48.560 [main] DEBUG org.springframework.beans.factory.support.DefaultListableBeanFactory - Returning cached instance of singleton bean 'org.springframework.boot.autoconfigure.condition.BeanTypeRegistry'
01:26:48.560 [main] DEBUG org.springframework.beans.factory.support.DefaultListableBeanFactory - Returning cached instance of singleton bean 'autoConfigurationReport'
01:26:48.560 [main] DEBUG org.springframework.beans.factory.support.DefaultListableBeanFactory - Returning cached instance of singleton bean 'autoConfigurationReport'
01:26:48.560 [main] DEBUG org.springframework.beans.factory.support.DefaultListableBeanFactory - Returning cached instance of singleton bean 'autoConfigurationReport'
01:26:48.560 [main] DEBUG org.springframework.context.annotation.ConfigurationClassBeanDefinitionReader - Registered bean definition for imported class 'org.springframework.boot.autoconfigure.jackson.JacksonAutoConfiguration$Jackson2ObjectMapperBuilderCustomizerConfiguration'
01:26:48.560 [main] DEBUG org.springframework.context.annotation.ConfigurationClassBeanDefinitionReader - Registering bean definition for @Bean method org.springframework.boot.autoconfigure.jackson.JacksonAutoConfiguration$Jackson2ObjectMapperBuilderCustomizerConfiguration.standardJacksonObjectMapperBuilderCustomizer()
01:26:48.562 [main] DEBUG org.springframework.beans.factory.support.DefaultListableBeanFactory - Returning cached instance of singleton bean 'autoConfigurationReport'
01:26:48.562 [main] DEBUG org.springframework.context.annotation.ConfigurationClassBeanDefinitionReader - Registered bean definition for imported class 'org.springframework.boot.autoconfigure.jackson.JacksonAutoConfiguration$JacksonObjectMapperBuilderConfiguration'
01:26:48.562 [main] DEBUG org.springframework.beans.factory.support.DefaultListableBeanFactory - Returning cached instance of singleton bean 'org.springframework.boot.autoconfigure.condition.BeanTypeRegistry'
01:26:48.562 [main] DEBUG org.springframework.beans.factory.support.DefaultListableBeanFactory - Returning cached instance of singleton bean 'autoConfigurationReport'
01:26:48.563 [main] DEBUG org.springframework.context.annotation.ConfigurationClassBeanDefinitionReader - Registering bean definition for @Bean method org.springframework.boot.autoconfigure.jackson.JacksonAutoConfiguration$JacksonObjectMapperBuilderConfiguration.jacksonObjectMapperBuilder()
01:26:48.563 [main] DEBUG org.springframework.beans.factory.support.DefaultListableBeanFactory - Returning cached instance of singleton bean 'autoConfigurationReport'
01:26:48.563 [main] DEBUG org.springframework.context.annotation.ConfigurationClassBeanDefinitionReader - Registered bean definition for imported class 'org.springframework.boot.autoconfigure.jackson.JacksonAutoConfiguration$ParameterNamesModuleConfiguration'
01:26:48.563 [main] DEBUG org.springframework.beans.factory.support.DefaultListableBeanFactory - Returning cached instance of singleton bean 'org.springframework.boot.autoconfigure.condition.BeanTypeRegistry'
01:26:48.563 [main] DEBUG org.springframework.beans.factory.support.DefaultListableBeanFactory - Returning cached instance of singleton bean 'autoConfigurationReport'
01:26:48.564 [main] DEBUG org.springframework.context.annotation.ConfigurationClassBeanDefinitionReader - Registering bean definition for @Bean method org.springframework.boot.autoconfigure.jackson.JacksonAutoConfiguration$ParameterNamesModuleConfiguration.parameterNamesModule()
01:26:48.564 [main] DEBUG org.springframework.beans.factory.support.DefaultListableBeanFactory - Returning cached instance of singleton bean 'autoConfigurationReport'
01:26:48.564 [main] DEBUG org.springframework.context.annotation.ConfigurationClassBeanDefinitionReader - Registered bean definition for imported class 'org.springframework.boot.autoconfigure.jackson.JacksonAutoConfiguration$JacksonObjectMapperConfiguration'
01:26:48.564 [main] DEBUG org.springframework.beans.factory.support.DefaultListableBeanFactory - Returning cached instance of singleton bean 'org.springframework.boot.autoconfigure.condition.BeanTypeRegistry'
01:26:48.565 [main] DEBUG org.springframework.beans.factory.support.DefaultListableBeanFactory - Returning cached instance of singleton bean 'autoConfigurationReport'
01:26:48.565 [main] DEBUG org.springframework.context.annotation.ConfigurationClassBeanDefinitionReader - Registering bean definition for @Bean method org.springframework.boot.autoconfigure.jackson.JacksonAutoConfiguration$JacksonObjectMapperConfiguration.jacksonObjectMapper()
01:26:48.565 [main] DEBUG org.springframework.context.annotation.ConfigurationClassBeanDefinitionReader - Registered bean definition for imported class 'org.springframework.boot.autoconfigure.jackson.JacksonAutoConfiguration'
01:26:48.565 [main] DEBUG org.springframework.context.annotation.ConfigurationClassBeanDefinitionReader - Registering bean definition for @Bean method org.springframework.boot.autoconfigure.jackson.JacksonAutoConfiguration.jsonComponentModule()
01:26:48.566 [main] DEBUG org.springframework.beans.factory.support.DefaultListableBeanFactory - Returning cached instance of singleton bean 'autoConfigurationReport'
01:26:48.566 [main] DEBUG org.springframework.beans.factory.support.DefaultListableBeanFactory - Returning cached instance of singleton bean 'autoConfigurationReport'
01:26:48.569 [main] DEBUG org.springframework.context.annotation.ConfigurationClassBeanDefinitionReader - Registered bean definition for imported class 'org.springframework.boot.autoconfigure.http.HttpMessageConvertersAutoConfiguration$StringHttpMessageConverterConfiguration'
01:26:48.569 [main] DEBUG org.springframework.beans.factory.support.DefaultListableBeanFactory - Returning cached instance of singleton bean 'org.springframework.boot.autoconfigure.condition.BeanTypeRegistry'
01:26:48.571 [main] DEBUG org.springframework.beans.factory.support.DefaultListableBeanFactory - Returning cached instance of singleton bean 'autoConfigurationReport'
01:26:48.571 [main] DEBUG org.springframework.context.annotation.ConfigurationClassBeanDefinitionReader - Registering bean definition for @Bean method org.springframework.boot.autoconfigure.http.HttpMessageConvertersAutoConfiguration$StringHttpMessageConverterConfiguration.stringHttpMessageConverter()
01:26:48.572 [main] DEBUG org.springframework.beans.factory.support.DefaultListableBeanFactory - Returning cached instance of singleton bean 'autoConfigurationReport'
01:26:48.573 [main] DEBUG org.springframework.beans.factory.support.DefaultListableBeanFactory - Returning cached instance of singleton bean 'autoConfigurationReport'
01:26:48.573 [main] DEBUG org.springframework.beans.factory.support.DefaultListableBeanFactory - Returning cached instance of singleton bean 'org.springframework.boot.autoconfigure.condition.BeanTypeRegistry'
01:26:48.573 [main] DEBUG org.springframework.beans.factory.support.DefaultListableBeanFactory - Returning cached instance of singleton bean 'autoConfigurationReport'
01:26:48.573 [main] DEBUG org.springframework.context.annotation.ConfigurationClassBeanDefinitionReader - Registered bean definition for imported class 'org.springframework.boot.autoconfigure.http.JacksonHttpMessageConvertersConfiguration$MappingJackson2HttpMessageConverterConfiguration'
01:26:48.574 [main] DEBUG org.springframework.beans.factory.support.DefaultListableBeanFactory - Returning cached instance of singleton bean 'org.springframework.boot.autoconfigure.condition.BeanTypeRegistry'
01:26:48.575 [main] DEBUG org.springframework.beans.factory.support.DefaultListableBeanFactory - Returning cached instance of singleton bean 'autoConfigurationReport'
01:26:48.575 [main] DEBUG org.springframework.context.annotation.ConfigurationClassBeanDefinitionReader - Registering bean definition for @Bean method org.springframework.boot.autoconfigure.http.JacksonHttpMessageConvertersConfiguration$MappingJackson2HttpMessageConverterConfiguration.mappingJackson2HttpMessageConverter()
01:26:48.575 [main] DEBUG org.springframework.context.annotation.ConfigurationClassBeanDefinitionReader - Registered bean definition for imported class 'org.springframework.boot.autoconfigure.http.JacksonHttpMessageConvertersConfiguration'
01:26:48.576 [main] DEBUG org.springframework.context.annotation.ConfigurationClassBeanDefinitionReader - Registered bean definition for imported class 'org.springframework.boot.autoconfigure.http.HttpMessageConvertersAutoConfiguration'
01:26:48.576 [main] DEBUG org.springframework.beans.factory.support.DefaultListableBeanFactory - Returning cached instance of singleton bean 'org.springframework.boot.autoconfigure.condition.BeanTypeRegistry'
01:26:48.577 [main] DEBUG org.springframework.beans.factory.support.DefaultListableBeanFactory - Returning cached instance of singleton bean 'autoConfigurationReport'
01:26:48.577 [main] DEBUG org.springframework.context.annotation.ConfigurationClassBeanDefinitionReader - Registering bean definition for @Bean method org.springframework.boot.autoconfigure.http.HttpMessageConvertersAutoConfiguration.messageConverters()
01:26:48.577 [main] DEBUG org.springframework.beans.factory.support.DefaultListableBeanFactory - Returning cached instance of singleton bean 'autoConfigurationReport'
01:26:48.577 [main] DEBUG org.springframework.beans.factory.support.DefaultListableBeanFactory - Returning cached instance of singleton bean 'autoConfigurationReport'
01:26:48.578 [main] DEBUG org.springframework.context.annotation.ConfigurationClassBeanDefinitionReader - Registered bean definition for imported class 'org.springframework.boot.autoconfigure.http.codec.CodecsAutoConfiguration$JacksonCodecConfiguration'
01:26:48.578 [main] DEBUG org.springframework.beans.factory.support.DefaultListableBeanFactory - Returning cached instance of singleton bean 'org.springframework.boot.autoconfigure.condition.BeanTypeRegistry'
01:26:48.578 [main] DEBUG org.springframework.beans.factory.support.DefaultListableBeanFactory - Returning cached instance of singleton bean 'autoConfigurationReport'
01:26:48.578 [main] DEBUG org.springframework.context.annotation.ConfigurationClassBeanDefinitionReader - Registering bean definition for @Bean method org.springframework.boot.autoconfigure.http.codec.CodecsAutoConfiguration$JacksonCodecConfiguration.jacksonCodecCustomizer()
01:26:48.579 [main] DEBUG org.springframework.context.annotation.ConfigurationClassBeanDefinitionReader - Registered bean definition for imported class 'org.springframework.boot.autoconfigure.http.codec.CodecsAutoConfiguration'
01:26:48.580 [main] DEBUG org.springframework.context.annotation.ConfigurationClassBeanDefinitionReader - Registered bean definition for imported class 'org.springframework.boot.autoconfigure.info.ProjectInfoAutoConfiguration'
01:26:48.580 [main] DEBUG org.springframework.core.env.PropertySourcesPropertyResolver - Could not find key 'spring.info.git.location' in any property source
01:26:48.580 [main] DEBUG org.springframework.beans.factory.support.DefaultListableBeanFactory - Returning cached instance of singleton bean 'autoConfigurationReport'
01:26:48.580 [main] DEBUG org.springframework.core.env.PropertySourcesPropertyResolver - Could not find key 'spring.info.build.location:classpath:META-INF/build-info.properties' in any property source
01:26:48.580 [main] DEBUG org.springframework.core.env.PropertySourcesPropertyResolver - Could not find key 'spring.info.build.location' in any property source
01:26:48.580 [main] DEBUG org.springframework.beans.factory.support.DefaultListableBeanFactory - Returning cached instance of singleton bean 'autoConfigurationReport'
01:26:48.580 [main] DEBUG org.springframework.beans.factory.support.DefaultListableBeanFactory - Returning cached instance of singleton bean 'autoConfigurationReport'
01:26:48.581 [main] DEBUG org.springframework.beans.factory.support.DefaultListableBeanFactory - Returning cached instance of singleton bean 'org.springframework.boot.autoconfigure.condition.BeanTypeRegistry'
01:26:48.581 [main] DEBUG org.springframework.beans.factory.support.DefaultListableBeanFactory - Returning cached instance of singleton bean 'autoConfigurationReport'
01:26:48.582 [main] DEBUG org.springframework.context.annotation.ConfigurationClassBeanDefinitionReader - Registered bean definition for imported class 'org.springframework.boot.autoconfigure.jdbc.JdbcTemplateAutoConfiguration$JdbcTemplateConfiguration'
01:26:48.582 [main] DEBUG org.springframework.beans.factory.support.DefaultListableBeanFactory - Returning cached instance of singleton bean 'org.springframework.boot.autoconfigure.condition.BeanTypeRegistry'
01:26:48.582 [main] DEBUG org.springframework.beans.factory.support.DefaultListableBeanFactory - Returning cached instance of singleton bean 'autoConfigurationReport'
01:26:48.582 [main] DEBUG org.springframework.context.annotation.ConfigurationClassBeanDefinitionReader - Registering bean definition for @Bean method org.springframework.boot.autoconfigure.jdbc.JdbcTemplateAutoConfiguration$JdbcTemplateConfiguration.jdbcTemplate()
01:26:48.582 [main] DEBUG org.springframework.context.annotation.ConfigurationClassBeanDefinitionReader - Registered bean definition for imported class 'org.springframework.boot.autoconfigure.jdbc.JdbcTemplateAutoConfiguration$NamedParameterJdbcTemplateConfiguration'
01:26:48.582 [main] DEBUG org.springframework.beans.factory.support.DefaultListableBeanFactory - Returning cached instance of singleton bean 'org.springframework.boot.autoconfigure.condition.BeanTypeRegistry'
01:26:48.582 [main] DEBUG org.springframework.beans.factory.support.DefaultListableBeanFactory - Returning cached instance of singleton bean 'org.springframework.boot.autoconfigure.condition.BeanTypeRegistry'
01:26:48.582 [main] DEBUG org.springframework.beans.factory.support.DefaultListableBeanFactory - Returning cached instance of singleton bean 'autoConfigurationReport'
01:26:48.582 [main] DEBUG org.springframework.beans.factory.support.DefaultListableBeanFactory - Returning cached instance of singleton bean 'org.springframework.boot.autoconfigure.condition.BeanTypeRegistry'
01:26:48.582 [main] DEBUG org.springframework.beans.factory.support.DefaultListableBeanFactory - Returning cached instance of singleton bean 'org.springframework.boot.autoconfigure.condition.BeanTypeRegistry'
01:26:48.583 [main] DEBUG org.springframework.beans.factory.support.DefaultListableBeanFactory - Returning cached instance of singleton bean 'autoConfigurationReport'
01:26:48.583 [main] DEBUG org.springframework.context.annotation.ConfigurationClassBeanDefinitionReader - Registering bean definition for @Bean method org.springframework.boot.autoconfigure.jdbc.JdbcTemplateAutoConfiguration$NamedParameterJdbcTemplateConfiguration.namedParameterJdbcTemplate()
01:26:48.583 [main] DEBUG org.springframework.context.annotation.ConfigurationClassBeanDefinitionReader - Registered bean definition for imported class 'org.springframework.boot.autoconfigure.jdbc.JdbcTemplateAutoConfiguration'
01:26:48.583 [main] DEBUG org.springframework.context.annotation.ConfigurationClassBeanDefinitionReader - Registered bean definition for imported class 'org.springframework.boot.autoconfigure.security.reactive.ReactiveSecurityAutoConfiguration'
01:26:48.583 [main] DEBUG org.springframework.beans.factory.support.DefaultListableBeanFactory - Returning cached instance of singleton bean 'autoConfigurationReport'
01:26:48.584 [main] DEBUG org.springframework.beans.factory.support.DefaultListableBeanFactory - Returning cached instance of singleton bean 'org.springframework.boot.autoconfigure.condition.BeanTypeRegistry'
01:26:48.584 [main] DEBUG org.springframework.beans.factory.support.DefaultListableBeanFactory - Returning cached instance of singleton bean 'autoConfigurationReport'
01:26:48.584 [main] DEBUG org.springframework.context.annotation.ConfigurationClassBeanDefinitionReader - Registered bean definition for imported class 'org.springframework.boot.autoconfigure.jdbc.DataSourceTransactionManagerAutoConfiguration$DataSourceTransactionManagerConfiguration'
01:26:48.584 [main] DEBUG org.springframework.beans.factory.support.DefaultListableBeanFactory - Returning cached instance of singleton bean 'org.springframework.boot.autoconfigure.condition.BeanTypeRegistry'
01:26:48.584 [main] DEBUG org.springframework.beans.factory.support.DefaultListableBeanFactory - Returning cached instance of singleton bean 'autoConfigurationReport'
01:26:48.585 [main] DEBUG org.springframework.context.annotation.ConfigurationClassBeanDefinitionReader - Registered bean definition for imported class 'org.springframework.boot.autoconfigure.jdbc.DataSourceTransactionManagerAutoConfiguration'
01:26:48.585 [main] DEBUG org.springframework.beans.factory.support.DefaultListableBeanFactory - Returning cached instance of singleton bean 'autoConfigurationReport'
01:26:48.585 [main] DEBUG org.springframework.beans.factory.support.DefaultListableBeanFactory - Returning cached instance of singleton bean 'org.springframework.boot.autoconfigure.condition.BeanTypeRegistry'
01:26:48.585 [main] DEBUG org.springframework.beans.factory.support.DefaultListableBeanFactory - Returning cached instance of singleton bean 'org.springframework.boot.autoconfigure.condition.BeanTypeRegistry'
01:26:48.585 [main] DEBUG org.springframework.beans.factory.support.DefaultListableBeanFactory - Returning cached instance of singleton bean 'autoConfigurationReport'
01:26:48.586 [main] DEBUG org.springframework.beans.factory.support.DefaultListableBeanFactory - Returning cached instance of singleton bean 'org.springframework.boot.autoconfigure.condition.BeanTypeRegistry'
01:26:48.586 [main] DEBUG org.springframework.beans.factory.support.DefaultListableBeanFactory - Returning cached instance of singleton bean 'org.springframework.boot.autoconfigure.condition.BeanTypeRegistry'
01:26:48.586 [main] DEBUG org.springframework.beans.factory.support.DefaultListableBeanFactory - Returning cached instance of singleton bean 'autoConfigurationReport'
01:26:48.587 [main] DEBUG org.springframework.beans.factory.support.DefaultListableBeanFactory - Returning cached instance of singleton bean 'autoConfigurationReport'
01:26:48.588 [main] DEBUG org.springframework.context.annotation.ConfigurationClassBeanDefinitionReader - Registered bean definition for imported class 'org.springframework.transaction.annotation.ProxyTransactionManagementConfiguration'
01:26:48.588 [main] DEBUG org.springframework.context.annotation.ConfigurationClassBeanDefinitionReader - Registering bean definition for @Bean method org.springframework.transaction.annotation.ProxyTransactionManagementConfiguration.org.springframework.transaction.config.internalTransactionAdvisor()
01:26:48.593 [main] DEBUG org.springframework.context.annotation.ConfigurationClassBeanDefinitionReader - Registering bean definition for @Bean method org.springframework.transaction.annotation.ProxyTransactionManagementConfiguration.transactionAttributeSource()
01:26:48.593 [main] DEBUG org.springframework.context.annotation.ConfigurationClassBeanDefinitionReader - Registering bean definition for @Bean method org.springframework.transaction.annotation.ProxyTransactionManagementConfiguration.transactionInterceptor()
01:26:48.593 [main] DEBUG org.springframework.context.annotation.ConfigurationClassBeanDefinitionReader - Registering bean definition for @Bean method org.springframework.transaction.annotation.ProxyTransactionManagementConfiguration.org.springframework.transaction.config.internalTransactionalEventListenerFactory()
01:26:48.593 [main] DEBUG org.springframework.context.annotation.ConfigurationClassBeanDefinitionReader - Registered bean definition for imported class 'org.springframework.boot.autoconfigure.transaction.TransactionAutoConfiguration$EnableTransactionManagementConfiguration$CglibAutoProxyConfiguration'
01:26:48.594 [main] DEBUG org.springframework.context.annotation.ConfigurationClassBeanDefinitionReader - Registered bean definition for imported class 'org.springframework.boot.autoconfigure.transaction.TransactionAutoConfiguration$EnableTransactionManagementConfiguration'
01:26:48.594 [main] DEBUG org.springframework.beans.factory.support.DefaultListableBeanFactory - Returning cached instance of singleton bean 'org.springframework.boot.autoconfigure.condition.BeanTypeRegistry'
01:26:48.595 [main] DEBUG org.springframework.beans.factory.support.DefaultListableBeanFactory - Returning cached instance of singleton bean 'autoConfigurationReport'
01:26:48.595 [main] DEBUG org.springframework.context.annotation.ConfigurationClassBeanDefinitionReader - Registered bean definition for imported class 'org.springframework.boot.autoconfigure.transaction.TransactionAutoConfiguration$TransactionTemplateConfiguration'
01:26:48.595 [main] DEBUG org.springframework.beans.factory.support.DefaultListableBeanFactory - Returning cached instance of singleton bean 'org.springframework.boot.autoconfigure.condition.BeanTypeRegistry'
01:26:48.595 [main] DEBUG org.springframework.beans.factory.support.DefaultListableBeanFactory - Returning cached instance of singleton bean 'autoConfigurationReport'
01:26:48.596 [main] DEBUG org.springframework.context.annotation.ConfigurationClassBeanDefinitionReader - Registering bean definition for @Bean method org.springframework.boot.autoconfigure.transaction.TransactionAutoConfiguration$TransactionTemplateConfiguration.transactionTemplate()
01:26:48.596 [main] DEBUG org.springframework.context.annotation.ConfigurationClassBeanDefinitionReader - Registered bean definition for imported class 'org.springframework.boot.autoconfigure.transaction.TransactionAutoConfiguration'
01:26:48.596 [main] DEBUG org.springframework.beans.factory.support.DefaultListableBeanFactory - Returning cached instance of singleton bean 'org.springframework.boot.autoconfigure.condition.BeanTypeRegistry'
01:26:48.596 [main] DEBUG org.springframework.beans.factory.support.DefaultListableBeanFactory - Returning cached instance of singleton bean 'autoConfigurationReport'
01:26:48.597 [main] DEBUG org.springframework.context.annotation.ConfigurationClassBeanDefinitionReader - Registering bean definition for @Bean method org.springframework.boot.autoconfigure.transaction.TransactionAutoConfiguration.platformTransactionManagerCustomizers()
01:26:48.597 [main] DEBUG org.springframework.beans.factory.support.DefaultListableBeanFactory - Returning cached instance of singleton bean 'autoConfigurationReport'
01:26:48.597 [main] DEBUG org.springframework.context.annotation.ConfigurationClassBeanDefinitionReader - Registered bean definition for imported class 'org.springframework.boot.autoconfigure.web.client.RestTemplateAutoConfiguration'
01:26:48.597 [main] DEBUG org.springframework.beans.factory.support.DefaultListableBeanFactory - Returning cached instance of singleton bean 'org.springframework.boot.autoconfigure.condition.BeanTypeRegistry'
01:26:48.627 [main] DEBUG org.springframework.beans.factory.support.DefaultListableBeanFactory - Returning cached instance of singleton bean 'autoConfigurationReport'
01:26:48.628 [main] DEBUG org.springframework.context.annotation.ConfigurationClassBeanDefinitionReader - Registering bean definition for @Bean method org.springframework.boot.autoconfigure.web.client.RestTemplateAutoConfiguration.restTemplateBuilder()
01:26:48.629 [main] DEBUG org.springframework.beans.factory.support.DefaultListableBeanFactory - Returning cached instance of singleton bean 'autoConfigurationReport'
01:26:48.629 [main] DEBUG org.springframework.context.annotation.ConfigurationClassBeanDefinitionReader - Registered bean definition for imported class 'org.springframework.boot.autoconfigure.web.embedded.EmbeddedWebServerFactoryCustomizerAutoConfiguration$TomcatWebServerFactoryCustomizerConfiguration'
01:26:48.629 [main] DEBUG org.springframework.context.annotation.ConfigurationClassBeanDefinitionReader - Registering bean definition for @Bean method org.springframework.boot.autoconfigure.web.embedded.EmbeddedWebServerFactoryCustomizerAutoConfiguration$TomcatWebServerFactoryCustomizerConfiguration.tomcatWebServerFactoryCustomizer()
01:26:48.629 [main] DEBUG org.springframework.context.annotation.ConfigurationClassBeanDefinitionReader - Registered bean definition for imported class 'org.springframework.boot.autoconfigure.web.embedded.EmbeddedWebServerFactoryCustomizerAutoConfiguration'
01:26:48.634 [main] DEBUG org.springframework.beans.factory.support.DefaultListableBeanFactory - Returning cached instance of singleton bean 'autoConfigurationReport'
01:26:48.643 [main] DEBUG org.springframework.beans.factory.support.DefaultListableBeanFactory - Returning cached instance of singleton bean 'autoConfigurationReport'
01:26:48.643 [main] DEBUG org.springframework.beans.factory.support.DefaultListableBeanFactory - Returning cached instance of singleton bean 'org.springframework.boot.autoconfigure.condition.BeanTypeRegistry'
01:26:48.643 [main] DEBUG org.springframework.beans.factory.support.DefaultListableBeanFactory - Returning cached instance of singleton bean 'autoConfigurationReport'
01:26:48.643 [main] DEBUG org.springframework.context.annotation.ConfigurationClassBeanDefinitionReader - Registered bean definition for imported class 'org.springframework.boot.devtools.autoconfigure.DevToolsDataSourceAutoConfiguration$DatabaseShutdownExecutorJpaDependencyConfiguration'
01:26:48.644 [main] DEBUG org.springframework.context.annotation.ConfigurationClassBeanDefinitionReader - Registered bean definition for imported class 'org.springframework.boot.devtools.autoconfigure.DevToolsDataSourceAutoConfiguration'
01:26:48.644 [main] DEBUG org.springframework.context.annotation.ConfigurationClassBeanDefinitionReader - Registering bean definition for @Bean method org.springframework.boot.devtools.autoconfigure.DevToolsDataSourceAutoConfiguration.inMemoryDatabaseShutdownExecutor()
01:26:48.647 [main] DEBUG org.springframework.context.annotation.ConfigurationClassEnhancer - Successfully enhanced ngondi.ged.ga.infrastructure.service.test.FournisseurImplTest$conf; enhanced class name is: ngondi.ged.ga.infrastructure.service.test.FournisseurImplTest$conf$$EnhancerBySpringCGLIB$$46e94015
01:26:48.647 [main] DEBUG org.springframework.context.annotation.ConfigurationClassPostProcessor - Replacing bean definition 'fournisseurImplTest.conf' existing class 'ngondi.ged.ga.infrastructure.service.test.FournisseurImplTest$conf' with enhanced class 'ngondi.ged.ga.infrastructure.service.test.FournisseurImplTest$conf$$EnhancerBySpringCGLIB$$46e94015'
01:26:48.648 [main] DEBUG org.springframework.context.annotation.ConfigurationClassEnhancer - Successfully enhanced ngondi.ged.ga.infrastructure.service.test.ArchivageImplTest$conf; enhanced class name is: ngondi.ged.ga.infrastructure.service.test.ArchivageImplTest$conf$$EnhancerBySpringCGLIB$$c8c600da
01:26:48.648 [main] DEBUG org.springframework.context.annotation.ConfigurationClassPostProcessor - Replacing bean definition 'archivageImplTest.conf' existing class 'ngondi.ged.ga.infrastructure.service.test.ArchivageImplTest$conf' with enhanced class 'ngondi.ged.ga.infrastructure.service.test.ArchivageImplTest$conf$$EnhancerBySpringCGLIB$$c8c600da'
01:26:48.648 [main] DEBUG org.springframework.context.annotation.ConfigurationClassEnhancer - Successfully enhanced ngondi.ged.ga.infrastructure.NgondiInfrastructureApplication; enhanced class name is: ngondi.ged.ga.infrastructure.NgondiInfrastructureApplication$$EnhancerBySpringCGLIB$$382cc42d
01:26:48.648 [main] DEBUG org.springframework.context.annotation.ConfigurationClassPostProcessor - Replacing bean definition 'ngondiInfrastructureApplication' existing class 'ngondi.ged.ga.infrastructure.NgondiInfrastructureApplication' with enhanced class 'ngondi.ged.ga.infrastructure.NgondiInfrastructureApplication$$EnhancerBySpringCGLIB$$382cc42d'
01:26:48.648 [main] DEBUG org.springframework.context.annotation.ConfigurationClassEnhancer - Successfully enhanced ngondi.ged.ga.infrastructure.PersistenceConfiguration; enhanced class name is: ngondi.ged.ga.infrastructure.PersistenceConfiguration$$EnhancerBySpringCGLIB$$8062b3f4
01:26:48.648 [main] DEBUG org.springframework.context.annotation.ConfigurationClassPostProcessor - Replacing bean definition 'persistenceConfiguration' existing class 'ngondi.ged.ga.infrastructure.PersistenceConfiguration' with enhanced class 'ngondi.ged.ga.infrastructure.PersistenceConfiguration$$EnhancerBySpringCGLIB$$8062b3f4'
01:26:48.648 [main] DEBUG org.springframework.context.annotation.ConfigurationClassEnhancer - Successfully enhanced ngondi.ged.ga.infrastructure.service.Conf; enhanced class name is: ngondi.ged.ga.infrastructure.service.Conf$$EnhancerBySpringCGLIB$$809db0da
01:26:48.648 [main] DEBUG org.springframework.context.annotation.ConfigurationClassPostProcessor - Replacing bean definition 'conf' existing class 'ngondi.ged.ga.infrastructure.service.Conf' with enhanced class 'ngondi.ged.ga.infrastructure.service.Conf$$EnhancerBySpringCGLIB$$809db0da'
01:26:48.648 [main] DEBUG org.springframework.context.annotation.ConfigurationClassEnhancer - Successfully enhanced ngondi.ged.ga.domain.NgondiDomainApplication; enhanced class name is: ngondi.ged.ga.domain.NgondiDomainApplication$$EnhancerBySpringCGLIB$$1d559c8d
01:26:48.648 [main] DEBUG org.springframework.context.annotation.ConfigurationClassPostProcessor - Replacing bean definition 'ngondiDomainApplication' existing class 'ngondi.ged.ga.domain.NgondiDomainApplication' with enhanced class 'ngondi.ged.ga.domain.NgondiDomainApplication$$EnhancerBySpringCGLIB$$1d559c8d'
01:26:48.648 [main] DEBUG org.springframework.context.annotation.ConfigurationClassEnhancer - Successfully enhanced org.springframework.boot.autoconfigure.context.PropertyPlaceholderAutoConfiguration; enhanced class name is: org.springframework.boot.autoconfigure.context.PropertyPlaceholderAutoConfiguration$$EnhancerBySpringCGLIB$$69116581
01:26:48.648 [main] DEBUG org.springframework.context.annotation.ConfigurationClassPostProcessor - Replacing bean definition 'org.springframework.boot.autoconfigure.context.PropertyPlaceholderAutoConfiguration' existing class 'org.springframework.boot.autoconfigure.context.PropertyPlaceholderAutoConfiguration' with enhanced class 'org.springframework.boot.autoconfigure.context.PropertyPlaceholderAutoConfiguration$$EnhancerBySpringCGLIB$$69116581'
01:26:48.648 [main] DEBUG org.springframework.context.annotation.ConfigurationClassEnhancer - Successfully enhanced org.springframework.boot.autoconfigure.validation.ValidationAutoConfiguration; enhanced class name is: org.springframework.boot.autoconfigure.validation.ValidationAutoConfiguration$$EnhancerBySpringCGLIB$$d95a83d2
01:26:48.648 [main] DEBUG org.springframework.context.annotation.ConfigurationClassPostProcessor - Replacing bean definition 'org.springframework.boot.autoconfigure.validation.ValidationAutoConfiguration' existing class 'org.springframework.boot.autoconfigure.validation.ValidationAutoConfiguration' with enhanced class 'org.springframework.boot.autoconfigure.validation.ValidationAutoConfiguration$$EnhancerBySpringCGLIB$$d95a83d2'
01:26:48.648 [main] DEBUG org.springframework.context.annotation.ConfigurationClassEnhancer - Successfully enhanced org.springframework.boot.autoconfigure.aop.AopAutoConfiguration$CglibAutoProxyConfiguration; enhanced class name is: org.springframework.boot.autoconfigure.aop.AopAutoConfiguration$CglibAutoProxyConfiguration$$EnhancerBySpringCGLIB$$a477727e
01:26:48.648 [main] DEBUG org.springframework.context.annotation.ConfigurationClassPostProcessor - Replacing bean definition 'org.springframework.boot.autoconfigure.aop.AopAutoConfiguration$CglibAutoProxyConfiguration' existing class 'org.springframework.boot.autoconfigure.aop.AopAutoConfiguration$CglibAutoProxyConfiguration' with enhanced class 'org.springframework.boot.autoconfigure.aop.AopAutoConfiguration$CglibAutoProxyConfiguration$$EnhancerBySpringCGLIB$$a477727e'
01:26:48.649 [main] DEBUG org.springframework.context.annotation.ConfigurationClassEnhancer - Successfully enhanced org.springframework.boot.autoconfigure.aop.AopAutoConfiguration; enhanced class name is: org.springframework.boot.autoconfigure.aop.AopAutoConfiguration$$EnhancerBySpringCGLIB$$b3b1720a
01:26:48.649 [main] DEBUG org.springframework.context.annotation.ConfigurationClassPostProcessor - Replacing bean definition 'org.springframework.boot.autoconfigure.aop.AopAutoConfiguration' existing class 'org.springframework.boot.autoconfigure.aop.AopAutoConfiguration' with enhanced class 'org.springframework.boot.autoconfigure.aop.AopAutoConfiguration$$EnhancerBySpringCGLIB$$b3b1720a'
01:26:48.649 [main] DEBUG org.springframework.context.annotation.ConfigurationClassEnhancer - Successfully enhanced org.springframework.boot.autoconfigure.context.ConfigurationPropertiesAutoConfiguration; enhanced class name is: org.springframework.boot.autoconfigure.context.ConfigurationPropertiesAutoConfiguration$$EnhancerBySpringCGLIB$$57e47e96
01:26:48.649 [main] DEBUG org.springframework.context.annotation.ConfigurationClassPostProcessor - Replacing bean definition 'org.springframework.boot.autoconfigure.context.ConfigurationPropertiesAutoConfiguration' existing class 'org.springframework.boot.autoconfigure.context.ConfigurationPropertiesAutoConfiguration' with enhanced class 'org.springframework.boot.autoconfigure.context.ConfigurationPropertiesAutoConfiguration$$EnhancerBySpringCGLIB$$57e47e96'
01:26:48.649 [main] DEBUG org.springframework.context.annotation.ConfigurationClassEnhancer - Successfully enhanced org.springframework.boot.autoconfigure.jdbc.DataSourceAutoConfiguration$PooledDataSourceConfiguration; enhanced class name is: org.springframework.boot.autoconfigure.jdbc.DataSourceAutoConfiguration$PooledDataSourceConfiguration$$EnhancerBySpringCGLIB$$e6fee43a
01:26:48.649 [main] DEBUG org.springframework.context.annotation.ConfigurationClassPostProcessor - Replacing bean definition 'org.springframework.boot.autoconfigure.jdbc.DataSourceAutoConfiguration$PooledDataSourceConfiguration' existing class 'org.springframework.boot.autoconfigure.jdbc.DataSourceAutoConfiguration$PooledDataSourceConfiguration' with enhanced class 'org.springframework.boot.autoconfigure.jdbc.DataSourceAutoConfiguration$PooledDataSourceConfiguration$$EnhancerBySpringCGLIB$$e6fee43a'
01:26:48.649 [main] DEBUG org.springframework.context.annotation.ConfigurationClassEnhancer - Successfully enhanced org.springframework.boot.autoconfigure.jdbc.metadata.DataSourcePoolMetadataProvidersConfiguration$HikariPoolDataSourceMetadataProviderConfiguration; enhanced class name is: org.springframework.boot.autoconfigure.jdbc.metadata.DataSourcePoolMetadataProvidersConfiguration$HikariPoolDataSourceMetadataProviderConfiguration$$EnhancerBySpringCGLIB$$c8b21b2c
01:26:48.649 [main] DEBUG org.springframework.context.annotation.ConfigurationClassPostProcessor - Replacing bean definition 'org.springframework.boot.autoconfigure.jdbc.metadata.DataSourcePoolMetadataProvidersConfiguration$HikariPoolDataSourceMetadataProviderConfiguration' existing class 'org.springframework.boot.autoconfigure.jdbc.metadata.DataSourcePoolMetadataProvidersConfiguration$HikariPoolDataSourceMetadataProviderConfiguration' with enhanced class 'org.springframework.boot.autoconfigure.jdbc.metadata.DataSourcePoolMetadataProvidersConfiguration$HikariPoolDataSourceMetadataProviderConfiguration$$EnhancerBySpringCGLIB$$c8b21b2c'
01:26:48.649 [main] DEBUG org.springframework.context.annotation.ConfigurationClassEnhancer - Successfully enhanced org.springframework.boot.autoconfigure.jdbc.metadata.DataSourcePoolMetadataProvidersConfiguration; enhanced class name is: org.springframework.boot.autoconfigure.jdbc.metadata.DataSourcePoolMetadataProvidersConfiguration$$EnhancerBySpringCGLIB$$454bdb89
01:26:48.649 [main] DEBUG org.springframework.context.annotation.ConfigurationClassPostProcessor - Replacing bean definition 'org.springframework.boot.autoconfigure.jdbc.metadata.DataSourcePoolMetadataProvidersConfiguration' existing class 'org.springframework.boot.autoconfigure.jdbc.metadata.DataSourcePoolMetadataProvidersConfiguration' with enhanced class 'org.springframework.boot.autoconfigure.jdbc.metadata.DataSourcePoolMetadataProvidersConfiguration$$EnhancerBySpringCGLIB$$454bdb89'
01:26:48.649 [main] DEBUG org.springframework.context.annotation.ConfigurationClassEnhancer - Successfully enhanced org.springframework.boot.autoconfigure.jdbc.DataSourceInitializationConfiguration; enhanced class name is: org.springframework.boot.autoconfigure.jdbc.DataSourceInitializationConfiguration$$EnhancerBySpringCGLIB$$3c0e537
01:26:48.649 [main] DEBUG org.springframework.context.annotation.ConfigurationClassPostProcessor - Replacing bean definition 'org.springframework.boot.autoconfigure.jdbc.DataSourceInitializationConfiguration' existing class 'org.springframework.boot.autoconfigure.jdbc.DataSourceInitializationConfiguration' with enhanced class 'org.springframework.boot.autoconfigure.jdbc.DataSourceInitializationConfiguration$$EnhancerBySpringCGLIB$$3c0e537'
01:26:48.649 [main] DEBUG org.springframework.context.annotation.ConfigurationClassEnhancer - Successfully enhanced org.springframework.boot.autoconfigure.jdbc.DataSourceAutoConfiguration; enhanced class name is: org.springframework.boot.autoconfigure.jdbc.DataSourceAutoConfiguration$$EnhancerBySpringCGLIB$$4a4e96a8
01:26:48.649 [main] DEBUG org.springframework.context.annotation.ConfigurationClassPostProcessor - Replacing bean definition 'org.springframework.boot.autoconfigure.jdbc.DataSourceAutoConfiguration' existing class 'org.springframework.boot.autoconfigure.jdbc.DataSourceAutoConfiguration' with enhanced class 'org.springframework.boot.autoconfigure.jdbc.DataSourceAutoConfiguration$$EnhancerBySpringCGLIB$$4a4e96a8'
01:26:48.649 [main] DEBUG org.springframework.context.annotation.ConfigurationClassEnhancer - Successfully enhanced org.springframework.boot.autoconfigure.orm.jpa.HibernateJpaConfiguration; enhanced class name is: org.springframework.boot.autoconfigure.orm.jpa.HibernateJpaConfiguration$$EnhancerBySpringCGLIB$$8731b5b7
01:26:48.649 [main] DEBUG org.springframework.context.annotation.ConfigurationClassPostProcessor - Replacing bean definition 'org.springframework.boot.autoconfigure.orm.jpa.HibernateJpaConfiguration' existing class 'org.springframework.boot.autoconfigure.orm.jpa.HibernateJpaConfiguration' with enhanced class 'org.springframework.boot.autoconfigure.orm.jpa.HibernateJpaConfiguration$$EnhancerBySpringCGLIB$$8731b5b7'
01:26:48.650 [main] DEBUG org.springframework.context.annotation.ConfigurationClassEnhancer - Successfully enhanced org.springframework.boot.autoconfigure.orm.jpa.HibernateJpaAutoConfiguration; enhanced class name is: org.springframework.boot.autoconfigure.orm.jpa.HibernateJpaAutoConfiguration$$EnhancerBySpringCGLIB$$d1e15768
01:26:48.650 [main] DEBUG org.springframework.context.annotation.ConfigurationClassPostProcessor - Replacing bean definition 'org.springframework.boot.autoconfigure.orm.jpa.HibernateJpaAutoConfiguration' existing class 'org.springframework.boot.autoconfigure.orm.jpa.HibernateJpaAutoConfiguration' with enhanced class 'org.springframework.boot.autoconfigure.orm.jpa.HibernateJpaAutoConfiguration$$EnhancerBySpringCGLIB$$d1e15768'
01:26:48.650 [main] DEBUG org.springframework.context.annotation.ConfigurationClassEnhancer - Successfully enhanced org.springframework.boot.autoconfigure.jackson.JacksonAutoConfiguration$Jackson2ObjectMapperBuilderCustomizerConfiguration; enhanced class name is: org.springframework.boot.autoconfigure.jackson.JacksonAutoConfiguration$Jackson2ObjectMapperBuilderCustomizerConfiguration$$EnhancerBySpringCGLIB$$31521ae1
01:26:48.650 [main] DEBUG org.springframework.context.annotation.ConfigurationClassPostProcessor - Replacing bean definition 'org.springframework.boot.autoconfigure.jackson.JacksonAutoConfiguration$Jackson2ObjectMapperBuilderCustomizerConfiguration' existing class 'org.springframework.boot.autoconfigure.jackson.JacksonAutoConfiguration$Jackson2ObjectMapperBuilderCustomizerConfiguration' with enhanced class 'org.springframework.boot.autoconfigure.jackson.JacksonAutoConfiguration$Jackson2ObjectMapperBuilderCustomizerConfiguration$$EnhancerBySpringCGLIB$$31521ae1'
01:26:48.650 [main] DEBUG org.springframework.context.annotation.ConfigurationClassEnhancer - Successfully enhanced org.springframework.boot.autoconfigure.jackson.JacksonAutoConfiguration$JacksonObjectMapperBuilderConfiguration; enhanced class name is: org.springframework.boot.autoconfigure.jackson.JacksonAutoConfiguration$JacksonObjectMapperBuilderConfiguration$$EnhancerBySpringCGLIB$$763b34f2
01:26:48.650 [main] DEBUG org.springframework.context.annotation.ConfigurationClassPostProcessor - Replacing bean definition 'org.springframework.boot.autoconfigure.jackson.JacksonAutoConfiguration$JacksonObjectMapperBuilderConfiguration' existing class 'org.springframework.boot.autoconfigure.jackson.JacksonAutoConfiguration$JacksonObjectMapperBuilderConfiguration' with enhanced class 'org.springframework.boot.autoconfigure.jackson.JacksonAutoConfiguration$JacksonObjectMapperBuilderConfiguration$$EnhancerBySpringCGLIB$$763b34f2'
01:26:48.650 [main] DEBUG org.springframework.context.annotation.ConfigurationClassEnhancer - Successfully enhanced org.springframework.boot.autoconfigure.jackson.JacksonAutoConfiguration$ParameterNamesModuleConfiguration; enhanced class name is: org.springframework.boot.autoconfigure.jackson.JacksonAutoConfiguration$ParameterNamesModuleConfiguration$$EnhancerBySpringCGLIB$$581d920f
01:26:48.650 [main] DEBUG org.springframework.context.annotation.ConfigurationClassPostProcessor - Replacing bean definition 'org.springframework.boot.autoconfigure.jackson.JacksonAutoConfiguration$ParameterNamesModuleConfiguration' existing class 'org.springframework.boot.autoconfigure.jackson.JacksonAutoConfiguration$ParameterNamesModuleConfiguration' with enhanced class 'org.springframework.boot.autoconfigure.jackson.JacksonAutoConfiguration$ParameterNamesModuleConfiguration$$EnhancerBySpringCGLIB$$581d920f'
01:26:48.650 [main] DEBUG org.springframework.context.annotation.ConfigurationClassEnhancer - Successfully enhanced org.springframework.boot.autoconfigure.jackson.JacksonAutoConfiguration$JacksonObjectMapperConfiguration; enhanced class name is: org.springframework.boot.autoconfigure.jackson.JacksonAutoConfiguration$JacksonObjectMapperConfiguration$$EnhancerBySpringCGLIB$$c3ee72d9
01:26:48.650 [main] DEBUG org.springframework.context.annotation.ConfigurationClassPostProcessor - Replacing bean definition 'org.springframework.boot.autoconfigure.jackson.JacksonAutoConfiguration$JacksonObjectMapperConfiguration' existing class 'org.springframework.boot.autoconfigure.jackson.JacksonAutoConfiguration$JacksonObjectMapperConfiguration' with enhanced class 'org.springframework.boot.autoconfigure.jackson.JacksonAutoConfiguration$JacksonObjectMapperConfiguration$$EnhancerBySpringCGLIB$$c3ee72d9'
01:26:48.650 [main] DEBUG org.springframework.context.annotation.ConfigurationClassEnhancer - Successfully enhanced org.springframework.boot.autoconfigure.jackson.JacksonAutoConfiguration; enhanced class name is: org.springframework.boot.autoconfigure.jackson.JacksonAutoConfiguration$$EnhancerBySpringCGLIB$$a5fa1068
01:26:48.650 [main] DEBUG org.springframework.context.annotation.ConfigurationClassPostProcessor - Replacing bean definition 'org.springframework.boot.autoconfigure.jackson.JacksonAutoConfiguration' existing class 'org.springframework.boot.autoconfigure.jackson.JacksonAutoConfiguration' with enhanced class 'org.springframework.boot.autoconfigure.jackson.JacksonAutoConfiguration$$EnhancerBySpringCGLIB$$a5fa1068'
01:26:48.650 [main] DEBUG org.springframework.context.annotation.ConfigurationClassEnhancer - Successfully enhanced org.springframework.boot.autoconfigure.http.HttpMessageConvertersAutoConfiguration$StringHttpMessageConverterConfiguration; enhanced class name is: org.springframework.boot.autoconfigure.http.HttpMessageConvertersAutoConfiguration$StringHttpMessageConverterConfiguration$$EnhancerBySpringCGLIB$$b59c857c
01:26:48.650 [main] DEBUG org.springframework.context.annotation.ConfigurationClassPostProcessor - Replacing bean definition 'org.springframework.boot.autoconfigure.http.HttpMessageConvertersAutoConfiguration$StringHttpMessageConverterConfiguration' existing class 'org.springframework.boot.autoconfigure.http.HttpMessageConvertersAutoConfiguration$StringHttpMessageConverterConfiguration' with enhanced class 'org.springframework.boot.autoconfigure.http.HttpMessageConvertersAutoConfiguration$StringHttpMessageConverterConfiguration$$EnhancerBySpringCGLIB$$b59c857c'
01:26:48.651 [main] DEBUG org.springframework.context.annotation.ConfigurationClassEnhancer - Successfully enhanced org.springframework.boot.autoconfigure.http.JacksonHttpMessageConvertersConfiguration$MappingJackson2HttpMessageConverterConfiguration; enhanced class name is: org.springframework.boot.autoconfigure.http.JacksonHttpMessageConvertersConfiguration$MappingJackson2HttpMessageConverterConfiguration$$EnhancerBySpringCGLIB$$ef72817c
01:26:48.651 [main] DEBUG org.springframework.context.annotation.ConfigurationClassPostProcessor - Replacing bean definition 'org.springframework.boot.autoconfigure.http.JacksonHttpMessageConvertersConfiguration$MappingJackson2HttpMessageConverterConfiguration' existing class 'org.springframework.boot.autoconfigure.http.JacksonHttpMessageConvertersConfiguration$MappingJackson2HttpMessageConverterConfiguration' with enhanced class 'org.springframework.boot.autoconfigure.http.JacksonHttpMessageConvertersConfiguration$MappingJackson2HttpMessageConverterConfiguration$$EnhancerBySpringCGLIB$$ef72817c'
01:26:48.651 [main] DEBUG org.springframework.context.annotation.ConfigurationClassEnhancer - Successfully enhanced org.springframework.boot.autoconfigure.http.JacksonHttpMessageConvertersConfiguration; enhanced class name is: org.springframework.boot.autoconfigure.http.JacksonHttpMessageConvertersConfiguration$$EnhancerBySpringCGLIB$$e5e5b50a
01:26:48.651 [main] DEBUG org.springframework.context.annotation.ConfigurationClassPostProcessor - Replacing bean definition 'org.springframework.boot.autoconfigure.http.JacksonHttpMessageConvertersConfiguration' existing class 'org.springframework.boot.autoconfigure.http.JacksonHttpMessageConvertersConfiguration' with enhanced class 'org.springframework.boot.autoconfigure.http.JacksonHttpMessageConvertersConfiguration$$EnhancerBySpringCGLIB$$e5e5b50a'
01:26:48.651 [main] DEBUG org.springframework.context.annotation.ConfigurationClassEnhancer - Successfully enhanced org.springframework.boot.autoconfigure.http.HttpMessageConvertersAutoConfiguration; enhanced class name is: org.springframework.boot.autoconfigure.http.HttpMessageConvertersAutoConfiguration$$EnhancerBySpringCGLIB$$828ebedc
01:26:48.651 [main] DEBUG org.springframework.context.annotation.ConfigurationClassPostProcessor - Replacing bean definition 'org.springframework.boot.autoconfigure.http.HttpMessageConvertersAutoConfiguration' existing class 'org.springframework.boot.autoconfigure.http.HttpMessageConvertersAutoConfiguration' with enhanced class 'org.springframework.boot.autoconfigure.http.HttpMessageConvertersAutoConfiguration$$EnhancerBySpringCGLIB$$828ebedc'
01:26:48.651 [main] DEBUG org.springframework.context.annotation.ConfigurationClassEnhancer - Successfully enhanced org.springframework.boot.autoconfigure.http.codec.CodecsAutoConfiguration$JacksonCodecConfiguration; enhanced class name is: org.springframework.boot.autoconfigure.http.codec.CodecsAutoConfiguration$JacksonCodecConfiguration$$EnhancerBySpringCGLIB$$d0350e94
01:26:48.651 [main] DEBUG org.springframework.context.annotation.ConfigurationClassPostProcessor - Replacing bean definition 'org.springframework.boot.autoconfigure.http.codec.CodecsAutoConfiguration$JacksonCodecConfiguration' existing class 'org.springframework.boot.autoconfigure.http.codec.CodecsAutoConfiguration$JacksonCodecConfiguration' with enhanced class 'org.springframework.boot.autoconfigure.http.codec.CodecsAutoConfiguration$JacksonCodecConfiguration$$EnhancerBySpringCGLIB$$d0350e94'
01:26:48.664 [main] DEBUG org.springframework.context.annotation.ConfigurationClassEnhancer - Successfully enhanced org.springframework.boot.autoconfigure.http.codec.CodecsAutoConfiguration; enhanced class name is: org.springframework.boot.autoconfigure.http.codec.CodecsAutoConfiguration$$EnhancerBySpringCGLIB$$db028645
01:26:48.664 [main] DEBUG org.springframework.context.annotation.ConfigurationClassPostProcessor - Replacing bean definition 'org.springframework.boot.autoconfigure.http.codec.CodecsAutoConfiguration' existing class 'org.springframework.boot.autoconfigure.http.codec.CodecsAutoConfiguration' with enhanced class 'org.springframework.boot.autoconfigure.http.codec.CodecsAutoConfiguration$$EnhancerBySpringCGLIB$$db028645'
01:26:48.664 [main] DEBUG org.springframework.context.annotation.ConfigurationClassEnhancer - Successfully enhanced org.springframework.boot.autoconfigure.info.ProjectInfoAutoConfiguration; enhanced class name is: org.springframework.boot.autoconfigure.info.ProjectInfoAutoConfiguration$$EnhancerBySpringCGLIB$$a4550061
01:26:48.664 [main] DEBUG org.springframework.context.annotation.ConfigurationClassPostProcessor - Replacing bean definition 'org.springframework.boot.autoconfigure.info.ProjectInfoAutoConfiguration' existing class 'org.springframework.boot.autoconfigure.info.ProjectInfoAutoConfiguration' with enhanced class 'org.springframework.boot.autoconfigure.info.ProjectInfoAutoConfiguration$$EnhancerBySpringCGLIB$$a4550061'
01:26:48.664 [main] DEBUG org.springframework.context.annotation.ConfigurationClassEnhancer - Successfully enhanced org.springframework.boot.autoconfigure.jdbc.JdbcTemplateAutoConfiguration$JdbcTemplateConfiguration; enhanced class name is: org.springframework.boot.autoconfigure.jdbc.JdbcTemplateAutoConfiguration$JdbcTemplateConfiguration$$EnhancerBySpringCGLIB$$80e621b5
01:26:48.664 [main] DEBUG org.springframework.context.annotation.ConfigurationClassPostProcessor - Replacing bean definition 'org.springframework.boot.autoconfigure.jdbc.JdbcTemplateAutoConfiguration$JdbcTemplateConfiguration' existing class 'org.springframework.boot.autoconfigure.jdbc.JdbcTemplateAutoConfiguration$JdbcTemplateConfiguration' with enhanced class 'org.springframework.boot.autoconfigure.jdbc.JdbcTemplateAutoConfiguration$JdbcTemplateConfiguration$$EnhancerBySpringCGLIB$$80e621b5'
01:26:48.664 [main] DEBUG org.springframework.context.annotation.ConfigurationClassEnhancer - Successfully enhanced org.springframework.boot.autoconfigure.jdbc.JdbcTemplateAutoConfiguration$NamedParameterJdbcTemplateConfiguration; enhanced class name is: org.springframework.boot.autoconfigure.jdbc.JdbcTemplateAutoConfiguration$NamedParameterJdbcTemplateConfiguration$$EnhancerBySpringCGLIB$$72c718e5
01:26:48.664 [main] DEBUG org.springframework.context.annotation.ConfigurationClassPostProcessor - Replacing bean definition 'org.springframework.boot.autoconfigure.jdbc.JdbcTemplateAutoConfiguration$NamedParameterJdbcTemplateConfiguration' existing class 'org.springframework.boot.autoconfigure.jdbc.JdbcTemplateAutoConfiguration$NamedParameterJdbcTemplateConfiguration' with enhanced class 'org.springframework.boot.autoconfigure.jdbc.JdbcTemplateAutoConfiguration$NamedParameterJdbcTemplateConfiguration$$EnhancerBySpringCGLIB$$72c718e5'
01:26:48.664 [main] DEBUG org.springframework.context.annotation.ConfigurationClassEnhancer - Successfully enhanced org.springframework.boot.autoconfigure.jdbc.JdbcTemplateAutoConfiguration; enhanced class name is: org.springframework.boot.autoconfigure.jdbc.JdbcTemplateAutoConfiguration$$EnhancerBySpringCGLIB$$883f2838
01:26:48.664 [main] DEBUG org.springframework.context.annotation.ConfigurationClassPostProcessor - Replacing bean definition 'org.springframework.boot.autoconfigure.jdbc.JdbcTemplateAutoConfiguration' existing class 'org.springframework.boot.autoconfigure.jdbc.JdbcTemplateAutoConfiguration' with enhanced class 'org.springframework.boot.autoconfigure.jdbc.JdbcTemplateAutoConfiguration$$EnhancerBySpringCGLIB$$883f2838'
01:26:48.665 [main] DEBUG org.springframework.context.annotation.ConfigurationClassEnhancer - Successfully enhanced org.springframework.boot.autoconfigure.security.reactive.ReactiveSecurityAutoConfiguration; enhanced class name is: org.springframework.boot.autoconfigure.security.reactive.ReactiveSecurityAutoConfiguration$$EnhancerBySpringCGLIB$$cab8d1c8
01:26:48.665 [main] DEBUG org.springframework.context.annotation.ConfigurationClassPostProcessor - Replacing bean definition 'org.springframework.boot.autoconfigure.security.reactive.ReactiveSecurityAutoConfiguration' existing class 'org.springframework.boot.autoconfigure.security.reactive.ReactiveSecurityAutoConfiguration' with enhanced class 'org.springframework.boot.autoconfigure.security.reactive.ReactiveSecurityAutoConfiguration$$EnhancerBySpringCGLIB$$cab8d1c8'
01:26:48.665 [main] DEBUG org.springframework.context.annotation.ConfigurationClassEnhancer - Successfully enhanced org.springframework.boot.autoconfigure.jdbc.DataSourceTransactionManagerAutoConfiguration$DataSourceTransactionManagerConfiguration; enhanced class name is: org.springframework.boot.autoconfigure.jdbc.DataSourceTransactionManagerAutoConfiguration$DataSourceTransactionManagerConfiguration$$EnhancerBySpringCGLIB$$155b8bb7
01:26:48.665 [main] DEBUG org.springframework.context.annotation.ConfigurationClassPostProcessor - Replacing bean definition 'org.springframework.boot.autoconfigure.jdbc.DataSourceTransactionManagerAutoConfiguration$DataSourceTransactionManagerConfiguration' existing class 'org.springframework.boot.autoconfigure.jdbc.DataSourceTransactionManagerAutoConfiguration$DataSourceTransactionManagerConfiguration' with enhanced class 'org.springframework.boot.autoconfigure.jdbc.DataSourceTransactionManagerAutoConfiguration$DataSourceTransactionManagerConfiguration$$EnhancerBySpringCGLIB$$155b8bb7'
01:26:48.665 [main] DEBUG org.springframework.context.annotation.ConfigurationClassEnhancer - Successfully enhanced org.springframework.boot.autoconfigure.jdbc.DataSourceTransactionManagerAutoConfiguration; enhanced class name is: org.springframework.boot.autoconfigure.jdbc.DataSourceTransactionManagerAutoConfiguration$$EnhancerBySpringCGLIB$$7931e399
01:26:48.665 [main] DEBUG org.springframework.context.annotation.ConfigurationClassPostProcessor - Replacing bean definition 'org.springframework.boot.autoconfigure.jdbc.DataSourceTransactionManagerAutoConfiguration' existing class 'org.springframework.boot.autoconfigure.jdbc.DataSourceTransactionManagerAutoConfiguration' with enhanced class 'org.springframework.boot.autoconfigure.jdbc.DataSourceTransactionManagerAutoConfiguration$$EnhancerBySpringCGLIB$$7931e399'
01:26:48.665 [main] DEBUG org.springframework.context.annotation.ConfigurationClassEnhancer - Successfully enhanced org.springframework.transaction.annotation.ProxyTransactionManagementConfiguration; enhanced class name is: org.springframework.transaction.annotation.ProxyTransactionManagementConfiguration$$EnhancerBySpringCGLIB$$685af348
01:26:48.665 [main] DEBUG org.springframework.context.annotation.ConfigurationClassPostProcessor - Replacing bean definition 'org.springframework.transaction.annotation.ProxyTransactionManagementConfiguration' existing class 'org.springframework.transaction.annotation.ProxyTransactionManagementConfiguration' with enhanced class 'org.springframework.transaction.annotation.ProxyTransactionManagementConfiguration$$EnhancerBySpringCGLIB$$685af348'
01:26:48.665 [main] DEBUG org.springframework.context.annotation.ConfigurationClassEnhancer - Successfully enhanced org.springframework.boot.autoconfigure.transaction.TransactionAutoConfiguration$EnableTransactionManagementConfiguration$CglibAutoProxyConfiguration; enhanced class name is: org.springframework.boot.autoconfigure.transaction.TransactionAutoConfiguration$EnableTransactionManagementConfiguration$CglibAutoProxyConfiguration$$EnhancerBySpringCGLIB$$d4403778
01:26:48.665 [main] DEBUG org.springframework.context.annotation.ConfigurationClassPostProcessor - Replacing bean definition 'org.springframework.boot.autoconfigure.transaction.TransactionAutoConfiguration$EnableTransactionManagementConfiguration$CglibAutoProxyConfiguration' existing class 'org.springframework.boot.autoconfigure.transaction.TransactionAutoConfiguration$EnableTransactionManagementConfiguration$CglibAutoProxyConfiguration' with enhanced class 'org.springframework.boot.autoconfigure.transaction.TransactionAutoConfiguration$EnableTransactionManagementConfiguration$CglibAutoProxyConfiguration$$EnhancerBySpringCGLIB$$d4403778'
01:26:48.665 [main] DEBUG org.springframework.context.annotation.ConfigurationClassEnhancer - Successfully enhanced org.springframework.boot.autoconfigure.transaction.TransactionAutoConfiguration$EnableTransactionManagementConfiguration; enhanced class name is: org.springframework.boot.autoconfigure.transaction.TransactionAutoConfiguration$EnableTransactionManagementConfiguration$$EnhancerBySpringCGLIB$$f2c99204
01:26:48.665 [main] DEBUG org.springframework.context.annotation.ConfigurationClassPostProcessor - Replacing bean definition 'org.springframework.boot.autoconfigure.transaction.TransactionAutoConfiguration$EnableTransactionManagementConfiguration' existing class 'org.springframework.boot.autoconfigure.transaction.TransactionAutoConfiguration$EnableTransactionManagementConfiguration' with enhanced class 'org.springframework.boot.autoconfigure.transaction.TransactionAutoConfiguration$EnableTransactionManagementConfiguration$$EnhancerBySpringCGLIB$$f2c99204'
01:26:48.665 [main] DEBUG org.springframework.context.annotation.ConfigurationClassEnhancer - Successfully enhanced org.springframework.boot.autoconfigure.transaction.TransactionAutoConfiguration$TransactionTemplateConfiguration; enhanced class name is: org.springframework.boot.autoconfigure.transaction.TransactionAutoConfiguration$TransactionTemplateConfiguration$$EnhancerBySpringCGLIB$$66e5508a
01:26:48.665 [main] DEBUG org.springframework.context.annotation.ConfigurationClassPostProcessor - Replacing bean definition 'org.springframework.boot.autoconfigure.transaction.TransactionAutoConfiguration$TransactionTemplateConfiguration' existing class 'org.springframework.boot.autoconfigure.transaction.TransactionAutoConfiguration$TransactionTemplateConfiguration' with enhanced class 'org.springframework.boot.autoconfigure.transaction.TransactionAutoConfiguration$TransactionTemplateConfiguration$$EnhancerBySpringCGLIB$$66e5508a'
01:26:48.667 [main] DEBUG org.springframework.context.annotation.ConfigurationClassEnhancer - Successfully enhanced org.springframework.boot.autoconfigure.transaction.TransactionAutoConfiguration; enhanced class name is: org.springframework.boot.autoconfigure.transaction.TransactionAutoConfiguration$$EnhancerBySpringCGLIB$$fcceee52
01:26:48.668 [main] DEBUG org.springframework.context.annotation.ConfigurationClassPostProcessor - Replacing bean definition 'org.springframework.boot.autoconfigure.transaction.TransactionAutoConfiguration' existing class 'org.springframework.boot.autoconfigure.transaction.TransactionAutoConfiguration' with enhanced class 'org.springframework.boot.autoconfigure.transaction.TransactionAutoConfiguration$$EnhancerBySpringCGLIB$$fcceee52'
01:26:48.668 [main] DEBUG org.springframework.context.annotation.ConfigurationClassEnhancer - Successfully enhanced org.springframework.boot.autoconfigure.web.client.RestTemplateAutoConfiguration; enhanced class name is: org.springframework.boot.autoconfigure.web.client.RestTemplateAutoConfiguration$$EnhancerBySpringCGLIB$$370ecc9
01:26:48.668 [main] DEBUG org.springframework.context.annotation.ConfigurationClassPostProcessor - Replacing bean definition 'org.springframework.boot.autoconfigure.web.client.RestTemplateAutoConfiguration' existing class 'org.springframework.boot.autoconfigure.web.client.RestTemplateAutoConfiguration' with enhanced class 'org.springframework.boot.autoconfigure.web.client.RestTemplateAutoConfiguration$$EnhancerBySpringCGLIB$$370ecc9'
01:26:48.668 [main] DEBUG org.springframework.context.annotation.ConfigurationClassEnhancer - Successfully enhanced org.springframework.boot.autoconfigure.web.embedded.EmbeddedWebServerFactoryCustomizerAutoConfiguration; enhanced class name is: org.springframework.boot.autoconfigure.web.embedded.EmbeddedWebServerFactoryCustomizerAutoConfiguration$$EnhancerBySpringCGLIB$$7dc2f32a
01:26:48.668 [main] DEBUG org.springframework.context.annotation.ConfigurationClassPostProcessor - Replacing bean definition 'org.springframework.boot.autoconfigure.web.embedded.EmbeddedWebServerFactoryCustomizerAutoConfiguration' existing class 'org.springframework.boot.autoconfigure.web.embedded.EmbeddedWebServerFactoryCustomizerAutoConfiguration' with enhanced class 'org.springframework.boot.autoconfigure.web.embedded.EmbeddedWebServerFactoryCustomizerAutoConfiguration$$EnhancerBySpringCGLIB$$7dc2f32a'
01:26:48.669 [main] DEBUG org.springframework.context.annotation.ConfigurationClassEnhancer - Successfully enhanced org.springframework.boot.devtools.autoconfigure.DevToolsDataSourceAutoConfiguration$DatabaseShutdownExecutorJpaDependencyConfiguration; enhanced class name is: org.springframework.boot.devtools.autoconfigure.DevToolsDataSourceAutoConfiguration$DatabaseShutdownExecutorJpaDependencyConfiguration$$EnhancerBySpringCGLIB$$832d0f3
01:26:48.669 [main] DEBUG org.springframework.context.annotation.ConfigurationClassPostProcessor - Replacing bean definition 'org.springframework.boot.devtools.autoconfigure.DevToolsDataSourceAutoConfiguration$DatabaseShutdownExecutorJpaDependencyConfiguration' existing class 'org.springframework.boot.devtools.autoconfigure.DevToolsDataSourceAutoConfiguration$DatabaseShutdownExecutorJpaDependencyConfiguration' with enhanced class 'org.springframework.boot.devtools.autoconfigure.DevToolsDataSourceAutoConfiguration$DatabaseShutdownExecutorJpaDependencyConfiguration$$EnhancerBySpringCGLIB$$832d0f3'
01:26:48.670 [main] DEBUG org.springframework.context.annotation.ConfigurationClassEnhancer - Successfully enhanced org.springframework.boot.devtools.autoconfigure.DevToolsDataSourceAutoConfiguration; enhanced class name is: org.springframework.boot.devtools.autoconfigure.DevToolsDataSourceAutoConfiguration$$EnhancerBySpringCGLIB$$431f027f
01:26:48.671 [main] DEBUG org.springframework.context.annotation.ConfigurationClassPostProcessor - Replacing bean definition 'org.springframework.boot.devtools.autoconfigure.DevToolsDataSourceAutoConfiguration' existing class 'org.springframework.boot.devtools.autoconfigure.DevToolsDataSourceAutoConfiguration' with enhanced class 'org.springframework.boot.devtools.autoconfigure.DevToolsDataSourceAutoConfiguration$$EnhancerBySpringCGLIB$$431f027f'
01:26:48.671 [main] DEBUG org.springframework.beans.factory.support.DefaultListableBeanFactory - Creating shared instance of singleton bean 'propertySourcesPlaceholderConfigurer'
01:26:48.671 [main] DEBUG org.springframework.beans.factory.support.DefaultListableBeanFactory - Creating instance of bean 'propertySourcesPlaceholderConfigurer'
01:26:48.672 [main] DEBUG org.springframework.beans.factory.support.DefaultListableBeanFactory - Eagerly caching bean 'propertySourcesPlaceholderConfigurer' to allow for resolving potential circular references
01:26:48.672 [main] DEBUG org.springframework.beans.factory.support.DefaultListableBeanFactory - Finished creating instance of bean 'propertySourcesPlaceholderConfigurer'
01:26:48.673 [main] DEBUG org.springframework.core.env.MutablePropertySources - Adding PropertySource 'environmentProperties' with lowest search precedence
01:26:48.673 [main] DEBUG org.springframework.core.env.MutablePropertySources - Adding PropertySource 'localProperties' with lowest search precedence
01:26:48.673 [main] DEBUG org.springframework.beans.factory.support.DefaultListableBeanFactory - Creating shared instance of singleton bean 'org.springframework.boot.test.mock.mockito.MockitoPostProcessor'
01:26:48.675 [main] DEBUG org.springframework.beans.factory.support.DefaultListableBeanFactory - Creating instance of bean 'org.springframework.boot.test.mock.mockito.MockitoPostProcessor'
01:26:48.675 [main] DEBUG org.springframework.beans.factory.support.DefaultListableBeanFactory - Eagerly caching bean 'org.springframework.boot.test.mock.mockito.MockitoPostProcessor' to allow for resolving potential circular references
01:26:48.676 [main] DEBUG org.springframework.beans.factory.support.DefaultListableBeanFactory - Finished creating instance of bean 'org.springframework.boot.test.mock.mockito.MockitoPostProcessor'
01:26:48.678 [main] DEBUG org.springframework.beans.factory.support.DefaultListableBeanFactory - Creating shared instance of singleton bean 'emBeanDefinitionRegistrarPostProcessor'
01:26:48.678 [main] DEBUG org.springframework.beans.factory.support.DefaultListableBeanFactory - Creating instance of bean 'emBeanDefinitionRegistrarPostProcessor'
01:26:48.679 [main] DEBUG org.springframework.beans.factory.support.DefaultListableBeanFactory - Eagerly caching bean 'emBeanDefinitionRegistrarPostProcessor' to allow for resolving potential circular references
01:26:48.679 [main] DEBUG org.springframework.beans.factory.support.DefaultListableBeanFactory - Finished creating instance of bean 'emBeanDefinitionRegistrarPostProcessor'
01:26:48.680 [main] DEBUG org.springframework.beans.factory.support.DefaultListableBeanFactory - Creating shared instance of singleton bean 'org.springframework.boot.context.properties.ConfigurationBeanFactoryMetadata'
01:26:48.680 [main] DEBUG org.springframework.beans.factory.support.DefaultListableBeanFactory - Creating instance of bean 'org.springframework.boot.context.properties.ConfigurationBeanFactoryMetadata'
01:26:48.680 [main] DEBUG org.springframework.beans.factory.support.DefaultListableBeanFactory - Eagerly caching bean 'org.springframework.boot.context.properties.ConfigurationBeanFactoryMetadata' to allow for resolving potential circular references
01:26:48.680 [main] DEBUG org.springframework.beans.factory.support.DefaultListableBeanFactory - Finished creating instance of bean 'org.springframework.boot.context.properties.ConfigurationBeanFactoryMetadata'
01:26:48.681 [main] DEBUG org.springframework.beans.factory.support.DefaultListableBeanFactory - Creating shared instance of singleton bean 'org.springframework.boot.devtools.autoconfigure.DevToolsDataSourceAutoConfiguration$DatabaseShutdownExecutorJpaDependencyConfiguration'
01:26:48.681 [main] DEBUG org.springframework.beans.factory.support.DefaultListableBeanFactory - Creating instance of bean 'org.springframework.boot.devtools.autoconfigure.DevToolsDataSourceAutoConfiguration$DatabaseShutdownExecutorJpaDependencyConfiguration'
01:26:48.681 [main] DEBUG org.springframework.beans.factory.support.DefaultListableBeanFactory - Eagerly caching bean 'org.springframework.boot.devtools.autoconfigure.DevToolsDataSourceAutoConfiguration$DatabaseShutdownExecutorJpaDependencyConfiguration' to allow for resolving potential circular references
01:26:48.681 [main] DEBUG org.springframework.beans.factory.support.DefaultListableBeanFactory - Finished creating instance of bean 'org.springframework.boot.devtools.autoconfigure.DevToolsDataSourceAutoConfiguration$DatabaseShutdownExecutorJpaDependencyConfiguration'
01:26:48.692 [main] DEBUG org.springframework.beans.factory.support.DefaultListableBeanFactory - Creating shared instance of singleton bean 'org.springframework.context.annotation.internalAutowiredAnnotationProcessor'
01:26:48.692 [main] DEBUG org.springframework.beans.factory.support.DefaultListableBeanFactory - Creating instance of bean 'org.springframework.context.annotation.internalAutowiredAnnotationProcessor'
01:26:48.694 [main] DEBUG org.springframework.beans.factory.support.DefaultListableBeanFactory - Eagerly caching bean 'org.springframework.context.annotation.internalAutowiredAnnotationProcessor' to allow for resolving potential circular references
01:26:48.695 [main] DEBUG org.springframework.beans.factory.support.DefaultListableBeanFactory - Finished creating instance of bean 'org.springframework.context.annotation.internalAutowiredAnnotationProcessor'
01:26:48.695 [main] DEBUG org.springframework.beans.factory.support.DefaultListableBeanFactory - Creating shared instance of singleton bean 'org.springframework.context.annotation.internalRequiredAnnotationProcessor'
01:26:48.695 [main] DEBUG org.springframework.beans.factory.support.DefaultListableBeanFactory - Creating instance of bean 'org.springframework.context.annotation.internalRequiredAnnotationProcessor'
01:26:48.695 [main] DEBUG org.springframework.beans.factory.support.DefaultListableBeanFactory - Eagerly caching bean 'org.springframework.context.annotation.internalRequiredAnnotationProcessor' to allow for resolving potential circular references
01:26:48.696 [main] DEBUG org.springframework.beans.factory.support.DefaultListableBeanFactory - Finished creating instance of bean 'org.springframework.context.annotation.internalRequiredAnnotationProcessor'
01:26:48.696 [main] DEBUG org.springframework.beans.factory.support.DefaultListableBeanFactory - Creating shared instance of singleton bean 'org.springframework.context.annotation.internalCommonAnnotationProcessor'
01:26:48.696 [main] DEBUG org.springframework.beans.factory.support.DefaultListableBeanFactory - Creating instance of bean 'org.springframework.context.annotation.internalCommonAnnotationProcessor'
01:26:48.696 [main] DEBUG org.springframework.beans.factory.support.DefaultListableBeanFactory - Eagerly caching bean 'org.springframework.context.annotation.internalCommonAnnotationProcessor' to allow for resolving potential circular references
01:26:48.697 [main] DEBUG org.springframework.beans.factory.support.DefaultListableBeanFactory - Finished creating instance of bean 'org.springframework.context.annotation.internalCommonAnnotationProcessor'
01:26:48.697 [main] DEBUG org.springframework.beans.factory.support.DefaultListableBeanFactory - Creating shared instance of singleton bean 'org.springframework.context.annotation.internalPersistenceAnnotationProcessor'
01:26:48.697 [main] DEBUG org.springframework.beans.factory.support.DefaultListableBeanFactory - Creating instance of bean 'org.springframework.context.annotation.internalPersistenceAnnotationProcessor'
01:26:48.697 [main] DEBUG org.springframework.beans.factory.support.DefaultListableBeanFactory - Eagerly caching bean 'org.springframework.context.annotation.internalPersistenceAnnotationProcessor' to allow for resolving potential circular references
01:26:48.698 [main] DEBUG org.springframework.beans.factory.support.DefaultListableBeanFactory - Finished creating instance of bean 'org.springframework.context.annotation.internalPersistenceAnnotationProcessor'
01:26:48.698 [main] DEBUG org.springframework.beans.factory.support.DefaultListableBeanFactory - Creating shared instance of singleton bean 'org.springframework.boot.test.mock.mockito.MockitoPostProcessor$SpyPostProcessor'
01:26:48.698 [main] DEBUG org.springframework.beans.factory.support.DefaultListableBeanFactory - Creating instance of bean 'org.springframework.boot.test.mock.mockito.MockitoPostProcessor$SpyPostProcessor'
01:26:48.698 [main] DEBUG org.springframework.beans.factory.support.DefaultListableBeanFactory - Returning cached instance of singleton bean 'org.springframework.boot.test.mock.mockito.MockitoPostProcessor'
01:26:48.699 [main] DEBUG org.springframework.beans.factory.support.DefaultListableBeanFactory - Eagerly caching bean 'org.springframework.boot.test.mock.mockito.MockitoPostProcessor$SpyPostProcessor' to allow for resolving potential circular references
01:26:48.699 [main] DEBUG org.springframework.beans.factory.support.DefaultListableBeanFactory - Finished creating instance of bean 'org.springframework.boot.test.mock.mockito.MockitoPostProcessor$SpyPostProcessor'
01:26:48.699 [main] DEBUG org.springframework.beans.factory.support.DefaultListableBeanFactory - Creating shared instance of singleton bean 'org.springframework.boot.context.properties.ConfigurationPropertiesBindingPostProcessor'
01:26:48.699 [main] DEBUG org.springframework.beans.factory.support.DefaultListableBeanFactory - Creating instance of bean 'org.springframework.boot.context.properties.ConfigurationPropertiesBindingPostProcessor'
01:26:48.699 [main] DEBUG org.springframework.beans.factory.support.DefaultListableBeanFactory - Eagerly caching bean 'org.springframework.boot.context.properties.ConfigurationPropertiesBindingPostProcessor' to allow for resolving potential circular references
01:26:48.699 [main] DEBUG org.springframework.beans.factory.support.DefaultListableBeanFactory - Invoking afterPropertiesSet() on bean with name 'org.springframework.boot.context.properties.ConfigurationPropertiesBindingPostProcessor'
01:26:48.700 [main] DEBUG org.springframework.beans.factory.support.DefaultListableBeanFactory - Returning cached instance of singleton bean 'org.springframework.boot.context.properties.ConfigurationBeanFactoryMetadata'
01:26:48.700 [main] DEBUG org.springframework.beans.factory.support.DefaultListableBeanFactory - Returning cached instance of singleton bean 'propertySourcesPlaceholderConfigurer'
01:26:48.700 [main] DEBUG org.springframework.beans.factory.support.DefaultListableBeanFactory - Finished creating instance of bean 'org.springframework.boot.context.properties.ConfigurationPropertiesBindingPostProcessor'
01:26:48.700 [main] DEBUG org.springframework.beans.factory.support.DefaultListableBeanFactory - Returning cached instance of singleton bean 'org.springframework.boot.test.mock.mockito.MockitoPostProcessor'
01:26:48.700 [main] DEBUG org.springframework.beans.factory.support.DefaultListableBeanFactory - Creating shared instance of singleton bean 'exceptionTranslation'
01:26:48.701 [main] DEBUG org.springframework.beans.factory.support.DefaultListableBeanFactory - Creating instance of bean 'exceptionTranslation'
01:26:48.701 [main] DEBUG org.springframework.beans.factory.support.DefaultListableBeanFactory - Creating shared instance of singleton bean 'persistenceConfiguration'
01:26:48.701 [main] DEBUG org.springframework.beans.factory.support.DefaultListableBeanFactory - Creating instance of bean 'persistenceConfiguration'
01:26:48.701 [main] DEBUG org.springframework.beans.factory.support.DefaultListableBeanFactory - Eagerly caching bean 'persistenceConfiguration' to allow for resolving potential circular references
01:26:48.702 [main] INFO org.springframework.context.support.PostProcessorRegistrationDelegate$BeanPostProcessorChecker - Bean 'persistenceConfiguration' of type [ngondi.ged.ga.infrastructure.PersistenceConfiguration$$EnhancerBySpringCGLIB$$8062b3f4] is not eligible for getting processed by all BeanPostProcessors (for example: not eligible for auto-proxying)
01:26:48.702 [main] DEBUG org.springframework.beans.factory.support.DefaultListableBeanFactory - Finished creating instance of bean 'persistenceConfiguration'
01:26:48.702 [main] DEBUG org.springframework.beans.factory.support.DefaultListableBeanFactory - Eagerly caching bean 'exceptionTranslation' to allow for resolving potential circular references
01:26:48.703 [main] DEBUG org.springframework.beans.factory.support.DefaultListableBeanFactory - Finished creating instance of bean 'exceptionTranslation'
01:26:48.703 [main] DEBUG org.springframework.beans.factory.support.DefaultListableBeanFactory - Creating shared instance of singleton bean 'methodValidationPostProcessor'
01:26:48.704 [main] DEBUG org.springframework.beans.factory.support.DefaultListableBeanFactory - Creating instance of bean 'methodValidationPostProcessor'
01:26:48.705 [main] DEBUG org.springframework.beans.factory.support.DefaultListableBeanFactory - Returning cached instance of singleton bean 'environment'
01:26:48.706 [main] DEBUG org.springframework.aop.framework.JdkDynamicAopProxy - Creating JDK dynamic proxy: target source is org.springframework.context.annotation.ContextAnnotationAutowireCandidateResolver$1@67a8bcbb
01:26:48.706 [main] DEBUG org.springframework.beans.factory.support.DefaultListableBeanFactory - Autowiring by type from bean name 'methodValidationPostProcessor' via factory method to bean named 'environment'
01:26:48.706 [main] DEBUG org.springframework.core.env.PropertySourcesPropertyResolver - Could not find key 'spring.aop.proxy-target-class' in any property source
01:26:48.706 [main] DEBUG org.springframework.beans.factory.support.DefaultListableBeanFactory - Eagerly caching bean 'methodValidationPostProcessor' to allow for resolving potential circular references
01:26:48.712 [main] DEBUG org.springframework.beans.factory.support.DefaultListableBeanFactory - Invoking afterPropertiesSet() on bean with name 'methodValidationPostProcessor'
01:26:48.713 [main] DEBUG org.springframework.beans.factory.support.DefaultListableBeanFactory - Finished creating instance of bean 'methodValidationPostProcessor'
01:26:48.713 [main] DEBUG org.springframework.beans.factory.support.DefaultListableBeanFactory - Creating shared instance of singleton bean 'org.springframework.aop.config.internalAutoProxyCreator'
01:26:48.713 [main] DEBUG org.springframework.beans.factory.support.DefaultListableBeanFactory - Creating instance of bean 'org.springframework.aop.config.internalAutoProxyCreator'
01:26:48.714 [main] DEBUG org.springframework.beans.factory.support.DefaultListableBeanFactory - Eagerly caching bean 'org.springframework.aop.config.internalAutoProxyCreator' to allow for resolving potential circular references
01:26:48.716 [main] DEBUG org.springframework.beans.factory.support.DefaultListableBeanFactory - Finished creating instance of bean 'org.springframework.aop.config.internalAutoProxyCreator'
01:26:48.716 [main] DEBUG org.springframework.beans.factory.support.DefaultListableBeanFactory - Creating shared instance of singleton bean 'dataSourceInitializerPostProcessor'
01:26:48.716 [main] DEBUG org.springframework.beans.factory.support.DefaultListableBeanFactory - Creating instance of bean 'dataSourceInitializerPostProcessor'
01:26:48.716 [main] DEBUG org.springframework.beans.factory.annotation.InjectionMetadata - Registered injected element on class [org.springframework.boot.autoconfigure.jdbc.DataSourceInitializerPostProcessor]: AutowiredFieldElement for private org.springframework.beans.factory.BeanFactory org.springframework.boot.autoconfigure.jdbc.DataSourceInitializerPostProcessor.beanFactory
01:26:48.717 [main] DEBUG org.springframework.beans.factory.support.DefaultListableBeanFactory - Eagerly caching bean 'dataSourceInitializerPostProcessor' to allow for resolving potential circular references
01:26:48.717 [main] DEBUG org.springframework.beans.factory.annotation.InjectionMetadata - Processing injected element of bean 'dataSourceInitializerPostProcessor': AutowiredFieldElement for private org.springframework.beans.factory.BeanFactory org.springframework.boot.autoconfigure.jdbc.DataSourceInitializerPostProcessor.beanFactory
01:26:48.718 [main] DEBUG org.springframework.beans.factory.annotation.AutowiredAnnotationBeanPostProcessor - Autowiring by type from bean name 'dataSourceInitializerPostProcessor' to bean named 'org.springframework.beans.factory.support.DefaultListableBeanFactory@4cb00fa5'
01:26:48.718 [main] DEBUG org.springframework.beans.factory.support.DefaultListableBeanFactory - Finished creating instance of bean 'dataSourceInitializerPostProcessor'
01:26:48.718 [main] DEBUG org.springframework.beans.factory.support.DefaultListableBeanFactory - Creating shared instance of singleton bean 'dataSourceInitializedPublisher'
01:26:48.718 [main] DEBUG org.springframework.beans.factory.support.DefaultListableBeanFactory - Creating instance of bean 'dataSourceInitializedPublisher'
01:26:48.719 [main] DEBUG org.springframework.beans.factory.annotation.InjectionMetadata - Registered injected element on class [org.springframework.boot.autoconfigure.orm.jpa.DataSourceInitializedPublisher]: AutowiredFieldElement for private org.springframework.context.ApplicationContext org.springframework.boot.autoconfigure.orm.jpa.DataSourceInitializedPublisher.applicationContext
01:26:48.719 [main] DEBUG org.springframework.beans.factory.support.DefaultListableBeanFactory - Eagerly caching bean 'dataSourceInitializedPublisher' to allow for resolving potential circular references
01:26:48.722 [main] DEBUG org.springframework.beans.factory.annotation.InjectionMetadata - Processing injected element of bean 'dataSourceInitializedPublisher': AutowiredFieldElement for private org.springframework.context.ApplicationContext org.springframework.boot.autoconfigure.orm.jpa.DataSourceInitializedPublisher.applicationContext
01:26:48.723 [main] DEBUG org.springframework.beans.factory.annotation.AutowiredAnnotationBeanPostProcessor - Autowiring by type from bean name 'dataSourceInitializedPublisher' to bean named 'org.springframework.context.support.GenericApplicationContext@15994b0b'
01:26:48.723 [main] DEBUG org.springframework.beans.factory.support.DefaultListableBeanFactory - Finished creating instance of bean 'dataSourceInitializedPublisher'
01:26:48.724 [main] DEBUG org.springframework.beans.factory.support.DefaultListableBeanFactory - Returning cached instance of singleton bean 'org.springframework.boot.test.autoconfigure.properties.PropertyMappingContextCustomizer$PropertyMappingCheckBeanPostProcessor'
01:26:48.724 [main] DEBUG org.springframework.context.support.GenericApplicationContext - Unable to locate MessageSource with name 'messageSource': using default [org.springframework.context.support.DelegatingMessageSource@6cceb281]
01:26:48.724 [main] DEBUG org.springframework.context.support.GenericApplicationContext - Unable to locate ApplicationEventMulticaster with name 'applicationEventMulticaster': using default [org.springframework.context.event.SimpleApplicationEventMulticaster@7cca31fc]
01:26:48.725 [main] DEBUG org.springframework.beans.factory.support.DefaultListableBeanFactory - Creating shared instance of singleton bean 'inMemoryDatabaseShutdownExecutor'
01:26:48.725 [main] DEBUG org.springframework.beans.factory.support.DefaultListableBeanFactory - Creating instance of bean 'inMemoryDatabaseShutdownExecutor'
01:26:48.726 [main] DEBUG org.springframework.beans.factory.support.DefaultListableBeanFactory - Creating shared instance of singleton bean 'org.springframework.transaction.config.internalTransactionAdvisor'
01:26:48.726 [main] DEBUG org.springframework.beans.factory.support.DefaultListableBeanFactory - Creating instance of bean 'org.springframework.transaction.config.internalTransactionAdvisor'
01:26:48.726 [main] DEBUG org.springframework.beans.factory.support.DefaultListableBeanFactory - Creating shared instance of singleton bean 'org.springframework.transaction.annotation.ProxyTransactionManagementConfiguration'
01:26:48.726 [main] DEBUG org.springframework.beans.factory.support.DefaultListableBeanFactory - Creating instance of bean 'org.springframework.transaction.annotation.ProxyTransactionManagementConfiguration'
01:26:48.726 [main] DEBUG org.springframework.aop.framework.autoproxy.BeanFactoryAdvisorRetrievalHelper - Skipping currently created advisor 'org.springframework.transaction.config.internalTransactionAdvisor'
01:26:48.732 [main] DEBUG org.springframework.beans.factory.annotation.InjectionMetadata - Registered injected element on class [org.springframework.transaction.annotation.ProxyTransactionManagementConfiguration$$EnhancerBySpringCGLIB$$685af348]: AutowiredMethodElement for void org.springframework.transaction.annotation.AbstractTransactionManagementConfiguration.setConfigurers(java.util.Collection)
01:26:48.732 [main] DEBUG org.springframework.beans.factory.support.DefaultListableBeanFactory - Eagerly caching bean 'org.springframework.transaction.annotation.ProxyTransactionManagementConfiguration' to allow for resolving potential circular references
01:26:48.732 [main] DEBUG org.springframework.beans.factory.annotation.InjectionMetadata - Processing injected element of bean 'org.springframework.transaction.annotation.ProxyTransactionManagementConfiguration': AutowiredMethodElement for void org.springframework.transaction.annotation.AbstractTransactionManagementConfiguration.setConfigurers(java.util.Collection)
01:26:48.734 [main] DEBUG org.springframework.beans.factory.support.DefaultListableBeanFactory - Returning cached instance of singleton bean 'org.springframework.context.annotation.ConfigurationClassPostProcessor.importRegistry'
01:26:48.734 [main] DEBUG org.springframework.aop.framework.autoproxy.BeanFactoryAdvisorRetrievalHelper - Skipping currently created advisor 'org.springframework.transaction.config.internalTransactionAdvisor'
01:26:48.734 [main] DEBUG org.springframework.aop.framework.autoproxy.BeanFactoryAdvisorRetrievalHelper - Skipping currently created advisor 'org.springframework.transaction.config.internalTransactionAdvisor'
01:26:48.734 [main] DEBUG org.springframework.beans.factory.support.DefaultListableBeanFactory - Finished creating instance of bean 'org.springframework.transaction.annotation.ProxyTransactionManagementConfiguration'
01:26:48.735 [main] DEBUG org.springframework.beans.factory.support.DefaultListableBeanFactory - Creating shared instance of singleton bean 'transactionAttributeSource'
01:26:48.735 [main] DEBUG org.springframework.beans.factory.support.DefaultListableBeanFactory - Creating instance of bean 'transactionAttributeSource'
01:26:48.735 [main] DEBUG org.springframework.aop.framework.autoproxy.BeanFactoryAdvisorRetrievalHelper - Skipping currently created advisor 'org.springframework.transaction.config.internalTransactionAdvisor'
01:26:48.735 [main] DEBUG org.springframework.beans.factory.support.DefaultListableBeanFactory - Returning cached instance of singleton bean 'org.springframework.transaction.annotation.ProxyTransactionManagementConfiguration'
01:26:48.735 [main] DEBUG org.springframework.beans.factory.support.DefaultListableBeanFactory - Eagerly caching bean 'transactionAttributeSource' to allow for resolving potential circular references
01:26:48.736 [main] DEBUG org.springframework.aop.framework.autoproxy.BeanFactoryAdvisorRetrievalHelper - Skipping currently created advisor 'org.springframework.transaction.config.internalTransactionAdvisor'
01:26:48.736 [main] DEBUG org.springframework.aop.framework.autoproxy.BeanFactoryAdvisorRetrievalHelper - Skipping currently created advisor 'org.springframework.transaction.config.internalTransactionAdvisor'
01:26:48.736 [main] DEBUG org.springframework.beans.factory.support.DefaultListableBeanFactory - Finished creating instance of bean 'transactionAttributeSource'
01:26:48.739 [main] DEBUG org.springframework.beans.factory.support.DefaultListableBeanFactory - Creating shared instance of singleton bean 'transactionInterceptor'
01:26:48.740 [main] DEBUG org.springframework.beans.factory.support.DefaultListableBeanFactory - Creating instance of bean 'transactionInterceptor'
01:26:48.742 [main] DEBUG org.springframework.beans.factory.support.DefaultListableBeanFactory - Returning cached instance of singleton bean 'org.springframework.transaction.annotation.ProxyTransactionManagementConfiguration'
01:26:48.742 [main] DEBUG org.springframework.beans.factory.support.DefaultListableBeanFactory - Returning cached instance of singleton bean 'transactionAttributeSource'
01:26:48.743 [main] DEBUG org.springframework.beans.factory.support.DefaultListableBeanFactory - Eagerly caching bean 'transactionInterceptor' to allow for resolving potential circular references
01:26:48.743 [main] DEBUG org.springframework.beans.factory.support.DefaultListableBeanFactory - Invoking afterPropertiesSet() on bean with name 'transactionInterceptor'
01:26:48.743 [main] DEBUG org.springframework.beans.factory.support.DefaultListableBeanFactory - Finished creating instance of bean 'transactionInterceptor'
01:26:48.744 [main] DEBUG org.springframework.beans.factory.support.DefaultListableBeanFactory - Eagerly caching bean 'org.springframework.transaction.config.internalTransactionAdvisor' to allow for resolving potential circular references
01:26:48.744 [main] DEBUG org.springframework.beans.factory.support.DefaultListableBeanFactory - Finished creating instance of bean 'org.springframework.transaction.config.internalTransactionAdvisor'
01:26:48.744 [main] DEBUG org.springframework.beans.factory.support.DefaultListableBeanFactory - Creating shared instance of singleton bean 'org.springframework.boot.devtools.autoconfigure.DevToolsDataSourceAutoConfiguration'
01:26:48.744 [main] DEBUG org.springframework.beans.factory.support.DefaultListableBeanFactory - Creating instance of bean 'org.springframework.boot.devtools.autoconfigure.DevToolsDataSourceAutoConfiguration'
01:26:48.745 [main] DEBUG org.springframework.beans.factory.support.DefaultListableBeanFactory - Returning cached instance of singleton bean 'org.springframework.transaction.config.internalTransactionAdvisor'
01:26:48.745 [main] DEBUG org.springframework.beans.factory.support.DefaultListableBeanFactory - Eagerly caching bean 'org.springframework.boot.devtools.autoconfigure.DevToolsDataSourceAutoConfiguration' to allow for resolving potential circular references
01:26:48.745 [main] DEBUG org.springframework.beans.factory.support.DefaultListableBeanFactory - Returning cached instance of singleton bean 'org.springframework.transaction.config.internalTransactionAdvisor'
01:26:48.746 [main] DEBUG org.springframework.beans.factory.support.DefaultListableBeanFactory - Returning cached instance of singleton bean 'org.springframework.transaction.config.internalTransactionAdvisor'
01:26:48.746 [main] DEBUG org.springframework.beans.factory.support.DefaultListableBeanFactory - Finished creating instance of bean 'org.springframework.boot.devtools.autoconfigure.DevToolsDataSourceAutoConfiguration'
01:26:48.747 [main] DEBUG org.springframework.beans.factory.support.DefaultListableBeanFactory - Creating shared instance of singleton bean 'dataSource'
01:26:48.748 [main] DEBUG org.springframework.beans.factory.support.DefaultListableBeanFactory - Creating instance of bean 'dataSource'
01:26:48.748 [main] DEBUG org.springframework.beans.factory.support.DefaultListableBeanFactory - Returning cached instance of singleton bean 'org.springframework.transaction.config.internalTransactionAdvisor'
01:26:48.748 [main] DEBUG org.springframework.beans.factory.support.DefaultListableBeanFactory - Creating shared instance of singleton bean 'org.springframework.boot.autoconfigure.jdbc.DataSourceConfiguration$Hikari'
01:26:48.748 [main] DEBUG org.springframework.beans.factory.support.DefaultListableBeanFactory - Creating instance of bean 'org.springframework.boot.autoconfigure.jdbc.DataSourceConfiguration$Hikari'
01:26:48.748 [main] DEBUG org.springframework.beans.factory.support.DefaultListableBeanFactory - Returning cached instance of singleton bean 'org.springframework.transaction.config.internalTransactionAdvisor'
01:26:48.748 [main] DEBUG org.springframework.beans.factory.support.DefaultListableBeanFactory - Eagerly caching bean 'org.springframework.boot.autoconfigure.jdbc.DataSourceConfiguration$Hikari' to allow for resolving potential circular references
01:26:48.748 [main] DEBUG org.springframework.beans.factory.support.DefaultListableBeanFactory - Returning cached instance of singleton bean 'org.springframework.transaction.config.internalTransactionAdvisor'
01:26:48.748 [main] DEBUG org.springframework.beans.factory.support.DefaultListableBeanFactory - Returning cached instance of singleton bean 'org.springframework.transaction.config.internalTransactionAdvisor'
01:26:48.749 [main] DEBUG org.springframework.beans.factory.support.DefaultListableBeanFactory - Finished creating instance of bean 'org.springframework.boot.autoconfigure.jdbc.DataSourceConfiguration$Hikari'
01:26:48.749 [main] DEBUG org.springframework.beans.factory.support.DefaultListableBeanFactory - Creating shared instance of singleton bean 'spring.datasource-org.springframework.boot.autoconfigure.jdbc.DataSourceProperties'
01:26:48.750 [main] DEBUG org.springframework.beans.factory.support.DefaultListableBeanFactory - Creating instance of bean 'spring.datasource-org.springframework.boot.autoconfigure.jdbc.DataSourceProperties'
01:26:48.750 [main] DEBUG org.springframework.beans.factory.support.DefaultListableBeanFactory - Returning cached instance of singleton bean 'org.springframework.transaction.config.internalTransactionAdvisor'
01:26:48.750 [main] DEBUG org.springframework.beans.factory.support.DefaultListableBeanFactory - Eagerly caching bean 'spring.datasource-org.springframework.boot.autoconfigure.jdbc.DataSourceProperties' to allow for resolving potential circular references
01:26:48.751 [main] DEBUG org.springframework.beans.factory.support.DefaultListableBeanFactory - Creating instance of bean 'org.springframework.boot.context.properties.ConversionServiceDeducer$Factory'
01:26:48.752 [main] DEBUG org.springframework.beans.factory.support.DefaultListableBeanFactory - Returning cached instance of singleton bean 'org.springframework.transaction.config.internalTransactionAdvisor'
01:26:48.758 [main] DEBUG org.springframework.beans.factory.annotation.InjectionMetadata - Registered injected element on class [org.springframework.boot.context.properties.ConversionServiceDeducer$Factory]: AutowiredMethodElement for public void org.springframework.boot.context.properties.ConversionServiceDeducer$Factory.setConverters(java.util.List)
01:26:48.758 [main] DEBUG org.springframework.beans.factory.annotation.InjectionMetadata - Registered injected element on class [org.springframework.boot.context.properties.ConversionServiceDeducer$Factory]: AutowiredMethodElement for public void org.springframework.boot.context.properties.ConversionServiceDeducer$Factory.setGenericConverters(java.util.List)
01:26:48.759 [main] DEBUG org.springframework.beans.factory.annotation.InjectionMetadata - Processing injected element of bean 'org.springframework.boot.context.properties.ConversionServiceDeducer$Factory': AutowiredMethodElement for public void org.springframework.boot.context.properties.ConversionServiceDeducer$Factory.setConverters(java.util.List)
01:26:48.760 [main] DEBUG org.springframework.beans.factory.annotation.InjectionMetadata - Processing injected element of bean 'org.springframework.boot.context.properties.ConversionServiceDeducer$Factory': AutowiredMethodElement for public void org.springframework.boot.context.properties.ConversionServiceDeducer$Factory.setGenericConverters(java.util.List)
01:26:48.762 [main] DEBUG org.springframework.beans.factory.support.DefaultListableBeanFactory - Returning cached instance of singleton bean 'org.springframework.transaction.config.internalTransactionAdvisor'
01:26:48.762 [main] DEBUG org.springframework.beans.factory.support.DefaultListableBeanFactory - Returning cached instance of singleton bean 'org.springframework.transaction.config.internalTransactionAdvisor'
01:26:48.762 [main] DEBUG org.springframework.beans.factory.support.DefaultListableBeanFactory - Finished creating instance of bean 'org.springframework.boot.context.properties.ConversionServiceDeducer$Factory'
01:26:48.775 [main] DEBUG org.springframework.beans.factory.support.DefaultListableBeanFactory - Invoking afterPropertiesSet() on bean with name 'spring.datasource-org.springframework.boot.autoconfigure.jdbc.DataSourceProperties'
01:26:48.779 [main] DEBUG org.springframework.beans.factory.support.DefaultListableBeanFactory - Returning cached instance of singleton bean 'org.springframework.transaction.config.internalTransactionAdvisor'
01:26:48.779 [main] DEBUG org.springframework.beans.factory.support.DefaultListableBeanFactory - Returning cached instance of singleton bean 'org.springframework.transaction.config.internalTransactionAdvisor'
01:26:48.780 [main] DEBUG org.springframework.beans.factory.support.DefaultListableBeanFactory - Finished creating instance of bean 'spring.datasource-org.springframework.boot.autoconfigure.jdbc.DataSourceProperties'
01:26:48.780 [main] DEBUG org.springframework.beans.factory.support.DefaultListableBeanFactory - Autowiring by type from bean name 'dataSource' via factory method to bean named 'spring.datasource-org.springframework.boot.autoconfigure.jdbc.DataSourceProperties'
01:26:48.783 [main] DEBUG com.zaxxer.hikari.HikariConfig - Driver class com.mysql.jdbc.Driver found in Thread context class loader sun.misc.Launcher$AppClassLoader@6bc7c054
01:26:48.798 [main] DEBUG org.springframework.beans.factory.support.DefaultListableBeanFactory - Eagerly caching bean 'dataSource' to allow for resolving potential circular references
01:26:48.800 [main] DEBUG org.springframework.beans.factory.support.DefaultListableBeanFactory - Returning cached instance of singleton bean 'org.springframework.transaction.config.internalTransactionAdvisor'
01:26:48.801 [main] DEBUG org.springframework.beans.factory.support.DefaultListableBeanFactory - Returning cached instance of singleton bean 'org.springframework.transaction.config.internalTransactionAdvisor'
01:26:48.804 [main] DEBUG org.springframework.beans.factory.support.DefaultListableBeanFactory - Creating shared instance of singleton bean 'org.springframework.boot.autoconfigure.jdbc.DataSourceInitializerInvoker'
01:26:48.805 [main] DEBUG org.springframework.beans.factory.support.DefaultListableBeanFactory - Creating instance of bean 'org.springframework.boot.autoconfigure.jdbc.DataSourceInitializerInvoker'
01:26:48.805 [main] DEBUG org.springframework.beans.factory.support.DefaultListableBeanFactory - Returning cached instance of singleton bean 'org.springframework.transaction.config.internalTransactionAdvisor'
01:26:48.806 [main] DEBUG org.springframework.beans.factory.support.DefaultListableBeanFactory - Returning cached instance of singleton bean 'spring.datasource-org.springframework.boot.autoconfigure.jdbc.DataSourceProperties'
01:26:48.808 [main] DEBUG org.springframework.beans.factory.support.DefaultListableBeanFactory - Autowiring by type from bean name 'org.springframework.boot.autoconfigure.jdbc.DataSourceInitializerInvoker' via constructor to bean named 'spring.datasource-org.springframework.boot.autoconfigure.jdbc.DataSourceProperties'
01:26:48.808 [main] DEBUG org.springframework.beans.factory.support.DefaultListableBeanFactory - Autowiring by type from bean name 'org.springframework.boot.autoconfigure.jdbc.DataSourceInitializerInvoker' via constructor to bean named 'org.springframework.context.support.GenericApplicationContext@15994b0b'
01:26:48.809 [main] DEBUG org.springframework.beans.factory.support.DefaultListableBeanFactory - Eagerly caching bean 'org.springframework.boot.autoconfigure.jdbc.DataSourceInitializerInvoker' to allow for resolving potential circular references
01:26:48.809 [main] DEBUG org.springframework.beans.factory.support.DefaultListableBeanFactory - Invoking afterPropertiesSet() on bean with name 'org.springframework.boot.autoconfigure.jdbc.DataSourceInitializerInvoker'
01:26:48.810 [main] DEBUG org.springframework.beans.factory.support.DefaultListableBeanFactory - Returning eagerly cached instance of singleton bean 'dataSource' that is not fully initialized yet - a consequence of a circular reference
01:26:48.812 [main] DEBUG org.springframework.core.io.support.PathMatchingResourcePatternResolver - Resolved classpath location [schema-all.sql] to resources []
01:26:48.813 [main] DEBUG org.springframework.core.io.support.PathMatchingResourcePatternResolver - Resolved classpath location [schema.sql] to resources []
01:26:48.813 [main] DEBUG org.springframework.beans.factory.support.DefaultListableBeanFactory - Returning cached instance of singleton bean 'org.springframework.transaction.config.internalTransactionAdvisor'
01:26:48.814 [main] DEBUG org.springframework.beans.factory.support.DefaultListableBeanFactory - Returning cached instance of singleton bean 'org.springframework.transaction.config.internalTransactionAdvisor'
01:26:48.816 [main] DEBUG org.springframework.beans.factory.support.DefaultListableBeanFactory - Finished creating instance of bean 'org.springframework.boot.autoconfigure.jdbc.DataSourceInitializerInvoker'
01:26:48.816 [main] DEBUG org.springframework.beans.factory.support.DefaultListableBeanFactory - Finished creating instance of bean 'dataSource'
01:26:48.817 [main] DEBUG org.springframework.beans.factory.support.DefaultListableBeanFactory - Returning cached instance of singleton bean 'spring.datasource-org.springframework.boot.autoconfigure.jdbc.DataSourceProperties'
01:26:48.817 [main] DEBUG org.springframework.beans.factory.support.DefaultListableBeanFactory - Autowiring by type from bean name 'inMemoryDatabaseShutdownExecutor' via factory method to bean named 'dataSource'
01:26:48.817 [main] DEBUG org.springframework.beans.factory.support.DefaultListableBeanFactory - Autowiring by type from bean name 'inMemoryDatabaseShutdownExecutor' via factory method to bean named 'spring.datasource-org.springframework.boot.autoconfigure.jdbc.DataSourceProperties'
01:26:48.818 [main] DEBUG org.springframework.beans.factory.support.DefaultListableBeanFactory - Eagerly caching bean 'inMemoryDatabaseShutdownExecutor' to allow for resolving potential circular references
01:26:48.819 [main] DEBUG org.springframework.beans.factory.support.DefaultListableBeanFactory - Returning cached instance of singleton bean 'org.springframework.transaction.config.internalTransactionAdvisor'
01:26:48.821 [main] DEBUG org.springframework.beans.factory.support.DefaultListableBeanFactory - Returning cached instance of singleton bean 'org.springframework.transaction.config.internalTransactionAdvisor'
01:26:48.822 [main] DEBUG org.springframework.beans.factory.support.DefaultListableBeanFactory - Finished creating instance of bean 'inMemoryDatabaseShutdownExecutor'
01:26:48.822 [main] DEBUG org.springframework.beans.factory.support.DefaultListableBeanFactory - Creating shared instance of singleton bean 'entityManagerFactory'
01:26:48.822 [main] DEBUG org.springframework.beans.factory.support.DefaultListableBeanFactory - Creating instance of bean 'entityManagerFactory'
01:26:48.822 [main] DEBUG org.springframework.beans.factory.support.DefaultListableBeanFactory - Returning cached instance of singleton bean 'org.springframework.transaction.config.internalTransactionAdvisor'
01:26:48.822 [main] DEBUG org.springframework.beans.factory.support.DefaultListableBeanFactory - Creating shared instance of singleton bean 'org.springframework.boot.autoconfigure.orm.jpa.HibernateJpaConfiguration'
01:26:48.822 [main] DEBUG org.springframework.beans.factory.support.DefaultListableBeanFactory - Creating instance of bean 'org.springframework.boot.autoconfigure.orm.jpa.HibernateJpaConfiguration'
01:26:48.823 [main] DEBUG org.springframework.beans.factory.support.DefaultListableBeanFactory - Returning cached instance of singleton bean 'org.springframework.transaction.config.internalTransactionAdvisor'
01:26:48.823 [main] DEBUG org.springframework.core.LocalVariableTableParameterNameDiscoverer - Cannot find '.class' file for class [class org.springframework.boot.autoconfigure.orm.jpa.HibernateJpaConfiguration$$EnhancerBySpringCGLIB$$8731b5b7] - unable to determine constructor/method parameter names
01:26:48.824 [main] DEBUG org.springframework.beans.factory.support.DefaultListableBeanFactory - Returning cached instance of singleton bean 'dataSource'
01:26:48.825 [main] DEBUG org.springframework.beans.factory.support.DefaultListableBeanFactory - Creating shared instance of singleton bean 'spring.jpa-org.springframework.boot.autoconfigure.orm.jpa.JpaProperties'
01:26:48.826 [main] DEBUG org.springframework.beans.factory.support.DefaultListableBeanFactory - Creating instance of bean 'spring.jpa-org.springframework.boot.autoconfigure.orm.jpa.JpaProperties'
01:26:48.826 [main] DEBUG org.springframework.beans.factory.support.DefaultListableBeanFactory - Returning cached instance of singleton bean 'org.springframework.transaction.config.internalTransactionAdvisor'
01:26:48.826 [main] DEBUG org.springframework.beans.factory.support.DefaultListableBeanFactory - Eagerly caching bean 'spring.jpa-org.springframework.boot.autoconfigure.orm.jpa.JpaProperties' to allow for resolving potential circular references
01:26:48.841 [main] DEBUG org.springframework.beans.factory.support.DefaultListableBeanFactory - Returning cached instance of singleton bean 'org.springframework.transaction.config.internalTransactionAdvisor'
01:26:48.841 [main] DEBUG org.springframework.beans.factory.support.DefaultListableBeanFactory - Returning cached instance of singleton bean 'org.springframework.transaction.config.internalTransactionAdvisor'
01:26:48.842 [main] DEBUG org.springframework.beans.factory.support.DefaultListableBeanFactory - Finished creating instance of bean 'spring.jpa-org.springframework.boot.autoconfigure.orm.jpa.JpaProperties'
01:26:48.842 [main] DEBUG org.springframework.beans.factory.support.DefaultListableBeanFactory - Autowiring by type from bean name 'org.springframework.boot.autoconfigure.orm.jpa.HibernateJpaConfiguration' via constructor to bean named 'dataSource'
01:26:48.842 [main] DEBUG org.springframework.beans.factory.support.DefaultListableBeanFactory - Autowiring by type from bean name 'org.springframework.boot.autoconfigure.orm.jpa.HibernateJpaConfiguration' via constructor to bean named 'spring.jpa-org.springframework.boot.autoconfigure.orm.jpa.JpaProperties'
01:26:48.845 [main] DEBUG org.springframework.beans.factory.support.DefaultListableBeanFactory - Creating shared instance of singleton bean 'platformTransactionManagerCustomizers'
01:26:48.845 [main] DEBUG org.springframework.beans.factory.support.DefaultListableBeanFactory - Creating instance of bean 'platformTransactionManagerCustomizers'
01:26:48.845 [main] DEBUG org.springframework.beans.factory.support.DefaultListableBeanFactory - Returning cached instance of singleton bean 'org.springframework.transaction.config.internalTransactionAdvisor'
01:26:48.845 [main] DEBUG org.springframework.beans.factory.support.DefaultListableBeanFactory - Creating shared instance of singleton bean 'org.springframework.boot.autoconfigure.transaction.TransactionAutoConfiguration'
01:26:48.845 [main] DEBUG org.springframework.beans.factory.support.DefaultListableBeanFactory - Creating instance of bean 'org.springframework.boot.autoconfigure.transaction.TransactionAutoConfiguration'
01:26:48.846 [main] DEBUG org.springframework.beans.factory.support.DefaultListableBeanFactory - Returning cached instance of singleton bean 'org.springframework.transaction.config.internalTransactionAdvisor'
01:26:48.846 [main] DEBUG org.springframework.beans.factory.support.DefaultListableBeanFactory - Eagerly caching bean 'org.springframework.boot.autoconfigure.transaction.TransactionAutoConfiguration' to allow for resolving potential circular references
01:26:48.847 [main] DEBUG org.springframework.beans.factory.support.DefaultListableBeanFactory - Returning cached instance of singleton bean 'org.springframework.transaction.config.internalTransactionAdvisor'
01:26:48.847 [main] DEBUG org.springframework.beans.factory.support.DefaultListableBeanFactory - Returning cached instance of singleton bean 'org.springframework.transaction.config.internalTransactionAdvisor'
01:26:48.847 [main] DEBUG org.springframework.beans.factory.support.DefaultListableBeanFactory - Finished creating instance of bean 'org.springframework.boot.autoconfigure.transaction.TransactionAutoConfiguration'
01:26:48.849 [main] DEBUG org.springframework.beans.factory.support.DefaultListableBeanFactory - Creating shared instance of singleton bean 'spring.transaction-org.springframework.boot.autoconfigure.transaction.TransactionProperties'
01:26:48.849 [main] DEBUG org.springframework.beans.factory.support.DefaultListableBeanFactory - Creating instance of bean 'spring.transaction-org.springframework.boot.autoconfigure.transaction.TransactionProperties'
01:26:48.850 [main] DEBUG org.springframework.beans.factory.support.DefaultListableBeanFactory - Returning cached instance of singleton bean 'org.springframework.transaction.config.internalTransactionAdvisor'
01:26:48.850 [main] DEBUG org.springframework.beans.factory.support.DefaultListableBeanFactory - Eagerly caching bean 'spring.transaction-org.springframework.boot.autoconfigure.transaction.TransactionProperties' to allow for resolving potential circular references
01:26:48.851 [main] DEBUG org.springframework.beans.factory.support.DefaultListableBeanFactory - Returning cached instance of singleton bean 'org.springframework.transaction.config.internalTransactionAdvisor'
01:26:48.851 [main] DEBUG org.springframework.beans.factory.support.DefaultListableBeanFactory - Returning cached instance of singleton bean 'org.springframework.transaction.config.internalTransactionAdvisor'
01:26:48.852 [main] DEBUG org.springframework.beans.factory.support.DefaultListableBeanFactory - Finished creating instance of bean 'spring.transaction-org.springframework.boot.autoconfigure.transaction.TransactionProperties'
01:26:48.857 [main] DEBUG org.springframework.beans.factory.support.DefaultListableBeanFactory - Eagerly caching bean 'platformTransactionManagerCustomizers' to allow for resolving potential circular references
01:26:48.857 [main] DEBUG org.springframework.beans.factory.support.DefaultListableBeanFactory - Returning cached instance of singleton bean 'org.springframework.transaction.config.internalTransactionAdvisor'
01:26:48.858 [main] DEBUG org.springframework.beans.factory.support.DefaultListableBeanFactory - Returning cached instance of singleton bean 'org.springframework.transaction.config.internalTransactionAdvisor'
01:26:48.858 [main] DEBUG org.springframework.beans.factory.support.DefaultListableBeanFactory - Finished creating instance of bean 'platformTransactionManagerCustomizers'
01:26:48.859 [main] DEBUG org.springframework.beans.factory.support.DefaultListableBeanFactory - Creating shared instance of singleton bean 'hikariPoolDataSourceMetadataProvider'
01:26:48.860 [main] DEBUG org.springframework.beans.factory.support.DefaultListableBeanFactory - Creating instance of bean 'hikariPoolDataSourceMetadataProvider'
01:26:48.860 [main] DEBUG org.springframework.beans.factory.support.DefaultListableBeanFactory - Returning cached instance of singleton bean 'org.springframework.transaction.config.internalTransactionAdvisor'
01:26:48.860 [main] DEBUG org.springframework.beans.factory.support.DefaultListableBeanFactory - Creating shared instance of singleton bean 'org.springframework.boot.autoconfigure.jdbc.metadata.DataSourcePoolMetadataProvidersConfiguration$HikariPoolDataSourceMetadataProviderConfiguration'
01:26:48.860 [main] DEBUG org.springframework.beans.factory.support.DefaultListableBeanFactory - Creating instance of bean 'org.springframework.boot.autoconfigure.jdbc.metadata.DataSourcePoolMetadataProvidersConfiguration$HikariPoolDataSourceMetadataProviderConfiguration'
01:26:48.860 [main] DEBUG org.springframework.beans.factory.support.DefaultListableBeanFactory - Returning cached instance of singleton bean 'org.springframework.transaction.config.internalTransactionAdvisor'
01:26:48.861 [main] DEBUG org.springframework.beans.factory.support.DefaultListableBeanFactory - Eagerly caching bean 'org.springframework.boot.autoconfigure.jdbc.metadata.DataSourcePoolMetadataProvidersConfiguration$HikariPoolDataSourceMetadataProviderConfiguration' to allow for resolving potential circular references
01:26:48.861 [main] DEBUG org.springframework.beans.factory.support.DefaultListableBeanFactory - Returning cached instance of singleton bean 'org.springframework.transaction.config.internalTransactionAdvisor'
01:26:48.861 [main] DEBUG org.springframework.beans.factory.support.DefaultListableBeanFactory - Returning cached instance of singleton bean 'org.springframework.transaction.config.internalTransactionAdvisor'
01:26:48.862 [main] DEBUG org.springframework.beans.factory.support.DefaultListableBeanFactory - Finished creating instance of bean 'org.springframework.boot.autoconfigure.jdbc.metadata.DataSourcePoolMetadataProvidersConfiguration$HikariPoolDataSourceMetadataProviderConfiguration'
01:26:48.863 [main] DEBUG org.springframework.beans.factory.support.DefaultListableBeanFactory - Eagerly caching bean 'hikariPoolDataSourceMetadataProvider' to allow for resolving potential circular references
01:26:48.864 [main] DEBUG org.springframework.beans.factory.support.DefaultListableBeanFactory - Returning cached instance of singleton bean 'org.springframework.transaction.config.internalTransactionAdvisor'
01:26:48.864 [main] DEBUG org.springframework.beans.factory.support.DefaultListableBeanFactory - Returning cached instance of singleton bean 'org.springframework.transaction.config.internalTransactionAdvisor'
01:26:48.865 [main] DEBUG org.springframework.beans.factory.support.DefaultListableBeanFactory - Finished creating instance of bean 'hikariPoolDataSourceMetadataProvider'
01:26:48.869 [main] DEBUG org.springframework.beans.factory.support.DefaultListableBeanFactory - Eagerly caching bean 'org.springframework.boot.autoconfigure.orm.jpa.HibernateJpaConfiguration' to allow for resolving potential circular references
01:26:48.872 [main] DEBUG org.springframework.beans.factory.support.DefaultListableBeanFactory - Returning cached instance of singleton bean 'org.springframework.transaction.config.internalTransactionAdvisor'
01:26:48.872 [main] DEBUG org.springframework.beans.factory.support.DefaultListableBeanFactory - Returning cached instance of singleton bean 'org.springframework.transaction.config.internalTransactionAdvisor'
01:26:48.874 [main] DEBUG org.springframework.beans.factory.support.DefaultListableBeanFactory - Finished creating instance of bean 'org.springframework.boot.autoconfigure.orm.jpa.HibernateJpaConfiguration'
01:26:48.875 [main] DEBUG org.springframework.beans.factory.support.DefaultListableBeanFactory - Creating shared instance of singleton bean 'entityManagerFactoryBuilder'
01:26:48.875 [main] DEBUG org.springframework.beans.factory.support.DefaultListableBeanFactory - Creating instance of bean 'entityManagerFactoryBuilder'
01:26:48.875 [main] DEBUG org.springframework.beans.factory.support.DefaultListableBeanFactory - Returning cached instance of singleton bean 'org.springframework.transaction.config.internalTransactionAdvisor'
01:26:48.875 [main] DEBUG org.springframework.beans.factory.support.DefaultListableBeanFactory - Returning cached instance of singleton bean 'org.springframework.boot.autoconfigure.orm.jpa.HibernateJpaConfiguration'
01:26:48.876 [main] DEBUG org.springframework.beans.factory.support.DefaultListableBeanFactory - Creating shared instance of singleton bean 'jpaVendorAdapter'
01:26:48.876 [main] DEBUG org.springframework.beans.factory.support.DefaultListableBeanFactory - Creating instance of bean 'jpaVendorAdapter'
01:26:48.877 [main] DEBUG org.springframework.beans.factory.support.DefaultListableBeanFactory - Returning cached instance of singleton bean 'org.springframework.transaction.config.internalTransactionAdvisor'
01:26:48.878 [main] DEBUG org.springframework.beans.factory.support.DefaultListableBeanFactory - Returning cached instance of singleton bean 'org.springframework.boot.autoconfigure.orm.jpa.HibernateJpaConfiguration'
01:26:48.878 [main] DEBUG org.springframework.jdbc.datasource.DataSourceUtils - Fetching JDBC Connection from DataSource
01:26:48.878 [main] DEBUG com.zaxxer.hikari.HikariConfig - HikariPool-2 - configuration:
01:26:48.879 [main] DEBUG com.zaxxer.hikari.HikariConfig - allowPoolSuspension.............false
01:26:48.879 [main] DEBUG com.zaxxer.hikari.HikariConfig - autoCommit......................true
01:26:48.879 [main] DEBUG com.zaxxer.hikari.HikariConfig - catalog.........................none
01:26:48.879 [main] DEBUG com.zaxxer.hikari.HikariConfig - connectionInitSql...............none
01:26:48.879 [main] DEBUG com.zaxxer.hikari.HikariConfig - connectionTestQuery.............none
01:26:48.879 [main] DEBUG com.zaxxer.hikari.HikariConfig - connectionTimeout...............30000
01:26:48.879 [main] DEBUG com.zaxxer.hikari.HikariConfig - dataSource......................none
01:26:48.880 [main] DEBUG com.zaxxer.hikari.HikariConfig - dataSourceClassName.............none
01:26:48.880 [main] DEBUG com.zaxxer.hikari.HikariConfig - dataSourceJNDI..................none
01:26:48.880 [main] DEBUG com.zaxxer.hikari.HikariConfig - dataSourceProperties............{password=<masked>}
01:26:48.880 [main] DEBUG com.zaxxer.hikari.HikariConfig - driverClassName................."com.mysql.jdbc.Driver"
01:26:48.880 [main] DEBUG com.zaxxer.hikari.HikariConfig - healthCheckProperties...........{}
01:26:48.880 [main] DEBUG com.zaxxer.hikari.HikariConfig - healthCheckRegistry.............none
01:26:48.880 [main] DEBUG com.zaxxer.hikari.HikariConfig - idleTimeout.....................600000
01:26:48.880 [main] DEBUG com.zaxxer.hikari.HikariConfig - initializationFailFast..........true
01:26:48.880 [main] DEBUG com.zaxxer.hikari.HikariConfig - initializationFailTimeout.......1
01:26:48.880 [main] DEBUG com.zaxxer.hikari.HikariConfig - isolateInternalQueries..........false
01:26:48.880 [main] DEBUG com.zaxxer.hikari.HikariConfig - jdbc4ConnectionTest.............false
01:26:48.881 [main] DEBUG com.zaxxer.hikari.HikariConfig - jdbcUrl.........................jdbc:mysql://localhost:3306/ngondi
01:26:48.881 [main] DEBUG com.zaxxer.hikari.HikariConfig - leakDetectionThreshold..........0
01:26:48.881 [main] DEBUG com.zaxxer.hikari.HikariConfig - maxLifetime.....................1800000
01:26:48.882 [main] DEBUG com.zaxxer.hikari.HikariConfig - maximumPoolSize.................10
01:26:48.882 [main] DEBUG com.zaxxer.hikari.HikariConfig - metricRegistry..................none
01:26:48.883 [main] DEBUG com.zaxxer.hikari.HikariConfig - metricsTrackerFactory...........none
01:26:48.883 [main] DEBUG com.zaxxer.hikari.HikariConfig - minimumIdle.....................10
01:26:48.883 [main] DEBUG com.zaxxer.hikari.HikariConfig - password........................<masked>
01:26:48.883 [main] DEBUG com.zaxxer.hikari.HikariConfig - poolName........................"HikariPool-2"
01:26:48.883 [main] DEBUG com.zaxxer.hikari.HikariConfig - readOnly........................false
01:26:48.883 [main] DEBUG com.zaxxer.hikari.HikariConfig - registerMbeans..................false
01:26:48.883 [main] DEBUG com.zaxxer.hikari.HikariConfig - scheduledExecutor...............none
01:26:48.883 [main] DEBUG com.zaxxer.hikari.HikariConfig - scheduledExecutorService........internal
01:26:48.883 [main] DEBUG com.zaxxer.hikari.HikariConfig - schema..........................none
01:26:48.883 [main] DEBUG com.zaxxer.hikari.HikariConfig - threadFactory...................internal
01:26:48.884 [main] DEBUG com.zaxxer.hikari.HikariConfig - transactionIsolation............default
01:26:48.884 [main] DEBUG com.zaxxer.hikari.HikariConfig - username........................"root"
01:26:48.884 [main] DEBUG com.zaxxer.hikari.HikariConfig - validationTimeout...............5000
01:26:48.884 [main] INFO com.zaxxer.hikari.HikariDataSource - HikariPool-2 - Starting...
01:26:48.895 [main] DEBUG com.zaxxer.hikari.pool.HikariPool - HikariPool-2 - Added connection com.mysql.jdbc.JDBC4Connection@36f6d25c
01:26:48.895 [main] INFO com.zaxxer.hikari.HikariDataSource - HikariPool-2 - Start completed.
01:26:48.895 [main] DEBUG org.springframework.jdbc.datasource.DataSourceUtils - Returning JDBC Connection to DataSource
01:26:48.896 [main] DEBUG org.springframework.beans.factory.support.DefaultListableBeanFactory - Eagerly caching bean 'jpaVendorAdapter' to allow for resolving potential circular references
01:26:48.896 [main] DEBUG org.springframework.beans.factory.support.DefaultListableBeanFactory - Returning cached instance of singleton bean 'org.springframework.transaction.config.internalTransactionAdvisor'
01:26:48.896 [main] DEBUG org.springframework.beans.factory.support.DefaultListableBeanFactory - Returning cached instance of singleton bean 'org.springframework.transaction.config.internalTransactionAdvisor'
01:26:48.897 [main] DEBUG org.springframework.beans.factory.support.DefaultListableBeanFactory - Finished creating instance of bean 'jpaVendorAdapter'
01:26:48.897 [main] DEBUG org.springframework.beans.factory.support.DefaultListableBeanFactory - Autowiring by type from bean name 'entityManagerFactoryBuilder' via factory method to bean named 'jpaVendorAdapter'
01:26:48.898 [main] DEBUG org.springframework.beans.factory.support.DefaultListableBeanFactory - Eagerly caching bean 'entityManagerFactoryBuilder' to allow for resolving potential circular references
01:26:48.899 [main] DEBUG org.springframework.beans.factory.support.DefaultListableBeanFactory - Returning cached instance of singleton bean 'org.springframework.transaction.config.internalTransactionAdvisor'
01:26:48.899 [main] DEBUG org.springframework.beans.factory.support.DefaultListableBeanFactory - Returning cached instance of singleton bean 'org.springframework.transaction.config.internalTransactionAdvisor'
01:26:48.900 [main] DEBUG org.springframework.beans.factory.support.DefaultListableBeanFactory - Finished creating instance of bean 'entityManagerFactoryBuilder'
01:26:48.900 [main] DEBUG org.springframework.beans.factory.support.DefaultListableBeanFactory - Autowiring by type from bean name 'entityManagerFactory' via factory method to bean named 'entityManagerFactoryBuilder'
01:26:48.900 [main] DEBUG org.springframework.beans.factory.support.DefaultListableBeanFactory - Creating shared instance of singleton bean 'org.springframework.boot.autoconfigure.domain.EntityScanPackages'
01:26:48.900 [main] DEBUG org.springframework.beans.factory.support.DefaultListableBeanFactory - Creating instance of bean 'org.springframework.boot.autoconfigure.domain.EntityScanPackages'
01:26:48.901 [main] DEBUG org.springframework.beans.factory.support.DefaultListableBeanFactory - Returning cached instance of singleton bean 'org.springframework.transaction.config.internalTransactionAdvisor'
01:26:48.901 [main] DEBUG org.springframework.beans.factory.support.DefaultListableBeanFactory - Eagerly caching bean 'org.springframework.boot.autoconfigure.domain.EntityScanPackages' to allow for resolving potential circular references
01:26:48.901 [main] DEBUG org.springframework.beans.factory.support.DefaultListableBeanFactory - Returning cached instance of singleton bean 'org.springframework.transaction.config.internalTransactionAdvisor'
01:26:48.901 [main] DEBUG org.springframework.beans.factory.support.DefaultListableBeanFactory - Returning cached instance of singleton bean 'org.springframework.transaction.config.internalTransactionAdvisor'
01:26:48.902 [main] DEBUG org.springframework.beans.factory.support.DefaultListableBeanFactory - Finished creating instance of bean 'org.springframework.boot.autoconfigure.domain.EntityScanPackages'
01:26:48.902 [main] DEBUG org.springframework.beans.factory.support.DefaultListableBeanFactory - Eagerly caching bean 'entityManagerFactory' to allow for resolving potential circular references
01:26:48.907 [main] DEBUG org.springframework.beans.factory.support.DefaultListableBeanFactory - Invoking afterPropertiesSet() on bean with name 'entityManagerFactory'
01:26:48.907 [main] DEBUG org.springframework.core.io.support.PathMatchingResourcePatternResolver - Resolved classpath location [META-INF/persistence.xml] to resources []
01:26:48.911 [main] DEBUG org.springframework.core.io.support.PathMatchingResourcePatternResolver - Resolved classpath location [ngondi/ged/ga/infrastructure/] to resources [URL [file:/C:/Users/gmihindou/Desktop/NGONDI/ngondi/ngondi-infrastructure/target/test-classes/ngondi/ged/ga/infrastructure/], URL [file:/C:/Users/gmihindou/Desktop/NGONDI/ngondi/ngondi-infrastructure/target/classes/ngondi/ged/ga/infrastructure/]]
01:26:48.911 [main] DEBUG org.springframework.core.io.support.PathMatchingResourcePatternResolver - Looking for matching resources in directory tree [C:\Users\gmihindou\Desktop\NGONDI\ngondi\ngondi-infrastructure\target\test-classes\ngondi\ged\ga\infrastructure]
01:26:48.912 [main] DEBUG org.springframework.core.io.support.PathMatchingResourcePatternResolver - Searching directory [C:\Users\gmihindou\Desktop\NGONDI\ngondi\ngondi-infrastructure\target\test-classes\ngondi\ged\ga\infrastructure] for files matching pattern [C:/Users/gmihindou/Desktop/NGONDI/ngondi/ngondi-infrastructure/target/test-classes/ngondi/ged/ga/infrastructure/**/*.class]
01:26:48.912 [main] DEBUG org.springframework.core.io.support.PathMatchingResourcePatternResolver - Searching directory [C:\Users\gmihindou\Desktop\NGONDI\ngondi\ngondi-infrastructure\target\test-classes\ngondi\ged\ga\infrastructure\service] for files matching pattern [C:/Users/gmihindou/Desktop/NGONDI/ngondi/ngondi-infrastructure/target/test-classes/ngondi/ged/ga/infrastructure/**/*.class]
01:26:48.914 [main] DEBUG org.springframework.core.io.support.PathMatchingResourcePatternResolver - Searching directory [C:\Users\gmihindou\Desktop\NGONDI\ngondi\ngondi-infrastructure\target\test-classes\ngondi\ged\ga\infrastructure\service\test] for files matching pattern [C:/Users/gmihindou/Desktop/NGONDI/ngondi/ngondi-infrastructure/target/test-classes/ngondi/ged/ga/infrastructure/**/*.class]
01:26:48.915 [main] DEBUG org.springframework.core.io.support.PathMatchingResourcePatternResolver - Searching directory [C:\Users\gmihindou\Desktop\NGONDI\ngondi\ngondi-infrastructure\target\test-classes\ngondi\ged\ga\infrastructure\test] for files matching pattern [C:/Users/gmihindou/Desktop/NGONDI/ngondi/ngondi-infrastructure/target/test-classes/ngondi/ged/ga/infrastructure/**/*.class]
01:26:48.915 [main] DEBUG org.springframework.core.io.support.PathMatchingResourcePatternResolver - Looking for matching resources in directory tree [C:\Users\gmihindou\Desktop\NGONDI\ngondi\ngondi-infrastructure\target\classes\ngondi\ged\ga\infrastructure]
01:26:48.916 [main] DEBUG org.springframework.core.io.support.PathMatchingResourcePatternResolver - Searching directory [C:\Users\gmihindou\Desktop\NGONDI\ngondi\ngondi-infrastructure\target\classes\ngondi\ged\ga\infrastructure] for files matching pattern [C:/Users/gmihindou/Desktop/NGONDI/ngondi/ngondi-infrastructure/target/classes/ngondi/ged/ga/infrastructure/**/*.class]
01:26:48.916 [main] DEBUG org.springframework.core.io.support.PathMatchingResourcePatternResolver - Searching directory [C:\Users\gmihindou\Desktop\NGONDI\ngondi\ngondi-infrastructure\target\classes\ngondi\ged\ga\infrastructure\model] for files matching pattern [C:/Users/gmihindou/Desktop/NGONDI/ngondi/ngondi-infrastructure/target/classes/ngondi/ged/ga/infrastructure/**/*.class]
01:26:48.917 [main] DEBUG org.springframework.core.io.support.PathMatchingResourcePatternResolver - Searching directory [C:\Users\gmihindou\Desktop\NGONDI\ngondi\ngondi-infrastructure\target\classes\ngondi\ged\ga\infrastructure\service] for files matching pattern [C:/Users/gmihindou/Desktop/NGONDI/ngondi/ngondi-infrastructure/target/classes/ngondi/ged/ga/infrastructure/**/*.class]
01:26:48.918 [main] DEBUG org.springframework.core.io.support.PathMatchingResourcePatternResolver - Resolved location pattern [classpath*:ngondi/ged/ga/infrastructure/**/*.class] to resources [file [C:\Users\gmihindou\Desktop\NGONDI\ngondi\ngondi-infrastructure\target\test-classes\ngondi\ged\ga\infrastructure\service\test\ArchivageImplTest$conf.class], file [C:\Users\gmihindou\Desktop\NGONDI\ngondi\ngondi-infrastructure\target\test-classes\ngondi\ged\ga\infrastructure\service\test\ArchivageImplTest.class], file [C:\Users\gmihindou\Desktop\NGONDI\ngondi\ngondi-infrastructure\target\test-classes\ngondi\ged\ga\infrastructure\service\test\FournisseurImplTest$conf.class], file [C:\Users\gmihindou\Desktop\NGONDI\ngondi\ngondi-infrastructure\target\test-classes\ngondi\ged\ga\infrastructure\service\test\FournisseurImplTest.class], file [C:\Users\gmihindou\Desktop\NGONDI\ngondi\ngondi-infrastructure\target\test-classes\ngondi\ged\ga\infrastructure\test\NgondiInfrastructureApplicationTests.class], file [C:\Users\gmihindou\Desktop\NGONDI\ngondi\ngondi-infrastructure\target\classes\ngondi\ged\ga\infrastructure\model\DocumentEntity.class], file [C:\Users\gmihindou\Desktop\NGONDI\ngondi\ngondi-infrastructure\target\classes\ngondi\ged\ga\infrastructure\model\FournisseurEntity.class], file [C:\Users\gmihindou\Desktop\NGONDI\ngondi\ngondi-infrastructure\target\classes\ngondi\ged\ga\infrastructure\model\StatistiqueFournisseurEntity.class], file [C:\Users\gmihindou\Desktop\NGONDI\ngondi\ngondi-infrastructure\target\classes\ngondi\ged\ga\infrastructure\NgondiInfrastructureApplication.class], file [C:\Users\gmihindou\Desktop\NGONDI\ngondi\ngondi-infrastructure\target\classes\ngondi\ged\ga\infrastructure\PersistenceConfiguration.class], file [C:\Users\gmihindou\Desktop\NGONDI\ngondi\ngondi-infrastructure\target\classes\ngondi\ged\ga\infrastructure\service\ArchivageImpl.class], file [C:\Users\gmihindou\Desktop\NGONDI\ngondi\ngondi-infrastructure\target\classes\ngondi\ged\ga\infrastructure\service\Conf.class], file [C:\Users\gmihindou\Desktop\NGONDI\ngondi\ngondi-infrastructure\target\classes\ngondi\ged\ga\infrastructure\service\FournisseurImpl.class], file [C:\Users\gmihindou\Desktop\NGONDI\ngondi\ngondi-infrastructure\target\classes\ngondi\ged\ga\infrastructure\service\IArchivageDao.class], file [C:\Users\gmihindou\Desktop\NGONDI\ngondi\ngondi-infrastructure\target\classes\ngondi\ged\ga\infrastructure\service\IFournisseurDao.class]]
01:26:48.923 [main] DEBUG org.springframework.core.io.support.PathMatchingResourcePatternResolver - Resolved classpath location [ngondi/ged/ga/infrastructure/] to resources [URL [file:/C:/Users/gmihindou/Desktop/NGONDI/ngondi/ngondi-infrastructure/target/test-classes/ngondi/ged/ga/infrastructure/], URL [file:/C:/Users/gmihindou/Desktop/NGONDI/ngondi/ngondi-infrastructure/target/classes/ngondi/ged/ga/infrastructure/]]
01:26:48.924 [main] DEBUG org.springframework.core.io.support.PathMatchingResourcePatternResolver - Looking for matching resources in directory tree [C:\Users\gmihindou\Desktop\NGONDI\ngondi\ngondi-infrastructure\target\test-classes\ngondi\ged\ga\infrastructure]
01:26:48.924 [main] DEBUG org.springframework.core.io.support.PathMatchingResourcePatternResolver - Searching directory [C:\Users\gmihindou\Desktop\NGONDI\ngondi\ngondi-infrastructure\target\test-classes\ngondi\ged\ga\infrastructure] for files matching pattern [C:/Users/gmihindou/Desktop/NGONDI/ngondi/ngondi-infrastructure/target/test-classes/ngondi/ged/ga/infrastructure/*/**/*.class]
01:26:48.925 [main] DEBUG org.springframework.core.io.support.PathMatchingResourcePatternResolver - Searching directory [C:\Users\gmihindou\Desktop\NGONDI\ngondi\ngondi-infrastructure\target\test-classes\ngondi\ged\ga\infrastructure\service] for files matching pattern [C:/Users/gmihindou/Desktop/NGONDI/ngondi/ngondi-infrastructure/target/test-classes/ngondi/ged/ga/infrastructure/*/**/*.class]
01:26:48.926 [main] DEBUG org.springframework.core.io.support.PathMatchingResourcePatternResolver - Searching directory [C:\Users\gmihindou\Desktop\NGONDI\ngondi\ngondi-infrastructure\target\test-classes\ngondi\ged\ga\infrastructure\service\test] for files matching pattern [C:/Users/gmihindou/Desktop/NGONDI/ngondi/ngondi-infrastructure/target/test-classes/ngondi/ged/ga/infrastructure/*/**/*.class]
01:26:48.927 [main] DEBUG org.springframework.core.io.support.PathMatchingResourcePatternResolver - Searching directory [C:\Users\gmihindou\Desktop\NGONDI\ngondi\ngondi-infrastructure\target\test-classes\ngondi\ged\ga\infrastructure\test] for files matching pattern [C:/Users/gmihindou/Desktop/NGONDI/ngondi/ngondi-infrastructure/target/test-classes/ngondi/ged/ga/infrastructure/*/**/*.class]
01:26:48.927 [main] DEBUG org.springframework.core.io.support.PathMatchingResourcePatternResolver - Looking for matching resources in directory tree [C:\Users\gmihindou\Desktop\NGONDI\ngondi\ngondi-infrastructure\target\classes\ngondi\ged\ga\infrastructure]
01:26:48.928 [main] DEBUG org.springframework.core.io.support.PathMatchingResourcePatternResolver - Searching directory [C:\Users\gmihindou\Desktop\NGONDI\ngondi\ngondi-infrastructure\target\classes\ngondi\ged\ga\infrastructure] for files matching pattern [C:/Users/gmihindou/Desktop/NGONDI/ngondi/ngondi-infrastructure/target/classes/ngondi/ged/ga/infrastructure/*/**/*.class]
01:26:48.928 [main] DEBUG org.springframework.core.io.support.PathMatchingResourcePatternResolver - Searching directory [C:\Users\gmihindou\Desktop\NGONDI\ngondi\ngondi-infrastructure\target\classes\ngondi\ged\ga\infrastructure\model] for files matching pattern [C:/Users/gmihindou/Desktop/NGONDI/ngondi/ngondi-infrastructure/target/classes/ngondi/ged/ga/infrastructure/*/**/*.class]
01:26:48.929 [main] DEBUG org.springframework.core.io.support.PathMatchingResourcePatternResolver - Searching directory [C:\Users\gmihindou\Desktop\NGONDI\ngondi\ngondi-infrastructure\target\classes\ngondi\ged\ga\infrastructure\service] for files matching pattern [C:/Users/gmihindou/Desktop/NGONDI/ngondi/ngondi-infrastructure/target/classes/ngondi/ged/ga/infrastructure/*/**/*.class]
01:26:48.930 [main] DEBUG org.springframework.core.io.support.PathMatchingResourcePatternResolver - Resolved location pattern [classpath*:ngondi/ged/ga/infrastructure/*/**/*.class] to resources [file [C:\Users\gmihindou\Desktop\NGONDI\ngondi\ngondi-infrastructure\target\test-classes\ngondi\ged\ga\infrastructure\service\test\ArchivageImplTest$conf.class], file [C:\Users\gmihindou\Desktop\NGONDI\ngondi\ngondi-infrastructure\target\test-classes\ngondi\ged\ga\infrastructure\service\test\ArchivageImplTest.class], file [C:\Users\gmihindou\Desktop\NGONDI\ngondi\ngondi-infrastructure\target\test-classes\ngondi\ged\ga\infrastructure\service\test\FournisseurImplTest$conf.class], file [C:\Users\gmihindou\Desktop\NGONDI\ngondi\ngondi-infrastructure\target\test-classes\ngondi\ged\ga\infrastructure\service\test\FournisseurImplTest.class], file [C:\Users\gmihindou\Desktop\NGONDI\ngondi\ngondi-infrastructure\target\test-classes\ngondi\ged\ga\infrastructure\test\NgondiInfrastructureApplicationTests.class], file [C:\Users\gmihindou\Desktop\NGONDI\ngondi\ngondi-infrastructure\target\classes\ngondi\ged\ga\infrastructure\model\DocumentEntity.class], file [C:\Users\gmihindou\Desktop\NGONDI\ngondi\ngondi-infrastructure\target\classes\ngondi\ged\ga\infrastructure\model\FournisseurEntity.class], file [C:\Users\gmihindou\Desktop\NGONDI\ngondi\ngondi-infrastructure\target\classes\ngondi\ged\ga\infrastructure\model\StatistiqueFournisseurEntity.class], file [C:\Users\gmihindou\Desktop\NGONDI\ngondi\ngondi-infrastructure\target\classes\ngondi\ged\ga\infrastructure\service\ArchivageImpl.class], file [C:\Users\gmihindou\Desktop\NGONDI\ngondi\ngondi-infrastructure\target\classes\ngondi\ged\ga\infrastructure\service\Conf.class], file [C:\Users\gmihindou\Desktop\NGONDI\ngondi\ngondi-infrastructure\target\classes\ngondi\ged\ga\infrastructure\service\FournisseurImpl.class], file [C:\Users\gmihindou\Desktop\NGONDI\ngondi\ngondi-infrastructure\target\classes\ngondi\ged\ga\infrastructure\service\IArchivageDao.class], file [C:\Users\gmihindou\Desktop\NGONDI\ngondi\ngondi-infrastructure\target\classes\ngondi\ged\ga\infrastructure\service\IFournisseurDao.class]]
01:26:48.932 [main] INFO org.springframework.orm.jpa.LocalContainerEntityManagerFactoryBean - Building JPA container EntityManagerFactory for persistence unit 'default'
01:26:48.933 [main] DEBUG org.hibernate.jpa.internal.util.LogHelper - PersistenceUnitInfo [
	name: default
	persistence provider classname: null
	classloader: sun.misc.Launcher$AppClassLoader@6bc7c054
	excludeUnlistedClasses: true
	JTA datasource: null
	Non JTA datasource: HikariDataSource (HikariPool-2)
	Transaction type: RESOURCE_LOCAL
	PU root URL: file:/C:/Users/gmihindou/Desktop/NGONDI/ngondi/ngondi-infrastructure/target/test-classes/
	Shared Cache Mode: UNSPECIFIED
	Validation Mode: AUTO
	Jar files URLs []
	Managed classes names [
		ngondi.ged.ga.infrastructure.model.DocumentEntity
		ngondi.ged.ga.infrastructure.model.FournisseurEntity
		ngondi.ged.ga.infrastructure.model.StatistiqueFournisseurEntity
		ngondi.ged.ga.infrastructure.model.DocumentEntity
		ngondi.ged.ga.infrastructure.model.FournisseurEntity
		ngondi.ged.ga.infrastructure.model.StatistiqueFournisseurEntity]
	Mapping files names []
	Properties []
01:26:48.933 [main] DEBUG org.hibernate.integrator.internal.IntegratorServiceImpl - Adding Integrator [org.hibernate.cfg.beanvalidation.BeanValidationIntegrator].
01:26:48.933 [main] DEBUG org.hibernate.integrator.internal.IntegratorServiceImpl - Adding Integrator [org.hibernate.secure.spi.JaccIntegrator].
01:26:48.933 [main] DEBUG org.hibernate.integrator.internal.IntegratorServiceImpl - Adding Integrator [org.hibernate.cache.internal.CollectionCacheInvalidator].
01:26:48.933 [main] DEBUG org.hibernate.integrator.internal.IntegratorServiceImpl - Adding Integrator [org.hibernate.jpa.event.spi.JpaIntegrator].
01:26:48.936 [main] DEBUG org.hibernate.service.spi.ServiceBinding - Overriding existing service binding [org.hibernate.secure.spi.JaccService]
01:26:48.937 [main] DEBUG org.hibernate.cache.internal.RegionFactoryInitiator - Cache region factory : org.hibernate.cache.internal.NoCachingRegionFactory
01:26:48.949 [main] DEBUG org.hibernate.type.BasicTypeRegistry - Adding type registration boolean -> org.hibernate.type.BooleanType@2fc07784
01:26:48.949 [main] DEBUG org.hibernate.type.BasicTypeRegistry - Adding type registration boolean -> org.hibernate.type.BooleanType@2fc07784
01:26:48.949 [main] DEBUG org.hibernate.type.BasicTypeRegistry - Adding type registration java.lang.Boolean -> org.hibernate.type.BooleanType@2fc07784
01:26:48.949 [main] DEBUG org.hibernate.type.BasicTypeRegistry - Adding type registration numeric_boolean -> org.hibernate.type.NumericBooleanType@8c46918
01:26:48.949 [main] DEBUG org.hibernate.type.BasicTypeRegistry - Adding type registration true_false -> org.hibernate.type.TrueFalseType@153f66e7
01:26:48.949 [main] DEBUG org.hibernate.type.BasicTypeRegistry - Adding type registration yes_no -> org.hibernate.type.YesNoType@566d0c69
01:26:48.949 [main] DEBUG org.hibernate.type.BasicTypeRegistry - Adding type registration byte -> org.hibernate.type.ByteType@151335cb
01:26:48.949 [main] DEBUG org.hibernate.type.BasicTypeRegistry - Adding type registration byte -> org.hibernate.type.ByteType@151335cb
01:26:48.949 [main] DEBUG org.hibernate.type.BasicTypeRegistry - Adding type registration java.lang.Byte -> org.hibernate.type.ByteType@151335cb
01:26:48.949 [main] DEBUG org.hibernate.type.BasicTypeRegistry - Adding type registration character -> org.hibernate.type.CharacterType@5ac7aa18
01:26:48.950 [main] DEBUG org.hibernate.type.BasicTypeRegistry - Adding type registration char -> org.hibernate.type.CharacterType@5ac7aa18
01:26:48.950 [main] DEBUG org.hibernate.type.BasicTypeRegistry - Adding type registration java.lang.Character -> org.hibernate.type.CharacterType@5ac7aa18
01:26:48.950 [main] DEBUG org.hibernate.type.BasicTypeRegistry - Adding type registration short -> org.hibernate.type.ShortType@78faea5f
01:26:48.950 [main] DEBUG org.hibernate.type.BasicTypeRegistry - Adding type registration short -> org.hibernate.type.ShortType@78faea5f
01:26:48.950 [main] DEBUG org.hibernate.type.BasicTypeRegistry - Adding type registration java.lang.Short -> org.hibernate.type.ShortType@78faea5f
01:26:48.950 [main] DEBUG org.hibernate.type.BasicTypeRegistry - Adding type registration integer -> org.hibernate.type.IntegerType@61799544
01:26:48.950 [main] DEBUG org.hibernate.type.BasicTypeRegistry - Adding type registration int -> org.hibernate.type.IntegerType@61799544
01:26:48.950 [main] DEBUG org.hibernate.type.BasicTypeRegistry - Adding type registration java.lang.Integer -> org.hibernate.type.IntegerType@61799544
01:26:48.950 [main] DEBUG org.hibernate.type.BasicTypeRegistry - Adding type registration long -> org.hibernate.type.LongType@72fe8a4f
01:26:48.950 [main] DEBUG org.hibernate.type.BasicTypeRegistry - Adding type registration long -> org.hibernate.type.LongType@72fe8a4f
01:26:48.950 [main] DEBUG org.hibernate.type.BasicTypeRegistry - Adding type registration java.lang.Long -> org.hibernate.type.LongType@72fe8a4f
01:26:48.950 [main] DEBUG org.hibernate.type.BasicTypeRegistry - Adding type registration float -> org.hibernate.type.FloatType@f8f56b9
01:26:48.950 [main] DEBUG org.hibernate.type.BasicTypeRegistry - Adding type registration float -> org.hibernate.type.FloatType@f8f56b9
01:26:48.950 [main] DEBUG org.hibernate.type.BasicTypeRegistry - Adding type registration java.lang.Float -> org.hibernate.type.FloatType@f8f56b9
01:26:48.950 [main] DEBUG org.hibernate.type.BasicTypeRegistry - Adding type registration double -> org.hibernate.type.DoubleType@64138b0c
01:26:48.950 [main] DEBUG org.hibernate.type.BasicTypeRegistry - Adding type registration double -> org.hibernate.type.DoubleType@64138b0c
01:26:48.950 [main] DEBUG org.hibernate.type.BasicTypeRegistry - Adding type registration java.lang.Double -> org.hibernate.type.DoubleType@64138b0c
01:26:48.950 [main] DEBUG org.hibernate.type.BasicTypeRegistry - Adding type registration big_decimal -> org.hibernate.type.BigDecimalType@281f23f2
01:26:48.950 [main] DEBUG org.hibernate.type.BasicTypeRegistry - Adding type registration java.math.BigDecimal -> org.hibernate.type.BigDecimalType@281f23f2
01:26:48.950 [main] DEBUG org.hibernate.type.BasicTypeRegistry - Adding type registration big_integer -> org.hibernate.type.BigIntegerType@7435a578
01:26:48.950 [main] DEBUG org.hibernate.type.BasicTypeRegistry - Adding type registration java.math.BigInteger -> org.hibernate.type.BigIntegerType@7435a578
01:26:48.950 [main] DEBUG org.hibernate.type.BasicTypeRegistry - Adding type registration string -> org.hibernate.type.StringType@1bfe3203
01:26:48.950 [main] DEBUG org.hibernate.type.BasicTypeRegistry - Adding type registration java.lang.String -> org.hibernate.type.StringType@1bfe3203
01:26:48.950 [main] DEBUG org.hibernate.type.BasicTypeRegistry - Adding type registration nstring -> org.hibernate.type.StringNVarcharType@2b8d084
01:26:48.950 [main] DEBUG org.hibernate.type.BasicTypeRegistry - Adding type registration ncharacter -> org.hibernate.type.CharacterNCharType@7551da2a
01:26:48.950 [main] DEBUG org.hibernate.type.BasicTypeRegistry - Adding type registration url -> org.hibernate.type.UrlType@69c93ca4
01:26:48.951 [main] DEBUG org.hibernate.type.BasicTypeRegistry - Adding type registration java.net.URL -> org.hibernate.type.UrlType@69c93ca4
01:26:48.951 [main] DEBUG org.hibernate.type.BasicTypeRegistry - Adding type registration Duration -> org.hibernate.type.DurationType@52b6319f
01:26:48.951 [main] DEBUG org.hibernate.type.BasicTypeRegistry - Adding type registration java.time.Duration -> org.hibernate.type.DurationType@52b6319f
01:26:48.951 [main] DEBUG org.hibernate.type.BasicTypeRegistry - Adding type registration Instant -> org.hibernate.type.InstantType@215a34b4
01:26:48.951 [main] DEBUG org.hibernate.type.BasicTypeRegistry - Adding type registration java.time.Instant -> org.hibernate.type.InstantType@215a34b4
01:26:48.951 [main] DEBUG org.hibernate.type.BasicTypeRegistry - Adding type registration LocalDateTime -> org.hibernate.type.LocalDateTimeType@6dd91637
01:26:48.951 [main] DEBUG org.hibernate.type.BasicTypeRegistry - Adding type registration java.time.LocalDateTime -> org.hibernate.type.LocalDateTimeType@6dd91637
01:26:48.951 [main] DEBUG org.hibernate.type.BasicTypeRegistry - Adding type registration LocalDate -> org.hibernate.type.LocalDateType@30506c0d
01:26:48.951 [main] DEBUG org.hibernate.type.BasicTypeRegistry - Adding type registration java.time.LocalDate -> org.hibernate.type.LocalDateType@30506c0d
01:26:48.951 [main] DEBUG org.hibernate.type.BasicTypeRegistry - Adding type registration LocalTime -> org.hibernate.type.LocalTimeType@6e1f8469
01:26:48.951 [main] DEBUG org.hibernate.type.BasicTypeRegistry - Adding type registration java.time.LocalTime -> org.hibernate.type.LocalTimeType@6e1f8469
01:26:48.951 [main] DEBUG org.hibernate.type.BasicTypeRegistry - Adding type registration OffsetDateTime -> org.hibernate.type.OffsetDateTimeType@62e6a3ec
01:26:48.951 [main] DEBUG org.hibernate.type.BasicTypeRegistry - Adding type registration java.time.OffsetDateTime -> org.hibernate.type.OffsetDateTimeType@62e6a3ec
01:26:48.951 [main] DEBUG org.hibernate.type.BasicTypeRegistry - Adding type registration OffsetTime -> org.hibernate.type.OffsetTimeType@14fc5d40
01:26:48.951 [main] DEBUG org.hibernate.type.BasicTypeRegistry - Adding type registration java.time.OffsetTime -> org.hibernate.type.OffsetTimeType@14fc5d40
01:26:48.951 [main] DEBUG org.hibernate.type.BasicTypeRegistry - Adding type registration ZonedDateTime -> org.hibernate.type.ZonedDateTimeType@3c017078
01:26:48.951 [main] DEBUG org.hibernate.type.BasicTypeRegistry - Adding type registration java.time.ZonedDateTime -> org.hibernate.type.ZonedDateTimeType@3c017078
01:26:48.951 [main] DEBUG org.hibernate.type.BasicTypeRegistry - Adding type registration date -> org.hibernate.type.DateType@26f96b85
01:26:48.951 [main] DEBUG org.hibernate.type.BasicTypeRegistry - Adding type registration java.sql.Date -> org.hibernate.type.DateType@26f96b85
01:26:48.951 [main] DEBUG org.hibernate.type.BasicTypeRegistry - Adding type registration time -> org.hibernate.type.TimeType@7bb004b8
01:26:48.951 [main] DEBUG org.hibernate.type.BasicTypeRegistry - Adding type registration java.sql.Time -> org.hibernate.type.TimeType@7bb004b8
01:26:48.951 [main] DEBUG org.hibernate.type.BasicTypeRegistry - Adding type registration timestamp -> org.hibernate.type.TimestampType@15cea7b0
01:26:48.951 [main] DEBUG org.hibernate.type.BasicTypeRegistry - Adding type registration java.sql.Timestamp -> org.hibernate.type.TimestampType@15cea7b0
01:26:48.951 [main] DEBUG org.hibernate.type.BasicTypeRegistry - Adding type registration java.util.Date -> org.hibernate.type.TimestampType@15cea7b0
01:26:48.952 [main] DEBUG org.hibernate.type.BasicTypeRegistry - Adding type registration dbtimestamp -> org.hibernate.type.DbTimestampType@1e6cc850
01:26:48.952 [main] DEBUG org.hibernate.type.BasicTypeRegistry - Adding type registration calendar -> org.hibernate.type.CalendarType@63ec445c
01:26:48.952 [main] DEBUG org.hibernate.type.BasicTypeRegistry - Adding type registration java.util.Calendar -> org.hibernate.type.CalendarType@63ec445c
01:26:48.952 [main] DEBUG org.hibernate.type.BasicTypeRegistry - Adding type registration java.util.GregorianCalendar -> org.hibernate.type.CalendarType@63ec445c
01:26:48.952 [main] DEBUG org.hibernate.type.BasicTypeRegistry - Adding type registration calendar_date -> org.hibernate.type.CalendarDateType@7a344b65
01:26:48.952 [main] DEBUG org.hibernate.type.BasicTypeRegistry - Adding type registration locale -> org.hibernate.type.LocaleType@6a9d5dff
01:26:48.952 [main] DEBUG org.hibernate.type.BasicTypeRegistry - Adding type registration java.util.Locale -> org.hibernate.type.LocaleType@6a9d5dff
01:26:48.952 [main] DEBUG org.hibernate.type.BasicTypeRegistry - Adding type registration currency -> org.hibernate.type.CurrencyType@2788d0fe
01:26:48.952 [main] DEBUG org.hibernate.type.BasicTypeRegistry - Adding type registration java.util.Currency -> org.hibernate.type.CurrencyType@2788d0fe
01:26:48.952 [main] DEBUG org.hibernate.type.BasicTypeRegistry - Adding type registration timezone -> org.hibernate.type.TimeZoneType@2e140e59
01:26:48.952 [main] DEBUG org.hibernate.type.BasicTypeRegistry - Adding type registration java.util.TimeZone -> org.hibernate.type.TimeZoneType@2e140e59
01:26:48.955 [main] DEBUG org.hibernate.type.BasicTypeRegistry - Adding type registration class -> org.hibernate.type.ClassType@26e412ef
01:26:48.955 [main] DEBUG org.hibernate.type.BasicTypeRegistry - Adding type registration java.lang.Class -> org.hibernate.type.ClassType@26e412ef
01:26:48.956 [main] DEBUG org.hibernate.type.BasicTypeRegistry - Adding type registration uuid-binary -> org.hibernate.type.UUIDBinaryType@55f8669d
01:26:48.957 [main] DEBUG org.hibernate.type.BasicTypeRegistry - Adding type registration java.util.UUID -> org.hibernate.type.UUIDBinaryType@55f8669d
01:26:48.957 [main] DEBUG org.hibernate.type.BasicTypeRegistry - Adding type registration uuid-char -> org.hibernate.type.UUIDCharType@66ba7e45
01:26:48.957 [main] DEBUG org.hibernate.type.BasicTypeRegistry - Adding type registration binary -> org.hibernate.type.BinaryType@15fdd1f2
01:26:48.957 [main] DEBUG org.hibernate.type.BasicTypeRegistry - Adding type registration byte[] -> org.hibernate.type.BinaryType@15fdd1f2
01:26:48.957 [main] DEBUG org.hibernate.type.BasicTypeRegistry - Adding type registration [B -> org.hibernate.type.BinaryType@15fdd1f2
01:26:48.957 [main] DEBUG org.hibernate.type.BasicTypeRegistry - Adding type registration wrapper-binary -> org.hibernate.type.WrapperBinaryType@213860b8
01:26:48.957 [main] DEBUG org.hibernate.type.BasicTypeRegistry - Adding type registration Byte[] -> org.hibernate.type.WrapperBinaryType@213860b8
01:26:48.957 [main] DEBUG org.hibernate.type.BasicTypeRegistry - Adding type registration [Ljava.lang.Byte; -> org.hibernate.type.WrapperBinaryType@213860b8
01:26:48.958 [main] DEBUG org.hibernate.type.BasicTypeRegistry - Adding type registration row_version -> org.hibernate.type.RowVersionType@141e879d
01:26:48.958 [main] DEBUG org.hibernate.type.BasicTypeRegistry - Adding type registration image -> org.hibernate.type.ImageType@15fb7a32
01:26:48.959 [main] DEBUG org.hibernate.type.BasicTypeRegistry - Adding type registration characters -> org.hibernate.type.CharArrayType@5af97169
01:26:48.959 [main] DEBUG org.hibernate.type.BasicTypeRegistry - Adding type registration char[] -> org.hibernate.type.CharArrayType@5af97169
01:26:48.959 [main] DEBUG org.hibernate.type.BasicTypeRegistry - Adding type registration [C -> org.hibernate.type.CharArrayType@5af97169
01:26:48.959 [main] DEBUG org.hibernate.type.BasicTypeRegistry - Adding type registration wrapper-characters -> org.hibernate.type.CharacterArrayType@2a22ad2b
01:26:48.959 [main] DEBUG org.hibernate.type.BasicTypeRegistry - Adding type registration [Ljava.lang.Character; -> org.hibernate.type.CharacterArrayType@2a22ad2b
01:26:48.959 [main] DEBUG org.hibernate.type.BasicTypeRegistry - Adding type registration Character[] -> org.hibernate.type.CharacterArrayType@2a22ad2b
01:26:48.959 [main] DEBUG org.hibernate.type.BasicTypeRegistry - Adding type registration text -> org.hibernate.type.TextType@2d746ce4
01:26:48.959 [main] DEBUG org.hibernate.type.BasicTypeRegistry - Adding type registration ntext -> org.hibernate.type.NTextType@6ed06f69
01:26:48.959 [main] DEBUG org.hibernate.type.BasicTypeRegistry - Adding type registration blob -> org.hibernate.type.BlobType@723ed581
01:26:48.959 [main] DEBUG org.hibernate.type.BasicTypeRegistry - Adding type registration java.sql.Blob -> org.hibernate.type.BlobType@723ed581
01:26:48.959 [main] DEBUG org.hibernate.type.BasicTypeRegistry - Adding type registration materialized_blob -> org.hibernate.type.MaterializedBlobType@28a6301f
01:26:48.959 [main] DEBUG org.hibernate.type.BasicTypeRegistry - Adding type registration clob -> org.hibernate.type.ClobType@5b12012e
01:26:48.959 [main] DEBUG org.hibernate.type.BasicTypeRegistry - Adding type registration java.sql.Clob -> org.hibernate.type.ClobType@5b12012e
01:26:48.959 [main] DEBUG org.hibernate.type.BasicTypeRegistry - Adding type registration nclob -> org.hibernate.type.NClobType@6edcd0d8
01:26:48.960 [main] DEBUG org.hibernate.type.BasicTypeRegistry - Adding type registration java.sql.NClob -> org.hibernate.type.NClobType@6edcd0d8
01:26:48.960 [main] DEBUG org.hibernate.type.BasicTypeRegistry - Adding type registration materialized_clob -> org.hibernate.type.MaterializedClobType@b8a7e43
01:26:48.960 [main] DEBUG org.hibernate.type.BasicTypeRegistry - Adding type registration materialized_nclob -> org.hibernate.type.MaterializedNClobType@7207cb51
01:26:48.960 [main] DEBUG org.hibernate.type.BasicTypeRegistry - Adding type registration serializable -> org.hibernate.type.SerializableType@4e2916c3
01:26:48.960 [main] DEBUG org.hibernate.type.BasicTypeRegistry - Adding type registration object -> org.hibernate.type.ObjectType@74ad8d05
01:26:48.960 [main] DEBUG org.hibernate.type.BasicTypeRegistry - Adding type registration java.lang.Object -> org.hibernate.type.ObjectType@74ad8d05
01:26:48.960 [main] DEBUG org.hibernate.type.BasicTypeRegistry - Adding type registration imm_date -> org.hibernate.type.AdaptedImmutableType@5f935d49
01:26:48.960 [main] DEBUG org.hibernate.type.BasicTypeRegistry - Adding type registration imm_time -> org.hibernate.type.AdaptedImmutableType@3321291a
01:26:48.960 [main] DEBUG org.hibernate.type.BasicTypeRegistry - Adding type registration imm_timestamp -> org.hibernate.type.AdaptedImmutableType@3dc46f24
01:26:48.960 [main] DEBUG org.hibernate.type.BasicTypeRegistry - Adding type registration imm_dbtimestamp -> org.hibernate.type.AdaptedImmutableType@76af34b5
01:26:48.960 [main] DEBUG org.hibernate.type.BasicTypeRegistry - Adding type registration imm_calendar -> org.hibernate.type.AdaptedImmutableType@3313463c
01:26:48.960 [main] DEBUG org.hibernate.type.BasicTypeRegistry - Adding type registration imm_calendar_date -> org.hibernate.type.AdaptedImmutableType@9c0d0bd
01:26:48.960 [main] DEBUG org.hibernate.type.BasicTypeRegistry - Adding type registration imm_binary -> org.hibernate.type.AdaptedImmutableType@176333ee
01:26:48.960 [main] DEBUG org.hibernate.type.BasicTypeRegistry - Adding type registration imm_serializable -> org.hibernate.type.AdaptedImmutableType@18e6b72b
01:26:48.961 [main] DEBUG org.hibernate.engine.jdbc.env.internal.JdbcEnvironmentInitiator - Database ->
       name : MySQL
    version : 5.5.5-10.1.37-MariaDB
      major : 5
      minor : 5
01:26:48.961 [main] DEBUG org.hibernate.engine.jdbc.env.internal.JdbcEnvironmentInitiator - Driver ->
       name : MySQL Connector Java
    version : mysql-connector-java-5.1.46 ( Revision: 9cc87a48e75c2d2e87c1a293b2862ce651cb256e )
      major : 5
      minor : 1
01:26:48.961 [main] DEBUG org.hibernate.engine.jdbc.env.internal.JdbcEnvironmentInitiator - JDBC version : 4.0
01:26:48.961 [main] INFO org.hibernate.dialect.Dialect - HHH000400: Using dialect: org.hibernate.dialect.MySQL5Dialect
01:26:48.964 [main] DEBUG org.hibernate.engine.jdbc.env.spi.IdentifierHelperBuilder - JDBC driver metadata reported database stores quoted identifiers in more than one case
01:26:48.965 [main] DEBUG org.hibernate.engine.jdbc.env.spi.IdentifierHelperBuilder - IdentifierCaseStrategy for both quoted and unquoted identifiers was set to the same strategy [LOWER]; that will likely lead to problems in schema update and validation if using quoted identifiers
01:26:48.968 [main] DEBUG org.hibernate.id.factory.internal.DefaultIdentifierGeneratorFactory - Registering IdentifierGenerator strategy [uuid2] -> [org.hibernate.id.UUIDGenerator]
01:26:48.969 [main] DEBUG org.hibernate.id.factory.internal.DefaultIdentifierGeneratorFactory - Registering IdentifierGenerator strategy [guid] -> [org.hibernate.id.GUIDGenerator]
01:26:48.969 [main] DEBUG org.hibernate.id.factory.internal.DefaultIdentifierGeneratorFactory - Registering IdentifierGenerator strategy [uuid] -> [org.hibernate.id.UUIDHexGenerator]
01:26:48.976 [main] DEBUG org.hibernate.id.factory.internal.DefaultIdentifierGeneratorFactory - Registering IdentifierGenerator strategy [uuid.hex] -> [org.hibernate.id.UUIDHexGenerator]
01:26:48.976 [main] DEBUG org.hibernate.id.factory.internal.DefaultIdentifierGeneratorFactory - Registering IdentifierGenerator strategy [assigned] -> [org.hibernate.id.Assigned]
01:26:48.976 [main] DEBUG org.hibernate.id.factory.internal.DefaultIdentifierGeneratorFactory - Registering IdentifierGenerator strategy [identity] -> [org.hibernate.id.IdentityGenerator]
01:26:48.976 [main] DEBUG org.hibernate.id.factory.internal.DefaultIdentifierGeneratorFactory - Registering IdentifierGenerator strategy [select] -> [org.hibernate.id.SelectGenerator]
01:26:48.976 [main] DEBUG org.hibernate.id.factory.internal.DefaultIdentifierGeneratorFactory - Registering IdentifierGenerator strategy [sequence] -> [org.hibernate.id.enhanced.SequenceStyleGenerator]
01:26:48.976 [main] DEBUG org.hibernate.id.factory.internal.DefaultIdentifierGeneratorFactory - Registering IdentifierGenerator strategy [seqhilo] -> [org.hibernate.id.SequenceHiLoGenerator]
01:26:48.977 [main] DEBUG org.hibernate.id.factory.internal.DefaultIdentifierGeneratorFactory - Registering IdentifierGenerator strategy [increment] -> [org.hibernate.id.IncrementGenerator]
01:26:48.977 [main] DEBUG org.hibernate.id.factory.internal.DefaultIdentifierGeneratorFactory - Registering IdentifierGenerator strategy [foreign] -> [org.hibernate.id.ForeignGenerator]
01:26:48.977 [main] DEBUG org.hibernate.id.factory.internal.DefaultIdentifierGeneratorFactory - Registering IdentifierGenerator strategy [sequence-identity] -> [org.hibernate.id.SequenceIdentityGenerator]
01:26:48.977 [main] DEBUG org.hibernate.id.factory.internal.DefaultIdentifierGeneratorFactory - Registering IdentifierGenerator strategy [enhanced-sequence] -> [org.hibernate.id.enhanced.SequenceStyleGenerator]
01:26:48.977 [main] DEBUG org.hibernate.id.factory.internal.DefaultIdentifierGeneratorFactory - Registering IdentifierGenerator strategy [enhanced-table] -> [org.hibernate.id.enhanced.TableGenerator]
01:26:48.977 [main] DEBUG org.hibernate.boot.model.relational.Namespace - Created database namespace [logicalName=Name{catalog=null, schema=null}, physicalName=Name{catalog=null, schema=null}]
01:26:48.978 [main] DEBUG org.hibernate.cfg.AnnotationBinder - Binding entity from annotated class: ngondi.ged.ga.infrastructure.model.DocumentEntity
01:26:48.978 [main] DEBUG org.hibernate.cfg.Ejb3Column - Binding column: Ejb3DiscriminatorColumn{logicalColumnName'DTYPE', discriminatorTypeName='string'}
01:26:48.978 [main] DEBUG org.hibernate.cfg.annotations.EntityBinder - Import with entity name DOCUMENT
01:26:48.978 [main] DEBUG org.hibernate.cfg.annotations.EntityBinder - Bind entity ngondi.ged.ga.infrastructure.model.DocumentEntity on table document
01:26:48.979 [main] DEBUG org.hibernate.cfg.Ejb3Column - Binding column: Ejb3Column{table=org.hibernate.mapping.Table(document), mappingColumn=id_document, insertable=true, updatable=true, unique=false}
01:26:48.979 [main] DEBUG org.hibernate.cfg.annotations.PropertyBinder - MetadataSourceProcessor property idDocument with lazy=false
01:26:48.979 [main] DEBUG org.hibernate.cfg.AbstractPropertyHolder - Attempting to locate auto-apply AttributeConverter for property [ngondi.ged.ga.infrastructure.model.DocumentEntity:idDocument]
01:26:48.979 [main] DEBUG org.hibernate.cfg.annotations.SimpleValueBinder - building SimpleValue for idDocument
01:26:48.980 [main] DEBUG org.hibernate.cfg.annotations.PropertyBinder - Building property idDocument
01:26:48.980 [main] DEBUG org.hibernate.cfg.Ejb3Column - Binding column: Ejb3Column{table=org.hibernate.mapping.Table(document), mappingColumn=archive_format, insertable=true, updatable=true, unique=false}
01:26:48.980 [main] DEBUG org.hibernate.cfg.annotations.PropertyBinder - MetadataSourceProcessor property archiveFormat with lazy=false
01:26:48.980 [main] DEBUG org.hibernate.cfg.AbstractPropertyHolder - Attempting to locate auto-apply AttributeConverter for property [ngondi.ged.ga.infrastructure.model.DocumentEntity:archiveFormat]
01:26:48.981 [main] DEBUG org.hibernate.cfg.annotations.SimpleValueBinder - building SimpleValue for archiveFormat
01:26:48.981 [main] DEBUG org.hibernate.cfg.annotations.PropertyBinder - Building property archiveFormat
01:26:48.981 [main] DEBUG org.hibernate.cfg.Ejb3Column - Binding column: Ejb3Column{table=org.hibernate.mapping.Table(document), mappingColumn=date_save, insertable=true, updatable=true, unique=false}
01:26:48.981 [main] DEBUG org.hibernate.cfg.annotations.PropertyBinder - MetadataSourceProcessor property date with lazy=false
01:26:48.981 [main] DEBUG org.hibernate.cfg.AbstractPropertyHolder - Attempting to locate auto-apply AttributeConverter for property [ngondi.ged.ga.infrastructure.model.DocumentEntity:date]
01:26:48.981 [main] DEBUG org.hibernate.cfg.annotations.SimpleValueBinder - building SimpleValue for date
01:26:48.981 [main] DEBUG org.hibernate.cfg.annotations.PropertyBinder - Building property date
01:26:48.981 [main] DEBUG org.hibernate.cfg.Ejb3Column - Binding column: Ejb3Column{table=org.hibernate.mapping.Table(document), mappingColumn=doc_bytes, insertable=true, updatable=true, unique=false}
01:26:48.981 [main] DEBUG org.hibernate.cfg.annotations.PropertyBinder - MetadataSourceProcessor property docBytes with lazy=false
01:26:48.981 [main] DEBUG org.hibernate.cfg.AbstractPropertyHolder - Attempting to locate auto-apply AttributeConverter for property [ngondi.ged.ga.infrastructure.model.DocumentEntity:docBytes]
01:26:48.981 [main] DEBUG org.hibernate.cfg.annotations.SimpleValueBinder - building SimpleValue for docBytes
01:26:48.981 [main] DEBUG org.hibernate.cfg.annotations.PropertyBinder - Building property docBytes
01:26:48.981 [main] DEBUG org.hibernate.cfg.Ejb3Column - Binding column: Ejb3Column{table=org.hibernate.mapping.Table(document), mappingColumn=document_name, insertable=true, updatable=true, unique=false}
01:26:48.982 [main] DEBUG org.hibernate.cfg.annotations.PropertyBinder - MetadataSourceProcessor property nameDocument with lazy=false
01:26:48.982 [main] DEBUG org.hibernate.cfg.AbstractPropertyHolder - Attempting to locate auto-apply AttributeConverter for property [ngondi.ged.ga.infrastructure.model.DocumentEntity:nameDocument]
01:26:48.982 [main] DEBUG org.hibernate.cfg.annotations.SimpleValueBinder - building SimpleValue for nameDocument
01:26:48.982 [main] DEBUG org.hibernate.cfg.annotations.PropertyBinder - Building property nameDocument
01:26:48.982 [main] DEBUG org.hibernate.cfg.AnnotationBinder - Binding entity from annotated class: ngondi.ged.ga.infrastructure.model.FournisseurEntity
01:26:48.982 [main] DEBUG org.hibernate.cfg.Ejb3Column - Binding column: Ejb3DiscriminatorColumn{logicalColumnName'DTYPE', discriminatorTypeName='string'}
01:26:48.982 [main] DEBUG org.hibernate.cfg.annotations.EntityBinder - Import with entity name FOURNISSEUR
01:26:48.982 [main] DEBUG org.hibernate.cfg.annotations.EntityBinder - Bind entity ngondi.ged.ga.infrastructure.model.FournisseurEntity on table fournisseur
01:26:48.985 [main] DEBUG org.hibernate.cfg.Ejb3Column - Binding column: Ejb3Column{table=org.hibernate.mapping.Table(fournisseur), mappingColumn=id_fournisseur, insertable=true, updatable=true, unique=false}
01:26:48.985 [main] DEBUG org.hibernate.cfg.annotations.PropertyBinder - MetadataSourceProcessor property idFournisseur with lazy=false
01:26:48.985 [main] DEBUG org.hibernate.cfg.AbstractPropertyHolder - Attempting to locate auto-apply AttributeConverter for property [ngondi.ged.ga.infrastructure.model.FournisseurEntity:idFournisseur]
01:26:48.986 [main] DEBUG org.hibernate.cfg.annotations.SimpleValueBinder - building SimpleValue for idFournisseur
01:26:48.987 [main] DEBUG org.hibernate.cfg.annotations.PropertyBinder - Building property idFournisseur
01:26:48.987 [main] DEBUG org.hibernate.cfg.Ejb3Column - Binding column: Ejb3Column{table=org.hibernate.mapping.Table(fournisseur), mappingColumn=activite, insertable=true, updatable=true, unique=false}
01:26:48.988 [main] DEBUG org.hibernate.cfg.annotations.PropertyBinder - MetadataSourceProcessor property activite with lazy=false
01:26:48.988 [main] DEBUG org.hibernate.cfg.AbstractPropertyHolder - Attempting to locate auto-apply AttributeConverter for property [ngondi.ged.ga.infrastructure.model.FournisseurEntity:activite]
01:26:48.988 [main] DEBUG org.hibernate.cfg.annotations.SimpleValueBinder - building SimpleValue for activite
01:26:48.989 [main] DEBUG org.hibernate.cfg.annotations.PropertyBinder - Building property activite
01:26:48.989 [main] DEBUG org.hibernate.cfg.Ejb3Column - Binding column: Ejb3Column{table=org.hibernate.mapping.Table(fournisseur), mappingColumn=adresse, insertable=true, updatable=true, unique=false}
01:26:48.989 [main] DEBUG org.hibernate.cfg.annotations.PropertyBinder - MetadataSourceProcessor property adresse with lazy=false
01:26:48.989 [main] DEBUG org.hibernate.cfg.AbstractPropertyHolder - Attempting to locate auto-apply AttributeConverter for property [ngondi.ged.ga.infrastructure.model.FournisseurEntity:adresse]
01:26:48.989 [main] DEBUG org.hibernate.cfg.annotations.SimpleValueBinder - building SimpleValue for adresse
01:26:48.989 [main] DEBUG org.hibernate.cfg.annotations.PropertyBinder - Building property adresse
01:26:48.990 [main] DEBUG org.hibernate.cfg.Ejb3Column - Binding column: Ejb3Column{table=org.hibernate.mapping.Table(fournisseur), mappingColumn=contact, insertable=true, updatable=true, unique=false}
01:26:48.990 [main] DEBUG org.hibernate.cfg.annotations.PropertyBinder - MetadataSourceProcessor property contact with lazy=false
01:26:48.990 [main] DEBUG org.hibernate.cfg.AbstractPropertyHolder - Attempting to locate auto-apply AttributeConverter for property [ngondi.ged.ga.infrastructure.model.FournisseurEntity:contact]
01:26:48.990 [main] DEBUG org.hibernate.cfg.annotations.SimpleValueBinder - building SimpleValue for contact
01:26:48.990 [main] DEBUG org.hibernate.cfg.annotations.PropertyBinder - Building property contact
01:26:48.990 [main] DEBUG org.hibernate.cfg.Ejb3Column - Binding column: Ejb3Column{table=org.hibernate.mapping.Table(fournisseur), mappingColumn=email, insertable=true, updatable=true, unique=false}
01:26:48.990 [main] DEBUG org.hibernate.cfg.annotations.PropertyBinder - MetadataSourceProcessor property email with lazy=false
01:26:48.991 [main] DEBUG org.hibernate.cfg.AbstractPropertyHolder - Attempting to locate auto-apply AttributeConverter for property [ngondi.ged.ga.infrastructure.model.FournisseurEntity:email]
01:26:48.991 [main] DEBUG org.hibernate.cfg.annotations.SimpleValueBinder - building SimpleValue for email
01:26:48.991 [main] DEBUG org.hibernate.cfg.annotations.PropertyBinder - Building property email
01:26:48.991 [main] DEBUG org.hibernate.cfg.Ejb3Column - Binding column: Ejb3Column{table=org.hibernate.mapping.Table(fournisseur), mappingColumn=id_document, insertable=true, updatable=true, unique=false}
01:26:48.991 [main] DEBUG org.hibernate.cfg.Ejb3Column - Binding column: Ejb3JoinColumn{logicalColumnName='null', referencedColumn='null', mappedBy=''}
01:26:48.991 [main] DEBUG org.hibernate.cfg.Ejb3Column - Binding column: Ejb3Column{table=org.hibernate.mapping.Table(fournisseur), mappingColumn=null, insertable=true, updatable=true, unique=false}
01:26:48.991 [main] DEBUG org.hibernate.cfg.Ejb3Column - Binding column: Ejb3Column{table=org.hibernate.mapping.Table(fournisseur), mappingColumn=id_document, insertable=true, updatable=true, unique=false}
01:26:48.992 [main] DEBUG org.hibernate.cfg.Ejb3Column - Binding column: Ejb3Column{table=org.hibernate.mapping.Table(fournisseur), mappingColumn=id_document_key, insertable=true, updatable=true, unique=false}
01:26:48.992 [main] DEBUG org.hibernate.cfg.Ejb3Column - Binding column: Ejb3JoinColumn{logicalColumnName='idDocument_KEY', referencedColumn='null', mappedBy='null'}
01:26:48.992 [main] DEBUG org.hibernate.cfg.Ejb3Column - Binding column: Ejb3JoinColumn{logicalColumnName='id_Fourournisseur', referencedColumn='', mappedBy=''}
01:26:48.992 [main] DEBUG org.hibernate.cfg.Ejb3Column - Binding column: Ejb3JoinColumn{logicalColumnName='null', referencedColumn='null', mappedBy=''}
01:26:48.992 [main] DEBUG org.hibernate.cfg.annotations.CollectionBinder - Collection role: ngondi.ged.ga.infrastructure.model.FournisseurEntity.idDocument
01:26:48.992 [main] DEBUG org.hibernate.cfg.annotations.PropertyBinder - Building property idDocument
01:26:49.004 [main] DEBUG org.hibernate.cfg.Ejb3Column - Binding column: Ejb3Column{table=org.hibernate.mapping.Table(fournisseur), mappingColumn=nif, insertable=true, updatable=true, unique=false}
01:26:49.005 [main] DEBUG org.hibernate.cfg.annotations.PropertyBinder - MetadataSourceProcessor property nif with lazy=false
01:26:49.005 [main] DEBUG org.hibernate.cfg.AbstractPropertyHolder - Attempting to locate auto-apply AttributeConverter for property [ngondi.ged.ga.infrastructure.model.FournisseurEntity:nif]
01:26:49.005 [main] DEBUG org.hibernate.cfg.annotations.SimpleValueBinder - building SimpleValue for nif
01:26:49.006 [main] DEBUG org.hibernate.cfg.annotations.PropertyBinder - Building property nif
01:26:49.006 [main] DEBUG org.hibernate.cfg.Ejb3Column - Binding column: Ejb3Column{table=org.hibernate.mapping.Table(fournisseur), mappingColumn=nom, insertable=true, updatable=true, unique=false}
01:26:49.006 [main] DEBUG org.hibernate.cfg.annotations.PropertyBinder - MetadataSourceProcessor property nom with lazy=false
01:26:49.007 [main] DEBUG org.hibernate.cfg.AbstractPropertyHolder - Attempting to locate auto-apply AttributeConverter for property [ngondi.ged.ga.infrastructure.model.FournisseurEntity:nom]
01:26:49.007 [main] DEBUG org.hibernate.cfg.annotations.SimpleValueBinder - building SimpleValue for nom
01:26:49.007 [main] DEBUG org.hibernate.cfg.annotations.PropertyBinder - Building property nom
01:26:49.007 [main] DEBUG org.hibernate.cfg.Ejb3Column - Binding column: Ejb3Column{table=org.hibernate.mapping.Table(fournisseur), mappingColumn=rccm, insertable=true, updatable=true, unique=false}
01:26:49.007 [main] DEBUG org.hibernate.cfg.annotations.PropertyBinder - MetadataSourceProcessor property rccm with lazy=false
01:26:49.007 [main] DEBUG org.hibernate.cfg.AbstractPropertyHolder - Attempting to locate auto-apply AttributeConverter for property [ngondi.ged.ga.infrastructure.model.FournisseurEntity:rccm]
01:26:49.007 [main] DEBUG org.hibernate.cfg.annotations.SimpleValueBinder - building SimpleValue for rccm
01:26:49.008 [main] DEBUG org.hibernate.cfg.annotations.PropertyBinder - Building property rccm
01:26:49.008 [main] DEBUG org.hibernate.cfg.Ejb3Column - Binding column: Ejb3JoinColumn{logicalColumnName='null', referencedColumn='null', mappedBy='null'}
01:26:49.008 [main] DEBUG org.hibernate.cfg.Ejb3Column - Binding column: Ejb3Column{table=org.hibernate.mapping.Table(fournisseur), mappingColumn=statistique_fournisseur, insertable=true, updatable=true, unique=false}
01:26:49.009 [main] DEBUG org.hibernate.cfg.annotations.PropertyBinder - Building property statistiqueFournisseur
01:26:49.012 [main] DEBUG org.hibernate.cfg.Ejb3Column - Binding column: Ejb3Column{table=org.hibernate.mapping.Table(fournisseur), mappingColumn=telephone, insertable=true, updatable=true, unique=false}
01:26:49.013 [main] DEBUG org.hibernate.cfg.annotations.PropertyBinder - MetadataSourceProcessor property telephone with lazy=false
01:26:49.013 [main] DEBUG org.hibernate.cfg.AbstractPropertyHolder - Attempting to locate auto-apply AttributeConverter for property [ngondi.ged.ga.infrastructure.model.FournisseurEntity:telephone]
01:26:49.013 [main] DEBUG org.hibernate.cfg.annotations.SimpleValueBinder - building SimpleValue for telephone
01:26:49.013 [main] DEBUG org.hibernate.cfg.annotations.PropertyBinder - Building property telephone
01:26:49.014 [main] DEBUG org.hibernate.cfg.AnnotationBinder - Binding entity from annotated class: ngondi.ged.ga.infrastructure.model.StatistiqueFournisseurEntity
01:26:49.014 [main] DEBUG org.hibernate.cfg.Ejb3Column - Binding column: Ejb3DiscriminatorColumn{logicalColumnName'DTYPE', discriminatorTypeName='string'}
01:26:49.014 [main] DEBUG org.hibernate.cfg.annotations.EntityBinder - Import with entity name STATISTIQUE
01:26:49.015 [main] DEBUG org.hibernate.cfg.annotations.EntityBinder - Bind entity ngondi.ged.ga.infrastructure.model.StatistiqueFournisseurEntity on table statistique
01:26:49.016 [main] DEBUG org.hibernate.cfg.Ejb3Column - Binding column: Ejb3Column{table=org.hibernate.mapping.Table(statistique), mappingColumn=id_statistique, insertable=true, updatable=true, unique=false}
01:26:49.017 [main] DEBUG org.hibernate.cfg.annotations.PropertyBinder - MetadataSourceProcessor property idStatistique with lazy=false
01:26:49.017 [main] DEBUG org.hibernate.cfg.AbstractPropertyHolder - Attempting to locate auto-apply AttributeConverter for property [ngondi.ged.ga.infrastructure.model.StatistiqueFournisseurEntity:idStatistique]
01:26:49.017 [main] DEBUG org.hibernate.cfg.annotations.SimpleValueBinder - building SimpleValue for idStatistique
01:26:49.017 [main] DEBUG org.hibernate.cfg.annotations.PropertyBinder - Building property idStatistique
01:26:49.017 [main] DEBUG org.hibernate.cfg.Ejb3Column - Binding column: Ejb3Column{table=org.hibernate.mapping.Table(statistique), mappingColumn=qualite_conformite, insertable=true, updatable=true, unique=false}
01:26:49.017 [main] DEBUG org.hibernate.cfg.annotations.PropertyBinder - MetadataSourceProcessor property qualiteConformite with lazy=false
01:26:49.018 [main] DEBUG org.hibernate.cfg.AbstractPropertyHolder - Attempting to locate auto-apply AttributeConverter for property [ngondi.ged.ga.infrastructure.model.StatistiqueFournisseurEntity:qualiteConformite]
01:26:49.018 [main] DEBUG org.hibernate.cfg.annotations.SimpleValueBinder - building SimpleValue for qualiteConformite
01:26:49.018 [main] DEBUG org.hibernate.cfg.annotations.PropertyBinder - Building property qualiteConformite
01:26:49.018 [main] DEBUG org.hibernate.cfg.Ejb3Column - Binding column: Ejb3Column{table=org.hibernate.mapping.Table(statistique), mappingColumn=reactivite_disponibilite, insertable=true, updatable=true, unique=false}
01:26:49.018 [main] DEBUG org.hibernate.cfg.annotations.PropertyBinder - MetadataSourceProcessor property reactiviteDisponibilite with lazy=false
01:26:49.018 [main] DEBUG org.hibernate.cfg.AbstractPropertyHolder - Attempting to locate auto-apply AttributeConverter for property [ngondi.ged.ga.infrastructure.model.StatistiqueFournisseurEntity:reactiviteDisponibilite]
01:26:49.018 [main] DEBUG org.hibernate.cfg.annotations.SimpleValueBinder - building SimpleValue for reactiviteDisponibilite
01:26:49.019 [main] DEBUG org.hibernate.cfg.annotations.PropertyBinder - Building property reactiviteDisponibilite
01:26:49.019 [main] DEBUG org.hibernate.cfg.Ejb3Column - Binding column: Ejb3Column{table=org.hibernate.mapping.Table(statistique), mappingColumn=respect_des_delais, insertable=true, updatable=true, unique=false}
01:26:49.021 [main] DEBUG org.hibernate.cfg.annotations.PropertyBinder - MetadataSourceProcessor property respectDesDelais with lazy=false
01:26:49.021 [main] DEBUG org.hibernate.cfg.AbstractPropertyHolder - Attempting to locate auto-apply AttributeConverter for property [ngondi.ged.ga.infrastructure.model.StatistiqueFournisseurEntity:respectDesDelais]
01:26:49.023 [main] DEBUG org.hibernate.cfg.annotations.SimpleValueBinder - building SimpleValue for respectDesDelais
01:26:49.024 [main] DEBUG org.hibernate.cfg.annotations.PropertyBinder - Building property respectDesDelais
01:26:49.025 [main] DEBUG org.hibernate.cfg.annotations.SimpleValueBinder - Starting fillSimpleValue for idDocument
01:26:49.025 [main] DEBUG org.hibernate.cfg.annotations.SimpleValueBinder - Starting fillSimpleValue for archiveFormat
01:26:49.025 [main] DEBUG org.hibernate.cfg.annotations.SimpleValueBinder - Starting fillSimpleValue for date
01:26:49.025 [main] DEBUG org.hibernate.cfg.annotations.SimpleValueBinder - Starting fillSimpleValue for docBytes
01:26:49.025 [main] DEBUG org.hibernate.cfg.annotations.SimpleValueBinder - Starting fillSimpleValue for nameDocument
01:26:49.025 [main] DEBUG org.hibernate.cfg.annotations.SimpleValueBinder - Starting fillSimpleValue for idFournisseur
01:26:49.025 [main] DEBUG org.hibernate.cfg.annotations.SimpleValueBinder - Starting fillSimpleValue for activite
01:26:49.025 [main] DEBUG org.hibernate.cfg.annotations.SimpleValueBinder - Starting fillSimpleValue for adresse
01:26:49.025 [main] DEBUG org.hibernate.cfg.annotations.SimpleValueBinder - Starting fillSimpleValue for contact
01:26:49.025 [main] DEBUG org.hibernate.cfg.annotations.SimpleValueBinder - Starting fillSimpleValue for email
01:26:49.025 [main] DEBUG org.hibernate.cfg.annotations.SimpleValueBinder - Starting fillSimpleValue for nif
01:26:49.025 [main] DEBUG org.hibernate.cfg.annotations.SimpleValueBinder - Starting fillSimpleValue for nom
01:26:49.025 [main] DEBUG org.hibernate.cfg.annotations.SimpleValueBinder - Starting fillSimpleValue for rccm
01:26:49.025 [main] DEBUG org.hibernate.cfg.annotations.SimpleValueBinder - Starting fillSimpleValue for telephone
01:26:49.025 [main] DEBUG org.hibernate.cfg.annotations.SimpleValueBinder - Starting fillSimpleValue for idStatistique
01:26:49.025 [main] DEBUG org.hibernate.cfg.annotations.SimpleValueBinder - Starting fillSimpleValue for qualiteConformite
01:26:49.026 [main] DEBUG org.hibernate.cfg.annotations.SimpleValueBinder - Starting fillSimpleValue for reactiviteDisponibilite
01:26:49.026 [main] DEBUG org.hibernate.cfg.annotations.SimpleValueBinder - Starting fillSimpleValue for respectDesDelais
01:26:49.026 [main] DEBUG org.hibernate.mapping.PrimaryKey - Forcing column [id_document] to be non-null as it is part of the primary key for table [document]
01:26:49.026 [main] DEBUG org.hibernate.mapping.PrimaryKey - Forcing column [id_fournisseur] to be non-null as it is part of the primary key for table [fournisseur]
01:26:49.026 [main] DEBUG org.hibernate.mapping.PrimaryKey - Forcing column [id_statistique] to be non-null as it is part of the primary key for table [statistique]
01:26:49.026 [main] DEBUG org.hibernate.cfg.CollectionSecondPass - Second pass for collection: ngondi.ged.ga.infrastructure.model.FournisseurEntity.idDocument
01:26:49.026 [main] DEBUG org.hibernate.cfg.annotations.CollectionBinder - Binding a collection of element: ngondi.ged.ga.infrastructure.model.FournisseurEntity.idDocument
01:26:49.027 [main] DEBUG org.hibernate.cfg.CollectionPropertyHolder - Attempting to locate auto-apply AttributeConverter for collection element [ngondi.ged.ga.infrastructure.model.FournisseurEntity.idDocument]
01:26:49.027 [main] DEBUG org.hibernate.cfg.annotations.SimpleValueBinder - building SimpleValue for null
01:26:49.027 [main] DEBUG org.hibernate.cfg.annotations.SimpleValueBinder - Starting fillSimpleValue for null
01:26:49.027 [main] DEBUG org.hibernate.cfg.CollectionSecondPass - Mapped collection key: id_fourournisseur, element: id_document
01:26:49.027 [main] DEBUG org.hibernate.boot.internal.InFlightMetadataCollectorImpl - Resolving reference to class: ngondi.ged.ga.infrastructure.model.StatistiqueFournisseurEntity
01:26:49.027 [HikariPool-2 housekeeper] DEBUG com.zaxxer.hikari.pool.HikariPool - HikariPool-2 - Pool stats (total=1, active=0, idle=1, waiting=0)
01:26:49.028 [main] DEBUG org.hibernate.boot.internal.InFlightMetadataCollectorImpl - Resolving reference to class: ngondi.ged.ga.infrastructure.model.FournisseurEntity
01:26:49.031 [main] DEBUG org.hibernate.boot.internal.InFlightMetadataCollectorImpl - Resolving reference to class: ngondi.ged.ga.infrastructure.model.StatistiqueFournisseurEntity
01:26:49.031 [main] DEBUG org.hibernate.boot.internal.InFlightMetadataCollectorImpl - Resolving reference to class: ngondi.ged.ga.infrastructure.model.FournisseurEntity
01:26:49.034 [main] DEBUG org.hibernate.internal.SessionFactoryImpl - Building session factory
01:26:49.034 [main] DEBUG org.hibernate.cfg.Settings - SessionFactory name : null
01:26:49.034 [main] DEBUG org.hibernate.cfg.Settings - Automatic flush during beforeCompletion(): enabled
01:26:49.034 [main] DEBUG org.hibernate.cfg.Settings - Automatic session close at end of transaction: disabled
01:26:49.034 [main] DEBUG org.hibernate.cfg.Settings - Statistics: disabled
01:26:49.034 [main] DEBUG org.hibernate.cfg.Settings - Deleted entity synthetic identifier rollback: disabled
01:26:49.034 [main] DEBUG org.hibernate.cfg.Settings - Default entity-mode: pojo
01:26:49.034 [main] DEBUG org.hibernate.cfg.Settings - Check Nullability in Core (should be disabled when Bean Validation is on): enabled
01:26:49.034 [main] DEBUG org.hibernate.cfg.Settings - Allow initialization of lazy state outside session : disabled
01:26:49.034 [main] DEBUG org.hibernate.cfg.Settings - Using BatchFetchStyle : LEGACY
01:26:49.034 [main] DEBUG org.hibernate.cfg.Settings - Default batch fetch size: -1
01:26:49.034 [main] DEBUG org.hibernate.cfg.Settings - Maximum outer join fetch depth: 2
01:26:49.034 [main] DEBUG org.hibernate.cfg.Settings - Default null ordering: NONE
01:26:49.034 [main] DEBUG org.hibernate.cfg.Settings - Order SQL updates by primary key: disabled
01:26:49.034 [main] DEBUG org.hibernate.cfg.Settings - Order SQL inserts for batching: disabled
01:26:49.034 [main] DEBUG org.hibernate.cfg.Settings - multi-tenancy strategy : NONE
01:26:49.034 [main] DEBUG org.hibernate.cfg.Settings - JTA Track by Thread: enabled
01:26:49.034 [main] DEBUG org.hibernate.cfg.Settings - Query language substitutions: {}
01:26:49.034 [main] DEBUG org.hibernate.cfg.Settings - JPA query language strict compliance: disabled
01:26:49.034 [main] DEBUG org.hibernate.cfg.Settings - Named query checking : enabled
01:26:49.034 [main] DEBUG org.hibernate.cfg.Settings - Second-level cache: disabled
01:26:49.034 [main] DEBUG org.hibernate.cfg.Settings - Second-level query cache: disabled
01:26:49.034 [main] DEBUG org.hibernate.cfg.Settings - Second-level query cache factory: null
01:26:49.034 [main] DEBUG org.hibernate.cfg.Settings - Second-level cache region prefix: null
01:26:49.034 [main] DEBUG org.hibernate.cfg.Settings - Optimize second-level cache for minimal puts: disabled
01:26:49.034 [main] DEBUG org.hibernate.cfg.Settings - Structured second-level cache entries: disabled
01:26:49.034 [main] DEBUG org.hibernate.cfg.Settings - Second-level cache direct-reference entries: disabled
01:26:49.034 [main] DEBUG org.hibernate.cfg.Settings - Automatic eviction of collection cache: disabled
01:26:49.034 [main] DEBUG org.hibernate.cfg.Settings - JDBC batch size: 15
01:26:49.034 [main] DEBUG org.hibernate.cfg.Settings - JDBC batch updates for versioned data: enabled
01:26:49.035 [main] DEBUG org.hibernate.cfg.Settings - Scrollable result sets: enabled
01:26:49.035 [main] DEBUG org.hibernate.cfg.Settings - Wrap result sets: disabled
01:26:49.035 [main] DEBUG org.hibernate.cfg.Settings - JDBC3 getGeneratedKeys(): enabled
01:26:49.035 [main] DEBUG org.hibernate.cfg.Settings - JDBC result set fetch size: null
01:26:49.035 [main] DEBUG org.hibernate.cfg.Settings - Connection release mode: ON_CLOSE
01:26:49.035 [main] DEBUG org.hibernate.cfg.Settings - Generate SQL with comments: disabled
01:26:49.038 [main] DEBUG org.hibernate.internal.SessionFactoryImpl - Session factory constructed with filter configurations : {}
01:26:49.039 [main] DEBUG org.hibernate.internal.SessionFactoryImpl - Instantiating session factory with properties: {sun.desktop=windows, awt.toolkit=sun.awt.windows.WToolkit, hibernate.id.new_generator_mappings=true, file.encoding.pkg=sun.io, java.specification.version=1.8, sun.cpu.isalist=amd64, hibernate.connection.handling_mode=DELAYED_ACQUISITION_AND_HOLD, sun.jnu.encoding=Cp1252, hibernate.dialect=org.hibernate.dialect.MySQL5Dialect, hibernate.implicit_naming_strategy=org.springframework.boot.orm.jpa.hibernate.SpringImplicitNamingStrategy, java.class.path=C:\Users\gmihindou\Desktop\NGONDI\ngondi\ngondi-infrastructure\target\test-classes;C:\Users\gmihindou\Desktop\NGONDI\ngondi\ngondi-infrastructure\target\classes;C:\Users\gmihindou\.m2\repository\org\springframework\boot\spring-boot-starter-web\2.0.4.RELEASE\spring-boot-starter-web-2.0.4.RELEASE.jar;C:\Users\gmihindou\.m2\repository\org\springframework\boot\spring-boot-starter\2.0.4.RELEASE\spring-boot-starter-2.0.4.RELEASE.jar;C:\Users\gmihindou\.m2\repository\org\springframework\boot\spring-boot-starter-logging\2.0.4.RELEASE\spring-boot-starter-logging-2.0.4.RELEASE.jar;C:\Users\gmihindou\.m2\repository\ch\qos\logback\logback-classic\1.2.3\logback-classic-1.2.3.jar;C:\Users\gmihindou\.m2\repository\ch\qos\logback\logback-core\1.2.3\logback-core-1.2.3.jar;C:\Users\gmihindou\.m2\repository\org\apache\logging\log4j\log4j-to-slf4j\2.10.0\log4j-to-slf4j-2.10.0.jar;C:\Users\gmihindou\.m2\repository\org\apache\logging\log4j\log4j-api\2.10.0\log4j-api-2.10.0.jar;C:\Users\gmihindou\.m2\repository\org\slf4j\jul-to-slf4j\1.7.25\jul-to-slf4j-1.7.25.jar;C:\Users\gmihindou\.m2\repository\javax\annotation\javax.annotation-api\1.3.2\javax.annotation-api-1.3.2.jar;C:\Users\gmihindou\.m2\repository\org\yaml\snakeyaml\1.19\snakeyaml-1.19.jar;C:\Users\gmihindou\.m2\repository\org\springframework\boot\spring-boot-starter-json\2.0.4.RELEASE\spring-boot-starter-json-2.0.4.RELEASE.jar;C:\Users\gmihindou\.m2\repository\com\fasterxml\jackson\core\jackson-databind\2.9.6\jackson-databind-2.9.6.jar;C:\Users\gmihindou\.m2\repository\com\fasterxml\jackson\core\jackson-annotations\2.9.0\jackson-annotations-2.9.0.jar;C:\Users\gmihindou\.m2\repository\com\fasterxml\jackson\core\jackson-core\2.9.6\jackson-core-2.9.6.jar;C:\Users\gmihindou\.m2\repository\com\fasterxml\jackson\datatype\jackson-datatype-jdk8\2.9.6\jackson-datatype-jdk8-2.9.6.jar;C:\Users\gmihindou\.m2\repository\com\fasterxml\jackson\datatype\jackson-datatype-jsr310\2.9.6\jackson-datatype-jsr310-2.9.6.jar;C:\Users\gmihindou\.m2\repository\com\fasterxml\jackson\module\jackson-module-parameter-names\2.9.6\jackson-module-parameter-names-2.9.6.jar;C:\Users\gmihindou\.m2\repository\org\springframework\boot\spring-boot-starter-tomcat\2.0.4.RELEASE\spring-boot-starter-tomcat-2.0.4.RELEASE.jar;C:\Users\gmihindou\.m2\repository\org\apache\tomcat\embed\tomcat-embed-core\8.5.32\tomcat-embed-core-8.5.32.jar;C:\Users\gmihindou\.m2\repository\org\apache\tomcat\embed\tomcat-embed-el\8.5.32\tomcat-embed-el-8.5.32.jar;C:\Users\gmihindou\.m2\repository\org\apache\tomcat\embed\tomcat-embed-websocket\8.5.32\tomcat-embed-websocket-8.5.32.jar;C:\Users\gmihindou\.m2\repository\org\hibernate\validator\hibernate-validator\6.0.11.Final\hibernate-validator-6.0.11.Final.jar;C:\Users\gmihindou\.m2\repository\javax\validation\validation-api\2.0.1.Final\validation-api-2.0.1.Final.jar;C:\Users\gmihindou\.m2\repository\org\jboss\logging\jboss-logging\3.3.2.Final\jboss-logging-3.3.2.Final.jar;C:\Users\gmihindou\.m2\repository\com\fasterxml\classmate\1.3.4\classmate-1.3.4.jar;C:\Users\gmihindou\.m2\repository\org\springframework\spring-web\5.0.8.RELEASE\spring-web-5.0.8.RELEASE.jar;C:\Users\gmihindou\.m2\repository\org\springframework\spring-beans\5.0.8.RELEASE\spring-beans-5.0.8.RELEASE.jar;C:\Users\gmihindou\.m2\repository\org\springframework\spring-webmvc\5.0.8.RELEASE\spring-webmvc-5.0.8.RELEASE.jar;C:\Users\gmihindou\.m2\repository\org\springframework\spring-aop\5.0.8.RELEASE\spring-aop-5.0.8.RELEASE.jar;C:\Users\gmihindou\.m2\repository\org\springframework\spring-context\5.0.8.RELEASE\spring-context-5.0.8.RELEASE.jar;C:\Users\gmihindou\.m2\repository\org\springframework\spring-expression\5.0.8.RELEASE\spring-expression-5.0.8.RELEASE.jar;C:\Users\gmihindou\.m2\repository\org\springframework\boot\spring-boot-devtools\2.0.4.RELEASE\spring-boot-devtools-2.0.4.RELEASE.jar;C:\Users\gmihindou\.m2\repository\org\springframework\boot\spring-boot\2.0.4.RELEASE\spring-boot-2.0.4.RELEASE.jar;C:\Users\gmihindou\.m2\repository\org\springframework\boot\spring-boot-autoconfigure\2.0.4.RELEASE\spring-boot-autoconfigure-2.0.4.RELEASE.jar;C:\Users\gmihindou\.m2\repository\org\springframework\boot\spring-boot-starter-test\2.0.4.RELEASE\spring-boot-starter-test-2.0.4.RELEASE.jar;C:\Users\gmihindou\.m2\repository\org\springframework\boot\spring-boot-test\2.0.4.RELEASE\spring-boot-test-2.0.4.RELEASE.jar;C:\Users\gmihindou\.m2\repository\org\springframework\boot\spring-boot-test-autoconfigure\2.0.4.RELEASE\spring-boot-test-autoconfigure-2.0.4.RELEASE.jar;C:\Users\gmihindou\.m2\repository\com\jayway\jsonpath\json-path\2.4.0\json-path-2.4.0.jar;C:\Users\gmihindou\.m2\repository\net\minidev\json-smart\2.3\json-smart-2.3.jar;C:\Users\gmihindou\.m2\repository\net\minidev\accessors-smart\1.2\accessors-smart-1.2.jar;C:\Users\gmihindou\.m2\repository\org\ow2\asm\asm\5.0.4\asm-5.0.4.jar;C:\Users\gmihindou\.m2\repository\org\slf4j\slf4j-api\1.7.25\slf4j-api-1.7.25.jar;C:\Users\gmihindou\.m2\repository\junit\junit\4.12\junit-4.12.jar;C:\Users\gmihindou\.m2\repository\org\assertj\assertj-core\3.9.1\assertj-core-3.9.1.jar;C:\Users\gmihindou\.m2\repository\org\mockito\mockito-core\2.15.0\mockito-core-2.15.0.jar;C:\Users\gmihindou\.m2\repository\net\bytebuddy\byte-buddy\1.7.11\byte-buddy-1.7.11.jar;C:\Users\gmihindou\.m2\repository\net\bytebuddy\byte-buddy-agent\1.7.11\byte-buddy-agent-1.7.11.jar;C:\Users\gmihindou\.m2\repository\org\objenesis\objenesis\2.6\objenesis-2.6.jar;C:\Users\gmihindou\.m2\repository\org\hamcrest\hamcrest-core\1.3\hamcrest-core-1.3.jar;C:\Users\gmihindou\.m2\repository\org\hamcrest\hamcrest-library\1.3\hamcrest-library-1.3.jar;C:\Users\gmihindou\.m2\repository\org\skyscreamer\jsonassert\1.5.0\jsonassert-1.5.0.jar;C:\Users\gmihindou\.m2\repository\com\vaadin\external\google\android-json\0.0.20131108.vaadin1\android-json-0.0.20131108.vaadin1.jar;C:\Users\gmihindou\.m2\repository\org\springframework\spring-core\5.0.8.RELEASE\spring-core-5.0.8.RELEASE.jar;C:\Users\gmihindou\.m2\repository\org\springframework\spring-jcl\5.0.8.RELEASE\spring-jcl-5.0.8.RELEASE.jar;C:\Users\gmihindou\.m2\repository\org\springframework\spring-test\5.0.8.RELEASE\spring-test-5.0.8.RELEASE.jar;C:\Users\gmihindou\.m2\repository\org\xmlunit\xmlunit-core\2.5.1\xmlunit-core-2.5.1.jar;C:\Users\gmihindou\.m2\repository\org\springframework\boot\spring-boot-starter-data-jpa\2.0.4.RELEASE\spring-boot-starter-data-jpa-2.0.4.RELEASE.jar;C:\Users\gmihindou\.m2\repository\org\springframework\boot\spring-boot-starter-aop\2.0.4.RELEASE\spring-boot-starter-aop-2.0.4.RELEASE.jar;C:\Users\gmihindou\.m2\repository\org\aspectj\aspectjweaver\1.8.13\aspectjweaver-1.8.13.jar;C:\Users\gmihindou\.m2\repository\org\springframework\boot\spring-boot-starter-jdbc\2.0.4.RELEASE\spring-boot-starter-jdbc-2.0.4.RELEASE.jar;C:\Users\gmihindou\.m2\repository\com\zaxxer\HikariCP\2.7.9\HikariCP-2.7.9.jar;C:\Users\gmihindou\.m2\repository\org\springframework\spring-jdbc\5.0.8.RELEASE\spring-jdbc-5.0.8.RELEASE.jar;C:\Users\gmihindou\.m2\repository\org\hibernate\hibernate-core\5.2.17.Final\hibernate-core-5.2.17.Final.jar;C:\Users\gmihindou\.m2\repository\org\hibernate\javax\persistence\hibernate-jpa-2.1-api\1.0.2.Final\hibernate-jpa-2.1-api-1.0.2.Final.jar;C:\Users\gmihindou\.m2\repository\org\javassist\javassist\3.22.0-GA\javassist-3.22.0-GA.jar;C:\Users\gmihindou\.m2\repository\antlr\antlr\2.7.7\antlr-2.7.7.jar;C:\Users\gmihindou\.m2\repository\org\jboss\jandex\2.0.3.Final\jandex-2.0.3.Final.jar;C:\Users\gmihindou\.m2\repository\dom4j\dom4j\1.6.1\dom4j-1.6.1.jar;C:\Users\gmihindou\.m2\repository\org\hibernate\common\hibernate-commons-annotations\5.0.1.Final\hibernate-commons-annotations-5.0.1.Final.jar;C:\Users\gmihindou\.m2\repository\javax\transaction\javax.transaction-api\1.2\javax.transaction-api-1.2.jar;C:\Users\gmihindou\.m2\repository\org\springframework\data\spring-data-jpa\2.0.9.RELEASE\spring-data-jpa-2.0.9.RELEASE.jar;C:\Users\gmihindou\.m2\repository\org\springframework\data\spring-data-commons\2.0.9.RELEASE\spring-data-commons-2.0.9.RELEASE.jar;C:\Users\gmihindou\.m2\repository\org\springframework\spring-orm\5.0.8.RELEASE\spring-orm-5.0.8.RELEASE.jar;C:\Users\gmihindou\.m2\repository\org\springframework\spring-tx\5.0.8.RELEASE\spring-tx-5.0.8.RELEASE.jar;C:\Users\gmihindou\.m2\repository\org\springframework\spring-aspects\5.0.8.RELEASE\spring-aspects-5.0.8.RELEASE.jar;C:\Users\gmihindou\.m2\repository\mysql\mysql-connector-java\5.1.46\mysql-connector-java-5.1.46.jar;C:\Users\gmihindou\Desktop\NGONDI\ngondi\ngondi-domain\target\ngondi-domain-0.4-SNAPSHOT.jar;, java.vm.vendor=Oracle Corporation, sun.arch.data.model=64, user.variant=, java.vendor.url=http://java.oracle.com/, user.timezone=Europe/Paris, os.name=Windows 10, java.vm.specification.version=1.8, javax.persistence.validation.mode=AUTO, sun.java.launcher=SUN_STANDARD, user.country=FR, sun.boot.library.path=C:\Program Files\Java\jdk1.8.0_181\jre\bin, sun.java.command=C:\Users\GMIHIN~1\AppData\Local\Temp\surefire3983876529997774579\surefirebooter7677067244655180553.jar C:\Users\gmihindou\AppData\Local\Temp\surefire3983876529997774579 2019-09-16T01-26-34_030-jvmRun1 surefire3396645508792052299tmp surefire_06323548799839411616tmp, hibernate.transaction.jta.platform=org.hibernate.engine.transaction.jta.platform.internal.NoJtaPlatform@7d64a960, javax.persistence.sharedCache.mode=UNSPECIFIED, surefire.test.class.path=C:\Users\gmihindou\Desktop\NGONDI\ngondi\ngondi-infrastructure\target\test-classes;C:\Users\gmihindou\Desktop\NGONDI\ngondi\ngondi-infrastructure\target\classes;C:\Users\gmihindou\.m2\repository\org\springframework\boot\spring-boot-starter-web\2.0.4.RELEASE\spring-boot-starter-web-2.0.4.RELEASE.jar;C:\Users\gmihindou\.m2\repository\org\springframework\boot\spring-boot-starter\2.0.4.RELEASE\spring-boot-starter-2.0.4.RELEASE.jar;C:\Users\gmihindou\.m2\repository\org\springframework\boot\spring-boot-starter-logging\2.0.4.RELEASE\spring-boot-starter-logging-2.0.4.RELEASE.jar;C:\Users\gmihindou\.m2\repository\ch\qos\logback\logback-classic\1.2.3\logback-classic-1.2.3.jar;C:\Users\gmihindou\.m2\repository\ch\qos\logback\logback-core\1.2.3\logback-core-1.2.3.jar;C:\Users\gmihindou\.m2\repository\org\apache\logging\log4j\log4j-to-slf4j\2.10.0\log4j-to-slf4j-2.10.0.jar;C:\Users\gmihindou\.m2\repository\org\apache\logging\log4j\log4j-api\2.10.0\log4j-api-2.10.0.jar;C:\Users\gmihindou\.m2\repository\org\slf4j\jul-to-slf4j\1.7.25\jul-to-slf4j-1.7.25.jar;C:\Users\gmihindou\.m2\repository\javax\annotation\javax.annotation-api\1.3.2\javax.annotation-api-1.3.2.jar;C:\Users\gmihindou\.m2\repository\org\yaml\snakeyaml\1.19\snakeyaml-1.19.jar;C:\Users\gmihindou\.m2\repository\org\springframework\boot\spring-boot-starter-json\2.0.4.RELEASE\spring-boot-starter-json-2.0.4.RELEASE.jar;C:\Users\gmihindou\.m2\repository\com\fasterxml\jackson\core\jackson-databind\2.9.6\jackson-databind-2.9.6.jar;C:\Users\gmihindou\.m2\repository\com\fasterxml\jackson\core\jackson-annotations\2.9.0\jackson-annotations-2.9.0.jar;C:\Users\gmihindou\.m2\repository\com\fasterxml\jackson\core\jackson-core\2.9.6\jackson-core-2.9.6.jar;C:\Users\gmihindou\.m2\repository\com\fasterxml\jackson\datatype\jackson-datatype-jdk8\2.9.6\jackson-datatype-jdk8-2.9.6.jar;C:\Users\gmihindou\.m2\repository\com\fasterxml\jackson\datatype\jackson-datatype-jsr310\2.9.6\jackson-datatype-jsr310-2.9.6.jar;C:\Users\gmihindou\.m2\repository\com\fasterxml\jackson\module\jackson-module-parameter-names\2.9.6\jackson-module-parameter-names-2.9.6.jar;C:\Users\gmihindou\.m2\repository\org\springframework\boot\spring-boot-starter-tomcat\2.0.4.RELEASE\spring-boot-starter-tomcat-2.0.4.RELEASE.jar;C:\Users\gmihindou\.m2\repository\org\apache\tomcat\embed\tomcat-embed-core\8.5.32\tomcat-embed-core-8.5.32.jar;C:\Users\gmihindou\.m2\repository\org\apache\tomcat\embed\tomcat-embed-el\8.5.32\tomcat-embed-el-8.5.32.jar;C:\Users\gmihindou\.m2\repository\org\apache\tomcat\embed\tomcat-embed-websocket\8.5.32\tomcat-embed-websocket-8.5.32.jar;C:\Users\gmihindou\.m2\repository\org\hibernate\validator\hibernate-validator\6.0.11.Final\hibernate-validator-6.0.11.Final.jar;C:\Users\gmihindou\.m2\repository\javax\validation\validation-api\2.0.1.Final\validation-api-2.0.1.Final.jar;C:\Users\gmihindou\.m2\repository\org\jboss\logging\jboss-logging\3.3.2.Final\jboss-logging-3.3.2.Final.jar;C:\Users\gmihindou\.m2\repository\com\fasterxml\classmate\1.3.4\classmate-1.3.4.jar;C:\Users\gmihindou\.m2\repository\org\springframework\spring-web\5.0.8.RELEASE\spring-web-5.0.8.RELEASE.jar;C:\Users\gmihindou\.m2\repository\org\springframework\spring-beans\5.0.8.RELEASE\spring-beans-5.0.8.RELEASE.jar;C:\Users\gmihindou\.m2\repository\org\springframework\spring-webmvc\5.0.8.RELEASE\spring-webmvc-5.0.8.RELEASE.jar;C:\Users\gmihindou\.m2\repository\org\springframework\spring-aop\5.0.8.RELEASE\spring-aop-5.0.8.RELEASE.jar;C:\Users\gmihindou\.m2\repository\org\springframework\spring-context\5.0.8.RELEASE\spring-context-5.0.8.RELEASE.jar;C:\Users\gmihindou\.m2\repository\org\springframework\spring-expression\5.0.8.RELEASE\spring-expression-5.0.8.RELEASE.jar;C:\Users\gmihindou\.m2\repository\org\springframework\boot\spring-boot-devtools\2.0.4.RELEASE\spring-boot-devtools-2.0.4.RELEASE.jar;C:\Users\gmihindou\.m2\repository\org\springframework\boot\spring-boot\2.0.4.RELEASE\spring-boot-2.0.4.RELEASE.jar;C:\Users\gmihindou\.m2\repository\org\springframework\boot\spring-boot-autoconfigure\2.0.4.RELEASE\spring-boot-autoconfigure-2.0.4.RELEASE.jar;C:\Users\gmihindou\.m2\repository\org\springframework\boot\spring-boot-starter-test\2.0.4.RELEASE\spring-boot-starter-test-2.0.4.RELEASE.jar;C:\Users\gmihindou\.m2\repository\org\springframework\boot\spring-boot-test\2.0.4.RELEASE\spring-boot-test-2.0.4.RELEASE.jar;C:\Users\gmihindou\.m2\repository\org\springframework\boot\spring-boot-test-autoconfigure\2.0.4.RELEASE\spring-boot-test-autoconfigure-2.0.4.RELEASE.jar;C:\Users\gmihindou\.m2\repository\com\jayway\jsonpath\json-path\2.4.0\json-path-2.4.0.jar;C:\Users\gmihindou\.m2\repository\net\minidev\json-smart\2.3\json-smart-2.3.jar;C:\Users\gmihindou\.m2\repository\net\minidev\accessors-smart\1.2\accessors-smart-1.2.jar;C:\Users\gmihindou\.m2\repository\org\ow2\asm\asm\5.0.4\asm-5.0.4.jar;C:\Users\gmihindou\.m2\repository\org\slf4j\slf4j-api\1.7.25\slf4j-api-1.7.25.jar;C:\Users\gmihindou\.m2\repository\junit\junit\4.12\junit-4.12.jar;C:\Users\gmihindou\.m2\repository\org\assertj\assertj-core\3.9.1\assertj-core-3.9.1.jar;C:\Users\gmihindou\.m2\repository\org\mockito\mockito-core\2.15.0\mockito-core-2.15.0.jar;C:\Users\gmihindou\.m2\repository\net\bytebuddy\byte-buddy\1.7.11\byte-buddy-1.7.11.jar;C:\Users\gmihindou\.m2\repository\net\bytebuddy\byte-buddy-agent\1.7.11\byte-buddy-agent-1.7.11.jar;C:\Users\gmihindou\.m2\repository\org\objenesis\objenesis\2.6\objenesis-2.6.jar;C:\Users\gmihindou\.m2\repository\org\hamcrest\hamcrest-core\1.3\hamcrest-core-1.3.jar;C:\Users\gmihindou\.m2\repository\org\hamcrest\hamcrest-library\1.3\hamcrest-library-1.3.jar;C:\Users\gmihindou\.m2\repository\org\skyscreamer\jsonassert\1.5.0\jsonassert-1.5.0.jar;C:\Users\gmihindou\.m2\repository\com\vaadin\external\google\android-json\0.0.20131108.vaadin1\android-json-0.0.20131108.vaadin1.jar;C:\Users\gmihindou\.m2\repository\org\springframework\spring-core\5.0.8.RELEASE\spring-core-5.0.8.RELEASE.jar;C:\Users\gmihindou\.m2\repository\org\springframework\spring-jcl\5.0.8.RELEASE\spring-jcl-5.0.8.RELEASE.jar;C:\Users\gmihindou\.m2\repository\org\springframework\spring-test\5.0.8.RELEASE\spring-test-5.0.8.RELEASE.jar;C:\Users\gmihindou\.m2\repository\org\xmlunit\xmlunit-core\2.5.1\xmlunit-core-2.5.1.jar;C:\Users\gmihindou\.m2\repository\org\springframework\boot\spring-boot-starter-data-jpa\2.0.4.RELEASE\spring-boot-starter-data-jpa-2.0.4.RELEASE.jar;C:\Users\gmihindou\.m2\repository\org\springframework\boot\spring-boot-starter-aop\2.0.4.RELEASE\spring-boot-starter-aop-2.0.4.RELEASE.jar;C:\Users\gmihindou\.m2\repository\org\aspectj\aspectjweaver\1.8.13\aspectjweaver-1.8.13.jar;C:\Users\gmihindou\.m2\repository\org\springframework\boot\spring-boot-starter-jdbc\2.0.4.RELEASE\spring-boot-starter-jdbc-2.0.4.RELEASE.jar;C:\Users\gmihindou\.m2\repository\com\zaxxer\HikariCP\2.7.9\HikariCP-2.7.9.jar;C:\Users\gmihindou\.m2\repository\org\springframework\spring-jdbc\5.0.8.RELEASE\spring-jdbc-5.0.8.RELEASE.jar;C:\Users\gmihindou\.m2\repository\org\hibernate\hibernate-core\5.2.17.Final\hibernate-core-5.2.17.Final.jar;C:\Users\gmihindou\.m2\repository\org\hibernate\javax\persistence\hibernate-jpa-2.1-api\1.0.2.Final\hibernate-jpa-2.1-api-1.0.2.Final.jar;C:\Users\gmihindou\.m2\repository\org\javassist\javassist\3.22.0-GA\javassist-3.22.0-GA.jar;C:\Users\gmihindou\.m2\repository\antlr\antlr\2.7.7\antlr-2.7.7.jar;C:\Users\gmihindou\.m2\repository\org\jboss\jandex\2.0.3.Final\jandex-2.0.3.Final.jar;C:\Users\gmihindou\.m2\repository\dom4j\dom4j\1.6.1\dom4j-1.6.1.jar;C:\Users\gmihindou\.m2\repository\org\hibernate\common\hibernate-commons-annotations\5.0.1.Final\hibernate-commons-annotations-5.0.1.Final.jar;C:\Users\gmihindou\.m2\repository\javax\transaction\javax.transaction-api\1.2\javax.transaction-api-1.2.jar;C:\Users\gmihindou\.m2\repository\org\springframework\data\spring-data-jpa\2.0.9.RELEASE\spring-data-jpa-2.0.9.RELEASE.jar;C:\Users\gmihindou\.m2\repository\org\springframework\data\spring-data-commons\2.0.9.RELEASE\spring-data-commons-2.0.9.RELEASE.jar;C:\Users\gmihindou\.m2\repository\org\springframework\spring-orm\5.0.8.RELEASE\spring-orm-5.0.8.RELEASE.jar;C:\Users\gmihindou\.m2\repository\org\springframework\spring-tx\5.0.8.RELEASE\spring-tx-5.0.8.RELEASE.jar;C:\Users\gmihindou\.m2\repository\org\springframework\spring-aspects\5.0.8.RELEASE\spring-aspects-5.0.8.RELEASE.jar;C:\Users\gmihindou\.m2\repository\mysql\mysql-connector-java\5.1.46\mysql-connector-java-5.1.46.jar;C:\Users\gmihindou\Desktop\NGONDI\ngondi\ngondi-domain\target\ngondi-domain-0.4-SNAPSHOT.jar;, sun.cpu.endian=little, user.home=C:\Users\gmihindou, user.language=fr, java.specification.vendor=Oracle Corporation, java.home=C:\Program Files\Java\jdk1.8.0_181\jre, file.separator=\, basedir=C:\Users\gmihindou\Desktop\NGONDI\ngondi\ngondi-infrastructure, line.separator=
, java.vm.specification.vendor=Oracle Corporation, java.specification.name=Java Platform API Specification, hibernate.transaction.coordinator_class=class org.hibernate.resource.transaction.backend.jdbc.internal.JdbcResourceLocalTransactionCoordinatorBuilderImpl, java.awt.graphicsenv=sun.awt.Win32GraphicsEnvironment, surefire.real.class.path=C:\Users\GMIHIN~1\AppData\Local\Temp\surefire3983876529997774579\surefirebooter7677067244655180553.jar, sun.boot.class.path=C:\Program Files\Java\jdk1.8.0_181\jre\lib\resources.jar;C:\Program Files\Java\jdk1.8.0_181\jre\lib\rt.jar;C:\Program Files\Java\jdk1.8.0_181\jre\lib\sunrsasign.jar;C:\Program Files\Java\jdk1.8.0_181\jre\lib\jsse.jar;C:\Program Files\Java\jdk1.8.0_181\jre\lib\jce.jar;C:\Program Files\Java\jdk1.8.0_181\jre\lib\charsets.jar;C:\Program Files\Java\jdk1.8.0_181\jre\lib\jfr.jar;C:\Program Files\Java\jdk1.8.0_181\jre\classes, hibernate.hbm2ddl.auto=update, user.script=, sun.management.compiler=HotSpot 64-Bit Tiered Compilers, java.runtime.version=1.8.0_181-b13, user.name=gmihindou, path.separator=;, os.version=10.0, java.endorsed.dirs=C:\Program Files\Java\jdk1.8.0_181\jre\lib\endorsed, java.runtime.name=Java(TM) SE Runtime Environment, hibernate.ejb.persistenceUnitName=default, file.encoding=Cp1252, java.vm.name=Java HotSpot(TM) 64-Bit Server VM, hibernate.show_sql=true, localRepository=C:\Users\gmihindou\.m2\repository, java.vendor.url.bug=http://bugreport.sun.com/bugreport/, java.io.tmpdir=C:\Users\GMIHIN~1\AppData\Local\Temp\, com.zaxxer.hikari.pool_number=1, java.version=1.8.0_181, hibernate.physical_naming_strategy=org.springframework.boot.orm.jpa.hibernate.SpringPhysicalNamingStrategy, user.dir=C:\Users\gmihindou\Desktop\NGONDI\ngondi\ngondi-infrastructure, os.arch=amd64, java.vm.specification.name=Java Virtual Machine Specification, java.awt.printerjob=sun.awt.windows.WPrinterJob, sun.os.patch.level=, hibernate.boot.CfgXmlAccessService.key=org.hibernate.boot.cfgxml.spi.LoadedConfig@166ce247, java.library.path=C:\Program Files\Java\jdk1.8.0_181\jre\bin;C:\WINDOWS\Sun\Java\bin;C:\WINDOWS\system32;C:\WINDOWS;C:/Program Files/Java/jre1.8.0_181/bin/server;C:/Program Files/Java/jre1.8.0_181/bin;C:/Program Files/Java/jre1.8.0_181/lib/amd64;C:\Program Files (x86)\Common Files\Oracle\Java\javapath;C:\ProgramData\Oracle\Java\javapath;C:\WINDOWS\system32;C:\WINDOWS;C:\WINDOWS\System32\Wbem;C:\WINDOWS\System32\WindowsPowerShell\v1.0\;C:\WINDOWS\System32\OpenSSH\;C:\Program Files\nodejs\;C:\Program Files\Git\cmd;C:\Program Files\Java\jdk1.8.0_181\bin;C:\Program Files\apache-maven-3.5.4\bin;C:\Program Files (x86)\Intel\Intel(R) Management Engine Components\DAL;C:\Program Files\Intel\Intel(R) Management Engine Components\DAL;;C:\adb;C:\WINDOWS\system32;C:\WINDOWS;C:\WINDOWS\System32\Wbem;C:\WINDOWS\System32\WindowsPowerShell\v1.0\;C:\WINDOWS\System32\OpenSSH\;C:\Program Files\Intel\WiFi\bin\;C:\Program Files\Common Files\Intel\WirelessCommon\;C:\Program Files\Intel\WiFi\bin\;C:\Program Files\Common Files\Intel\WirelessCommon\;C:\Users\gmihindou\AppData\Local\Microsoft\WindowsApps;C:\Users\gmihindou\AppData\Local\GitHubDesktop\bin;C:\Users\gmihindou\Downloads\sts-bundle\sts-3.9.5.RELEASE;;., java.vendor=Oracle Corporation, java.vm.info=mixed mode, java.vm.version=25.181-b13, hibernate.bytecode.use_reflection_optimizer=false, hibernate.connection.datasource=HikariDataSource (HikariPool-2), sun.io.unicode.encoding=UnicodeLittle, java.ext.dirs=C:\Program Files\Java\jdk1.8.0_181\jre\lib\ext;C:\WINDOWS\Sun\Java\lib\ext, java.class.version=52.0}
01:26:49.041 [main] DEBUG org.hibernate.validator.internal.engine.resolver.TraversableResolvers - Found javax.persistence.Persistence on classpath containing 'getPersistenceUtil'. Assuming JPA 2 environment. Trying to instantiate JPA aware TraversableResolver
01:26:49.041 [main] DEBUG org.hibernate.validator.internal.engine.resolver.TraversableResolvers - Instantiated JPA aware TraversableResolver of type org.hibernate.validator.internal.engine.resolver.JPATraversableResolver.
01:26:49.042 [main] DEBUG org.hibernate.validator.internal.xml.config.ValidationXmlParser - Trying to load META-INF/validation.xml for XML based Validator configuration.
01:26:49.042 [main] DEBUG org.hibernate.validator.internal.xml.config.ResourceLoaderHelper - Trying to load META-INF/validation.xml via TCCL
01:26:49.042 [main] DEBUG org.hibernate.validator.internal.xml.config.ResourceLoaderHelper - Trying to load META-INF/validation.xml via Hibernate Validator's class loader
01:26:49.042 [main] DEBUG org.hibernate.validator.internal.xml.config.ValidationXmlParser - No META-INF/validation.xml found. Using annotation based configuration only.
01:26:49.052 [main] DEBUG org.hibernate.validator.messageinterpolation.ResourceBundleMessageInterpolator - Loaded expression factory via original TCCL
01:26:49.054 [main] DEBUG org.hibernate.validator.internal.engine.ValidatorFactoryImpl - HV000234: Using org.hibernate.validator.messageinterpolation.ResourceBundleMessageInterpolator as ValidatorFactory-scoped message interpolator.
01:26:49.054 [main] DEBUG org.hibernate.validator.internal.engine.ValidatorFactoryImpl - HV000234: Using org.hibernate.validator.internal.engine.resolver.JPATraversableResolver as ValidatorFactory-scoped traversable resolver.
01:26:49.054 [main] DEBUG org.hibernate.validator.internal.engine.ValidatorFactoryImpl - HV000234: Using org.hibernate.validator.internal.util.ExecutableParameterNameProvider as ValidatorFactory-scoped parameter name provider.
01:26:49.055 [main] DEBUG org.hibernate.validator.internal.engine.ValidatorFactoryImpl - HV000234: Using org.hibernate.validator.internal.engine.DefaultClockProvider as ValidatorFactory-scoped clock provider.
01:26:49.055 [main] DEBUG org.hibernate.validator.internal.engine.ValidatorFactoryImpl - HV000234: Using org.hibernate.validator.internal.engine.scripting.DefaultScriptEvaluatorFactory as ValidatorFactory-scoped script evaluator factory.
01:26:49.056 [main] DEBUG org.hibernate.boot.internal.ClassLoaderAccessImpl - Not known whether passed class name [ngondi.ged.ga.infrastructure.model.FournisseurEntity] is safe
01:26:49.056 [main] DEBUG org.hibernate.boot.internal.ClassLoaderAccessImpl - No temp ClassLoader provided; using live ClassLoader for loading potentially unsafe class : ngondi.ged.ga.infrastructure.model.FournisseurEntity
01:26:49.096 [main] DEBUG org.hibernate.boot.internal.ClassLoaderAccessImpl - Not known whether passed class name [ngondi.ged.ga.infrastructure.model.DocumentEntity] is safe
01:26:49.096 [main] DEBUG org.hibernate.boot.internal.ClassLoaderAccessImpl - No temp ClassLoader provided; using live ClassLoader for loading potentially unsafe class : ngondi.ged.ga.infrastructure.model.DocumentEntity
01:26:49.098 [main] DEBUG org.hibernate.boot.internal.ClassLoaderAccessImpl - Not known whether passed class name [ngondi.ged.ga.infrastructure.model.StatistiqueFournisseurEntity] is safe
01:26:49.099 [main] DEBUG org.hibernate.boot.internal.ClassLoaderAccessImpl - No temp ClassLoader provided; using live ClassLoader for loading potentially unsafe class : ngondi.ged.ga.infrastructure.model.StatistiqueFournisseurEntity
01:26:49.101 [main] DEBUG org.hibernate.secure.spi.JaccIntegrator - Skipping JACC integration as it was not enabled
01:26:49.101 [main] DEBUG org.hibernate.engine.spi.CascadeStyles - External cascade style registration [persist : STYLE_PERSIST_SKIPLAZY] overrode base registration [STYLE_PERSIST_SKIPLAZY]
01:26:49.115 [main] DEBUG org.hibernate.internal.SessionFactoryImpl - Instantiated session factory
01:26:49.116 [main] DEBUG org.hibernate.boot.internal.ClassLoaderAccessImpl - Not known whether passed class name [ngondi.ged.ga.infrastructure.model.FournisseurEntity] is safe
01:26:49.116 [main] DEBUG org.hibernate.boot.internal.ClassLoaderAccessImpl - No temp ClassLoader provided; using live ClassLoader for loading potentially unsafe class : ngondi.ged.ga.infrastructure.model.FournisseurEntity
01:26:49.123 [main] DEBUG org.hibernate.boot.internal.ClassLoaderAccessImpl - Not known whether passed class name [ngondi.ged.ga.infrastructure.model.FournisseurEntity] is safe
01:26:49.123 [main] DEBUG org.hibernate.boot.internal.ClassLoaderAccessImpl - No temp ClassLoader provided; using live ClassLoader for loading potentially unsafe class : ngondi.ged.ga.infrastructure.model.FournisseurEntity
01:26:49.125 [main] DEBUG org.hibernate.boot.internal.ClassLoaderAccessImpl - Not known whether passed class name [ngondi.ged.ga.infrastructure.model.DocumentEntity] is safe
01:26:49.125 [main] DEBUG org.hibernate.boot.internal.ClassLoaderAccessImpl - No temp ClassLoader provided; using live ClassLoader for loading potentially unsafe class : ngondi.ged.ga.infrastructure.model.DocumentEntity
01:26:49.126 [main] DEBUG org.hibernate.boot.internal.ClassLoaderAccessImpl - Not known whether passed class name [ngondi.ged.ga.infrastructure.model.DocumentEntity] is safe
01:26:49.126 [main] DEBUG org.hibernate.boot.internal.ClassLoaderAccessImpl - No temp ClassLoader provided; using live ClassLoader for loading potentially unsafe class : ngondi.ged.ga.infrastructure.model.DocumentEntity
01:26:49.127 [main] DEBUG org.hibernate.boot.internal.ClassLoaderAccessImpl - Not known whether passed class name [ngondi.ged.ga.infrastructure.model.StatistiqueFournisseurEntity] is safe
01:26:49.127 [main] DEBUG org.hibernate.boot.internal.ClassLoaderAccessImpl - No temp ClassLoader provided; using live ClassLoader for loading potentially unsafe class : ngondi.ged.ga.infrastructure.model.StatistiqueFournisseurEntity
01:26:49.127 [main] DEBUG org.hibernate.boot.internal.ClassLoaderAccessImpl - Not known whether passed class name [ngondi.ged.ga.infrastructure.model.StatistiqueFournisseurEntity] is safe
01:26:49.127 [main] DEBUG org.hibernate.boot.internal.ClassLoaderAccessImpl - No temp ClassLoader provided; using live ClassLoader for loading potentially unsafe class : ngondi.ged.ga.infrastructure.model.StatistiqueFournisseurEntity
01:26:49.128 [main] DEBUG org.hibernate.persister.collection.AbstractCollectionPersister - Static SQL for collection: ngondi.ged.ga.infrastructure.model.FournisseurEntity.idDocument
01:26:49.128 [main] DEBUG org.hibernate.persister.collection.AbstractCollectionPersister -  Row insert: insert into fournisseur_document (id_fourournisseur, id_document) values (?, ?)
01:26:49.128 [main] DEBUG org.hibernate.persister.collection.AbstractCollectionPersister -  Row update: update fournisseur_document set id_document=? where id_fourournisseur=? and id_document=?
01:26:49.128 [main] DEBUG org.hibernate.persister.collection.AbstractCollectionPersister -  Row delete: delete from fournisseur_document where id_fourournisseur=? and id_document=?
01:26:49.128 [main] DEBUG org.hibernate.persister.collection.AbstractCollectionPersister -  One-shot delete: delete from fournisseur_document where id_fourournisseur=?
01:26:49.129 [main] DEBUG org.hibernate.persister.entity.AbstractEntityPersister - Static SQL for entity: ngondi.ged.ga.infrastructure.model.FournisseurEntity
01:26:49.129 [main] DEBUG org.hibernate.persister.entity.AbstractEntityPersister -  Version select: select id_fournisseur from fournisseur where id_fournisseur =?
01:26:49.129 [main] DEBUG org.hibernate.persister.entity.AbstractEntityPersister -  Snapshot select: select fournisseu_.id_fournisseur, fournisseu_.activite as activite2_1_, fournisseu_.adresse as adresse3_1_, fournisseu_.contact as contact4_1_, fournisseu_.email as email5_1_, fournisseu_.nif as nif6_1_, fournisseu_.nom as nom7_1_, fournisseu_.rccm as rccm8_1_, fournisseu_.statistique_fournisseur_id_statistique as statist10_1_, fournisseu_.telephone as telephon9_1_ from fournisseur fournisseu_ where fournisseu_.id_fournisseur=?
01:26:49.129 [main] DEBUG org.hibernate.persister.entity.AbstractEntityPersister -  Insert 0: insert into fournisseur (activite, adresse, contact, email, nif, nom, rccm, statistique_fournisseur_id_statistique, telephone, id_fournisseur) values (?, ?, ?, ?, ?, ?, ?, ?, ?, ?)
01:26:49.129 [main] DEBUG org.hibernate.persister.entity.AbstractEntityPersister -  Update 0: update fournisseur set activite=?, adresse=?, contact=?, email=?, nif=?, nom=?, rccm=?, statistique_fournisseur_id_statistique=?, telephone=? where id_fournisseur=?
01:26:49.129 [main] DEBUG org.hibernate.persister.entity.AbstractEntityPersister -  Delete 0: delete from fournisseur where id_fournisseur=?
01:26:49.129 [main] DEBUG org.hibernate.loader.plan.build.internal.spaces.QuerySpacesImpl - Adding QuerySpace : uid = <gen:0> -> org.hibernate.loader.plan.build.internal.spaces.EntityQuerySpaceImpl@74d22ddd]
01:26:49.129 [main] DEBUG org.hibernate.persister.walking.spi.MetamodelGraphWalker - Visiting attribute path : activite
01:26:49.129 [main] DEBUG org.hibernate.persister.walking.spi.MetamodelGraphWalker - Visiting attribute path : adresse
01:26:49.129 [main] DEBUG org.hibernate.persister.walking.spi.MetamodelGraphWalker - Visiting attribute path : contact
01:26:49.129 [main] DEBUG org.hibernate.persister.walking.spi.MetamodelGraphWalker - Visiting attribute path : email
01:26:49.129 [main] DEBUG org.hibernate.persister.walking.spi.MetamodelGraphWalker - Visiting attribute path : idDocument
01:26:49.129 [main] DEBUG org.hibernate.loader.plan.build.internal.spaces.QuerySpacesImpl - Adding QuerySpace : uid = <gen:1> -> org.hibernate.loader.plan.build.internal.spaces.CollectionQuerySpaceImpl@5b3518e1]
01:26:49.129 [main] DEBUG org.hibernate.persister.walking.spi.MetamodelGraphWalker - Visiting attribute path : nif
01:26:49.129 [main] DEBUG org.hibernate.persister.walking.spi.MetamodelGraphWalker - Visiting attribute path : nom
01:26:49.130 [main] DEBUG org.hibernate.persister.walking.spi.MetamodelGraphWalker - Visiting attribute path : rccm
01:26:49.130 [main] DEBUG org.hibernate.persister.walking.spi.MetamodelGraphWalker - Visiting attribute path : statistiqueFournisseur
01:26:49.130 [main] DEBUG org.hibernate.loader.plan.build.internal.spaces.QuerySpacesImpl - Adding QuerySpace : uid = <gen:2> -> org.hibernate.loader.plan.build.internal.spaces.EntityQuerySpaceImpl@3a88f6fb]
01:26:49.130 [main] DEBUG org.hibernate.persister.walking.spi.MetamodelGraphWalker - Visiting attribute path : statistiqueFournisseur.qualiteConformite
01:26:49.130 [main] DEBUG org.hibernate.persister.walking.spi.MetamodelGraphWalker - Visiting attribute path : statistiqueFournisseur.reactiviteDisponibilite
01:26:49.130 [main] DEBUG org.hibernate.persister.walking.spi.MetamodelGraphWalker - Visiting attribute path : statistiqueFournisseur.respectDesDelais
01:26:49.130 [main] DEBUG org.hibernate.persister.walking.spi.MetamodelGraphWalker - Visiting attribute path : telephone
01:26:49.130 [main] DEBUG org.hibernate.loader.plan.build.internal.FetchStyleLoadPlanBuildingAssociationVisitationStrategy - Building LoadPlan...
01:26:49.131 [main] DEBUG org.hibernate.loader.plan.exec.internal.LoadQueryJoinAndFetchProcessor - processing queryspace <gen:0>
01:26:49.132 [main] DEBUG org.hibernate.loader.plan.build.spi.LoadPlanTreePrinter - LoadPlan(entity=ngondi.ged.ga.infrastructure.model.FournisseurEntity)
    - Returns
       - EntityReturnImpl(entity=ngondi.ged.ga.infrastructure.model.FournisseurEntity, querySpaceUid=<gen:0>, path=ngondi.ged.ga.infrastructure.model.FournisseurEntity)
          - CollectionAttributeFetchImpl(collection=ngondi.ged.ga.infrastructure.model.FournisseurEntity.idDocument, querySpaceUid=<gen:1>, path=ngondi.ged.ga.infrastructure.model.FournisseurEntity.idDocument)
          - EntityAttributeFetchImpl(entity=ngondi.ged.ga.infrastructure.model.StatistiqueFournisseurEntity, querySpaceUid=<gen:2>, path=ngondi.ged.ga.infrastructure.model.FournisseurEntity.statistiqueFournisseur)
    - QuerySpaces
       - EntityQuerySpaceImpl(uid=<gen:0>, entity=ngondi.ged.ga.infrastructure.model.FournisseurEntity)
          - SQL table alias mapping - fournisseu0_
          - alias suffix - 0_
          - suffixed key columns - {id_fourn1_1_0_}
          - JOIN (JoinDefinedByMetadata(idDocument)) : <gen:0> -> <gen:1>
             - CollectionQuerySpaceImpl(uid=<gen:1>, collection=ngondi.ged.ga.infrastructure.model.FournisseurEntity.idDocument)
                - SQL table alias mapping - iddocument1_
                - alias suffix - 1_
                - suffixed key columns - {id_fouro1_2_1_}
          - JOIN (JoinDefinedByMetadata(statistiqueFournisseur)) : <gen:0> -> <gen:2>
             - EntityQuerySpaceImpl(uid=<gen:2>, entity=ngondi.ged.ga.infrastructure.model.StatistiqueFournisseurEntity)
                - SQL table alias mapping - statistiqu2_
                - alias suffix - 2_
                - suffixed key columns - {id_stati1_3_2_}

01:26:49.132 [main] DEBUG org.hibernate.loader.entity.plan.EntityLoader - Static select for entity ngondi.ged.ga.infrastructure.model.FournisseurEntity [NONE]: select fournisseu0_.id_fournisseur as id_fourn1_1_0_, fournisseu0_.activite as activite2_1_0_, fournisseu0_.adresse as adresse3_1_0_, fournisseu0_.contact as contact4_1_0_, fournisseu0_.email as email5_1_0_, fournisseu0_.nif as nif6_1_0_, fournisseu0_.nom as nom7_1_0_, fournisseu0_.rccm as rccm8_1_0_, fournisseu0_.statistique_fournisseur_id_statistique as statist10_1_0_, fournisseu0_.telephone as telephon9_1_0_, iddocument1_.id_fourournisseur as id_fouro1_2_1_, iddocument1_.id_document as id_docum2_2_1_, statistiqu2_.id_statistique as id_stati1_3_2_, statistiqu2_.qualite_conformite as qualite_2_3_2_, statistiqu2_.reactivite_disponibilite as reactivi3_3_2_, statistiqu2_.respect_des_delais as respect_4_3_2_ from fournisseur fournisseu0_ left outer join fournisseur_document iddocument1_ on fournisseu0_.id_fournisseur=iddocument1_.id_fourournisseur left outer join statistique statistiqu2_ on fournisseu0_.statistique_fournisseur_id_statistique=statistiqu2_.id_statistique where fournisseu0_.id_fournisseur=?
01:26:49.132 [main] DEBUG org.hibernate.loader.plan.build.internal.spaces.QuerySpacesImpl - Adding QuerySpace : uid = <gen:0> -> org.hibernate.loader.plan.build.internal.spaces.EntityQuerySpaceImpl@844e66d]
01:26:49.132 [main] DEBUG org.hibernate.persister.walking.spi.MetamodelGraphWalker - Visiting attribute path : activite
01:26:49.132 [main] DEBUG org.hibernate.persister.walking.spi.MetamodelGraphWalker - Visiting attribute path : adresse
01:26:49.132 [main] DEBUG org.hibernate.persister.walking.spi.MetamodelGraphWalker - Visiting attribute path : contact
01:26:49.132 [main] DEBUG org.hibernate.persister.walking.spi.MetamodelGraphWalker - Visiting attribute path : email
01:26:49.132 [main] DEBUG org.hibernate.persister.walking.spi.MetamodelGraphWalker - Visiting attribute path : idDocument
01:26:49.132 [main] DEBUG org.hibernate.loader.plan.build.internal.spaces.QuerySpacesImpl - Adding QuerySpace : uid = <gen:1> -> org.hibernate.loader.plan.build.internal.spaces.CollectionQuerySpaceImpl@26a45089]
01:26:49.133 [main] DEBUG org.hibernate.persister.walking.spi.MetamodelGraphWalker - Visiting attribute path : nif
01:26:49.133 [main] DEBUG org.hibernate.persister.walking.spi.MetamodelGraphWalker - Visiting attribute path : nom
01:26:49.133 [main] DEBUG org.hibernate.persister.walking.spi.MetamodelGraphWalker - Visiting attribute path : rccm
01:26:49.133 [main] DEBUG org.hibernate.persister.walking.spi.MetamodelGraphWalker - Visiting attribute path : statistiqueFournisseur
01:26:49.133 [main] DEBUG org.hibernate.loader.plan.build.internal.spaces.QuerySpacesImpl - Adding QuerySpace : uid = <gen:2> -> org.hibernate.loader.plan.build.internal.spaces.EntityQuerySpaceImpl@5ab5924c]
01:26:49.133 [main] DEBUG org.hibernate.persister.walking.spi.MetamodelGraphWalker - Visiting attribute path : statistiqueFournisseur.qualiteConformite
01:26:49.133 [main] DEBUG org.hibernate.persister.walking.spi.MetamodelGraphWalker - Visiting attribute path : statistiqueFournisseur.reactiviteDisponibilite
01:26:49.133 [main] DEBUG org.hibernate.persister.walking.spi.MetamodelGraphWalker - Visiting attribute path : statistiqueFournisseur.respectDesDelais
01:26:49.133 [main] DEBUG org.hibernate.persister.walking.spi.MetamodelGraphWalker - Visiting attribute path : telephone
01:26:49.133 [main] DEBUG org.hibernate.loader.plan.build.internal.FetchStyleLoadPlanBuildingAssociationVisitationStrategy - Building LoadPlan...
01:26:49.133 [main] DEBUG org.hibernate.loader.plan.exec.internal.LoadQueryJoinAndFetchProcessor - processing queryspace <gen:0>
01:26:49.134 [main] DEBUG org.hibernate.loader.plan.build.spi.LoadPlanTreePrinter - LoadPlan(entity=ngondi.ged.ga.infrastructure.model.FournisseurEntity)
    - Returns
       - EntityReturnImpl(entity=ngondi.ged.ga.infrastructure.model.FournisseurEntity, querySpaceUid=<gen:0>, path=ngondi.ged.ga.infrastructure.model.FournisseurEntity)
          - CollectionAttributeFetchImpl(collection=ngondi.ged.ga.infrastructure.model.FournisseurEntity.idDocument, querySpaceUid=<gen:1>, path=ngondi.ged.ga.infrastructure.model.FournisseurEntity.idDocument)
          - EntityAttributeFetchImpl(entity=ngondi.ged.ga.infrastructure.model.StatistiqueFournisseurEntity, querySpaceUid=<gen:2>, path=ngondi.ged.ga.infrastructure.model.FournisseurEntity.statistiqueFournisseur)
    - QuerySpaces
       - EntityQuerySpaceImpl(uid=<gen:0>, entity=ngondi.ged.ga.infrastructure.model.FournisseurEntity)
          - SQL table alias mapping - fournisseu0_
          - alias suffix - 0_
          - suffixed key columns - {id_fourn1_1_0_}
          - JOIN (JoinDefinedByMetadata(idDocument)) : <gen:0> -> <gen:1>
             - CollectionQuerySpaceImpl(uid=<gen:1>, collection=ngondi.ged.ga.infrastructure.model.FournisseurEntity.idDocument)
                - SQL table alias mapping - iddocument1_
                - alias suffix - 1_
                - suffixed key columns - {id_fouro1_2_1_}
          - JOIN (JoinDefinedByMetadata(statistiqueFournisseur)) : <gen:0> -> <gen:2>
             - EntityQuerySpaceImpl(uid=<gen:2>, entity=ngondi.ged.ga.infrastructure.model.StatistiqueFournisseurEntity)
                - SQL table alias mapping - statistiqu2_
                - alias suffix - 2_
                - suffixed key columns - {id_stati1_3_2_}

01:26:49.134 [HikariPool-2 connection adder] DEBUG com.zaxxer.hikari.pool.HikariPool - HikariPool-2 - Added connection com.mysql.jdbc.JDBC4Connection@1754c746
01:26:49.134 [main] DEBUG org.hibernate.loader.entity.plan.EntityLoader - Static select for entity ngondi.ged.ga.infrastructure.model.FournisseurEntity [READ]: select fournisseu0_.id_fournisseur as id_fourn1_1_0_, fournisseu0_.activite as activite2_1_0_, fournisseu0_.adresse as adresse3_1_0_, fournisseu0_.contact as contact4_1_0_, fournisseu0_.email as email5_1_0_, fournisseu0_.nif as nif6_1_0_, fournisseu0_.nom as nom7_1_0_, fournisseu0_.rccm as rccm8_1_0_, fournisseu0_.statistique_fournisseur_id_statistique as statist10_1_0_, fournisseu0_.telephone as telephon9_1_0_, iddocument1_.id_fourournisseur as id_fouro1_2_1_, iddocument1_.id_document as id_docum2_2_1_, statistiqu2_.id_statistique as id_stati1_3_2_, statistiqu2_.qualite_conformite as qualite_2_3_2_, statistiqu2_.reactivite_disponibilite as reactivi3_3_2_, statistiqu2_.respect_des_delais as respect_4_3_2_ from fournisseur fournisseu0_ left outer join fournisseur_document iddocument1_ on fournisseu0_.id_fournisseur=iddocument1_.id_fourournisseur left outer join statistique statistiqu2_ on fournisseu0_.statistique_fournisseur_id_statistique=statistiqu2_.id_statistique where fournisseu0_.id_fournisseur=?
01:26:49.134 [main] DEBUG org.hibernate.loader.plan.build.internal.spaces.QuerySpacesImpl - Adding QuerySpace : uid = <gen:0> -> org.hibernate.loader.plan.build.internal.spaces.EntityQuerySpaceImpl@37cfda1c]
01:26:49.134 [main] DEBUG org.hibernate.persister.walking.spi.MetamodelGraphWalker - Visiting attribute path : activite
01:26:49.134 [main] DEBUG org.hibernate.persister.walking.spi.MetamodelGraphWalker - Visiting attribute path : adresse
01:26:49.134 [main] DEBUG org.hibernate.persister.walking.spi.MetamodelGraphWalker - Visiting attribute path : contact
01:26:49.135 [main] DEBUG org.hibernate.persister.walking.spi.MetamodelGraphWalker - Visiting attribute path : email
01:26:49.135 [main] DEBUG org.hibernate.persister.walking.spi.MetamodelGraphWalker - Visiting attribute path : idDocument
01:26:49.135 [main] DEBUG org.hibernate.loader.plan.build.internal.spaces.QuerySpacesImpl - Adding QuerySpace : uid = <gen:1> -> org.hibernate.loader.plan.build.internal.spaces.CollectionQuerySpaceImpl@5f45bc8e]
01:26:49.135 [main] DEBUG org.hibernate.persister.walking.spi.MetamodelGraphWalker - Visiting attribute path : nif
01:26:49.135 [main] DEBUG org.hibernate.persister.walking.spi.MetamodelGraphWalker - Visiting attribute path : nom
01:26:49.135 [main] DEBUG org.hibernate.persister.walking.spi.MetamodelGraphWalker - Visiting attribute path : rccm
01:26:49.135 [main] DEBUG org.hibernate.persister.walking.spi.MetamodelGraphWalker - Visiting attribute path : statistiqueFournisseur
01:26:49.135 [main] DEBUG org.hibernate.loader.plan.build.internal.spaces.QuerySpacesImpl - Adding QuerySpace : uid = <gen:2> -> org.hibernate.loader.plan.build.internal.spaces.EntityQuerySpaceImpl@33e50ff2]
01:26:49.135 [main] DEBUG org.hibernate.persister.walking.spi.MetamodelGraphWalker - Visiting attribute path : telephone
01:26:49.135 [main] DEBUG org.hibernate.loader.plan.build.internal.FetchStyleLoadPlanBuildingAssociationVisitationStrategy - Building LoadPlan...
01:26:49.136 [main] DEBUG org.hibernate.loader.plan.exec.internal.LoadQueryJoinAndFetchProcessor - processing queryspace <gen:0>
01:26:49.138 [main] DEBUG org.hibernate.loader.plan.build.spi.LoadPlanTreePrinter - LoadPlan(entity=ngondi.ged.ga.infrastructure.model.FournisseurEntity)
    - Returns
       - EntityReturnImpl(entity=ngondi.ged.ga.infrastructure.model.FournisseurEntity, querySpaceUid=<gen:0>, path=ngondi.ged.ga.infrastructure.model.FournisseurEntity)
          - CollectionAttributeFetchImpl(collection=ngondi.ged.ga.infrastructure.model.FournisseurEntity.idDocument, querySpaceUid=<gen:1>, path=ngondi.ged.ga.infrastructure.model.FournisseurEntity.idDocument)
          - EntityAttributeFetchImpl(entity=ngondi.ged.ga.infrastructure.model.StatistiqueFournisseurEntity, querySpaceUid=<gen:2>, path=ngondi.ged.ga.infrastructure.model.FournisseurEntity.statistiqueFournisseur)
    - QuerySpaces
       - EntityQuerySpaceImpl(uid=<gen:0>, entity=ngondi.ged.ga.infrastructure.model.FournisseurEntity)
          - SQL table alias mapping - fournisseu0_
          - alias suffix - 0_
          - suffixed key columns - {id_fourn1_1_0_}

01:26:49.138 [main] DEBUG org.hibernate.loader.entity.plan.EntityLoader - Static select for entity ngondi.ged.ga.infrastructure.model.FournisseurEntity [UPGRADE]: select fournisseu0_.id_fournisseur as id_fourn1_1_0_, fournisseu0_.activite as activite2_1_0_, fournisseu0_.adresse as adresse3_1_0_, fournisseu0_.contact as contact4_1_0_, fournisseu0_.email as email5_1_0_, fournisseu0_.nif as nif6_1_0_, fournisseu0_.nom as nom7_1_0_, fournisseu0_.rccm as rccm8_1_0_, fournisseu0_.statistique_fournisseur_id_statistique as statist10_1_0_, fournisseu0_.telephone as telephon9_1_0_ from fournisseur fournisseu0_ where fournisseu0_.id_fournisseur=? for update
01:26:49.138 [main] DEBUG org.hibernate.loader.plan.build.internal.spaces.QuerySpacesImpl - Adding QuerySpace : uid = <gen:0> -> org.hibernate.loader.plan.build.internal.spaces.EntityQuerySpaceImpl@7ab33ca8]
01:26:49.138 [main] DEBUG org.hibernate.persister.walking.spi.MetamodelGraphWalker - Visiting attribute path : activite
01:26:49.138 [main] DEBUG org.hibernate.persister.walking.spi.MetamodelGraphWalker - Visiting attribute path : adresse
01:26:49.138 [main] DEBUG org.hibernate.persister.walking.spi.MetamodelGraphWalker - Visiting attribute path : contact
01:26:49.138 [main] DEBUG org.hibernate.persister.walking.spi.MetamodelGraphWalker - Visiting attribute path : email
01:26:49.138 [main] DEBUG org.hibernate.persister.walking.spi.MetamodelGraphWalker - Visiting attribute path : idDocument
01:26:49.138 [main] DEBUG org.hibernate.loader.plan.build.internal.spaces.QuerySpacesImpl - Adding QuerySpace : uid = <gen:1> -> org.hibernate.loader.plan.build.internal.spaces.CollectionQuerySpaceImpl@21e484b]
01:26:49.138 [main] DEBUG org.hibernate.persister.walking.spi.MetamodelGraphWalker - Visiting attribute path : nif
01:26:49.138 [main] DEBUG org.hibernate.persister.walking.spi.MetamodelGraphWalker - Visiting attribute path : nom
01:26:49.138 [main] DEBUG org.hibernate.persister.walking.spi.MetamodelGraphWalker - Visiting attribute path : rccm
01:26:49.138 [main] DEBUG org.hibernate.persister.walking.spi.MetamodelGraphWalker - Visiting attribute path : statistiqueFournisseur
01:26:49.139 [main] DEBUG org.hibernate.loader.plan.build.internal.spaces.QuerySpacesImpl - Adding QuerySpace : uid = <gen:2> -> org.hibernate.loader.plan.build.internal.spaces.EntityQuerySpaceImpl@191f4d65]
01:26:49.139 [main] DEBUG org.hibernate.persister.walking.spi.MetamodelGraphWalker - Visiting attribute path : telephone
01:26:49.139 [main] DEBUG org.hibernate.loader.plan.build.internal.FetchStyleLoadPlanBuildingAssociationVisitationStrategy - Building LoadPlan...
01:26:49.139 [main] DEBUG org.hibernate.loader.plan.exec.internal.LoadQueryJoinAndFetchProcessor - processing queryspace <gen:0>
01:26:49.139 [main] DEBUG org.hibernate.loader.plan.build.spi.LoadPlanTreePrinter - LoadPlan(entity=ngondi.ged.ga.infrastructure.model.FournisseurEntity)
    - Returns
       - EntityReturnImpl(entity=ngondi.ged.ga.infrastructure.model.FournisseurEntity, querySpaceUid=<gen:0>, path=ngondi.ged.ga.infrastructure.model.FournisseurEntity)
          - CollectionAttributeFetchImpl(collection=ngondi.ged.ga.infrastructure.model.FournisseurEntity.idDocument, querySpaceUid=<gen:1>, path=ngondi.ged.ga.infrastructure.model.FournisseurEntity.idDocument)
          - EntityAttributeFetchImpl(entity=ngondi.ged.ga.infrastructure.model.StatistiqueFournisseurEntity, querySpaceUid=<gen:2>, path=ngondi.ged.ga.infrastructure.model.FournisseurEntity.statistiqueFournisseur)
    - QuerySpaces
       - EntityQuerySpaceImpl(uid=<gen:0>, entity=ngondi.ged.ga.infrastructure.model.FournisseurEntity)
          - SQL table alias mapping - fournisseu0_
          - alias suffix - 0_
          - suffixed key columns - {id_fourn1_1_0_}

01:26:49.139 [main] DEBUG org.hibernate.loader.entity.plan.EntityLoader - Static select for entity ngondi.ged.ga.infrastructure.model.FournisseurEntity [UPGRADE_NOWAIT]: select fournisseu0_.id_fournisseur as id_fourn1_1_0_, fournisseu0_.activite as activite2_1_0_, fournisseu0_.adresse as adresse3_1_0_, fournisseu0_.contact as contact4_1_0_, fournisseu0_.email as email5_1_0_, fournisseu0_.nif as nif6_1_0_, fournisseu0_.nom as nom7_1_0_, fournisseu0_.rccm as rccm8_1_0_, fournisseu0_.statistique_fournisseur_id_statistique as statist10_1_0_, fournisseu0_.telephone as telephon9_1_0_ from fournisseur fournisseu0_ where fournisseu0_.id_fournisseur=? for update
01:26:49.139 [main] DEBUG org.hibernate.loader.plan.build.internal.spaces.QuerySpacesImpl - Adding QuerySpace : uid = <gen:0> -> org.hibernate.loader.plan.build.internal.spaces.EntityQuerySpaceImpl@7a2a7492]
01:26:49.140 [main] DEBUG org.hibernate.persister.walking.spi.MetamodelGraphWalker - Visiting attribute path : activite
01:26:49.140 [main] DEBUG org.hibernate.persister.walking.spi.MetamodelGraphWalker - Visiting attribute path : adresse
01:26:49.140 [main] DEBUG org.hibernate.persister.walking.spi.MetamodelGraphWalker - Visiting attribute path : contact
01:26:49.140 [main] DEBUG org.hibernate.persister.walking.spi.MetamodelGraphWalker - Visiting attribute path : email
01:26:49.140 [main] DEBUG org.hibernate.persister.walking.spi.MetamodelGraphWalker - Visiting attribute path : idDocument
01:26:49.140 [main] DEBUG org.hibernate.loader.plan.build.internal.spaces.QuerySpacesImpl - Adding QuerySpace : uid = <gen:1> -> org.hibernate.loader.plan.build.internal.spaces.CollectionQuerySpaceImpl@138a85d3]
01:26:49.140 [main] DEBUG org.hibernate.persister.walking.spi.MetamodelGraphWalker - Visiting attribute path : nif
01:26:49.140 [main] DEBUG org.hibernate.persister.walking.spi.MetamodelGraphWalker - Visiting attribute path : nom
01:26:49.140 [main] DEBUG org.hibernate.persister.walking.spi.MetamodelGraphWalker - Visiting attribute path : rccm
01:26:49.140 [main] DEBUG org.hibernate.persister.walking.spi.MetamodelGraphWalker - Visiting attribute path : statistiqueFournisseur
01:26:49.140 [main] DEBUG org.hibernate.loader.plan.build.internal.spaces.QuerySpacesImpl - Adding QuerySpace : uid = <gen:2> -> org.hibernate.loader.plan.build.internal.spaces.EntityQuerySpaceImpl@709d86a2]
01:26:49.140 [main] DEBUG org.hibernate.persister.walking.spi.MetamodelGraphWalker - Visiting attribute path : telephone
01:26:49.140 [main] DEBUG org.hibernate.loader.plan.build.internal.FetchStyleLoadPlanBuildingAssociationVisitationStrategy - Building LoadPlan...
01:26:49.141 [main] DEBUG org.hibernate.loader.plan.exec.internal.LoadQueryJoinAndFetchProcessor - processing queryspace <gen:0>
01:26:49.141 [main] DEBUG org.hibernate.loader.plan.build.spi.LoadPlanTreePrinter - LoadPlan(entity=ngondi.ged.ga.infrastructure.model.FournisseurEntity)
    - Returns
       - EntityReturnImpl(entity=ngondi.ged.ga.infrastructure.model.FournisseurEntity, querySpaceUid=<gen:0>, path=ngondi.ged.ga.infrastructure.model.FournisseurEntity)
          - CollectionAttributeFetchImpl(collection=ngondi.ged.ga.infrastructure.model.FournisseurEntity.idDocument, querySpaceUid=<gen:1>, path=ngondi.ged.ga.infrastructure.model.FournisseurEntity.idDocument)
          - EntityAttributeFetchImpl(entity=ngondi.ged.ga.infrastructure.model.StatistiqueFournisseurEntity, querySpaceUid=<gen:2>, path=ngondi.ged.ga.infrastructure.model.FournisseurEntity.statistiqueFournisseur)
    - QuerySpaces
       - EntityQuerySpaceImpl(uid=<gen:0>, entity=ngondi.ged.ga.infrastructure.model.FournisseurEntity)
          - SQL table alias mapping - fournisseu0_
          - alias suffix - 0_
          - suffixed key columns - {id_fourn1_1_0_}

01:26:49.141 [main] DEBUG org.hibernate.loader.entity.plan.EntityLoader - Static select for entity ngondi.ged.ga.infrastructure.model.FournisseurEntity [UPGRADE_SKIPLOCKED]: select fournisseu0_.id_fournisseur as id_fourn1_1_0_, fournisseu0_.activite as activite2_1_0_, fournisseu0_.adresse as adresse3_1_0_, fournisseu0_.contact as contact4_1_0_, fournisseu0_.email as email5_1_0_, fournisseu0_.nif as nif6_1_0_, fournisseu0_.nom as nom7_1_0_, fournisseu0_.rccm as rccm8_1_0_, fournisseu0_.statistique_fournisseur_id_statistique as statist10_1_0_, fournisseu0_.telephone as telephon9_1_0_ from fournisseur fournisseu0_ where fournisseu0_.id_fournisseur=? for update
01:26:49.141 [main] DEBUG org.hibernate.loader.plan.build.internal.spaces.QuerySpacesImpl - Adding QuerySpace : uid = <gen:0> -> org.hibernate.loader.plan.build.internal.spaces.EntityQuerySpaceImpl@59baf2c7]
01:26:49.141 [main] DEBUG org.hibernate.persister.walking.spi.MetamodelGraphWalker - Visiting attribute path : activite
01:26:49.141 [main] DEBUG org.hibernate.persister.walking.spi.MetamodelGraphWalker - Visiting attribute path : adresse
01:26:49.141 [main] DEBUG org.hibernate.persister.walking.spi.MetamodelGraphWalker - Visiting attribute path : contact
01:26:49.141 [main] DEBUG org.hibernate.persister.walking.spi.MetamodelGraphWalker - Visiting attribute path : email
01:26:49.141 [main] DEBUG org.hibernate.persister.walking.spi.MetamodelGraphWalker - Visiting attribute path : idDocument
01:26:49.141 [main] DEBUG org.hibernate.loader.plan.build.internal.spaces.QuerySpacesImpl - Adding QuerySpace : uid = <gen:1> -> org.hibernate.loader.plan.build.internal.spaces.CollectionQuerySpaceImpl@4b85edeb]
01:26:49.142 [main] DEBUG org.hibernate.persister.walking.spi.MetamodelGraphWalker - Visiting attribute path : nif
01:26:49.142 [main] DEBUG org.hibernate.persister.walking.spi.MetamodelGraphWalker - Visiting attribute path : nom
01:26:49.142 [main] DEBUG org.hibernate.persister.walking.spi.MetamodelGraphWalker - Visiting attribute path : rccm
01:26:49.142 [main] DEBUG org.hibernate.persister.walking.spi.MetamodelGraphWalker - Visiting attribute path : statistiqueFournisseur
01:26:49.142 [main] DEBUG org.hibernate.loader.plan.build.internal.spaces.QuerySpacesImpl - Adding QuerySpace : uid = <gen:2> -> org.hibernate.loader.plan.build.internal.spaces.EntityQuerySpaceImpl@5731caaf]
01:26:49.142 [main] DEBUG org.hibernate.persister.walking.spi.MetamodelGraphWalker - Visiting attribute path : telephone
01:26:49.142 [main] DEBUG org.hibernate.loader.plan.build.internal.FetchStyleLoadPlanBuildingAssociationVisitationStrategy - Building LoadPlan...
01:26:49.142 [main] DEBUG org.hibernate.loader.plan.exec.internal.LoadQueryJoinAndFetchProcessor - processing queryspace <gen:0>
01:26:49.142 [main] DEBUG org.hibernate.loader.plan.build.spi.LoadPlanTreePrinter - LoadPlan(entity=ngondi.ged.ga.infrastructure.model.FournisseurEntity)
    - Returns
       - EntityReturnImpl(entity=ngondi.ged.ga.infrastructure.model.FournisseurEntity, querySpaceUid=<gen:0>, path=ngondi.ged.ga.infrastructure.model.FournisseurEntity)
          - CollectionAttributeFetchImpl(collection=ngondi.ged.ga.infrastructure.model.FournisseurEntity.idDocument, querySpaceUid=<gen:1>, path=ngondi.ged.ga.infrastructure.model.FournisseurEntity.idDocument)
          - EntityAttributeFetchImpl(entity=ngondi.ged.ga.infrastructure.model.StatistiqueFournisseurEntity, querySpaceUid=<gen:2>, path=ngondi.ged.ga.infrastructure.model.FournisseurEntity.statistiqueFournisseur)
    - QuerySpaces
       - EntityQuerySpaceImpl(uid=<gen:0>, entity=ngondi.ged.ga.infrastructure.model.FournisseurEntity)
          - SQL table alias mapping - fournisseu0_
          - alias suffix - 0_
          - suffixed key columns - {id_fourn1_1_0_}

01:26:49.142 [main] DEBUG org.hibernate.loader.entity.plan.EntityLoader - Static select for entity ngondi.ged.ga.infrastructure.model.FournisseurEntity [FORCE]: select fournisseu0_.id_fournisseur as id_fourn1_1_0_, fournisseu0_.activite as activite2_1_0_, fournisseu0_.adresse as adresse3_1_0_, fournisseu0_.contact as contact4_1_0_, fournisseu0_.email as email5_1_0_, fournisseu0_.nif as nif6_1_0_, fournisseu0_.nom as nom7_1_0_, fournisseu0_.rccm as rccm8_1_0_, fournisseu0_.statistique_fournisseur_id_statistique as statist10_1_0_, fournisseu0_.telephone as telephon9_1_0_ from fournisseur fournisseu0_ where fournisseu0_.id_fournisseur=? for update
01:26:49.143 [main] DEBUG org.hibernate.loader.plan.build.internal.spaces.QuerySpacesImpl - Adding QuerySpace : uid = <gen:0> -> org.hibernate.loader.plan.build.internal.spaces.EntityQuerySpaceImpl@59933644]
01:26:49.143 [main] DEBUG org.hibernate.persister.walking.spi.MetamodelGraphWalker - Visiting attribute path : activite
01:26:49.143 [main] DEBUG org.hibernate.persister.walking.spi.MetamodelGraphWalker - Visiting attribute path : adresse
01:26:49.143 [main] DEBUG org.hibernate.persister.walking.spi.MetamodelGraphWalker - Visiting attribute path : contact
01:26:49.143 [main] DEBUG org.hibernate.persister.walking.spi.MetamodelGraphWalker - Visiting attribute path : email
01:26:49.143 [main] DEBUG org.hibernate.persister.walking.spi.MetamodelGraphWalker - Visiting attribute path : idDocument
01:26:49.143 [main] DEBUG org.hibernate.loader.plan.build.internal.spaces.QuerySpacesImpl - Adding QuerySpace : uid = <gen:1> -> org.hibernate.loader.plan.build.internal.spaces.CollectionQuerySpaceImpl@3e8b8f0]
01:26:49.143 [main] DEBUG org.hibernate.persister.walking.spi.MetamodelGraphWalker - Visiting attribute path : nif
01:26:49.143 [main] DEBUG org.hibernate.persister.walking.spi.MetamodelGraphWalker - Visiting attribute path : nom
01:26:49.143 [main] DEBUG org.hibernate.persister.walking.spi.MetamodelGraphWalker - Visiting attribute path : rccm
01:26:49.143 [main] DEBUG org.hibernate.persister.walking.spi.MetamodelGraphWalker - Visiting attribute path : statistiqueFournisseur
01:26:49.143 [main] DEBUG org.hibernate.loader.plan.build.internal.spaces.QuerySpacesImpl - Adding QuerySpace : uid = <gen:2> -> org.hibernate.loader.plan.build.internal.spaces.EntityQuerySpaceImpl@5ad57e90]
01:26:49.143 [main] DEBUG org.hibernate.persister.walking.spi.MetamodelGraphWalker - Visiting attribute path : telephone
01:26:49.143 [main] DEBUG org.hibernate.loader.plan.build.internal.FetchStyleLoadPlanBuildingAssociationVisitationStrategy - Building LoadPlan...
01:26:49.143 [main] DEBUG org.hibernate.loader.plan.exec.internal.LoadQueryJoinAndFetchProcessor - processing queryspace <gen:0>
01:26:49.144 [main] DEBUG org.hibernate.loader.plan.build.spi.LoadPlanTreePrinter - LoadPlan(entity=ngondi.ged.ga.infrastructure.model.FournisseurEntity)
    - Returns
       - EntityReturnImpl(entity=ngondi.ged.ga.infrastructure.model.FournisseurEntity, querySpaceUid=<gen:0>, path=ngondi.ged.ga.infrastructure.model.FournisseurEntity)
          - CollectionAttributeFetchImpl(collection=ngondi.ged.ga.infrastructure.model.FournisseurEntity.idDocument, querySpaceUid=<gen:1>, path=ngondi.ged.ga.infrastructure.model.FournisseurEntity.idDocument)
          - EntityAttributeFetchImpl(entity=ngondi.ged.ga.infrastructure.model.StatistiqueFournisseurEntity, querySpaceUid=<gen:2>, path=ngondi.ged.ga.infrastructure.model.FournisseurEntity.statistiqueFournisseur)
    - QuerySpaces
       - EntityQuerySpaceImpl(uid=<gen:0>, entity=ngondi.ged.ga.infrastructure.model.FournisseurEntity)
          - SQL table alias mapping - fournisseu0_
          - alias suffix - 0_
          - suffixed key columns - {id_fourn1_1_0_}

01:26:49.144 [main] DEBUG org.hibernate.loader.entity.plan.EntityLoader - Static select for entity ngondi.ged.ga.infrastructure.model.FournisseurEntity [PESSIMISTIC_READ]: select fournisseu0_.id_fournisseur as id_fourn1_1_0_, fournisseu0_.activite as activite2_1_0_, fournisseu0_.adresse as adresse3_1_0_, fournisseu0_.contact as contact4_1_0_, fournisseu0_.email as email5_1_0_, fournisseu0_.nif as nif6_1_0_, fournisseu0_.nom as nom7_1_0_, fournisseu0_.rccm as rccm8_1_0_, fournisseu0_.statistique_fournisseur_id_statistique as statist10_1_0_, fournisseu0_.telephone as telephon9_1_0_ from fournisseur fournisseu0_ where fournisseu0_.id_fournisseur=? lock in share mode
01:26:49.144 [main] DEBUG org.hibernate.loader.plan.build.internal.spaces.QuerySpacesImpl - Adding QuerySpace : uid = <gen:0> -> org.hibernate.loader.plan.build.internal.spaces.EntityQuerySpaceImpl@1a345298]
01:26:49.144 [main] DEBUG org.hibernate.persister.walking.spi.MetamodelGraphWalker - Visiting attribute path : activite
01:26:49.144 [main] DEBUG org.hibernate.persister.walking.spi.MetamodelGraphWalker - Visiting attribute path : adresse
01:26:49.144 [main] DEBUG org.hibernate.persister.walking.spi.MetamodelGraphWalker - Visiting attribute path : contact
01:26:49.144 [main] DEBUG org.hibernate.persister.walking.spi.MetamodelGraphWalker - Visiting attribute path : email
01:26:49.144 [main] DEBUG org.hibernate.persister.walking.spi.MetamodelGraphWalker - Visiting attribute path : idDocument
01:26:49.144 [main] DEBUG org.hibernate.loader.plan.build.internal.spaces.QuerySpacesImpl - Adding QuerySpace : uid = <gen:1> -> org.hibernate.loader.plan.build.internal.spaces.CollectionQuerySpaceImpl@c318864]
01:26:49.145 [main] DEBUG org.hibernate.persister.walking.spi.MetamodelGraphWalker - Visiting attribute path : nif
01:26:49.145 [main] DEBUG org.hibernate.persister.walking.spi.MetamodelGraphWalker - Visiting attribute path : nom
01:26:49.145 [main] DEBUG org.hibernate.persister.walking.spi.MetamodelGraphWalker - Visiting attribute path : rccm
01:26:49.145 [main] DEBUG org.hibernate.persister.walking.spi.MetamodelGraphWalker - Visiting attribute path : statistiqueFournisseur
01:26:49.145 [main] DEBUG org.hibernate.loader.plan.build.internal.spaces.QuerySpacesImpl - Adding QuerySpace : uid = <gen:2> -> org.hibernate.loader.plan.build.internal.spaces.EntityQuerySpaceImpl@7d61468c]
01:26:49.145 [main] DEBUG org.hibernate.persister.walking.spi.MetamodelGraphWalker - Visiting attribute path : telephone
01:26:49.145 [main] DEBUG org.hibernate.loader.plan.build.internal.FetchStyleLoadPlanBuildingAssociationVisitationStrategy - Building LoadPlan...
01:26:49.145 [main] DEBUG org.hibernate.loader.plan.exec.internal.LoadQueryJoinAndFetchProcessor - processing queryspace <gen:0>
01:26:49.145 [main] DEBUG org.hibernate.loader.plan.build.spi.LoadPlanTreePrinter - LoadPlan(entity=ngondi.ged.ga.infrastructure.model.FournisseurEntity)
    - Returns
       - EntityReturnImpl(entity=ngondi.ged.ga.infrastructure.model.FournisseurEntity, querySpaceUid=<gen:0>, path=ngondi.ged.ga.infrastructure.model.FournisseurEntity)
          - CollectionAttributeFetchImpl(collection=ngondi.ged.ga.infrastructure.model.FournisseurEntity.idDocument, querySpaceUid=<gen:1>, path=ngondi.ged.ga.infrastructure.model.FournisseurEntity.idDocument)
          - EntityAttributeFetchImpl(entity=ngondi.ged.ga.infrastructure.model.StatistiqueFournisseurEntity, querySpaceUid=<gen:2>, path=ngondi.ged.ga.infrastructure.model.FournisseurEntity.statistiqueFournisseur)
    - QuerySpaces
       - EntityQuerySpaceImpl(uid=<gen:0>, entity=ngondi.ged.ga.infrastructure.model.FournisseurEntity)
          - SQL table alias mapping - fournisseu0_
          - alias suffix - 0_
          - suffixed key columns - {id_fourn1_1_0_}

01:26:49.145 [main] DEBUG org.hibernate.loader.entity.plan.EntityLoader - Static select for entity ngondi.ged.ga.infrastructure.model.FournisseurEntity [PESSIMISTIC_WRITE]: select fournisseu0_.id_fournisseur as id_fourn1_1_0_, fournisseu0_.activite as activite2_1_0_, fournisseu0_.adresse as adresse3_1_0_, fournisseu0_.contact as contact4_1_0_, fournisseu0_.email as email5_1_0_, fournisseu0_.nif as nif6_1_0_, fournisseu0_.nom as nom7_1_0_, fournisseu0_.rccm as rccm8_1_0_, fournisseu0_.statistique_fournisseur_id_statistique as statist10_1_0_, fournisseu0_.telephone as telephon9_1_0_ from fournisseur fournisseu0_ where fournisseu0_.id_fournisseur=? for update
01:26:49.146 [main] DEBUG org.hibernate.loader.plan.build.internal.spaces.QuerySpacesImpl - Adding QuerySpace : uid = <gen:0> -> org.hibernate.loader.plan.build.internal.spaces.EntityQuerySpaceImpl@45796b2a]
01:26:49.146 [main] DEBUG org.hibernate.persister.walking.spi.MetamodelGraphWalker - Visiting attribute path : activite
01:26:49.146 [main] DEBUG org.hibernate.persister.walking.spi.MetamodelGraphWalker - Visiting attribute path : adresse
01:26:49.146 [main] DEBUG org.hibernate.persister.walking.spi.MetamodelGraphWalker - Visiting attribute path : contact
01:26:49.146 [main] DEBUG org.hibernate.persister.walking.spi.MetamodelGraphWalker - Visiting attribute path : email
01:26:49.146 [main] DEBUG org.hibernate.persister.walking.spi.MetamodelGraphWalker - Visiting attribute path : idDocument
01:26:49.146 [main] DEBUG org.hibernate.loader.plan.build.internal.spaces.QuerySpacesImpl - Adding QuerySpace : uid = <gen:1> -> org.hibernate.loader.plan.build.internal.spaces.CollectionQuerySpaceImpl@4beae1e3]
01:26:49.146 [main] DEBUG org.hibernate.persister.walking.spi.MetamodelGraphWalker - Visiting attribute path : nif
01:26:49.146 [main] DEBUG org.hibernate.persister.walking.spi.MetamodelGraphWalker - Visiting attribute path : nom
01:26:49.146 [main] DEBUG org.hibernate.persister.walking.spi.MetamodelGraphWalker - Visiting attribute path : rccm
01:26:49.146 [main] DEBUG org.hibernate.persister.walking.spi.MetamodelGraphWalker - Visiting attribute path : statistiqueFournisseur
01:26:49.146 [main] DEBUG org.hibernate.loader.plan.build.internal.spaces.QuerySpacesImpl - Adding QuerySpace : uid = <gen:2> -> org.hibernate.loader.plan.build.internal.spaces.EntityQuerySpaceImpl@3c488b34]
01:26:49.146 [main] DEBUG org.hibernate.persister.walking.spi.MetamodelGraphWalker - Visiting attribute path : telephone
01:26:49.146 [main] DEBUG org.hibernate.loader.plan.build.internal.FetchStyleLoadPlanBuildingAssociationVisitationStrategy - Building LoadPlan...
01:26:49.147 [main] DEBUG org.hibernate.loader.plan.exec.internal.LoadQueryJoinAndFetchProcessor - processing queryspace <gen:0>
01:26:49.147 [main] DEBUG org.hibernate.loader.plan.build.spi.LoadPlanTreePrinter - LoadPlan(entity=ngondi.ged.ga.infrastructure.model.FournisseurEntity)
    - Returns
       - EntityReturnImpl(entity=ngondi.ged.ga.infrastructure.model.FournisseurEntity, querySpaceUid=<gen:0>, path=ngondi.ged.ga.infrastructure.model.FournisseurEntity)
          - CollectionAttributeFetchImpl(collection=ngondi.ged.ga.infrastructure.model.FournisseurEntity.idDocument, querySpaceUid=<gen:1>, path=ngondi.ged.ga.infrastructure.model.FournisseurEntity.idDocument)
          - EntityAttributeFetchImpl(entity=ngondi.ged.ga.infrastructure.model.StatistiqueFournisseurEntity, querySpaceUid=<gen:2>, path=ngondi.ged.ga.infrastructure.model.FournisseurEntity.statistiqueFournisseur)
    - QuerySpaces
       - EntityQuerySpaceImpl(uid=<gen:0>, entity=ngondi.ged.ga.infrastructure.model.FournisseurEntity)
          - SQL table alias mapping - fournisseu0_
          - alias suffix - 0_
          - suffixed key columns - {id_fourn1_1_0_}

01:26:49.147 [main] DEBUG org.hibernate.loader.entity.plan.EntityLoader - Static select for entity ngondi.ged.ga.infrastructure.model.FournisseurEntity [PESSIMISTIC_FORCE_INCREMENT]: select fournisseu0_.id_fournisseur as id_fourn1_1_0_, fournisseu0_.activite as activite2_1_0_, fournisseu0_.adresse as adresse3_1_0_, fournisseu0_.contact as contact4_1_0_, fournisseu0_.email as email5_1_0_, fournisseu0_.nif as nif6_1_0_, fournisseu0_.nom as nom7_1_0_, fournisseu0_.rccm as rccm8_1_0_, fournisseu0_.statistique_fournisseur_id_statistique as statist10_1_0_, fournisseu0_.telephone as telephon9_1_0_ from fournisseur fournisseu0_ where fournisseu0_.id_fournisseur=? for update
01:26:49.147 [main] DEBUG org.hibernate.loader.plan.build.internal.spaces.QuerySpacesImpl - Adding QuerySpace : uid = <gen:0> -> org.hibernate.loader.plan.build.internal.spaces.EntityQuerySpaceImpl@32e697ac]
01:26:49.147 [main] DEBUG org.hibernate.persister.walking.spi.MetamodelGraphWalker - Visiting attribute path : activite
01:26:49.147 [main] DEBUG org.hibernate.persister.walking.spi.MetamodelGraphWalker - Visiting attribute path : adresse
01:26:49.147 [main] DEBUG org.hibernate.persister.walking.spi.MetamodelGraphWalker - Visiting attribute path : contact
01:26:49.147 [main] DEBUG org.hibernate.persister.walking.spi.MetamodelGraphWalker - Visiting attribute path : email
01:26:49.147 [main] DEBUG org.hibernate.persister.walking.spi.MetamodelGraphWalker - Visiting attribute path : idDocument
01:26:49.148 [main] DEBUG org.hibernate.loader.plan.build.internal.spaces.QuerySpacesImpl - Adding QuerySpace : uid = <gen:1> -> org.hibernate.loader.plan.build.internal.spaces.CollectionQuerySpaceImpl@241fc278]
01:26:49.148 [main] DEBUG org.hibernate.persister.walking.spi.MetamodelGraphWalker - Visiting attribute path : nif
01:26:49.148 [main] DEBUG org.hibernate.persister.walking.spi.MetamodelGraphWalker - Visiting attribute path : nom
01:26:49.148 [main] DEBUG org.hibernate.persister.walking.spi.MetamodelGraphWalker - Visiting attribute path : rccm
01:26:49.148 [main] DEBUG org.hibernate.persister.walking.spi.MetamodelGraphWalker - Visiting attribute path : statistiqueFournisseur
01:26:49.148 [main] DEBUG org.hibernate.loader.plan.build.internal.spaces.QuerySpacesImpl - Adding QuerySpace : uid = <gen:2> -> org.hibernate.loader.plan.build.internal.spaces.EntityQuerySpaceImpl@5c76fce4]
01:26:49.148 [main] DEBUG org.hibernate.persister.walking.spi.MetamodelGraphWalker - Visiting attribute path : telephone
01:26:49.148 [main] DEBUG org.hibernate.loader.plan.build.internal.FetchStyleLoadPlanBuildingAssociationVisitationStrategy - Building LoadPlan...
01:26:49.148 [main] DEBUG org.hibernate.loader.plan.exec.internal.LoadQueryJoinAndFetchProcessor - processing queryspace <gen:0>
01:26:49.148 [main] DEBUG org.hibernate.loader.plan.build.spi.LoadPlanTreePrinter - LoadPlan(entity=ngondi.ged.ga.infrastructure.model.FournisseurEntity)
    - Returns
       - EntityReturnImpl(entity=ngondi.ged.ga.infrastructure.model.FournisseurEntity, querySpaceUid=<gen:0>, path=ngondi.ged.ga.infrastructure.model.FournisseurEntity)
          - CollectionAttributeFetchImpl(collection=ngondi.ged.ga.infrastructure.model.FournisseurEntity.idDocument, querySpaceUid=<gen:1>, path=ngondi.ged.ga.infrastructure.model.FournisseurEntity.idDocument)
          - EntityAttributeFetchImpl(entity=ngondi.ged.ga.infrastructure.model.StatistiqueFournisseurEntity, querySpaceUid=<gen:2>, path=ngondi.ged.ga.infrastructure.model.FournisseurEntity.statistiqueFournisseur)
    - QuerySpaces
       - EntityQuerySpaceImpl(uid=<gen:0>, entity=ngondi.ged.ga.infrastructure.model.FournisseurEntity)
          - SQL table alias mapping - fournisseu0_
          - alias suffix - 0_
          - suffixed key columns - {id_fourn1_1_0_}

01:26:49.148 [main] DEBUG org.hibernate.loader.entity.plan.EntityLoader - Static select for entity ngondi.ged.ga.infrastructure.model.FournisseurEntity [OPTIMISTIC]: select fournisseu0_.id_fournisseur as id_fourn1_1_0_, fournisseu0_.activite as activite2_1_0_, fournisseu0_.adresse as adresse3_1_0_, fournisseu0_.contact as contact4_1_0_, fournisseu0_.email as email5_1_0_, fournisseu0_.nif as nif6_1_0_, fournisseu0_.nom as nom7_1_0_, fournisseu0_.rccm as rccm8_1_0_, fournisseu0_.statistique_fournisseur_id_statistique as statist10_1_0_, fournisseu0_.telephone as telephon9_1_0_ from fournisseur fournisseu0_ where fournisseu0_.id_fournisseur=?
01:26:49.149 [main] DEBUG org.hibernate.loader.plan.build.internal.spaces.QuerySpacesImpl - Adding QuerySpace : uid = <gen:0> -> org.hibernate.loader.plan.build.internal.spaces.EntityQuerySpaceImpl@5aab5b31]
01:26:49.149 [main] DEBUG org.hibernate.persister.walking.spi.MetamodelGraphWalker - Visiting attribute path : activite
01:26:49.149 [main] DEBUG org.hibernate.persister.walking.spi.MetamodelGraphWalker - Visiting attribute path : adresse
01:26:49.149 [main] DEBUG org.hibernate.persister.walking.spi.MetamodelGraphWalker - Visiting attribute path : contact
01:26:49.149 [main] DEBUG org.hibernate.persister.walking.spi.MetamodelGraphWalker - Visiting attribute path : email
01:26:49.149 [main] DEBUG org.hibernate.persister.walking.spi.MetamodelGraphWalker - Visiting attribute path : idDocument
01:26:49.149 [main] DEBUG org.hibernate.loader.plan.build.internal.spaces.QuerySpacesImpl - Adding QuerySpace : uid = <gen:1> -> org.hibernate.loader.plan.build.internal.spaces.CollectionQuerySpaceImpl@eded048]
01:26:49.149 [main] DEBUG org.hibernate.persister.walking.spi.MetamodelGraphWalker - Visiting attribute path : nif
01:26:49.149 [main] DEBUG org.hibernate.persister.walking.spi.MetamodelGraphWalker - Visiting attribute path : nom
01:26:49.149 [main] DEBUG org.hibernate.persister.walking.spi.MetamodelGraphWalker - Visiting attribute path : rccm
01:26:49.149 [main] DEBUG org.hibernate.persister.walking.spi.MetamodelGraphWalker - Visiting attribute path : statistiqueFournisseur
01:26:49.149 [main] DEBUG org.hibernate.loader.plan.build.internal.spaces.QuerySpacesImpl - Adding QuerySpace : uid = <gen:2> -> org.hibernate.loader.plan.build.internal.spaces.EntityQuerySpaceImpl@65a48cab]
01:26:49.149 [main] DEBUG org.hibernate.persister.walking.spi.MetamodelGraphWalker - Visiting attribute path : telephone
01:26:49.150 [main] DEBUG org.hibernate.loader.plan.build.internal.FetchStyleLoadPlanBuildingAssociationVisitationStrategy - Building LoadPlan...
01:26:49.151 [main] DEBUG org.hibernate.loader.plan.exec.internal.LoadQueryJoinAndFetchProcessor - processing queryspace <gen:0>
01:26:49.151 [main] DEBUG org.hibernate.loader.plan.build.spi.LoadPlanTreePrinter - LoadPlan(entity=ngondi.ged.ga.infrastructure.model.FournisseurEntity)
    - Returns
       - EntityReturnImpl(entity=ngondi.ged.ga.infrastructure.model.FournisseurEntity, querySpaceUid=<gen:0>, path=ngondi.ged.ga.infrastructure.model.FournisseurEntity)
          - CollectionAttributeFetchImpl(collection=ngondi.ged.ga.infrastructure.model.FournisseurEntity.idDocument, querySpaceUid=<gen:1>, path=ngondi.ged.ga.infrastructure.model.FournisseurEntity.idDocument)
          - EntityAttributeFetchImpl(entity=ngondi.ged.ga.infrastructure.model.StatistiqueFournisseurEntity, querySpaceUid=<gen:2>, path=ngondi.ged.ga.infrastructure.model.FournisseurEntity.statistiqueFournisseur)
    - QuerySpaces
       - EntityQuerySpaceImpl(uid=<gen:0>, entity=ngondi.ged.ga.infrastructure.model.FournisseurEntity)
          - SQL table alias mapping - fournisseu0_
          - alias suffix - 0_
          - suffixed key columns - {id_fourn1_1_0_}

01:26:49.151 [main] DEBUG org.hibernate.loader.entity.plan.EntityLoader - Static select for entity ngondi.ged.ga.infrastructure.model.FournisseurEntity [OPTIMISTIC_FORCE_INCREMENT]: select fournisseu0_.id_fournisseur as id_fourn1_1_0_, fournisseu0_.activite as activite2_1_0_, fournisseu0_.adresse as adresse3_1_0_, fournisseu0_.contact as contact4_1_0_, fournisseu0_.email as email5_1_0_, fournisseu0_.nif as nif6_1_0_, fournisseu0_.nom as nom7_1_0_, fournisseu0_.rccm as rccm8_1_0_, fournisseu0_.statistique_fournisseur_id_statistique as statist10_1_0_, fournisseu0_.telephone as telephon9_1_0_ from fournisseur fournisseu0_ where fournisseu0_.id_fournisseur=?
01:26:49.151 [main] DEBUG org.hibernate.loader.Loader - Static select for action ACTION_MERGE on entity ngondi.ged.ga.infrastructure.model.FournisseurEntity: select fournisseu0_.id_fournisseur as id_fourn1_1_1_, fournisseu0_.activite as activite2_1_1_, fournisseu0_.adresse as adresse3_1_1_, fournisseu0_.contact as contact4_1_1_, fournisseu0_.email as email5_1_1_, fournisseu0_.nif as nif6_1_1_, fournisseu0_.nom as nom7_1_1_, fournisseu0_.rccm as rccm8_1_1_, fournisseu0_.statistique_fournisseur_id_statistique as statist10_1_1_, fournisseu0_.telephone as telephon9_1_1_, statistiqu1_.id_statistique as id_stati1_3_0_, statistiqu1_.qualite_conformite as qualite_2_3_0_, statistiqu1_.reactivite_disponibilite as reactivi3_3_0_, statistiqu1_.respect_des_delais as respect_4_3_0_ from fournisseur fournisseu0_ left outer join statistique statistiqu1_ on fournisseu0_.statistique_fournisseur_id_statistique=statistiqu1_.id_statistique where fournisseu0_.id_fournisseur=?
01:26:49.152 [main] DEBUG org.hibernate.loader.Loader - Static select for action ACTION_REFRESH on entity ngondi.ged.ga.infrastructure.model.FournisseurEntity: select fournisseu0_.id_fournisseur as id_fourn1_1_1_, fournisseu0_.activite as activite2_1_1_, fournisseu0_.adresse as adresse3_1_1_, fournisseu0_.contact as contact4_1_1_, fournisseu0_.email as email5_1_1_, fournisseu0_.nif as nif6_1_1_, fournisseu0_.nom as nom7_1_1_, fournisseu0_.rccm as rccm8_1_1_, fournisseu0_.statistique_fournisseur_id_statistique as statist10_1_1_, fournisseu0_.telephone as telephon9_1_1_, statistiqu1_.id_statistique as id_stati1_3_0_, statistiqu1_.qualite_conformite as qualite_2_3_0_, statistiqu1_.reactivite_disponibilite as reactivi3_3_0_, statistiqu1_.respect_des_delais as respect_4_3_0_ from fournisseur fournisseu0_ left outer join statistique statistiqu1_ on fournisseu0_.statistique_fournisseur_id_statistique=statistiqu1_.id_statistique where fournisseu0_.id_fournisseur=?
01:26:49.152 [main] DEBUG org.hibernate.persister.entity.AbstractEntityPersister - Static SQL for entity: ngondi.ged.ga.infrastructure.model.DocumentEntity
01:26:49.152 [main] DEBUG org.hibernate.persister.entity.AbstractEntityPersister -  Version select: select id_document from document where id_document =?
01:26:49.152 [main] DEBUG org.hibernate.persister.entity.AbstractEntityPersister -  Snapshot select: select documenten_.id_document, documenten_.archive_format as archive_2_0_, documenten_.date_save as date_sav3_0_, documenten_.doc_bytes as doc_byte4_0_, documenten_.document_name as document5_0_ from document documenten_ where documenten_.id_document=?
01:26:49.152 [main] DEBUG org.hibernate.persister.entity.AbstractEntityPersister -  Insert 0: insert into document (archive_format, date_save, doc_bytes, document_name, id_document) values (?, ?, ?, ?, ?)
01:26:49.152 [main] DEBUG org.hibernate.persister.entity.AbstractEntityPersister -  Update 0: update document set archive_format=?, date_save=?, doc_bytes=?, document_name=? where id_document=?
01:26:49.152 [main] DEBUG org.hibernate.persister.entity.AbstractEntityPersister -  Delete 0: delete from document where id_document=?
01:26:49.153 [main] DEBUG org.hibernate.loader.plan.build.internal.spaces.QuerySpacesImpl - Adding QuerySpace : uid = <gen:0> -> org.hibernate.loader.plan.build.internal.spaces.EntityQuerySpaceImpl@655621fd]
01:26:49.154 [main] DEBUG org.hibernate.persister.walking.spi.MetamodelGraphWalker - Visiting attribute path : archiveFormat
01:26:49.154 [main] DEBUG org.hibernate.persister.walking.spi.MetamodelGraphWalker - Visiting attribute path : date
01:26:49.154 [main] DEBUG org.hibernate.persister.walking.spi.MetamodelGraphWalker - Visiting attribute path : docBytes
01:26:49.154 [main] DEBUG org.hibernate.persister.walking.spi.MetamodelGraphWalker - Visiting attribute path : nameDocument
01:26:49.154 [main] DEBUG org.hibernate.loader.plan.build.internal.FetchStyleLoadPlanBuildingAssociationVisitationStrategy - Building LoadPlan...
01:26:49.154 [main] DEBUG org.hibernate.loader.plan.exec.internal.LoadQueryJoinAndFetchProcessor - processing queryspace <gen:0>
01:26:49.155 [main] DEBUG org.hibernate.loader.plan.build.spi.LoadPlanTreePrinter - LoadPlan(entity=ngondi.ged.ga.infrastructure.model.DocumentEntity)
    - Returns
       - EntityReturnImpl(entity=ngondi.ged.ga.infrastructure.model.DocumentEntity, querySpaceUid=<gen:0>, path=ngondi.ged.ga.infrastructure.model.DocumentEntity)
    - QuerySpaces
       - EntityQuerySpaceImpl(uid=<gen:0>, entity=ngondi.ged.ga.infrastructure.model.DocumentEntity)
          - SQL table alias mapping - documenten0_
          - alias suffix - 0_
          - suffixed key columns - {id_docum1_0_0_}

01:26:49.155 [main] DEBUG org.hibernate.loader.entity.plan.EntityLoader - Static select for entity ngondi.ged.ga.infrastructure.model.DocumentEntity [NONE]: select documenten0_.id_document as id_docum1_0_0_, documenten0_.archive_format as archive_2_0_0_, documenten0_.date_save as date_sav3_0_0_, documenten0_.doc_bytes as doc_byte4_0_0_, documenten0_.document_name as document5_0_0_ from document documenten0_ where documenten0_.id_document=?
01:26:49.155 [main] DEBUG org.hibernate.loader.plan.build.internal.spaces.QuerySpacesImpl - Adding QuerySpace : uid = <gen:0> -> org.hibernate.loader.plan.build.internal.spaces.EntityQuerySpaceImpl@fcd0e8d]
01:26:49.156 [main] DEBUG org.hibernate.persister.walking.spi.MetamodelGraphWalker - Visiting attribute path : archiveFormat
01:26:49.156 [main] DEBUG org.hibernate.persister.walking.spi.MetamodelGraphWalker - Visiting attribute path : date
01:26:49.156 [main] DEBUG org.hibernate.persister.walking.spi.MetamodelGraphWalker - Visiting attribute path : docBytes
01:26:49.156 [main] DEBUG org.hibernate.persister.walking.spi.MetamodelGraphWalker - Visiting attribute path : nameDocument
01:26:49.156 [main] DEBUG org.hibernate.loader.plan.build.internal.FetchStyleLoadPlanBuildingAssociationVisitationStrategy - Building LoadPlan...
01:26:49.156 [main] DEBUG org.hibernate.loader.plan.exec.internal.LoadQueryJoinAndFetchProcessor - processing queryspace <gen:0>
01:26:49.156 [main] DEBUG org.hibernate.loader.plan.build.spi.LoadPlanTreePrinter - LoadPlan(entity=ngondi.ged.ga.infrastructure.model.DocumentEntity)
    - Returns
       - EntityReturnImpl(entity=ngondi.ged.ga.infrastructure.model.DocumentEntity, querySpaceUid=<gen:0>, path=ngondi.ged.ga.infrastructure.model.DocumentEntity)
    - QuerySpaces
       - EntityQuerySpaceImpl(uid=<gen:0>, entity=ngondi.ged.ga.infrastructure.model.DocumentEntity)
          - SQL table alias mapping - documenten0_
          - alias suffix - 0_
          - suffixed key columns - {id_docum1_0_0_}

01:26:49.156 [main] DEBUG org.hibernate.loader.entity.plan.EntityLoader - Static select for entity ngondi.ged.ga.infrastructure.model.DocumentEntity [READ]: select documenten0_.id_document as id_docum1_0_0_, documenten0_.archive_format as archive_2_0_0_, documenten0_.date_save as date_sav3_0_0_, documenten0_.doc_bytes as doc_byte4_0_0_, documenten0_.document_name as document5_0_0_ from document documenten0_ where documenten0_.id_document=?
01:26:49.156 [main] DEBUG org.hibernate.loader.plan.build.internal.spaces.QuerySpacesImpl - Adding QuerySpace : uid = <gen:0> -> org.hibernate.loader.plan.build.internal.spaces.EntityQuerySpaceImpl@1a4083f6]
01:26:49.157 [main] DEBUG org.hibernate.persister.walking.spi.MetamodelGraphWalker - Visiting attribute path : archiveFormat
01:26:49.157 [main] DEBUG org.hibernate.persister.walking.spi.MetamodelGraphWalker - Visiting attribute path : date
01:26:49.157 [main] DEBUG org.hibernate.persister.walking.spi.MetamodelGraphWalker - Visiting attribute path : docBytes
01:26:49.157 [main] DEBUG org.hibernate.persister.walking.spi.MetamodelGraphWalker - Visiting attribute path : nameDocument
01:26:49.157 [main] DEBUG org.hibernate.loader.plan.build.internal.FetchStyleLoadPlanBuildingAssociationVisitationStrategy - Building LoadPlan...
01:26:49.157 [main] DEBUG org.hibernate.loader.plan.exec.internal.LoadQueryJoinAndFetchProcessor - processing queryspace <gen:0>
01:26:49.157 [main] DEBUG org.hibernate.loader.plan.build.spi.LoadPlanTreePrinter - LoadPlan(entity=ngondi.ged.ga.infrastructure.model.DocumentEntity)
    - Returns
       - EntityReturnImpl(entity=ngondi.ged.ga.infrastructure.model.DocumentEntity, querySpaceUid=<gen:0>, path=ngondi.ged.ga.infrastructure.model.DocumentEntity)
    - QuerySpaces
       - EntityQuerySpaceImpl(uid=<gen:0>, entity=ngondi.ged.ga.infrastructure.model.DocumentEntity)
          - SQL table alias mapping - documenten0_
          - alias suffix - 0_
          - suffixed key columns - {id_docum1_0_0_}

01:26:49.157 [main] DEBUG org.hibernate.loader.entity.plan.EntityLoader - Static select for entity ngondi.ged.ga.infrastructure.model.DocumentEntity [UPGRADE]: select documenten0_.id_document as id_docum1_0_0_, documenten0_.archive_format as archive_2_0_0_, documenten0_.date_save as date_sav3_0_0_, documenten0_.doc_bytes as doc_byte4_0_0_, documenten0_.document_name as document5_0_0_ from document documenten0_ where documenten0_.id_document=? for update
01:26:49.157 [main] DEBUG org.hibernate.loader.plan.build.internal.spaces.QuerySpacesImpl - Adding QuerySpace : uid = <gen:0> -> org.hibernate.loader.plan.build.internal.spaces.EntityQuerySpaceImpl@44abdb1f]
01:26:49.157 [main] DEBUG org.hibernate.persister.walking.spi.MetamodelGraphWalker - Visiting attribute path : archiveFormat
01:26:49.157 [main] DEBUG org.hibernate.persister.walking.spi.MetamodelGraphWalker - Visiting attribute path : date
01:26:49.158 [main] DEBUG org.hibernate.persister.walking.spi.MetamodelGraphWalker - Visiting attribute path : docBytes
01:26:49.158 [main] DEBUG org.hibernate.persister.walking.spi.MetamodelGraphWalker - Visiting attribute path : nameDocument
01:26:49.158 [main] DEBUG org.hibernate.loader.plan.build.internal.FetchStyleLoadPlanBuildingAssociationVisitationStrategy - Building LoadPlan...
01:26:49.158 [main] DEBUG org.hibernate.loader.plan.exec.internal.LoadQueryJoinAndFetchProcessor - processing queryspace <gen:0>
01:26:49.158 [main] DEBUG org.hibernate.loader.plan.build.spi.LoadPlanTreePrinter - LoadPlan(entity=ngondi.ged.ga.infrastructure.model.DocumentEntity)
    - Returns
       - EntityReturnImpl(entity=ngondi.ged.ga.infrastructure.model.DocumentEntity, querySpaceUid=<gen:0>, path=ngondi.ged.ga.infrastructure.model.DocumentEntity)
    - QuerySpaces
       - EntityQuerySpaceImpl(uid=<gen:0>, entity=ngondi.ged.ga.infrastructure.model.DocumentEntity)
          - SQL table alias mapping - documenten0_
          - alias suffix - 0_
          - suffixed key columns - {id_docum1_0_0_}

01:26:49.158 [main] DEBUG org.hibernate.loader.entity.plan.EntityLoader - Static select for entity ngondi.ged.ga.infrastructure.model.DocumentEntity [UPGRADE_NOWAIT]: select documenten0_.id_document as id_docum1_0_0_, documenten0_.archive_format as archive_2_0_0_, documenten0_.date_save as date_sav3_0_0_, documenten0_.doc_bytes as doc_byte4_0_0_, documenten0_.document_name as document5_0_0_ from document documenten0_ where documenten0_.id_document=? for update
01:26:49.158 [main] DEBUG org.hibernate.loader.plan.build.internal.spaces.QuerySpacesImpl - Adding QuerySpace : uid = <gen:0> -> org.hibernate.loader.plan.build.internal.spaces.EntityQuerySpaceImpl@7cd1ec54]
01:26:49.158 [main] DEBUG org.hibernate.persister.walking.spi.MetamodelGraphWalker - Visiting attribute path : archiveFormat
01:26:49.159 [main] DEBUG org.hibernate.persister.walking.spi.MetamodelGraphWalker - Visiting attribute path : date
01:26:49.159 [main] DEBUG org.hibernate.persister.walking.spi.MetamodelGraphWalker - Visiting attribute path : docBytes
01:26:49.159 [main] DEBUG org.hibernate.persister.walking.spi.MetamodelGraphWalker - Visiting attribute path : nameDocument
01:26:49.159 [main] DEBUG org.hibernate.loader.plan.build.internal.FetchStyleLoadPlanBuildingAssociationVisitationStrategy - Building LoadPlan...
01:26:49.159 [main] DEBUG org.hibernate.loader.plan.exec.internal.LoadQueryJoinAndFetchProcessor - processing queryspace <gen:0>
01:26:49.160 [main] DEBUG org.hibernate.loader.plan.build.spi.LoadPlanTreePrinter - LoadPlan(entity=ngondi.ged.ga.infrastructure.model.DocumentEntity)
    - Returns
       - EntityReturnImpl(entity=ngondi.ged.ga.infrastructure.model.DocumentEntity, querySpaceUid=<gen:0>, path=ngondi.ged.ga.infrastructure.model.DocumentEntity)
    - QuerySpaces
       - EntityQuerySpaceImpl(uid=<gen:0>, entity=ngondi.ged.ga.infrastructure.model.DocumentEntity)
          - SQL table alias mapping - documenten0_
          - alias suffix - 0_
          - suffixed key columns - {id_docum1_0_0_}

01:26:49.183 [main] DEBUG org.hibernate.loader.entity.plan.EntityLoader - Static select for entity ngondi.ged.ga.infrastructure.model.DocumentEntity [UPGRADE_SKIPLOCKED]: select documenten0_.id_document as id_docum1_0_0_, documenten0_.archive_format as archive_2_0_0_, documenten0_.date_save as date_sav3_0_0_, documenten0_.doc_bytes as doc_byte4_0_0_, documenten0_.document_name as document5_0_0_ from document documenten0_ where documenten0_.id_document=? for update
01:26:49.184 [main] DEBUG org.hibernate.loader.plan.build.internal.spaces.QuerySpacesImpl - Adding QuerySpace : uid = <gen:0> -> org.hibernate.loader.plan.build.internal.spaces.EntityQuerySpaceImpl@6d420cdd]
01:26:49.184 [main] DEBUG org.hibernate.persister.walking.spi.MetamodelGraphWalker - Visiting attribute path : archiveFormat
01:26:49.184 [main] DEBUG org.hibernate.persister.walking.spi.MetamodelGraphWalker - Visiting attribute path : date
01:26:49.184 [main] DEBUG org.hibernate.persister.walking.spi.MetamodelGraphWalker - Visiting attribute path : docBytes
01:26:49.184 [main] DEBUG org.hibernate.persister.walking.spi.MetamodelGraphWalker - Visiting attribute path : nameDocument
01:26:49.184 [main] DEBUG org.hibernate.loader.plan.build.internal.FetchStyleLoadPlanBuildingAssociationVisitationStrategy - Building LoadPlan...
01:26:49.184 [main] DEBUG org.hibernate.loader.plan.exec.internal.LoadQueryJoinAndFetchProcessor - processing queryspace <gen:0>
01:26:49.184 [main] DEBUG org.hibernate.loader.plan.build.spi.LoadPlanTreePrinter - LoadPlan(entity=ngondi.ged.ga.infrastructure.model.DocumentEntity)
    - Returns
       - EntityReturnImpl(entity=ngondi.ged.ga.infrastructure.model.DocumentEntity, querySpaceUid=<gen:0>, path=ngondi.ged.ga.infrastructure.model.DocumentEntity)
    - QuerySpaces
       - EntityQuerySpaceImpl(uid=<gen:0>, entity=ngondi.ged.ga.infrastructure.model.DocumentEntity)
          - SQL table alias mapping - documenten0_
          - alias suffix - 0_
          - suffixed key columns - {id_docum1_0_0_}

01:26:49.185 [main] DEBUG org.hibernate.loader.entity.plan.EntityLoader - Static select for entity ngondi.ged.ga.infrastructure.model.DocumentEntity [FORCE]: select documenten0_.id_document as id_docum1_0_0_, documenten0_.archive_format as archive_2_0_0_, documenten0_.date_save as date_sav3_0_0_, documenten0_.doc_bytes as doc_byte4_0_0_, documenten0_.document_name as document5_0_0_ from document documenten0_ where documenten0_.id_document=? for update
01:26:49.185 [main] DEBUG org.hibernate.loader.plan.build.internal.spaces.QuerySpacesImpl - Adding QuerySpace : uid = <gen:0> -> org.hibernate.loader.plan.build.internal.spaces.EntityQuerySpaceImpl@78128dd0]
01:26:49.185 [main] DEBUG org.hibernate.persister.walking.spi.MetamodelGraphWalker - Visiting attribute path : archiveFormat
01:26:49.185 [main] DEBUG org.hibernate.persister.walking.spi.MetamodelGraphWalker - Visiting attribute path : date
01:26:49.185 [main] DEBUG org.hibernate.persister.walking.spi.MetamodelGraphWalker - Visiting attribute path : docBytes
01:26:49.185 [main] DEBUG org.hibernate.persister.walking.spi.MetamodelGraphWalker - Visiting attribute path : nameDocument
01:26:49.185 [main] DEBUG org.hibernate.loader.plan.build.internal.FetchStyleLoadPlanBuildingAssociationVisitationStrategy - Building LoadPlan...
01:26:49.185 [main] DEBUG org.hibernate.loader.plan.exec.internal.LoadQueryJoinAndFetchProcessor - processing queryspace <gen:0>
01:26:49.186 [main] DEBUG org.hibernate.loader.plan.build.spi.LoadPlanTreePrinter - LoadPlan(entity=ngondi.ged.ga.infrastructure.model.DocumentEntity)
    - Returns
       - EntityReturnImpl(entity=ngondi.ged.ga.infrastructure.model.DocumentEntity, querySpaceUid=<gen:0>, path=ngondi.ged.ga.infrastructure.model.DocumentEntity)
    - QuerySpaces
       - EntityQuerySpaceImpl(uid=<gen:0>, entity=ngondi.ged.ga.infrastructure.model.DocumentEntity)
          - SQL table alias mapping - documenten0_
          - alias suffix - 0_
          - suffixed key columns - {id_docum1_0_0_}

01:26:49.186 [main] DEBUG org.hibernate.loader.entity.plan.EntityLoader - Static select for entity ngondi.ged.ga.infrastructure.model.DocumentEntity [PESSIMISTIC_READ]: select documenten0_.id_document as id_docum1_0_0_, documenten0_.archive_format as archive_2_0_0_, documenten0_.date_save as date_sav3_0_0_, documenten0_.doc_bytes as doc_byte4_0_0_, documenten0_.document_name as document5_0_0_ from document documenten0_ where documenten0_.id_document=? lock in share mode
01:26:49.186 [main] DEBUG org.hibernate.loader.plan.build.internal.spaces.QuerySpacesImpl - Adding QuerySpace : uid = <gen:0> -> org.hibernate.loader.plan.build.internal.spaces.EntityQuerySpaceImpl@28dd81ad]
01:26:49.187 [main] DEBUG org.hibernate.persister.walking.spi.MetamodelGraphWalker - Visiting attribute path : archiveFormat
01:26:49.188 [main] DEBUG org.hibernate.persister.walking.spi.MetamodelGraphWalker - Visiting attribute path : date
01:26:49.188 [main] DEBUG org.hibernate.persister.walking.spi.MetamodelGraphWalker - Visiting attribute path : docBytes
01:26:49.188 [main] DEBUG org.hibernate.persister.walking.spi.MetamodelGraphWalker - Visiting attribute path : nameDocument
01:26:49.188 [main] DEBUG org.hibernate.loader.plan.build.internal.FetchStyleLoadPlanBuildingAssociationVisitationStrategy - Building LoadPlan...
01:26:49.188 [main] DEBUG org.hibernate.loader.plan.exec.internal.LoadQueryJoinAndFetchProcessor - processing queryspace <gen:0>
01:26:49.188 [main] DEBUG org.hibernate.loader.plan.build.spi.LoadPlanTreePrinter - LoadPlan(entity=ngondi.ged.ga.infrastructure.model.DocumentEntity)
    - Returns
       - EntityReturnImpl(entity=ngondi.ged.ga.infrastructure.model.DocumentEntity, querySpaceUid=<gen:0>, path=ngondi.ged.ga.infrastructure.model.DocumentEntity)
    - QuerySpaces
       - EntityQuerySpaceImpl(uid=<gen:0>, entity=ngondi.ged.ga.infrastructure.model.DocumentEntity)
          - SQL table alias mapping - documenten0_
          - alias suffix - 0_
          - suffixed key columns - {id_docum1_0_0_}

01:26:49.189 [main] DEBUG org.hibernate.loader.entity.plan.EntityLoader - Static select for entity ngondi.ged.ga.infrastructure.model.DocumentEntity [PESSIMISTIC_WRITE]: select documenten0_.id_document as id_docum1_0_0_, documenten0_.archive_format as archive_2_0_0_, documenten0_.date_save as date_sav3_0_0_, documenten0_.doc_bytes as doc_byte4_0_0_, documenten0_.document_name as document5_0_0_ from document documenten0_ where documenten0_.id_document=? for update
01:26:49.189 [main] DEBUG org.hibernate.loader.plan.build.internal.spaces.QuerySpacesImpl - Adding QuerySpace : uid = <gen:0> -> org.hibernate.loader.plan.build.internal.spaces.EntityQuerySpaceImpl@5c9a4f3b]
01:26:49.189 [main] DEBUG org.hibernate.persister.walking.spi.MetamodelGraphWalker - Visiting attribute path : archiveFormat
01:26:49.189 [main] DEBUG org.hibernate.persister.walking.spi.MetamodelGraphWalker - Visiting attribute path : date
01:26:49.189 [main] DEBUG org.hibernate.persister.walking.spi.MetamodelGraphWalker - Visiting attribute path : docBytes
01:26:49.189 [main] DEBUG org.hibernate.persister.walking.spi.MetamodelGraphWalker - Visiting attribute path : nameDocument
01:26:49.189 [main] DEBUG org.hibernate.loader.plan.build.internal.FetchStyleLoadPlanBuildingAssociationVisitationStrategy - Building LoadPlan...
01:26:49.189 [main] DEBUG org.hibernate.loader.plan.exec.internal.LoadQueryJoinAndFetchProcessor - processing queryspace <gen:0>
01:26:49.189 [main] DEBUG org.hibernate.loader.plan.build.spi.LoadPlanTreePrinter - LoadPlan(entity=ngondi.ged.ga.infrastructure.model.DocumentEntity)
    - Returns
       - EntityReturnImpl(entity=ngondi.ged.ga.infrastructure.model.DocumentEntity, querySpaceUid=<gen:0>, path=ngondi.ged.ga.infrastructure.model.DocumentEntity)
    - QuerySpaces
       - EntityQuerySpaceImpl(uid=<gen:0>, entity=ngondi.ged.ga.infrastructure.model.DocumentEntity)
          - SQL table alias mapping - documenten0_
          - alias suffix - 0_
          - suffixed key columns - {id_docum1_0_0_}

01:26:49.189 [main] DEBUG org.hibernate.loader.entity.plan.EntityLoader - Static select for entity ngondi.ged.ga.infrastructure.model.DocumentEntity [PESSIMISTIC_FORCE_INCREMENT]: select documenten0_.id_document as id_docum1_0_0_, documenten0_.archive_format as archive_2_0_0_, documenten0_.date_save as date_sav3_0_0_, documenten0_.doc_bytes as doc_byte4_0_0_, documenten0_.document_name as document5_0_0_ from document documenten0_ where documenten0_.id_document=? for update
01:26:49.189 [main] DEBUG org.hibernate.loader.plan.build.internal.spaces.QuerySpacesImpl - Adding QuerySpace : uid = <gen:0> -> org.hibernate.loader.plan.build.internal.spaces.EntityQuerySpaceImpl@6f24ce45]
01:26:49.190 [main] DEBUG org.hibernate.persister.walking.spi.MetamodelGraphWalker - Visiting attribute path : archiveFormat
01:26:49.190 [main] DEBUG org.hibernate.persister.walking.spi.MetamodelGraphWalker - Visiting attribute path : date
01:26:49.190 [main] DEBUG org.hibernate.persister.walking.spi.MetamodelGraphWalker - Visiting attribute path : docBytes
01:26:49.190 [main] DEBUG org.hibernate.persister.walking.spi.MetamodelGraphWalker - Visiting attribute path : nameDocument
01:26:49.190 [main] DEBUG org.hibernate.loader.plan.build.internal.FetchStyleLoadPlanBuildingAssociationVisitationStrategy - Building LoadPlan...
01:26:49.190 [main] DEBUG org.hibernate.loader.plan.exec.internal.LoadQueryJoinAndFetchProcessor - processing queryspace <gen:0>
01:26:49.191 [main] DEBUG org.hibernate.loader.plan.build.spi.LoadPlanTreePrinter - LoadPlan(entity=ngondi.ged.ga.infrastructure.model.DocumentEntity)
    - Returns
       - EntityReturnImpl(entity=ngondi.ged.ga.infrastructure.model.DocumentEntity, querySpaceUid=<gen:0>, path=ngondi.ged.ga.infrastructure.model.DocumentEntity)
    - QuerySpaces
       - EntityQuerySpaceImpl(uid=<gen:0>, entity=ngondi.ged.ga.infrastructure.model.DocumentEntity)
          - SQL table alias mapping - documenten0_
          - alias suffix - 0_
          - suffixed key columns - {id_docum1_0_0_}

01:26:49.192 [main] DEBUG org.hibernate.loader.entity.plan.EntityLoader - Static select for entity ngondi.ged.ga.infrastructure.model.DocumentEntity [OPTIMISTIC]: select documenten0_.id_document as id_docum1_0_0_, documenten0_.archive_format as archive_2_0_0_, documenten0_.date_save as date_sav3_0_0_, documenten0_.doc_bytes as doc_byte4_0_0_, documenten0_.document_name as document5_0_0_ from document documenten0_ where documenten0_.id_document=?
01:26:49.192 [main] DEBUG org.hibernate.loader.plan.build.internal.spaces.QuerySpacesImpl - Adding QuerySpace : uid = <gen:0> -> org.hibernate.loader.plan.build.internal.spaces.EntityQuerySpaceImpl@657b3b]
01:26:49.192 [main] DEBUG org.hibernate.persister.walking.spi.MetamodelGraphWalker - Visiting attribute path : archiveFormat
01:26:49.192 [main] DEBUG org.hibernate.persister.walking.spi.MetamodelGraphWalker - Visiting attribute path : date
01:26:49.192 [main] DEBUG org.hibernate.persister.walking.spi.MetamodelGraphWalker - Visiting attribute path : docBytes
01:26:49.192 [main] DEBUG org.hibernate.persister.walking.spi.MetamodelGraphWalker - Visiting attribute path : nameDocument
01:26:49.192 [main] DEBUG org.hibernate.loader.plan.build.internal.FetchStyleLoadPlanBuildingAssociationVisitationStrategy - Building LoadPlan...
01:26:49.192 [main] DEBUG org.hibernate.loader.plan.exec.internal.LoadQueryJoinAndFetchProcessor - processing queryspace <gen:0>
01:26:49.192 [main] DEBUG org.hibernate.loader.plan.build.spi.LoadPlanTreePrinter - LoadPlan(entity=ngondi.ged.ga.infrastructure.model.DocumentEntity)
    - Returns
       - EntityReturnImpl(entity=ngondi.ged.ga.infrastructure.model.DocumentEntity, querySpaceUid=<gen:0>, path=ngondi.ged.ga.infrastructure.model.DocumentEntity)
    - QuerySpaces
       - EntityQuerySpaceImpl(uid=<gen:0>, entity=ngondi.ged.ga.infrastructure.model.DocumentEntity)
          - SQL table alias mapping - documenten0_
          - alias suffix - 0_
          - suffixed key columns - {id_docum1_0_0_}

01:26:49.192 [main] DEBUG org.hibernate.loader.entity.plan.EntityLoader - Static select for entity ngondi.ged.ga.infrastructure.model.DocumentEntity [OPTIMISTIC_FORCE_INCREMENT]: select documenten0_.id_document as id_docum1_0_0_, documenten0_.archive_format as archive_2_0_0_, documenten0_.date_save as date_sav3_0_0_, documenten0_.doc_bytes as doc_byte4_0_0_, documenten0_.document_name as document5_0_0_ from document documenten0_ where documenten0_.id_document=?
01:26:49.193 [main] DEBUG org.hibernate.loader.Loader - Static select for action ACTION_MERGE on entity ngondi.ged.ga.infrastructure.model.DocumentEntity: select documenten0_.id_document as id_docum1_0_0_, documenten0_.archive_format as archive_2_0_0_, documenten0_.date_save as date_sav3_0_0_, documenten0_.doc_bytes as doc_byte4_0_0_, documenten0_.document_name as document5_0_0_ from document documenten0_ where documenten0_.id_document=?
01:26:49.193 [main] DEBUG org.hibernate.loader.Loader - Static select for action ACTION_REFRESH on entity ngondi.ged.ga.infrastructure.model.DocumentEntity: select documenten0_.id_document as id_docum1_0_0_, documenten0_.archive_format as archive_2_0_0_, documenten0_.date_save as date_sav3_0_0_, documenten0_.doc_bytes as doc_byte4_0_0_, documenten0_.document_name as document5_0_0_ from document documenten0_ where documenten0_.id_document=?
01:26:49.193 [main] DEBUG org.hibernate.persister.entity.AbstractEntityPersister - Static SQL for entity: ngondi.ged.ga.infrastructure.model.StatistiqueFournisseurEntity
01:26:49.193 [main] DEBUG org.hibernate.persister.entity.AbstractEntityPersister -  Version select: select id_statistique from statistique where id_statistique =?
01:26:49.193 [main] DEBUG org.hibernate.persister.entity.AbstractEntityPersister -  Snapshot select: select statistiqu_.id_statistique, statistiqu_.qualite_conformite as qualite_2_3_, statistiqu_.reactivite_disponibilite as reactivi3_3_, statistiqu_.respect_des_delais as respect_4_3_ from statistique statistiqu_ where statistiqu_.id_statistique=?
01:26:49.193 [main] DEBUG org.hibernate.persister.entity.AbstractEntityPersister -  Insert 0: insert into statistique (qualite_conformite, reactivite_disponibilite, respect_des_delais, id_statistique) values (?, ?, ?, ?)
01:26:49.193 [main] DEBUG org.hibernate.persister.entity.AbstractEntityPersister -  Update 0: update statistique set qualite_conformite=?, reactivite_disponibilite=?, respect_des_delais=? where id_statistique=?
01:26:49.193 [main] DEBUG org.hibernate.persister.entity.AbstractEntityPersister -  Delete 0: delete from statistique where id_statistique=?
01:26:49.193 [main] DEBUG org.hibernate.loader.plan.build.internal.spaces.QuerySpacesImpl - Adding QuerySpace : uid = <gen:0> -> org.hibernate.loader.plan.build.internal.spaces.EntityQuerySpaceImpl@65753724]
01:26:49.193 [main] DEBUG org.hibernate.persister.walking.spi.MetamodelGraphWalker - Visiting attribute path : qualiteConformite
01:26:49.193 [main] DEBUG org.hibernate.persister.walking.spi.MetamodelGraphWalker - Visiting attribute path : reactiviteDisponibilite
01:26:49.193 [main] DEBUG org.hibernate.persister.walking.spi.MetamodelGraphWalker - Visiting attribute path : respectDesDelais
01:26:49.193 [main] DEBUG org.hibernate.loader.plan.build.internal.FetchStyleLoadPlanBuildingAssociationVisitationStrategy - Building LoadPlan...
01:26:49.193 [main] DEBUG org.hibernate.loader.plan.exec.internal.LoadQueryJoinAndFetchProcessor - processing queryspace <gen:0>
01:26:49.206 [main] DEBUG org.hibernate.loader.plan.build.spi.LoadPlanTreePrinter - LoadPlan(entity=ngondi.ged.ga.infrastructure.model.StatistiqueFournisseurEntity)
    - Returns
       - EntityReturnImpl(entity=ngondi.ged.ga.infrastructure.model.StatistiqueFournisseurEntity, querySpaceUid=<gen:0>, path=ngondi.ged.ga.infrastructure.model.StatistiqueFournisseurEntity)
    - QuerySpaces
       - EntityQuerySpaceImpl(uid=<gen:0>, entity=ngondi.ged.ga.infrastructure.model.StatistiqueFournisseurEntity)
          - SQL table alias mapping - statistiqu0_
          - alias suffix - 0_
          - suffixed key columns - {id_stati1_3_0_}

01:26:49.206 [main] DEBUG org.hibernate.loader.entity.plan.EntityLoader - Static select for entity ngondi.ged.ga.infrastructure.model.StatistiqueFournisseurEntity [NONE]: select statistiqu0_.id_statistique as id_stati1_3_0_, statistiqu0_.qualite_conformite as qualite_2_3_0_, statistiqu0_.reactivite_disponibilite as reactivi3_3_0_, statistiqu0_.respect_des_delais as respect_4_3_0_ from statistique statistiqu0_ where statistiqu0_.id_statistique=?
01:26:49.206 [main] DEBUG org.hibernate.loader.plan.build.internal.spaces.QuerySpacesImpl - Adding QuerySpace : uid = <gen:0> -> org.hibernate.loader.plan.build.internal.spaces.EntityQuerySpaceImpl@d66502]
01:26:49.207 [main] DEBUG org.hibernate.persister.walking.spi.MetamodelGraphWalker - Visiting attribute path : qualiteConformite
01:26:49.207 [main] DEBUG org.hibernate.persister.walking.spi.MetamodelGraphWalker - Visiting attribute path : reactiviteDisponibilite
01:26:49.207 [main] DEBUG org.hibernate.persister.walking.spi.MetamodelGraphWalker - Visiting attribute path : respectDesDelais
01:26:49.207 [main] DEBUG org.hibernate.loader.plan.build.internal.FetchStyleLoadPlanBuildingAssociationVisitationStrategy - Building LoadPlan...
01:26:49.207 [main] DEBUG org.hibernate.loader.plan.exec.internal.LoadQueryJoinAndFetchProcessor - processing queryspace <gen:0>
01:26:49.208 [main] DEBUG org.hibernate.loader.plan.build.spi.LoadPlanTreePrinter - LoadPlan(entity=ngondi.ged.ga.infrastructure.model.StatistiqueFournisseurEntity)
    - Returns
       - EntityReturnImpl(entity=ngondi.ged.ga.infrastructure.model.StatistiqueFournisseurEntity, querySpaceUid=<gen:0>, path=ngondi.ged.ga.infrastructure.model.StatistiqueFournisseurEntity)
    - QuerySpaces
       - EntityQuerySpaceImpl(uid=<gen:0>, entity=ngondi.ged.ga.infrastructure.model.StatistiqueFournisseurEntity)
          - SQL table alias mapping - statistiqu0_
          - alias suffix - 0_
          - suffixed key columns - {id_stati1_3_0_}

01:26:49.208 [main] DEBUG org.hibernate.loader.entity.plan.EntityLoader - Static select for entity ngondi.ged.ga.infrastructure.model.StatistiqueFournisseurEntity [READ]: select statistiqu0_.id_statistique as id_stati1_3_0_, statistiqu0_.qualite_conformite as qualite_2_3_0_, statistiqu0_.reactivite_disponibilite as reactivi3_3_0_, statistiqu0_.respect_des_delais as respect_4_3_0_ from statistique statistiqu0_ where statistiqu0_.id_statistique=?
01:26:49.208 [main] DEBUG org.hibernate.loader.plan.build.internal.spaces.QuerySpacesImpl - Adding QuerySpace : uid = <gen:0> -> org.hibernate.loader.plan.build.internal.spaces.EntityQuerySpaceImpl@34549979]
01:26:49.209 [main] DEBUG org.hibernate.persister.walking.spi.MetamodelGraphWalker - Visiting attribute path : qualiteConformite
01:26:49.209 [main] DEBUG org.hibernate.persister.walking.spi.MetamodelGraphWalker - Visiting attribute path : reactiviteDisponibilite
01:26:49.209 [main] DEBUG org.hibernate.persister.walking.spi.MetamodelGraphWalker - Visiting attribute path : respectDesDelais
01:26:49.209 [main] DEBUG org.hibernate.loader.plan.build.internal.FetchStyleLoadPlanBuildingAssociationVisitationStrategy - Building LoadPlan...
01:26:49.209 [main] DEBUG org.hibernate.loader.plan.exec.internal.LoadQueryJoinAndFetchProcessor - processing queryspace <gen:0>
01:26:49.210 [main] DEBUG org.hibernate.loader.plan.build.spi.LoadPlanTreePrinter - LoadPlan(entity=ngondi.ged.ga.infrastructure.model.StatistiqueFournisseurEntity)
    - Returns
       - EntityReturnImpl(entity=ngondi.ged.ga.infrastructure.model.StatistiqueFournisseurEntity, querySpaceUid=<gen:0>, path=ngondi.ged.ga.infrastructure.model.StatistiqueFournisseurEntity)
    - QuerySpaces
       - EntityQuerySpaceImpl(uid=<gen:0>, entity=ngondi.ged.ga.infrastructure.model.StatistiqueFournisseurEntity)
          - SQL table alias mapping - statistiqu0_
          - alias suffix - 0_
          - suffixed key columns - {id_stati1_3_0_}

01:26:49.210 [main] DEBUG org.hibernate.loader.entity.plan.EntityLoader - Static select for entity ngondi.ged.ga.infrastructure.model.StatistiqueFournisseurEntity [UPGRADE]: select statistiqu0_.id_statistique as id_stati1_3_0_, statistiqu0_.qualite_conformite as qualite_2_3_0_, statistiqu0_.reactivite_disponibilite as reactivi3_3_0_, statistiqu0_.respect_des_delais as respect_4_3_0_ from statistique statistiqu0_ where statistiqu0_.id_statistique=? for update
01:26:49.211 [main] DEBUG org.hibernate.loader.plan.build.internal.spaces.QuerySpacesImpl - Adding QuerySpace : uid = <gen:0> -> org.hibernate.loader.plan.build.internal.spaces.EntityQuerySpaceImpl@2707c790]
01:26:49.211 [main] DEBUG org.hibernate.persister.walking.spi.MetamodelGraphWalker - Visiting attribute path : qualiteConformite
01:26:49.211 [main] DEBUG org.hibernate.persister.walking.spi.MetamodelGraphWalker - Visiting attribute path : reactiviteDisponibilite
01:26:49.211 [main] DEBUG org.hibernate.persister.walking.spi.MetamodelGraphWalker - Visiting attribute path : respectDesDelais
01:26:49.212 [main] DEBUG org.hibernate.loader.plan.build.internal.FetchStyleLoadPlanBuildingAssociationVisitationStrategy - Building LoadPlan...
01:26:49.212 [main] DEBUG org.hibernate.loader.plan.exec.internal.LoadQueryJoinAndFetchProcessor - processing queryspace <gen:0>
01:26:49.213 [main] DEBUG org.hibernate.loader.plan.build.spi.LoadPlanTreePrinter - LoadPlan(entity=ngondi.ged.ga.infrastructure.model.StatistiqueFournisseurEntity)
    - Returns
       - EntityReturnImpl(entity=ngondi.ged.ga.infrastructure.model.StatistiqueFournisseurEntity, querySpaceUid=<gen:0>, path=ngondi.ged.ga.infrastructure.model.StatistiqueFournisseurEntity)
    - QuerySpaces
       - EntityQuerySpaceImpl(uid=<gen:0>, entity=ngondi.ged.ga.infrastructure.model.StatistiqueFournisseurEntity)
          - SQL table alias mapping - statistiqu0_
          - alias suffix - 0_
          - suffixed key columns - {id_stati1_3_0_}

01:26:49.213 [main] DEBUG org.hibernate.loader.entity.plan.EntityLoader - Static select for entity ngondi.ged.ga.infrastructure.model.StatistiqueFournisseurEntity [UPGRADE_NOWAIT]: select statistiqu0_.id_statistique as id_stati1_3_0_, statistiqu0_.qualite_conformite as qualite_2_3_0_, statistiqu0_.reactivite_disponibilite as reactivi3_3_0_, statistiqu0_.respect_des_delais as respect_4_3_0_ from statistique statistiqu0_ where statistiqu0_.id_statistique=? for update
01:26:49.213 [main] DEBUG org.hibernate.loader.plan.build.internal.spaces.QuerySpacesImpl - Adding QuerySpace : uid = <gen:0> -> org.hibernate.loader.plan.build.internal.spaces.EntityQuerySpaceImpl@6dece1f9]
01:26:49.214 [main] DEBUG org.hibernate.persister.walking.spi.MetamodelGraphWalker - Visiting attribute path : qualiteConformite
01:26:49.214 [main] DEBUG org.hibernate.persister.walking.spi.MetamodelGraphWalker - Visiting attribute path : reactiviteDisponibilite
01:26:49.214 [main] DEBUG org.hibernate.persister.walking.spi.MetamodelGraphWalker - Visiting attribute path : respectDesDelais
01:26:49.215 [main] DEBUG org.hibernate.loader.plan.build.internal.FetchStyleLoadPlanBuildingAssociationVisitationStrategy - Building LoadPlan...
01:26:49.215 [main] DEBUG org.hibernate.loader.plan.exec.internal.LoadQueryJoinAndFetchProcessor - processing queryspace <gen:0>
01:26:49.216 [main] DEBUG org.hibernate.loader.plan.build.spi.LoadPlanTreePrinter - LoadPlan(entity=ngondi.ged.ga.infrastructure.model.StatistiqueFournisseurEntity)
    - Returns
       - EntityReturnImpl(entity=ngondi.ged.ga.infrastructure.model.StatistiqueFournisseurEntity, querySpaceUid=<gen:0>, path=ngondi.ged.ga.infrastructure.model.StatistiqueFournisseurEntity)
    - QuerySpaces
       - EntityQuerySpaceImpl(uid=<gen:0>, entity=ngondi.ged.ga.infrastructure.model.StatistiqueFournisseurEntity)
          - SQL table alias mapping - statistiqu0_
          - alias suffix - 0_
          - suffixed key columns - {id_stati1_3_0_}

01:26:49.217 [main] DEBUG org.hibernate.loader.entity.plan.EntityLoader - Static select for entity ngondi.ged.ga.infrastructure.model.StatistiqueFournisseurEntity [UPGRADE_SKIPLOCKED]: select statistiqu0_.id_statistique as id_stati1_3_0_, statistiqu0_.qualite_conformite as qualite_2_3_0_, statistiqu0_.reactivite_disponibilite as reactivi3_3_0_, statistiqu0_.respect_des_delais as respect_4_3_0_ from statistique statistiqu0_ where statistiqu0_.id_statistique=? for update
01:26:49.217 [main] DEBUG org.hibernate.loader.plan.build.internal.spaces.QuerySpacesImpl - Adding QuerySpace : uid = <gen:0> -> org.hibernate.loader.plan.build.internal.spaces.EntityQuerySpaceImpl@32b112a1]
01:26:49.217 [main] DEBUG org.hibernate.persister.walking.spi.MetamodelGraphWalker - Visiting attribute path : qualiteConformite
01:26:49.218 [main] DEBUG org.hibernate.persister.walking.spi.MetamodelGraphWalker - Visiting attribute path : reactiviteDisponibilite
01:26:49.218 [main] DEBUG org.hibernate.persister.walking.spi.MetamodelGraphWalker - Visiting attribute path : respectDesDelais
01:26:49.218 [main] DEBUG org.hibernate.loader.plan.build.internal.FetchStyleLoadPlanBuildingAssociationVisitationStrategy - Building LoadPlan...
01:26:49.218 [main] DEBUG org.hibernate.loader.plan.exec.internal.LoadQueryJoinAndFetchProcessor - processing queryspace <gen:0>
01:26:49.219 [main] DEBUG org.hibernate.loader.plan.build.spi.LoadPlanTreePrinter - LoadPlan(entity=ngondi.ged.ga.infrastructure.model.StatistiqueFournisseurEntity)
    - Returns
       - EntityReturnImpl(entity=ngondi.ged.ga.infrastructure.model.StatistiqueFournisseurEntity, querySpaceUid=<gen:0>, path=ngondi.ged.ga.infrastructure.model.StatistiqueFournisseurEntity)
    - QuerySpaces
       - EntityQuerySpaceImpl(uid=<gen:0>, entity=ngondi.ged.ga.infrastructure.model.StatistiqueFournisseurEntity)
          - SQL table alias mapping - statistiqu0_
          - alias suffix - 0_
          - suffixed key columns - {id_stati1_3_0_}

01:26:49.219 [main] DEBUG org.hibernate.loader.entity.plan.EntityLoader - Static select for entity ngondi.ged.ga.infrastructure.model.StatistiqueFournisseurEntity [FORCE]: select statistiqu0_.id_statistique as id_stati1_3_0_, statistiqu0_.qualite_conformite as qualite_2_3_0_, statistiqu0_.reactivite_disponibilite as reactivi3_3_0_, statistiqu0_.respect_des_delais as respect_4_3_0_ from statistique statistiqu0_ where statistiqu0_.id_statistique=? for update
01:26:49.219 [main] DEBUG org.hibernate.loader.plan.build.internal.spaces.QuerySpacesImpl - Adding QuerySpace : uid = <gen:0> -> org.hibernate.loader.plan.build.internal.spaces.EntityQuerySpaceImpl@5c5c7cc4]
01:26:49.221 [main] DEBUG org.hibernate.persister.walking.spi.MetamodelGraphWalker - Visiting attribute path : qualiteConformite
01:26:49.221 [main] DEBUG org.hibernate.persister.walking.spi.MetamodelGraphWalker - Visiting attribute path : reactiviteDisponibilite
01:26:49.221 [main] DEBUG org.hibernate.persister.walking.spi.MetamodelGraphWalker - Visiting attribute path : respectDesDelais
01:26:49.221 [main] DEBUG org.hibernate.loader.plan.build.internal.FetchStyleLoadPlanBuildingAssociationVisitationStrategy - Building LoadPlan...
01:26:49.221 [main] DEBUG org.hibernate.loader.plan.exec.internal.LoadQueryJoinAndFetchProcessor - processing queryspace <gen:0>
01:26:49.222 [main] DEBUG org.hibernate.loader.plan.build.spi.LoadPlanTreePrinter - LoadPlan(entity=ngondi.ged.ga.infrastructure.model.StatistiqueFournisseurEntity)
    - Returns
       - EntityReturnImpl(entity=ngondi.ged.ga.infrastructure.model.StatistiqueFournisseurEntity, querySpaceUid=<gen:0>, path=ngondi.ged.ga.infrastructure.model.StatistiqueFournisseurEntity)
    - QuerySpaces
       - EntityQuerySpaceImpl(uid=<gen:0>, entity=ngondi.ged.ga.infrastructure.model.StatistiqueFournisseurEntity)
          - SQL table alias mapping - statistiqu0_
          - alias suffix - 0_
          - suffixed key columns - {id_stati1_3_0_}

01:26:49.222 [main] DEBUG org.hibernate.loader.entity.plan.EntityLoader - Static select for entity ngondi.ged.ga.infrastructure.model.StatistiqueFournisseurEntity [PESSIMISTIC_READ]: select statistiqu0_.id_statistique as id_stati1_3_0_, statistiqu0_.qualite_conformite as qualite_2_3_0_, statistiqu0_.reactivite_disponibilite as reactivi3_3_0_, statistiqu0_.respect_des_delais as respect_4_3_0_ from statistique statistiqu0_ where statistiqu0_.id_statistique=? lock in share mode
01:26:49.222 [main] DEBUG org.hibernate.loader.plan.build.internal.spaces.QuerySpacesImpl - Adding QuerySpace : uid = <gen:0> -> org.hibernate.loader.plan.build.internal.spaces.EntityQuerySpaceImpl@56b9d43f]
01:26:49.222 [main] DEBUG org.hibernate.persister.walking.spi.MetamodelGraphWalker - Visiting attribute path : qualiteConformite
01:26:49.222 [main] DEBUG org.hibernate.persister.walking.spi.MetamodelGraphWalker - Visiting attribute path : reactiviteDisponibilite
01:26:49.222 [main] DEBUG org.hibernate.persister.walking.spi.MetamodelGraphWalker - Visiting attribute path : respectDesDelais
01:26:49.222 [main] DEBUG org.hibernate.loader.plan.build.internal.FetchStyleLoadPlanBuildingAssociationVisitationStrategy - Building LoadPlan...
01:26:49.223 [main] DEBUG org.hibernate.loader.plan.exec.internal.LoadQueryJoinAndFetchProcessor - processing queryspace <gen:0>
01:26:49.224 [main] DEBUG org.hibernate.loader.plan.build.spi.LoadPlanTreePrinter - LoadPlan(entity=ngondi.ged.ga.infrastructure.model.StatistiqueFournisseurEntity)
    - Returns
       - EntityReturnImpl(entity=ngondi.ged.ga.infrastructure.model.StatistiqueFournisseurEntity, querySpaceUid=<gen:0>, path=ngondi.ged.ga.infrastructure.model.StatistiqueFournisseurEntity)
    - QuerySpaces
       - EntityQuerySpaceImpl(uid=<gen:0>, entity=ngondi.ged.ga.infrastructure.model.StatistiqueFournisseurEntity)
          - SQL table alias mapping - statistiqu0_
          - alias suffix - 0_
          - suffixed key columns - {id_stati1_3_0_}

01:26:49.224 [main] DEBUG org.hibernate.loader.entity.plan.EntityLoader - Static select for entity ngondi.ged.ga.infrastructure.model.StatistiqueFournisseurEntity [PESSIMISTIC_WRITE]: select statistiqu0_.id_statistique as id_stati1_3_0_, statistiqu0_.qualite_conformite as qualite_2_3_0_, statistiqu0_.reactivite_disponibilite as reactivi3_3_0_, statistiqu0_.respect_des_delais as respect_4_3_0_ from statistique statistiqu0_ where statistiqu0_.id_statistique=? for update
01:26:49.224 [main] DEBUG org.hibernate.loader.plan.build.internal.spaces.QuerySpacesImpl - Adding QuerySpace : uid = <gen:0> -> org.hibernate.loader.plan.build.internal.spaces.EntityQuerySpaceImpl@1214d23c]
01:26:49.225 [main] DEBUG org.hibernate.persister.walking.spi.MetamodelGraphWalker - Visiting attribute path : qualiteConformite
01:26:49.226 [main] DEBUG org.hibernate.persister.walking.spi.MetamodelGraphWalker - Visiting attribute path : reactiviteDisponibilite
01:26:49.226 [main] DEBUG org.hibernate.persister.walking.spi.MetamodelGraphWalker - Visiting attribute path : respectDesDelais
01:26:49.226 [main] DEBUG org.hibernate.loader.plan.build.internal.FetchStyleLoadPlanBuildingAssociationVisitationStrategy - Building LoadPlan...
01:26:49.226 [main] DEBUG org.hibernate.loader.plan.exec.internal.LoadQueryJoinAndFetchProcessor - processing queryspace <gen:0>
01:26:49.226 [main] DEBUG org.hibernate.loader.plan.build.spi.LoadPlanTreePrinter - LoadPlan(entity=ngondi.ged.ga.infrastructure.model.StatistiqueFournisseurEntity)
    - Returns
       - EntityReturnImpl(entity=ngondi.ged.ga.infrastructure.model.StatistiqueFournisseurEntity, querySpaceUid=<gen:0>, path=ngondi.ged.ga.infrastructure.model.StatistiqueFournisseurEntity)
    - QuerySpaces
       - EntityQuerySpaceImpl(uid=<gen:0>, entity=ngondi.ged.ga.infrastructure.model.StatistiqueFournisseurEntity)
          - SQL table alias mapping - statistiqu0_
          - alias suffix - 0_
          - suffixed key columns - {id_stati1_3_0_}

01:26:49.227 [main] DEBUG org.hibernate.loader.entity.plan.EntityLoader - Static select for entity ngondi.ged.ga.infrastructure.model.StatistiqueFournisseurEntity [PESSIMISTIC_FORCE_INCREMENT]: select statistiqu0_.id_statistique as id_stati1_3_0_, statistiqu0_.qualite_conformite as qualite_2_3_0_, statistiqu0_.reactivite_disponibilite as reactivi3_3_0_, statistiqu0_.respect_des_delais as respect_4_3_0_ from statistique statistiqu0_ where statistiqu0_.id_statistique=? for update
01:26:49.227 [main] DEBUG org.hibernate.loader.plan.build.internal.spaces.QuerySpacesImpl - Adding QuerySpace : uid = <gen:0> -> org.hibernate.loader.plan.build.internal.spaces.EntityQuerySpaceImpl@595814a1]
01:26:49.227 [main] DEBUG org.hibernate.persister.walking.spi.MetamodelGraphWalker - Visiting attribute path : qualiteConformite
01:26:49.227 [main] DEBUG org.hibernate.persister.walking.spi.MetamodelGraphWalker - Visiting attribute path : reactiviteDisponibilite
01:26:49.227 [main] DEBUG org.hibernate.persister.walking.spi.MetamodelGraphWalker - Visiting attribute path : respectDesDelais
01:26:49.227 [main] DEBUG org.hibernate.loader.plan.build.internal.FetchStyleLoadPlanBuildingAssociationVisitationStrategy - Building LoadPlan...
01:26:49.227 [main] DEBUG org.hibernate.loader.plan.exec.internal.LoadQueryJoinAndFetchProcessor - processing queryspace <gen:0>
01:26:49.227 [main] DEBUG org.hibernate.loader.plan.build.spi.LoadPlanTreePrinter - LoadPlan(entity=ngondi.ged.ga.infrastructure.model.StatistiqueFournisseurEntity)
    - Returns
       - EntityReturnImpl(entity=ngondi.ged.ga.infrastructure.model.StatistiqueFournisseurEntity, querySpaceUid=<gen:0>, path=ngondi.ged.ga.infrastructure.model.StatistiqueFournisseurEntity)
    - QuerySpaces
       - EntityQuerySpaceImpl(uid=<gen:0>, entity=ngondi.ged.ga.infrastructure.model.StatistiqueFournisseurEntity)
          - SQL table alias mapping - statistiqu0_
          - alias suffix - 0_
          - suffixed key columns - {id_stati1_3_0_}

01:26:49.227 [main] DEBUG org.hibernate.loader.entity.plan.EntityLoader - Static select for entity ngondi.ged.ga.infrastructure.model.StatistiqueFournisseurEntity [OPTIMISTIC]: select statistiqu0_.id_statistique as id_stati1_3_0_, statistiqu0_.qualite_conformite as qualite_2_3_0_, statistiqu0_.reactivite_disponibilite as reactivi3_3_0_, statistiqu0_.respect_des_delais as respect_4_3_0_ from statistique statistiqu0_ where statistiqu0_.id_statistique=?
01:26:49.227 [main] DEBUG org.hibernate.loader.plan.build.internal.spaces.QuerySpacesImpl - Adding QuerySpace : uid = <gen:0> -> org.hibernate.loader.plan.build.internal.spaces.EntityQuerySpaceImpl@49d42faf]
01:26:49.227 [main] DEBUG org.hibernate.persister.walking.spi.MetamodelGraphWalker - Visiting attribute path : qualiteConformite
01:26:49.227 [main] DEBUG org.hibernate.persister.walking.spi.MetamodelGraphWalker - Visiting attribute path : reactiviteDisponibilite
01:26:49.227 [main] DEBUG org.hibernate.persister.walking.spi.MetamodelGraphWalker - Visiting attribute path : respectDesDelais
01:26:49.227 [main] DEBUG org.hibernate.loader.plan.build.internal.FetchStyleLoadPlanBuildingAssociationVisitationStrategy - Building LoadPlan...
01:26:49.227 [main] DEBUG org.hibernate.loader.plan.exec.internal.LoadQueryJoinAndFetchProcessor - processing queryspace <gen:0>
01:26:49.227 [main] DEBUG org.hibernate.loader.plan.build.spi.LoadPlanTreePrinter - LoadPlan(entity=ngondi.ged.ga.infrastructure.model.StatistiqueFournisseurEntity)
    - Returns
       - EntityReturnImpl(entity=ngondi.ged.ga.infrastructure.model.StatistiqueFournisseurEntity, querySpaceUid=<gen:0>, path=ngondi.ged.ga.infrastructure.model.StatistiqueFournisseurEntity)
    - QuerySpaces
       - EntityQuerySpaceImpl(uid=<gen:0>, entity=ngondi.ged.ga.infrastructure.model.StatistiqueFournisseurEntity)
          - SQL table alias mapping - statistiqu0_
          - alias suffix - 0_
          - suffixed key columns - {id_stati1_3_0_}

01:26:49.227 [main] DEBUG org.hibernate.loader.entity.plan.EntityLoader - Static select for entity ngondi.ged.ga.infrastructure.model.StatistiqueFournisseurEntity [OPTIMISTIC_FORCE_INCREMENT]: select statistiqu0_.id_statistique as id_stati1_3_0_, statistiqu0_.qualite_conformite as qualite_2_3_0_, statistiqu0_.reactivite_disponibilite as reactivi3_3_0_, statistiqu0_.respect_des_delais as respect_4_3_0_ from statistique statistiqu0_ where statistiqu0_.id_statistique=?
01:26:49.228 [main] DEBUG org.hibernate.loader.Loader - Static select for action ACTION_MERGE on entity ngondi.ged.ga.infrastructure.model.StatistiqueFournisseurEntity: select statistiqu0_.id_statistique as id_stati1_3_0_, statistiqu0_.qualite_conformite as qualite_2_3_0_, statistiqu0_.reactivite_disponibilite as reactivi3_3_0_, statistiqu0_.respect_des_delais as respect_4_3_0_ from statistique statistiqu0_ where statistiqu0_.id_statistique=?
01:26:49.228 [main] DEBUG org.hibernate.loader.Loader - Static select for action ACTION_REFRESH on entity ngondi.ged.ga.infrastructure.model.StatistiqueFournisseurEntity: select statistiqu0_.id_statistique as id_stati1_3_0_, statistiqu0_.qualite_conformite as qualite_2_3_0_, statistiqu0_.reactivite_disponibilite as reactivi3_3_0_, statistiqu0_.respect_des_delais as respect_4_3_0_ from statistique statistiqu0_ where statistiqu0_.id_statistique=?
01:26:49.228 [main] DEBUG org.hibernate.loader.plan.build.internal.spaces.QuerySpacesImpl - Adding QuerySpace : uid = <gen:0> -> org.hibernate.loader.plan.build.internal.spaces.CollectionQuerySpaceImpl@502c2278]
01:26:49.228 [main] DEBUG org.hibernate.loader.plan.build.internal.FetchStyleLoadPlanBuildingAssociationVisitationStrategy - Building LoadPlan...
01:26:49.229 [main] DEBUG org.hibernate.loader.plan.exec.internal.LoadQueryJoinAndFetchProcessor - processing queryspace <gen:0>
01:26:49.229 [main] DEBUG org.hibernate.loader.plan.build.spi.LoadPlanTreePrinter - LoadPlan(collection=ngondi.ged.ga.infrastructure.model.FournisseurEntity.idDocument)
    - Returns
       - CollectionReturnImpl(collection=ngondi.ged.ga.infrastructure.model.FournisseurEntity.idDocument, querySpaceUid=<gen:0>, path=[ngondi.ged.ga.infrastructure.model.FournisseurEntity.idDocument])
    - QuerySpaces
       - CollectionQuerySpaceImpl(uid=<gen:0>, collection=ngondi.ged.ga.infrastructure.model.FournisseurEntity.idDocument)
          - SQL table alias mapping - iddocument0_
          - alias suffix - 0_
          - suffixed key columns - {id_fouro1_2_0_}

01:26:49.229 [main] DEBUG org.hibernate.loader.collection.plan.CollectionLoader - Static select for collection ngondi.ged.ga.infrastructure.model.FournisseurEntity.idDocument: select iddocument0_.id_fourournisseur as id_fouro1_2_0_, iddocument0_.id_document as id_docum2_2_0_ from fournisseur_document iddocument0_ where iddocument0_.id_fourournisseur=?
01:26:49.232 [HikariPool-2 connection adder] DEBUG com.zaxxer.hikari.pool.HikariPool - HikariPool-2 - Added connection com.mysql.jdbc.JDBC4Connection@63cea8ce
01:26:49.238 [HikariPool-2 connection adder] DEBUG com.zaxxer.hikari.pool.HikariPool - HikariPool-2 - Added connection com.mysql.jdbc.JDBC4Connection@4a914b0
01:26:49.242 [HikariPool-2 connection adder] DEBUG com.zaxxer.hikari.pool.HikariPool - HikariPool-2 - Added connection com.mysql.jdbc.JDBC4Connection@3637fa57
01:26:49.307 [HikariPool-2 connection adder] DEBUG com.zaxxer.hikari.pool.HikariPool - HikariPool-2 - Added connection com.mysql.jdbc.JDBC4Connection@7ad0c7a0
01:26:49.316 [HikariPool-2 connection adder] DEBUG com.zaxxer.hikari.pool.HikariPool - HikariPool-2 - Added connection com.mysql.jdbc.JDBC4Connection@d80c63d
01:26:49.323 [HikariPool-2 connection adder] DEBUG com.zaxxer.hikari.pool.HikariPool - HikariPool-2 - Added connection com.mysql.jdbc.JDBC4Connection@5571ac61
01:26:49.326 [HikariPool-2 connection adder] DEBUG com.zaxxer.hikari.pool.HikariPool - HikariPool-2 - Added connection com.mysql.jdbc.JDBC4Connection@2afe28ee
01:26:49.331 [HikariPool-2 connection adder] DEBUG com.zaxxer.hikari.pool.HikariPool - HikariPool-2 - Added connection com.mysql.jdbc.JDBC4Connection@e8ce732
01:26:49.331 [HikariPool-2 connection adder] DEBUG com.zaxxer.hikari.pool.HikariPool - HikariPool-2 - After adding stats (total=10, active=1, idle=9, waiting=0)
01:26:49.432 [main] DEBUG org.hibernate.mapping.Table - No alter strings for table : document
01:26:49.432 [main] DEBUG org.hibernate.mapping.Table - No alter strings for table : fournisseur
01:26:49.432 [main] DEBUG org.hibernate.mapping.Table - No alter strings for table : fournisseur_document
01:26:49.432 [main] DEBUG org.hibernate.mapping.Table - No alter strings for table : statistique
01:26:49.433 [main] DEBUG org.hibernate.SQL - alter table fournisseur add constraint FKacjnrd27mns106blbdi9h6sd foreign key (statistique_fournisseur_id_statistique) references statistique (id_statistique)
Hibernate: alter table fournisseur add constraint FKacjnrd27mns106blbdi9h6sd foreign key (statistique_fournisseur_id_statistique) references statistique (id_statistique)
01:26:49.458 [main] DEBUG org.hibernate.SQL - alter table fournisseur_document add constraint FKl8js7nl5yn45wure1bsalymup foreign key (id_fourournisseur) references fournisseur (id_fournisseur)
Hibernate: alter table fournisseur_document add constraint FKl8js7nl5yn45wure1bsalymup foreign key (id_fourournisseur) references fournisseur (id_fournisseur)
01:26:49.479 [main] DEBUG org.hibernate.query.spi.NamedQueryRepository - Checking 0 named HQL queries
01:26:49.479 [main] DEBUG org.hibernate.query.spi.NamedQueryRepository - Checking 0 named SQL queries
01:26:49.479 [main] DEBUG org.hibernate.internal.SessionFactoryRegistry - Registering SessionFactory: 90134686-71b4-4e0c-9234-ccaf94e31b29 (<unnamed>)
01:26:49.479 [main] DEBUG org.hibernate.internal.SessionFactoryRegistry - Not binding SessionFactory to JNDI, no JNDI name configured
01:26:49.479 [main] INFO org.springframework.orm.jpa.LocalContainerEntityManagerFactoryBean - Initialized JPA EntityManagerFactory for persistence unit 'default'
01:26:49.480 [main] DEBUG org.springframework.beans.factory.support.DefaultListableBeanFactory - Returning cached instance of singleton bean 'org.springframework.transaction.config.internalTransactionAdvisor'
01:26:49.480 [main] DEBUG org.springframework.beans.factory.support.DefaultListableBeanFactory - Returning cached instance of singleton bean 'org.springframework.transaction.config.internalTransactionAdvisor'
01:26:49.481 [main] DEBUG org.springframework.beans.factory.support.DefaultListableBeanFactory - Finished creating instance of bean 'entityManagerFactory'
01:26:49.482 [main] DEBUG org.springframework.beans.factory.support.DefaultListableBeanFactory - Pre-instantiating singletons in org.springframework.beans.factory.support.DefaultListableBeanFactory@4cb00fa5: defining beans [org.springframework.context.annotation.internalConfigurationAnnotationProcessor,org.springframework.context.annotation.internalAutowiredAnnotationProcessor,org.springframework.context.annotation.internalRequiredAnnotationProcessor,org.springframework.context.annotation.internalCommonAnnotationProcessor,org.springframework.context.annotation.internalPersistenceAnnotationProcessor,org.springframework.context.event.internalEventListenerProcessor,org.springframework.context.event.internalEventListenerFactory,fournisseurImplTest.conf,org.springframework.boot.test.mock.mockito.MockitoPostProcessor$SpyPostProcessor,org.springframework.boot.test.mock.mockito.MockitoPostProcessor,archivageImplTest.conf,ngondiInfrastructureApplication,persistenceConfiguration,archivageImpl,conf,fournisseurImpl,ngondiDomainApplication,org.springframework.boot.autoconfigure.domain.EntityScanPackages,org.springframework.boot.autoconfigure.AutoConfigurationPackages,transactionManager,exceptionTranslation,org.springframework.data.jpa.repository.config.JpaRepositoryConfigExtension#0,emBeanDefinitionRegistrarPostProcessor,jpaMappingContext,jpaContext,IArchivageDao,IFournisseurDao,org.springframework.boot.autoconfigure.context.PropertyPlaceholderAutoConfiguration,org.springframework.boot.autoconfigure.condition.BeanTypeRegistry,propertySourcesPlaceholderConfigurer,org.springframework.boot.autoconfigure.validation.ValidationAutoConfiguration,defaultValidator,methodValidationPostProcessor,org.springframework.boot.autoconfigure.aop.AopAutoConfiguration$CglibAutoProxyConfiguration,org.springframework.aop.config.internalAutoProxyCreator,org.springframework.boot.autoconfigure.aop.AopAutoConfiguration,org.springframework.boot.autoconfigure.context.ConfigurationPropertiesAutoConfiguration,org.springframework.boot.context.properties.ConfigurationPropertiesBindingPostProcessor,org.springframework.boot.context.properties.ConfigurationBeanFactoryMetadata,org.springframework.boot.autoconfigure.dao.PersistenceExceptionTranslationAutoConfiguration,org.springframework.boot.autoconfigure.transaction.jta.JtaAutoConfiguration,spring.jta-org.springframework.boot.autoconfigure.transaction.jta.JtaProperties,org.springframework.boot.autoconfigure.jdbc.DataSourceConfiguration$Hikari,dataSource,org.springframework.boot.autoconfigure.jdbc.DataSourceAutoConfiguration$PooledDataSourceConfiguration,org.springframework.boot.autoconfigure.jdbc.metadata.DataSourcePoolMetadataProvidersConfiguration$HikariPoolDataSourceMetadataProviderConfiguration,hikariPoolDataSourceMetadataProvider,org.springframework.boot.autoconfigure.jdbc.metadata.DataSourcePoolMetadataProvidersConfiguration,org.springframework.boot.autoconfigure.jdbc.DataSourceInitializerInvoker,org.springframework.boot.autoconfigure.jdbc.DataSourceInitializationConfiguration,dataSourceInitializerPostProcessor,org.springframework.boot.autoconfigure.jdbc.DataSourceAutoConfiguration,spring.datasource-org.springframework.boot.autoconfigure.jdbc.DataSourceProperties,org.springframework.boot.autoconfigure.orm.jpa.HibernateJpaConfiguration,jpaVendorAdapter,entityManagerFactoryBuilder,entityManagerFactory,spring.jpa-org.springframework.boot.autoconfigure.orm.jpa.JpaProperties,dataSourceInitializedPublisher,org.springframework.boot.autoconfigure.orm.jpa.HibernateJpaAutoConfiguration,org.springframework.boot.autoconfigure.jackson.JacksonAutoConfiguration$Jackson2ObjectMapperBuilderCustomizerConfiguration,standardJacksonObjectMapperBuilderCustomizer,spring.jackson-org.springframework.boot.autoconfigure.jackson.JacksonProperties,org.springframework.boot.autoconfigure.jackson.JacksonAutoConfiguration$JacksonObjectMapperBuilderConfiguration,jacksonObjectMapperBuilder,org.springframework.boot.autoconfigure.jackson.JacksonAutoConfiguration$ParameterNamesModuleConfiguration,parameterNamesModule,org.springframework.boot.autoconfigure.jackson.JacksonAutoConfiguration$JacksonObjectMapperConfiguration,jacksonObjectMapper,org.springframework.boot.autoconfigure.jackson.JacksonAutoConfiguration,jsonComponentModule,org.springframework.boot.autoconfigure.http.HttpMessageConvertersAutoConfiguration$StringHttpMessageConverterConfiguration,stringHttpMessageConverter,spring.http.encoding-org.springframework.boot.autoconfigure.http.HttpEncodingProperties,org.springframework.boot.autoconfigure.http.JacksonHttpMessageConvertersConfiguration$MappingJackson2HttpMessageConverterConfiguration,mappingJackson2HttpMessageConverter,org.springframework.boot.autoconfigure.http.JacksonHttpMessageConvertersConfiguration,org.springframework.boot.autoconfigure.http.HttpMessageConvertersAutoConfiguration,messageConverters,org.springframework.boot.autoconfigure.http.codec.CodecsAutoConfiguration$JacksonCodecConfiguration,jacksonCodecCustomizer,org.springframework.boot.autoconfigure.http.codec.CodecsAutoConfiguration,org.springframework.boot.autoconfigure.info.ProjectInfoAutoConfiguration,spring.info-org.springframework.boot.autoconfigure.info.ProjectInfoProperties,org.springframework.boot.autoconfigure.jdbc.JdbcTemplateAutoConfiguration$JdbcTemplateConfiguration,jdbcTemplate,org.springframework.boot.autoconfigure.jdbc.JdbcTemplateAutoConfiguration$NamedParameterJdbcTemplateConfiguration,namedParameterJdbcTemplate,org.springframework.boot.autoconfigure.jdbc.JdbcTemplateAutoConfiguration,spring.jdbc-org.springframework.boot.autoconfigure.jdbc.JdbcProperties,org.springframework.boot.autoconfigure.security.reactive.ReactiveSecurityAutoConfiguration,spring.security-org.springframework.boot.autoconfigure.security.SecurityProperties,org.springframework.boot.autoconfigure.jdbc.DataSourceTransactionManagerAutoConfiguration$DataSourceTransactionManagerConfiguration,org.springframework.boot.autoconfigure.jdbc.DataSourceTransactionManagerAutoConfiguration,org.springframework.transaction.annotation.ProxyTransactionManagementConfiguration,org.springframework.transaction.config.internalTransactionAdvisor,transactionAttributeSource,transactionInterceptor,org.springframework.transaction.config.internalTransactionalEventListenerFactory,org.springframework.boot.autoconfigure.transaction.TransactionAutoConfiguration$EnableTransactionManagementConfiguration$CglibAutoProxyConfiguration,org.springframework.boot.autoconfigure.transaction.TransactionAutoConfiguration$EnableTransactionManagementConfiguration,org.springframework.boot.autoconfigure.transaction.TransactionAutoConfiguration$TransactionTemplateConfiguration,transactionTemplate,org.springframework.boot.autoconfigure.transaction.TransactionAutoConfiguration,platformTransactionManagerCustomizers,spring.transaction-org.springframework.boot.autoconfigure.transaction.TransactionProperties,org.springframework.boot.autoconfigure.web.client.RestTemplateAutoConfiguration,restTemplateBuilder,org.springframework.boot.autoconfigure.web.embedded.EmbeddedWebServerFactoryCustomizerAutoConfiguration$TomcatWebServerFactoryCustomizerConfiguration,tomcatWebServerFactoryCustomizer,org.springframework.boot.autoconfigure.web.embedded.EmbeddedWebServerFactoryCustomizerAutoConfiguration,server-org.springframework.boot.autoconfigure.web.ServerProperties,org.springframework.boot.devtools.autoconfigure.DevToolsDataSourceAutoConfiguration$DatabaseShutdownExecutorJpaDependencyConfiguration,org.springframework.boot.devtools.autoconfigure.DevToolsDataSourceAutoConfiguration,inMemoryDatabaseShutdownExecutor,org.springframework.orm.jpa.SharedEntityManagerCreator#0]; root of factory hierarchy
01:26:49.482 [main] DEBUG org.springframework.beans.factory.support.DefaultListableBeanFactory - Returning cached instance of singleton bean 'org.springframework.context.annotation.internalConfigurationAnnotationProcessor'
01:26:49.482 [main] DEBUG org.springframework.beans.factory.support.DefaultListableBeanFactory - Returning cached instance of singleton bean 'org.springframework.context.annotation.internalAutowiredAnnotationProcessor'
01:26:49.482 [main] DEBUG org.springframework.beans.factory.support.DefaultListableBeanFactory - Returning cached instance of singleton bean 'org.springframework.context.annotation.internalRequiredAnnotationProcessor'
01:26:49.482 [main] DEBUG org.springframework.beans.factory.support.DefaultListableBeanFactory - Returning cached instance of singleton bean 'org.springframework.context.annotation.internalCommonAnnotationProcessor'
01:26:49.482 [main] DEBUG org.springframework.beans.factory.support.DefaultListableBeanFactory - Returning cached instance of singleton bean 'org.springframework.context.annotation.internalPersistenceAnnotationProcessor'
01:26:49.482 [main] DEBUG org.springframework.beans.factory.support.DefaultListableBeanFactory - Creating shared instance of singleton bean 'org.springframework.context.event.internalEventListenerProcessor'
01:26:49.482 [main] DEBUG org.springframework.beans.factory.support.DefaultListableBeanFactory - Creating instance of bean 'org.springframework.context.event.internalEventListenerProcessor'
01:26:49.482 [main] DEBUG org.springframework.beans.factory.support.DefaultListableBeanFactory - Returning cached instance of singleton bean 'org.springframework.transaction.config.internalTransactionAdvisor'
01:26:49.482 [main] DEBUG org.springframework.beans.factory.support.DefaultListableBeanFactory - Eagerly caching bean 'org.springframework.context.event.internalEventListenerProcessor' to allow for resolving potential circular references
01:26:49.482 [main] DEBUG org.springframework.beans.factory.support.DefaultListableBeanFactory - Returning cached instance of singleton bean 'org.springframework.transaction.config.internalTransactionAdvisor'
01:26:49.482 [main] DEBUG org.springframework.beans.factory.support.DefaultListableBeanFactory - Returning cached instance of singleton bean 'org.springframework.transaction.config.internalTransactionAdvisor'
01:26:49.482 [main] DEBUG org.springframework.beans.factory.support.DefaultListableBeanFactory - Finished creating instance of bean 'org.springframework.context.event.internalEventListenerProcessor'
01:26:49.482 [main] DEBUG org.springframework.beans.factory.support.DefaultListableBeanFactory - Creating shared instance of singleton bean 'org.springframework.context.event.internalEventListenerFactory'
01:26:49.482 [main] DEBUG org.springframework.beans.factory.support.DefaultListableBeanFactory - Creating instance of bean 'org.springframework.context.event.internalEventListenerFactory'
01:26:49.482 [main] DEBUG org.springframework.beans.factory.support.DefaultListableBeanFactory - Returning cached instance of singleton bean 'org.springframework.transaction.config.internalTransactionAdvisor'
01:26:49.482 [main] DEBUG org.springframework.beans.factory.support.DefaultListableBeanFactory - Eagerly caching bean 'org.springframework.context.event.internalEventListenerFactory' to allow for resolving potential circular references
01:26:49.482 [main] DEBUG org.springframework.beans.factory.support.DefaultListableBeanFactory - Returning cached instance of singleton bean 'org.springframework.transaction.config.internalTransactionAdvisor'
01:26:49.482 [main] DEBUG org.springframework.beans.factory.support.DefaultListableBeanFactory - Returning cached instance of singleton bean 'org.springframework.transaction.config.internalTransactionAdvisor'
01:26:49.482 [main] DEBUG org.springframework.beans.factory.support.DefaultListableBeanFactory - Finished creating instance of bean 'org.springframework.context.event.internalEventListenerFactory'
01:26:49.482 [main] DEBUG org.springframework.beans.factory.support.DefaultListableBeanFactory - Creating shared instance of singleton bean 'fournisseurImplTest.conf'
01:26:49.482 [main] DEBUG org.springframework.beans.factory.support.DefaultListableBeanFactory - Creating instance of bean 'fournisseurImplTest.conf'
01:26:49.483 [main] DEBUG org.springframework.beans.factory.support.DefaultListableBeanFactory - Returning cached instance of singleton bean 'org.springframework.transaction.config.internalTransactionAdvisor'
01:26:49.483 [main] DEBUG org.springframework.beans.factory.support.DefaultListableBeanFactory - Eagerly caching bean 'fournisseurImplTest.conf' to allow for resolving potential circular references
01:26:49.483 [main] DEBUG org.springframework.beans.factory.support.DefaultListableBeanFactory - Returning cached instance of singleton bean 'org.springframework.transaction.config.internalTransactionAdvisor'
01:26:49.483 [main] DEBUG org.springframework.beans.factory.support.DefaultListableBeanFactory - Returning cached instance of singleton bean 'org.springframework.transaction.config.internalTransactionAdvisor'
01:26:49.483 [main] DEBUG org.springframework.beans.factory.support.DefaultListableBeanFactory - Finished creating instance of bean 'fournisseurImplTest.conf'
01:26:49.483 [main] DEBUG org.springframework.beans.factory.support.DefaultListableBeanFactory - Returning cached instance of singleton bean 'org.springframework.boot.test.mock.mockito.MockitoPostProcessor$SpyPostProcessor'
01:26:49.483 [main] DEBUG org.springframework.beans.factory.support.DefaultListableBeanFactory - Returning cached instance of singleton bean 'org.springframework.boot.test.mock.mockito.MockitoPostProcessor'
01:26:49.483 [main] DEBUG org.springframework.beans.factory.support.DefaultListableBeanFactory - Creating shared instance of singleton bean 'archivageImplTest.conf'
01:26:49.483 [main] DEBUG org.springframework.beans.factory.support.DefaultListableBeanFactory - Creating instance of bean 'archivageImplTest.conf'
01:26:49.483 [main] DEBUG org.springframework.beans.factory.support.DefaultListableBeanFactory - Returning cached instance of singleton bean 'org.springframework.transaction.config.internalTransactionAdvisor'
01:26:49.483 [main] DEBUG org.springframework.beans.factory.support.DefaultListableBeanFactory - Eagerly caching bean 'archivageImplTest.conf' to allow for resolving potential circular references
01:26:49.484 [main] DEBUG org.springframework.beans.factory.support.DefaultListableBeanFactory - Returning cached instance of singleton bean 'org.springframework.transaction.config.internalTransactionAdvisor'
01:26:49.484 [main] DEBUG org.springframework.beans.factory.support.DefaultListableBeanFactory - Returning cached instance of singleton bean 'org.springframework.transaction.config.internalTransactionAdvisor'
01:26:49.484 [main] DEBUG org.springframework.beans.factory.support.DefaultListableBeanFactory - Finished creating instance of bean 'archivageImplTest.conf'
01:26:49.484 [main] DEBUG org.springframework.beans.factory.support.DefaultListableBeanFactory - Creating shared instance of singleton bean 'ngondiInfrastructureApplication'
01:26:49.484 [main] DEBUG org.springframework.beans.factory.support.DefaultListableBeanFactory - Creating instance of bean 'ngondiInfrastructureApplication'
01:26:49.484 [main] DEBUG org.springframework.beans.factory.support.DefaultListableBeanFactory - Returning cached instance of singleton bean 'org.springframework.transaction.config.internalTransactionAdvisor'
01:26:49.484 [main] DEBUG org.springframework.beans.factory.support.DefaultListableBeanFactory - Eagerly caching bean 'ngondiInfrastructureApplication' to allow for resolving potential circular references
01:26:49.484 [main] DEBUG org.springframework.beans.factory.support.DefaultListableBeanFactory - Returning cached instance of singleton bean 'org.springframework.transaction.config.internalTransactionAdvisor'
01:26:49.484 [main] DEBUG org.springframework.beans.factory.support.DefaultListableBeanFactory - Returning cached instance of singleton bean 'org.springframework.transaction.config.internalTransactionAdvisor'
01:26:49.485 [main] DEBUG org.springframework.beans.factory.support.DefaultListableBeanFactory - Finished creating instance of bean 'ngondiInfrastructureApplication'
01:26:49.485 [main] DEBUG org.springframework.beans.factory.support.DefaultListableBeanFactory - Creating shared instance of singleton bean 'archivageImpl'
01:26:49.485 [main] DEBUG org.springframework.beans.factory.support.DefaultListableBeanFactory - Creating instance of bean 'archivageImpl'
01:26:49.485 [main] DEBUG org.springframework.beans.factory.support.DefaultListableBeanFactory - Returning cached instance of singleton bean 'org.springframework.transaction.config.internalTransactionAdvisor'
01:26:49.485 [main] DEBUG org.springframework.beans.factory.annotation.InjectionMetadata - Registered injected element on class [ngondi.ged.ga.infrastructure.service.ArchivageImpl]: AutowiredFieldElement for private transient ngondi.ged.ga.infrastructure.service.IArchivageDao ngondi.ged.ga.infrastructure.service.ArchivageImpl.iArchivageDao
01:26:49.485 [main] DEBUG org.springframework.beans.factory.annotation.InjectionMetadata - Registered injected element on class [ngondi.ged.ga.infrastructure.service.ArchivageImpl]: AutowiredFieldElement for private transient ngondi.ged.ga.infrastructure.service.Conf ngondi.ged.ga.infrastructure.service.ArchivageImpl.conf
01:26:49.485 [main] DEBUG org.springframework.beans.factory.support.DefaultListableBeanFactory - Eagerly caching bean 'archivageImpl' to allow for resolving potential circular references
01:26:49.485 [main] DEBUG org.springframework.beans.factory.annotation.InjectionMetadata - Processing injected element of bean 'archivageImpl': AutowiredFieldElement for private transient ngondi.ged.ga.infrastructure.service.IArchivageDao ngondi.ged.ga.infrastructure.service.ArchivageImpl.iArchivageDao
01:26:49.488 [main] DEBUG org.springframework.beans.factory.support.DefaultListableBeanFactory - Creating shared instance of singleton bean 'IArchivageDao'
01:26:49.488 [main] DEBUG org.springframework.beans.factory.support.DefaultListableBeanFactory - Creating instance of bean 'IArchivageDao'
01:26:49.488 [main] DEBUG org.springframework.beans.factory.support.DefaultListableBeanFactory - Returning cached instance of singleton bean 'org.springframework.transaction.config.internalTransactionAdvisor'
01:26:49.489 [main] DEBUG org.springframework.beans.factory.annotation.InjectionMetadata - Registered injected element on class [org.springframework.data.jpa.repository.support.JpaRepositoryFactoryBean]: PersistenceElement for public void org.springframework.data.jpa.repository.support.JpaRepositoryFactoryBean.setEntityManager(javax.persistence.EntityManager)
01:26:49.489 [main] DEBUG org.springframework.beans.factory.support.DefaultListableBeanFactory - Eagerly caching bean 'IArchivageDao' to allow for resolving potential circular references
01:26:49.492 [main] DEBUG org.springframework.beans.factory.annotation.InjectionMetadata - Processing injected element of bean 'IArchivageDao': PersistenceElement for public void org.springframework.data.jpa.repository.support.JpaRepositoryFactoryBean.setEntityManager(javax.persistence.EntityManager)
01:26:49.492 [main] DEBUG org.springframework.beans.factory.support.DefaultListableBeanFactory - Creating instance of bean '(inner bean)#58aa5c94'
01:26:49.492 [main] DEBUG org.springframework.beans.factory.support.DefaultListableBeanFactory - Returning cached instance of singleton bean 'org.springframework.transaction.config.internalTransactionAdvisor'
01:26:49.493 [main] DEBUG org.springframework.beans.factory.support.DefaultListableBeanFactory - Creating instance of bean '(inner bean)#5d27b4c1'
01:26:49.493 [main] DEBUG org.springframework.beans.factory.support.DefaultListableBeanFactory - Returning cached instance of singleton bean 'org.springframework.transaction.config.internalTransactionAdvisor'
01:26:49.494 [main] DEBUG org.springframework.core.io.support.PathMatchingResourcePatternResolver - Resolved classpath location [META-INF/jpa-named-queries.properties] to resources []
01:26:49.494 [main] DEBUG org.springframework.beans.factory.support.DefaultListableBeanFactory - Invoking afterPropertiesSet() on bean with name '(inner bean)#5d27b4c1'
01:26:49.494 [main] DEBUG org.springframework.beans.factory.support.DefaultListableBeanFactory - Returning cached instance of singleton bean 'org.springframework.transaction.config.internalTransactionAdvisor'
01:26:49.494 [main] DEBUG org.springframework.beans.factory.support.DefaultListableBeanFactory - Returning cached instance of singleton bean 'org.springframework.transaction.config.internalTransactionAdvisor'
01:26:49.495 [main] DEBUG org.springframework.beans.factory.support.DefaultListableBeanFactory - Finished creating instance of bean '(inner bean)#5d27b4c1'
01:26:49.495 [main] DEBUG org.springframework.beans.factory.support.DefaultListableBeanFactory - Returning cached instance of singleton bean 'org.springframework.transaction.config.internalTransactionAdvisor'
01:26:49.495 [main] DEBUG org.springframework.beans.factory.support.DefaultListableBeanFactory - Returning cached instance of singleton bean 'org.springframework.transaction.config.internalTransactionAdvisor'
01:26:49.497 [main] DEBUG org.springframework.beans.factory.support.DefaultListableBeanFactory - Returning cached instance of singleton bean 'org.springframework.transaction.config.internalTransactionAdvisor'
01:26:49.497 [main] DEBUG org.springframework.beans.factory.support.DefaultListableBeanFactory - Returning cached instance of singleton bean 'org.springframework.transaction.config.internalTransactionAdvisor'
01:26:49.497 [main] DEBUG org.springframework.beans.factory.support.DefaultListableBeanFactory - Finished creating instance of bean '(inner bean)#58aa5c94'
01:26:49.497 [main] DEBUG org.springframework.beans.factory.support.DefaultListableBeanFactory - Creating instance of bean '(inner bean)#473847fb'
01:26:49.497 [main] DEBUG org.springframework.beans.factory.support.DefaultListableBeanFactory - Returning cached instance of singleton bean 'org.springframework.transaction.config.internalTransactionAdvisor'
01:26:49.498 [main] DEBUG org.springframework.beans.factory.support.DefaultListableBeanFactory - Invoking afterPropertiesSet() on bean with name '(inner bean)#473847fb'
01:26:49.498 [main] DEBUG org.springframework.beans.factory.support.DefaultListableBeanFactory - Returning cached instance of singleton bean 'org.springframework.transaction.config.internalTransactionAdvisor'
01:26:49.498 [main] DEBUG org.springframework.beans.factory.support.DefaultListableBeanFactory - Returning cached instance of singleton bean 'org.springframework.transaction.config.internalTransactionAdvisor'
01:26:49.499 [main] DEBUG org.springframework.beans.factory.support.DefaultListableBeanFactory - Finished creating instance of bean '(inner bean)#473847fb'
01:26:49.499 [main] DEBUG org.springframework.beans.factory.support.DefaultListableBeanFactory - Returning cached instance of singleton bean 'org.springframework.transaction.config.internalTransactionAdvisor'
01:26:49.499 [main] DEBUG org.springframework.beans.factory.support.DefaultListableBeanFactory - Returning cached instance of singleton bean 'org.springframework.transaction.config.internalTransactionAdvisor'
01:26:49.499 [main] DEBUG org.springframework.beans.factory.support.DefaultListableBeanFactory - Creating instance of bean '(inner bean)#1d6f77d7'
01:26:49.499 [main] DEBUG org.springframework.beans.factory.support.DefaultListableBeanFactory - Returning cached instance of singleton bean 'org.springframework.transaction.config.internalTransactionAdvisor'
01:26:49.500 [main] DEBUG org.springframework.beans.factory.support.DefaultListableBeanFactory - Returning cached instance of singleton bean 'org.springframework.transaction.config.internalTransactionAdvisor'
01:26:49.500 [main] DEBUG org.springframework.beans.factory.support.DefaultListableBeanFactory - Returning cached instance of singleton bean 'org.springframework.transaction.config.internalTransactionAdvisor'
01:26:49.501 [main] DEBUG org.springframework.beans.factory.support.DefaultListableBeanFactory - Finished creating instance of bean '(inner bean)#1d6f77d7'
01:26:49.501 [main] DEBUG org.springframework.beans.factory.support.DefaultListableBeanFactory - Creating instance of bean '(inner bean)#74b97416'
01:26:49.501 [main] DEBUG org.springframework.beans.factory.support.DefaultListableBeanFactory - Returning cached instance of singleton bean 'org.springframework.transaction.config.internalTransactionAdvisor'
01:26:49.501 [main] DEBUG org.springframework.beans.factory.support.DefaultListableBeanFactory - Returning cached instance of singleton bean 'entityManagerFactory'
01:26:49.501 [main] DEBUG org.springframework.beans.factory.support.DefaultListableBeanFactory - Returning cached instance of singleton bean 'org.springframework.transaction.config.internalTransactionAdvisor'
01:26:49.501 [main] DEBUG org.springframework.beans.factory.support.DefaultListableBeanFactory - Returning cached instance of singleton bean 'org.springframework.transaction.config.internalTransactionAdvisor'
01:26:49.501 [main] DEBUG org.springframework.beans.factory.support.DefaultListableBeanFactory - Returning cached instance of singleton bean 'org.springframework.boot.autoconfigure.jdbc.DataSourceInitializerInvoker'
01:26:49.501 [main] DEBUG org.springframework.core.io.support.PathMatchingResourcePatternResolver - Resolved classpath location [data-all.sql] to resources []
01:26:49.502 [main] DEBUG org.springframework.core.io.support.PathMatchingResourcePatternResolver - Resolved classpath location [data.sql] to resources []
01:26:49.505 [main] DEBUG org.springframework.beans.factory.support.DefaultListableBeanFactory - Returning cached instance of singleton bean 'org.springframework.transaction.config.internalTransactionAdvisor'
01:26:49.505 [main] DEBUG org.springframework.beans.factory.support.DefaultListableBeanFactory - Returning cached instance of singleton bean 'org.springframework.transaction.config.internalTransactionAdvisor'
01:26:49.506 [main] DEBUG org.springframework.beans.factory.support.DefaultListableBeanFactory - Finished creating instance of bean '(inner bean)#74b97416'
01:26:49.506 [main] DEBUG org.springframework.beans.factory.support.DefaultListableBeanFactory - Creating shared instance of singleton bean 'jpaMappingContext'
01:26:49.506 [main] DEBUG org.springframework.beans.factory.support.DefaultListableBeanFactory - Creating instance of bean 'jpaMappingContext'
01:26:49.506 [main] DEBUG org.springframework.beans.factory.support.DefaultListableBeanFactory - Returning cached instance of singleton bean 'org.springframework.transaction.config.internalTransactionAdvisor'
01:26:49.507 [main] DEBUG org.springframework.beans.factory.support.DefaultListableBeanFactory - Eagerly caching bean 'jpaMappingContext' to allow for resolving potential circular references
01:26:49.507 [main] DEBUG org.springframework.beans.factory.support.DefaultListableBeanFactory - Invoking afterPropertiesSet() on bean with name 'jpaMappingContext'
01:26:49.507 [main] DEBUG org.springframework.beans.factory.support.DefaultListableBeanFactory - Returning cached instance of singleton bean 'entityManagerFactory'
01:26:49.518 [main] DEBUG org.springframework.beans.factory.support.DefaultListableBeanFactory - Returning cached instance of singleton bean 'org.springframework.transaction.config.internalTransactionAdvisor'
01:26:49.518 [main] DEBUG org.springframework.beans.factory.support.DefaultListableBeanFactory - Returning cached instance of singleton bean 'org.springframework.transaction.config.internalTransactionAdvisor'
01:26:49.519 [main] DEBUG org.springframework.beans.factory.support.DefaultListableBeanFactory - Finished creating instance of bean 'jpaMappingContext'
01:26:49.519 [main] DEBUG org.springframework.beans.factory.support.DefaultListableBeanFactory - Returning cached instance of singleton bean 'org.springframework.transaction.config.internalTransactionAdvisor'
01:26:49.519 [main] DEBUG org.springframework.beans.factory.support.DefaultListableBeanFactory - Returning cached instance of singleton bean 'org.springframework.transaction.config.internalTransactionAdvisor'
01:26:49.521 [main] DEBUG org.springframework.beans.factory.support.DefaultListableBeanFactory - Invoking afterPropertiesSet() on bean with name 'IArchivageDao'
01:26:49.521 [main] DEBUG org.springframework.orm.jpa.SharedEntityManagerCreator$SharedEntityManagerInvocationHandler - Creating new EntityManager for shared EntityManager invocation
01:26:49.523 [main] DEBUG org.hibernate.stat.internal.StatisticsInitiator - Statistics initialized [enabled=false]
01:26:49.524 [main] DEBUG org.springframework.orm.jpa.EntityManagerFactoryUtils - Closing JPA EntityManager
01:26:49.525 [main] DEBUG org.springframework.orm.jpa.SharedEntityManagerCreator$SharedEntityManagerInvocationHandler - Creating new EntityManager for shared EntityManager invocation
01:26:49.525 [main] DEBUG org.springframework.orm.jpa.EntityManagerFactoryUtils - Closing JPA EntityManager
01:26:49.526 [main] DEBUG org.springframework.aop.framework.JdkDynamicAopProxy - Creating JDK dynamic proxy: target source is org.springframework.data.jpa.repository.support.CrudMethodMetadataPostProcessor$ThreadBoundTargetSource@52909a97
01:26:49.526 [main] DEBUG org.springframework.orm.jpa.SharedEntityManagerCreator$SharedEntityManagerInvocationHandler - Creating new EntityManager for shared EntityManager invocation
01:26:49.527 [main] DEBUG org.springframework.orm.jpa.EntityManagerFactoryUtils - Closing JPA EntityManager
01:26:49.528 [main] DEBUG org.springframework.data.jpa.repository.query.JpaQueryFactory - Looking up query for method findByIdDocument
01:26:49.528 [main] DEBUG org.springframework.data.jpa.repository.query.NamedQuery - Looking up named query DocumentEntity.findByIdDocument
01:26:49.528 [main] DEBUG org.springframework.data.jpa.repository.query.NamedQuery - Did not find named query DocumentEntity.findByIdDocument
01:26:49.529 [main] DEBUG org.springframework.orm.jpa.SharedEntityManagerCreator$SharedEntityManagerInvocationHandler - Creating new EntityManager for shared EntityManager invocation
01:26:49.529 [main] DEBUG org.springframework.orm.jpa.EntityManagerFactoryUtils - Closing JPA EntityManager
01:26:49.531 [main] DEBUG org.springframework.aop.framework.JdkDynamicAopProxy - Creating JDK dynamic proxy: target source is SingletonTargetSource for target object [org.springframework.data.jpa.repository.support.SimpleJpaRepository@6d001fbe]
01:26:49.531 [main] DEBUG org.springframework.beans.factory.support.DefaultListableBeanFactory - Returning cached instance of singleton bean 'org.springframework.transaction.config.internalTransactionAdvisor'
01:26:49.531 [main] DEBUG org.springframework.beans.factory.support.DefaultListableBeanFactory - Returning cached instance of singleton bean 'org.springframework.transaction.config.internalTransactionAdvisor'
01:26:49.532 [main] DEBUG org.springframework.beans.factory.support.DefaultListableBeanFactory - Finished creating instance of bean 'IArchivageDao'
01:26:49.532 [main] DEBUG org.springframework.beans.factory.support.DefaultListableBeanFactory - Returning cached instance of singleton bean 'org.springframework.transaction.config.internalTransactionAdvisor'
01:26:49.532 [main] DEBUG org.springframework.beans.factory.support.DefaultListableBeanFactory - Returning cached instance of singleton bean 'org.springframework.transaction.config.internalTransactionAdvisor'
01:26:49.532 [main] DEBUG org.springframework.beans.factory.annotation.AutowiredAnnotationBeanPostProcessor - Autowiring by type from bean name 'archivageImpl' to bean named 'IArchivageDao'
01:26:49.532 [main] DEBUG org.springframework.beans.factory.annotation.InjectionMetadata - Processing injected element of bean 'archivageImpl': AutowiredFieldElement for private transient ngondi.ged.ga.infrastructure.service.Conf ngondi.ged.ga.infrastructure.service.ArchivageImpl.conf
01:26:49.533 [main] DEBUG org.springframework.beans.factory.support.DefaultListableBeanFactory - Creating shared instance of singleton bean 'conf'
01:26:49.533 [main] DEBUG org.springframework.beans.factory.support.DefaultListableBeanFactory - Creating instance of bean 'conf'
01:26:49.533 [main] DEBUG org.springframework.beans.factory.support.DefaultListableBeanFactory - Returning cached instance of singleton bean 'org.springframework.transaction.config.internalTransactionAdvisor'
01:26:49.533 [main] DEBUG org.springframework.beans.factory.annotation.InjectionMetadata - Registered injected element on class [ngondi.ged.ga.infrastructure.service.Conf$$EnhancerBySpringCGLIB$$809db0da]: AutowiredFieldElement for private java.lang.String ngondi.ged.ga.infrastructure.service.Conf.codeMissingDoc
01:26:49.533 [main] DEBUG org.springframework.beans.factory.annotation.InjectionMetadata - Registered injected element on class [ngondi.ged.ga.infrastructure.service.Conf$$EnhancerBySpringCGLIB$$809db0da]: AutowiredFieldElement for private java.lang.String ngondi.ged.ga.infrastructure.service.Conf.messageMissingDoc
01:26:49.533 [main] DEBUG org.springframework.beans.factory.annotation.InjectionMetadata - Registered injected element on class [ngondi.ged.ga.infrastructure.service.Conf$$EnhancerBySpringCGLIB$$809db0da]: AutowiredFieldElement for private java.lang.String ngondi.ged.ga.infrastructure.service.Conf.codeMissingFournisseur
01:26:49.533 [main] DEBUG org.springframework.beans.factory.annotation.InjectionMetadata - Registered injected element on class [ngondi.ged.ga.infrastructure.service.Conf$$EnhancerBySpringCGLIB$$809db0da]: AutowiredFieldElement for private java.lang.String ngondi.ged.ga.infrastructure.service.Conf.messageMissingFournisseur
01:26:49.534 [main] DEBUG org.springframework.beans.factory.support.DefaultListableBeanFactory - Eagerly caching bean 'conf' to allow for resolving potential circular references
01:26:49.534 [main] DEBUG org.springframework.beans.factory.annotation.InjectionMetadata - Processing injected element of bean 'conf': AutowiredFieldElement for private java.lang.String ngondi.ged.ga.infrastructure.service.Conf.codeMissingDoc
01:26:49.534 [main] DEBUG org.springframework.core.env.PropertySourcesPropertyResolver - Found key 'CODE.ERROR.DOCUMENT' in PropertySource 'class path resource [application.properties]' with value of type String
01:26:49.534 [main] DEBUG org.springframework.core.env.PropertySourcesPropertyResolver - Found key 'CODE.ERROR.DOCUMENT' in PropertySource 'environmentProperties' with value of type String
01:26:49.534 [main] DEBUG org.springframework.beans.factory.annotation.InjectionMetadata - Processing injected element of bean 'conf': AutowiredFieldElement for private java.lang.String ngondi.ged.ga.infrastructure.service.Conf.messageMissingDoc
01:26:49.534 [main] DEBUG org.springframework.core.env.PropertySourcesPropertyResolver - Found key 'MESSAGE.ERROR.DOCUMENT' in PropertySource 'class path resource [application.properties]' with value of type String
01:26:49.534 [main] DEBUG org.springframework.core.env.PropertySourcesPropertyResolver - Found key 'MESSAGE.ERROR.DOCUMENT' in PropertySource 'environmentProperties' with value of type String
01:26:49.535 [main] DEBUG org.springframework.beans.factory.annotation.InjectionMetadata - Processing injected element of bean 'conf': AutowiredFieldElement for private java.lang.String ngondi.ged.ga.infrastructure.service.Conf.codeMissingFournisseur
01:26:49.535 [main] DEBUG org.springframework.core.env.PropertySourcesPropertyResolver - Found key 'CODE.ERROR.FOURNISSEUR' in PropertySource 'class path resource [application.properties]' with value of type String
01:26:49.535 [main] DEBUG org.springframework.core.env.PropertySourcesPropertyResolver - Found key 'CODE.ERROR.FOURNISSEUR' in PropertySource 'environmentProperties' with value of type String
01:26:49.535 [main] DEBUG org.springframework.beans.factory.annotation.InjectionMetadata - Processing injected element of bean 'conf': AutowiredFieldElement for private java.lang.String ngondi.ged.ga.infrastructure.service.Conf.messageMissingFournisseur
01:26:49.536 [main] DEBUG org.springframework.core.env.PropertySourcesPropertyResolver - Found key 'MESSAGE.ERROR.FOURNISSEUR' in PropertySource 'class path resource [application.properties]' with value of type String
01:26:49.536 [main] DEBUG org.springframework.core.env.PropertySourcesPropertyResolver - Found key 'MESSAGE.ERROR.FOURNISSEUR' in PropertySource 'environmentProperties' with value of type String
01:26:49.537 [main] DEBUG org.springframework.beans.factory.support.DefaultListableBeanFactory - Returning cached instance of singleton bean 'org.springframework.transaction.config.internalTransactionAdvisor'
01:26:49.537 [main] DEBUG org.springframework.beans.factory.support.DefaultListableBeanFactory - Returning cached instance of singleton bean 'org.springframework.transaction.config.internalTransactionAdvisor'
01:26:49.537 [main] DEBUG org.springframework.beans.factory.support.DefaultListableBeanFactory - Finished creating instance of bean 'conf'
01:26:49.537 [main] DEBUG org.springframework.beans.factory.annotation.AutowiredAnnotationBeanPostProcessor - Autowiring by type from bean name 'archivageImpl' to bean named 'conf'
01:26:49.537 [main] DEBUG org.springframework.beans.factory.support.DefaultListableBeanFactory - Returning cached instance of singleton bean 'org.springframework.transaction.config.internalTransactionAdvisor'
01:26:49.537 [main] DEBUG org.springframework.beans.factory.support.DefaultListableBeanFactory - Returning cached instance of singleton bean 'org.springframework.transaction.config.internalTransactionAdvisor'
01:26:49.538 [main] DEBUG org.springframework.beans.factory.support.DefaultListableBeanFactory - Finished creating instance of bean 'archivageImpl'
01:26:49.538 [main] DEBUG org.springframework.beans.factory.support.DefaultListableBeanFactory - Returning cached instance of singleton bean 'conf'
01:26:49.538 [main] DEBUG org.springframework.beans.factory.support.DefaultListableBeanFactory - Creating shared instance of singleton bean 'fournisseurImpl'
01:26:49.538 [main] DEBUG org.springframework.beans.factory.support.DefaultListableBeanFactory - Creating instance of bean 'fournisseurImpl'
01:26:49.538 [main] DEBUG org.springframework.beans.factory.support.DefaultListableBeanFactory - Returning cached instance of singleton bean 'org.springframework.transaction.config.internalTransactionAdvisor'
01:26:49.538 [main] DEBUG org.springframework.beans.factory.annotation.InjectionMetadata - Registered injected element on class [ngondi.ged.ga.infrastructure.service.FournisseurImpl]: AutowiredFieldElement for private transient ngondi.ged.ga.infrastructure.service.IFournisseurDao ngondi.ged.ga.infrastructure.service.FournisseurImpl.fournisseurDao
01:26:49.538 [main] DEBUG org.springframework.beans.factory.annotation.InjectionMetadata - Registered injected element on class [ngondi.ged.ga.infrastructure.service.FournisseurImpl]: AutowiredFieldElement for private transient ngondi.ged.ga.infrastructure.service.Conf ngondi.ged.ga.infrastructure.service.FournisseurImpl.conf
01:26:49.538 [main] DEBUG org.springframework.beans.factory.support.DefaultListableBeanFactory - Eagerly caching bean 'fournisseurImpl' to allow for resolving potential circular references
01:26:49.538 [main] DEBUG org.springframework.beans.factory.annotation.InjectionMetadata - Processing injected element of bean 'fournisseurImpl': AutowiredFieldElement for private transient ngondi.ged.ga.infrastructure.service.IFournisseurDao ngondi.ged.ga.infrastructure.service.FournisseurImpl.fournisseurDao
01:26:49.540 [main] DEBUG org.springframework.beans.factory.support.DefaultListableBeanFactory - Creating shared instance of singleton bean 'IFournisseurDao'
01:26:49.541 [main] DEBUG org.springframework.beans.factory.support.DefaultListableBeanFactory - Creating instance of bean 'IFournisseurDao'
01:26:49.541 [main] DEBUG org.springframework.beans.factory.support.DefaultListableBeanFactory - Returning cached instance of singleton bean 'org.springframework.transaction.config.internalTransactionAdvisor'
01:26:49.541 [main] DEBUG org.springframework.beans.factory.annotation.InjectionMetadata - Registered injected element on class [org.springframework.data.jpa.repository.support.JpaRepositoryFactoryBean]: PersistenceElement for public void org.springframework.data.jpa.repository.support.JpaRepositoryFactoryBean.setEntityManager(javax.persistence.EntityManager)
01:26:49.541 [main] DEBUG org.springframework.beans.factory.support.DefaultListableBeanFactory - Eagerly caching bean 'IFournisseurDao' to allow for resolving potential circular references
01:26:49.541 [main] DEBUG org.springframework.beans.factory.annotation.InjectionMetadata - Processing injected element of bean 'IFournisseurDao': PersistenceElement for public void org.springframework.data.jpa.repository.support.JpaRepositoryFactoryBean.setEntityManager(javax.persistence.EntityManager)
01:26:49.542 [main] DEBUG org.springframework.beans.factory.support.DefaultListableBeanFactory - Creating instance of bean '(inner bean)#a5e8260'
01:26:49.542 [main] DEBUG org.springframework.beans.factory.support.DefaultListableBeanFactory - Returning cached instance of singleton bean 'org.springframework.transaction.config.internalTransactionAdvisor'
01:26:49.542 [main] DEBUG org.springframework.beans.factory.support.DefaultListableBeanFactory - Creating instance of bean '(inner bean)#30c7be6f'
01:26:49.542 [main] DEBUG org.springframework.beans.factory.support.DefaultListableBeanFactory - Returning cached instance of singleton bean 'org.springframework.transaction.config.internalTransactionAdvisor'
01:26:49.543 [main] DEBUG org.springframework.core.io.support.PathMatchingResourcePatternResolver - Resolved classpath location [META-INF/jpa-named-queries.properties] to resources []
01:26:49.543 [main] DEBUG org.springframework.beans.factory.support.DefaultListableBeanFactory - Invoking afterPropertiesSet() on bean with name '(inner bean)#30c7be6f'
01:26:49.543 [main] DEBUG org.springframework.beans.factory.support.DefaultListableBeanFactory - Returning cached instance of singleton bean 'org.springframework.transaction.config.internalTransactionAdvisor'
01:26:49.543 [main] DEBUG org.springframework.beans.factory.support.DefaultListableBeanFactory - Returning cached instance of singleton bean 'org.springframework.transaction.config.internalTransactionAdvisor'
01:26:49.543 [main] DEBUG org.springframework.beans.factory.support.DefaultListableBeanFactory - Finished creating instance of bean '(inner bean)#30c7be6f'
01:26:49.543 [main] DEBUG org.springframework.beans.factory.support.DefaultListableBeanFactory - Returning cached instance of singleton bean 'org.springframework.transaction.config.internalTransactionAdvisor'
01:26:49.543 [main] DEBUG org.springframework.beans.factory.support.DefaultListableBeanFactory - Returning cached instance of singleton bean 'org.springframework.transaction.config.internalTransactionAdvisor'
01:26:49.544 [main] DEBUG org.springframework.beans.factory.support.DefaultListableBeanFactory - Returning cached instance of singleton bean 'org.springframework.transaction.config.internalTransactionAdvisor'
01:26:49.544 [main] DEBUG org.springframework.beans.factory.support.DefaultListableBeanFactory - Returning cached instance of singleton bean 'org.springframework.transaction.config.internalTransactionAdvisor'
01:26:49.544 [main] DEBUG org.springframework.beans.factory.support.DefaultListableBeanFactory - Finished creating instance of bean '(inner bean)#a5e8260'
01:26:49.544 [main] DEBUG org.springframework.beans.factory.support.DefaultListableBeanFactory - Creating instance of bean '(inner bean)#2905b568'
01:26:49.544 [main] DEBUG org.springframework.beans.factory.support.DefaultListableBeanFactory - Returning cached instance of singleton bean 'org.springframework.transaction.config.internalTransactionAdvisor'
01:26:49.545 [main] DEBUG org.springframework.beans.factory.support.DefaultListableBeanFactory - Invoking afterPropertiesSet() on bean with name '(inner bean)#2905b568'
01:26:49.545 [main] DEBUG org.springframework.beans.factory.support.DefaultListableBeanFactory - Returning cached instance of singleton bean 'org.springframework.transaction.config.internalTransactionAdvisor'
01:26:49.545 [main] DEBUG org.springframework.beans.factory.support.DefaultListableBeanFactory - Returning cached instance of singleton bean 'org.springframework.transaction.config.internalTransactionAdvisor'
01:26:49.545 [main] DEBUG org.springframework.beans.factory.support.DefaultListableBeanFactory - Finished creating instance of bean '(inner bean)#2905b568'
01:26:49.545 [main] DEBUG org.springframework.beans.factory.support.DefaultListableBeanFactory - Returning cached instance of singleton bean 'org.springframework.transaction.config.internalTransactionAdvisor'
01:26:49.545 [main] DEBUG org.springframework.beans.factory.support.DefaultListableBeanFactory - Returning cached instance of singleton bean 'org.springframework.transaction.config.internalTransactionAdvisor'
01:26:49.545 [main] DEBUG org.springframework.beans.factory.support.DefaultListableBeanFactory - Creating instance of bean '(inner bean)#5d08976a'
01:26:49.545 [main] DEBUG org.springframework.beans.factory.support.DefaultListableBeanFactory - Returning cached instance of singleton bean 'org.springframework.transaction.config.internalTransactionAdvisor'
01:26:49.545 [main] DEBUG org.springframework.beans.factory.support.DefaultListableBeanFactory - Returning cached instance of singleton bean 'org.springframework.transaction.config.internalTransactionAdvisor'
01:26:49.545 [main] DEBUG org.springframework.beans.factory.support.DefaultListableBeanFactory - Returning cached instance of singleton bean 'org.springframework.transaction.config.internalTransactionAdvisor'
01:26:49.546 [main] DEBUG org.springframework.beans.factory.support.DefaultListableBeanFactory - Finished creating instance of bean '(inner bean)#5d08976a'
01:26:49.546 [main] DEBUG org.springframework.beans.factory.support.DefaultListableBeanFactory - Creating instance of bean '(inner bean)#165d1d54'
01:26:49.546 [main] DEBUG org.springframework.beans.factory.support.DefaultListableBeanFactory - Returning cached instance of singleton bean 'org.springframework.transaction.config.internalTransactionAdvisor'
01:26:49.546 [main] DEBUG org.springframework.beans.factory.support.DefaultListableBeanFactory - Returning cached instance of singleton bean 'entityManagerFactory'
01:26:49.547 [main] DEBUG org.springframework.beans.factory.support.DefaultListableBeanFactory - Returning cached instance of singleton bean 'org.springframework.transaction.config.internalTransactionAdvisor'
01:26:49.547 [main] DEBUG org.springframework.beans.factory.support.DefaultListableBeanFactory - Returning cached instance of singleton bean 'org.springframework.transaction.config.internalTransactionAdvisor'
01:26:49.547 [main] DEBUG org.springframework.beans.factory.support.DefaultListableBeanFactory - Finished creating instance of bean '(inner bean)#165d1d54'
01:26:49.547 [main] DEBUG org.springframework.beans.factory.support.DefaultListableBeanFactory - Returning cached instance of singleton bean 'jpaMappingContext'
01:26:49.547 [main] DEBUG org.springframework.beans.factory.support.DefaultListableBeanFactory - Invoking afterPropertiesSet() on bean with name 'IFournisseurDao'
01:26:49.548 [main] DEBUG org.springframework.orm.jpa.SharedEntityManagerCreator$SharedEntityManagerInvocationHandler - Creating new EntityManager for shared EntityManager invocation
01:26:49.548 [main] DEBUG org.springframework.orm.jpa.EntityManagerFactoryUtils - Closing JPA EntityManager
01:26:49.550 [main] DEBUG org.springframework.orm.jpa.SharedEntityManagerCreator$SharedEntityManagerInvocationHandler - Creating new EntityManager for shared EntityManager invocation
01:26:49.550 [main] DEBUG org.springframework.orm.jpa.EntityManagerFactoryUtils - Closing JPA EntityManager
01:26:49.550 [main] DEBUG org.springframework.aop.framework.JdkDynamicAopProxy - Creating JDK dynamic proxy: target source is org.springframework.data.jpa.repository.support.CrudMethodMetadataPostProcessor$ThreadBoundTargetSource@1d1c37d5
01:26:49.551 [main] DEBUG org.springframework.orm.jpa.SharedEntityManagerCreator$SharedEntityManagerInvocationHandler - Creating new EntityManager for shared EntityManager invocation
01:26:49.551 [main] DEBUG org.springframework.orm.jpa.EntityManagerFactoryUtils - Closing JPA EntityManager
01:26:49.555 [main] DEBUG org.springframework.data.jpa.repository.query.JpaQueryFactory - Looking up query for method findByIdFournisseur
01:26:49.555 [main] DEBUG org.springframework.data.jpa.repository.query.NamedQuery - Looking up named query FournisseurEntity.findByIdFournisseur
01:26:49.556 [main] DEBUG org.springframework.data.jpa.repository.query.NamedQuery - Did not find named query FournisseurEntity.findByIdFournisseur
01:26:49.557 [main] DEBUG org.springframework.orm.jpa.SharedEntityManagerCreator$SharedEntityManagerInvocationHandler - Creating new EntityManager for shared EntityManager invocation
01:26:49.557 [main] DEBUG org.springframework.orm.jpa.EntityManagerFactoryUtils - Closing JPA EntityManager
01:26:49.560 [main] DEBUG org.springframework.data.jpa.repository.query.JpaQueryFactory - Looking up query for method findFournisseursByActivite
01:26:49.560 [main] DEBUG org.springframework.orm.jpa.SharedEntityManagerCreator$SharedEntityManagerInvocationHandler - Creating new EntityManager for shared EntityManager invocation
01:26:49.560 [main] DEBUG org.springframework.orm.jpa.EntityManagerFactoryUtils - Closing JPA EntityManager
01:26:49.561 [main] DEBUG org.hibernate.hql.internal.QueryTranslatorFactoryInitiator - QueryTranslatorFactory : org.hibernate.hql.internal.ast.ASTQueryTranslatorFactory@71664560
01:26:49.561 [main] INFO org.hibernate.hql.internal.QueryTranslatorFactoryInitiator - HHH000397: Using ASTQueryTranslatorFactory
01:26:49.561 [main] DEBUG org.hibernate.hql.internal.ast.QueryTranslatorImpl - parse() - HQL: SELECT f from ngondi.ged.ga.infrastructure.model.FournisseurEntity f WHERE f.activite = :activite
01:26:49.562 [main] DEBUG org.hibernate.hql.internal.ast.ErrorCounter - throwQueryException() : no errors
01:26:49.563 [main] DEBUG org.hibernate.hql.internal.ast.QueryTranslatorImpl - --- HQL AST ---
 \-[QUERY] Node: 'query'
    +-[SELECT_FROM] Node: 'SELECT_FROM'
    |  +-[FROM] Node: 'from'
    |  |  \-[RANGE] Node: 'RANGE'
    |  |     +-[DOT] Node: '.'
    |  |     |  +-[DOT] Node: '.'
    |  |     |  |  +-[DOT] Node: '.'
    |  |     |  |  |  +-[DOT] Node: '.'
    |  |     |  |  |  |  +-[DOT] Node: '.'
    |  |     |  |  |  |  |  +-[IDENT] Node: 'ngondi'
    |  |     |  |  |  |  |  \-[IDENT] Node: 'ged'
    |  |     |  |  |  |  \-[IDENT] Node: 'ga'
    |  |     |  |  |  \-[IDENT] Node: 'infrastructure'
    |  |     |  |  \-[IDENT] Node: 'model'
    |  |     |  \-[IDENT] Node: 'FournisseurEntity'
    |  |     \-[ALIAS] Node: 'f'
    |  \-[SELECT] Node: 'SELECT'
    |     \-[IDENT] Node: 'f'
    \-[WHERE] Node: 'WHERE'
       \-[EQ] Node: '='
          +-[DOT] Node: '.'
          |  +-[IDENT] Node: 'f'
          |  \-[IDENT] Node: 'activite'
          \-[COLON] Node: ':'
             \-[IDENT] Node: 'activite'

01:26:49.563 [main] DEBUG org.hibernate.hql.internal.antlr.HqlSqlBaseWalker - select << begin [level=1, statement=select]
01:26:49.563 [main] DEBUG org.hibernate.hql.internal.ast.tree.FromElement - FromClause{level=1} : ngondi.ged.ga.infrastructure.model.FournisseurEntity (f) -> fournisseu0_
01:26:49.563 [main] DEBUG org.hibernate.hql.internal.ast.tree.FromReferenceNode - Resolved : f -> fournisseu0_.id_fournisseur
01:26:49.564 [main] DEBUG org.hibernate.hql.internal.ast.tree.FromReferenceNode - Resolved : f -> fournisseu0_.id_fournisseur
01:26:49.564 [main] DEBUG org.hibernate.hql.internal.ast.tree.DotNode - getDataType() : activite -> org.hibernate.type.StringType@1bfe3203
01:26:49.564 [main] DEBUG org.hibernate.hql.internal.ast.tree.FromReferenceNode - Resolved : f.activite -> fournisseu0_.activite
01:26:49.564 [main] DEBUG org.hibernate.hql.internal.antlr.HqlSqlBaseWalker - select : finishing up [level=1, statement=select]
01:26:49.564 [main] DEBUG org.hibernate.hql.internal.ast.HqlSqlWalker - processQuery() :  ( SELECT ( {select clause} fournisseu0_.id_fournisseur ) ( FromClause{level=1} fournisseur fournisseu0_ ) ( WHERE ( = ( fournisseu0_.activite fournisseu0_.id_fournisseur activite ) ? ) ) )
01:26:49.564 [main] DEBUG org.hibernate.hql.internal.ast.util.JoinProcessor - Using FROM fragment [fournisseur fournisseu0_]
01:26:49.564 [main] DEBUG org.hibernate.hql.internal.antlr.HqlSqlBaseWalker - select >> end [level=1, statement=select]
01:26:49.566 [main] DEBUG org.hibernate.hql.internal.ast.QueryTranslatorImpl - --- SQL AST ---
 \-[SELECT] QueryNode: 'SELECT'  querySpaces (fournisseur)
    +-[SELECT_CLAUSE] SelectClause: '{select clause}'
    |  +-[ALIAS_REF] IdentNode: 'fournisseu0_.id_fournisseur as id_fourn1_1_' {alias=f, className=ngondi.ged.ga.infrastructure.model.FournisseurEntity, tableAlias=fournisseu0_}
    |  \-[SQL_TOKEN] SqlFragment: 'fournisseu0_.activite as activite2_1_, fournisseu0_.adresse as adresse3_1_, fournisseu0_.contact as contact4_1_, fournisseu0_.email as email5_1_, fournisseu0_.nif as nif6_1_, fournisseu0_.nom as nom7_1_, fournisseu0_.rccm as rccm8_1_, fournisseu0_.statistique_fournisseur_id_statistique as statist10_1_, fournisseu0_.telephone as telephon9_1_'
    +-[FROM] FromClause: 'from' FromClause{level=1, fromElementCounter=1, fromElements=1, fromElementByClassAlias=[f], fromElementByTableAlias=[fournisseu0_], fromElementsByPath=[], collectionJoinFromElementsByPath=[], impliedElements=[]}
    |  \-[FROM_FRAGMENT] FromElement: 'fournisseur fournisseu0_' FromElement{explicit,not a collection join,not a fetch join,fetch non-lazy properties,classAlias=f,role=null,tableName=fournisseur,tableAlias=fournisseu0_,origin=null,columns={,className=ngondi.ged.ga.infrastructure.model.FournisseurEntity}}
    \-[WHERE] SqlNode: 'WHERE'
       \-[EQ] BinaryLogicOperatorNode: '='
          +-[DOT] DotNode: 'fournisseu0_.activite' {propertyName=activite,dereferenceType=PRIMITIVE,getPropertyPath=activite,path=f.activite,tableAlias=fournisseu0_,className=ngondi.ged.ga.infrastructure.model.FournisseurEntity,classAlias=f}
          |  +-[ALIAS_REF] IdentNode: 'fournisseu0_.id_fournisseur' {alias=f, className=ngondi.ged.ga.infrastructure.model.FournisseurEntity, tableAlias=fournisseu0_}
          |  \-[IDENT] IdentNode: 'activite' {originalText=activite}
          \-[NAMED_PARAM] ParameterNode: '?' {name=activite, expectedType=org.hibernate.type.StringType@1bfe3203}

01:26:49.567 [main] DEBUG org.hibernate.hql.internal.ast.ErrorCounter - throwQueryException() : no errors
01:26:49.567 [main] DEBUG org.hibernate.hql.internal.ast.QueryTranslatorImpl - HQL: SELECT f from ngondi.ged.ga.infrastructure.model.FournisseurEntity f WHERE f.activite = :activite
01:26:49.567 [main] DEBUG org.hibernate.hql.internal.ast.QueryTranslatorImpl - SQL: select fournisseu0_.id_fournisseur as id_fourn1_1_, fournisseu0_.activite as activite2_1_, fournisseu0_.adresse as adresse3_1_, fournisseu0_.contact as contact4_1_, fournisseu0_.email as email5_1_, fournisseu0_.nif as nif6_1_, fournisseu0_.nom as nom7_1_, fournisseu0_.rccm as rccm8_1_, fournisseu0_.statistique_fournisseur_id_statistique as statist10_1_, fournisseu0_.telephone as telephon9_1_ from fournisseur fournisseu0_ where fournisseu0_.activite=?
01:26:49.567 [main] DEBUG org.hibernate.hql.internal.ast.ErrorCounter - throwQueryException() : no errors
01:26:49.568 [main] DEBUG org.springframework.aop.framework.JdkDynamicAopProxy - Creating JDK dynamic proxy: target source is SingletonTargetSource for target object [org.springframework.data.jpa.repository.support.SimpleJpaRepository@51132514]
01:26:49.568 [main] DEBUG org.springframework.beans.factory.support.DefaultListableBeanFactory - Returning cached instance of singleton bean 'org.springframework.transaction.config.internalTransactionAdvisor'
01:26:49.568 [main] DEBUG org.springframework.beans.factory.support.DefaultListableBeanFactory - Returning cached instance of singleton bean 'org.springframework.transaction.config.internalTransactionAdvisor'
01:26:49.569 [main] DEBUG org.springframework.beans.factory.support.DefaultListableBeanFactory - Finished creating instance of bean 'IFournisseurDao'
01:26:49.572 [main] DEBUG org.springframework.beans.factory.support.DefaultListableBeanFactory - Returning cached instance of singleton bean 'org.springframework.transaction.config.internalTransactionAdvisor'
01:26:49.572 [main] DEBUG org.springframework.beans.factory.support.DefaultListableBeanFactory - Returning cached instance of singleton bean 'org.springframework.transaction.config.internalTransactionAdvisor'
01:26:49.572 [main] DEBUG org.springframework.beans.factory.annotation.AutowiredAnnotationBeanPostProcessor - Autowiring by type from bean name 'fournisseurImpl' to bean named 'IFournisseurDao'
01:26:49.572 [main] DEBUG org.springframework.beans.factory.annotation.InjectionMetadata - Processing injected element of bean 'fournisseurImpl': AutowiredFieldElement for private transient ngondi.ged.ga.infrastructure.service.Conf ngondi.ged.ga.infrastructure.service.FournisseurImpl.conf
01:26:49.573 [main] DEBUG org.springframework.beans.factory.support.DefaultListableBeanFactory - Returning cached instance of singleton bean 'conf'
01:26:49.574 [main] DEBUG org.springframework.beans.factory.annotation.AutowiredAnnotationBeanPostProcessor - Autowiring by type from bean name 'fournisseurImpl' to bean named 'conf'
01:26:49.574 [main] DEBUG org.springframework.beans.factory.support.DefaultListableBeanFactory - Returning cached instance of singleton bean 'org.springframework.transaction.config.internalTransactionAdvisor'
01:26:49.574 [main] DEBUG org.springframework.beans.factory.support.DefaultListableBeanFactory - Returning cached instance of singleton bean 'org.springframework.transaction.config.internalTransactionAdvisor'
01:26:49.575 [main] DEBUG org.springframework.beans.factory.support.DefaultListableBeanFactory - Finished creating instance of bean 'fournisseurImpl'
01:26:49.575 [main] DEBUG org.springframework.beans.factory.support.DefaultListableBeanFactory - Creating shared instance of singleton bean 'ngondiDomainApplication'
01:26:49.575 [main] DEBUG org.springframework.beans.factory.support.DefaultListableBeanFactory - Creating instance of bean 'ngondiDomainApplication'
01:26:49.575 [main] DEBUG org.springframework.beans.factory.support.DefaultListableBeanFactory - Returning cached instance of singleton bean 'org.springframework.transaction.config.internalTransactionAdvisor'
01:26:49.575 [main] DEBUG org.springframework.beans.factory.support.DefaultListableBeanFactory - Eagerly caching bean 'ngondiDomainApplication' to allow for resolving potential circular references
01:26:49.575 [main] DEBUG org.springframework.beans.factory.support.DefaultListableBeanFactory - Returning cached instance of singleton bean 'org.springframework.transaction.config.internalTransactionAdvisor'
01:26:49.575 [main] DEBUG org.springframework.beans.factory.support.DefaultListableBeanFactory - Returning cached instance of singleton bean 'org.springframework.transaction.config.internalTransactionAdvisor'
01:26:49.576 [main] DEBUG org.springframework.beans.factory.support.DefaultListableBeanFactory - Finished creating instance of bean 'ngondiDomainApplication'
01:26:49.576 [main] DEBUG org.springframework.beans.factory.support.DefaultListableBeanFactory - Returning cached instance of singleton bean 'org.springframework.boot.autoconfigure.domain.EntityScanPackages'
01:26:49.576 [main] DEBUG org.springframework.beans.factory.support.DefaultListableBeanFactory - Creating shared instance of singleton bean 'org.springframework.boot.autoconfigure.AutoConfigurationPackages'
01:26:49.576 [main] DEBUG org.springframework.beans.factory.support.DefaultListableBeanFactory - Creating instance of bean 'org.springframework.boot.autoconfigure.AutoConfigurationPackages'
01:26:49.576 [main] DEBUG org.springframework.beans.factory.support.DefaultListableBeanFactory - Returning cached instance of singleton bean 'org.springframework.transaction.config.internalTransactionAdvisor'
01:26:49.576 [main] DEBUG org.springframework.beans.factory.support.DefaultListableBeanFactory - Eagerly caching bean 'org.springframework.boot.autoconfigure.AutoConfigurationPackages' to allow for resolving potential circular references
01:26:49.577 [main] DEBUG org.springframework.beans.factory.support.DefaultListableBeanFactory - Returning cached instance of singleton bean 'org.springframework.transaction.config.internalTransactionAdvisor'
01:26:49.577 [main] DEBUG org.springframework.beans.factory.support.DefaultListableBeanFactory - Returning cached instance of singleton bean 'org.springframework.transaction.config.internalTransactionAdvisor'
01:26:49.577 [main] DEBUG org.springframework.beans.factory.support.DefaultListableBeanFactory - Finished creating instance of bean 'org.springframework.boot.autoconfigure.AutoConfigurationPackages'
01:26:49.577 [main] DEBUG org.springframework.beans.factory.support.DefaultListableBeanFactory - Returning cached instance of singleton bean 'emBeanDefinitionRegistrarPostProcessor'
01:26:49.577 [main] DEBUG org.springframework.beans.factory.support.DefaultListableBeanFactory - Returning cached instance of singleton bean 'jpaMappingContext'
01:26:49.578 [main] DEBUG org.springframework.beans.factory.support.DefaultListableBeanFactory - Creating shared instance of singleton bean 'jpaContext'
01:26:49.578 [main] DEBUG org.springframework.beans.factory.support.DefaultListableBeanFactory - Creating instance of bean 'jpaContext'
01:26:49.578 [main] DEBUG org.springframework.beans.factory.support.DefaultListableBeanFactory - Returning cached instance of singleton bean 'org.springframework.transaction.config.internalTransactionAdvisor'
01:26:49.579 [main] DEBUG org.springframework.beans.factory.support.DefaultListableBeanFactory - Creating shared instance of singleton bean 'org.springframework.orm.jpa.SharedEntityManagerCreator#0'
01:26:49.579 [main] DEBUG org.springframework.beans.factory.support.DefaultListableBeanFactory - Creating instance of bean 'org.springframework.orm.jpa.SharedEntityManagerCreator#0'
01:26:49.579 [main] DEBUG org.springframework.beans.factory.support.DefaultListableBeanFactory - Returning cached instance of singleton bean 'org.springframework.transaction.config.internalTransactionAdvisor'
01:26:49.579 [main] DEBUG org.springframework.beans.factory.support.DefaultListableBeanFactory - Returning cached instance of singleton bean 'entityManagerFactory'
01:26:49.579 [main] DEBUG org.springframework.beans.factory.support.DefaultListableBeanFactory - Eagerly caching bean 'org.springframework.orm.jpa.SharedEntityManagerCreator#0' to allow for resolving potential circular references
01:26:49.579 [main] DEBUG org.springframework.beans.factory.support.DefaultListableBeanFactory - Returning cached instance of singleton bean 'org.springframework.transaction.config.internalTransactionAdvisor'
01:26:49.579 [main] DEBUG org.springframework.beans.factory.support.DefaultListableBeanFactory - Returning cached instance of singleton bean 'org.springframework.transaction.config.internalTransactionAdvisor'
01:26:49.580 [main] DEBUG org.springframework.beans.factory.support.DefaultListableBeanFactory - Finished creating instance of bean 'org.springframework.orm.jpa.SharedEntityManagerCreator#0'
01:26:49.580 [main] DEBUG org.springframework.beans.factory.support.DefaultListableBeanFactory - Autowiring by type from bean name 'jpaContext' via constructor to bean named 'org.springframework.orm.jpa.SharedEntityManagerCreator#0'
01:26:49.580 [main] DEBUG org.springframework.beans.factory.support.DefaultListableBeanFactory - Eagerly caching bean 'jpaContext' to allow for resolving potential circular references
01:26:49.580 [main] DEBUG org.springframework.beans.factory.support.DefaultListableBeanFactory - Returning cached instance of singleton bean 'org.springframework.transaction.config.internalTransactionAdvisor'
01:26:49.580 [main] DEBUG org.springframework.beans.factory.support.DefaultListableBeanFactory - Returning cached instance of singleton bean 'org.springframework.transaction.config.internalTransactionAdvisor'
01:26:49.580 [main] DEBUG org.springframework.beans.factory.support.DefaultListableBeanFactory - Finished creating instance of bean 'jpaContext'
01:26:49.580 [main] DEBUG org.springframework.beans.factory.support.DefaultListableBeanFactory - Returning cached instance of singleton bean 'IArchivageDao'
01:26:49.580 [main] DEBUG org.springframework.beans.factory.support.DefaultListableBeanFactory - Returning cached instance of singleton bean 'IFournisseurDao'
01:26:49.580 [main] DEBUG org.springframework.beans.factory.support.DefaultListableBeanFactory - Creating shared instance of singleton bean 'org.springframework.boot.autoconfigure.context.PropertyPlaceholderAutoConfiguration'
01:26:49.580 [main] DEBUG org.springframework.beans.factory.support.DefaultListableBeanFactory - Creating instance of bean 'org.springframework.boot.autoconfigure.context.PropertyPlaceholderAutoConfiguration'
01:26:49.581 [main] DEBUG org.springframework.beans.factory.support.DefaultListableBeanFactory - Returning cached instance of singleton bean 'org.springframework.transaction.config.internalTransactionAdvisor'
01:26:49.581 [main] DEBUG org.springframework.beans.factory.support.DefaultListableBeanFactory - Eagerly caching bean 'org.springframework.boot.autoconfigure.context.PropertyPlaceholderAutoConfiguration' to allow for resolving potential circular references
01:26:49.581 [main] DEBUG org.springframework.beans.factory.support.DefaultListableBeanFactory - Returning cached instance of singleton bean 'org.springframework.transaction.config.internalTransactionAdvisor'
01:26:49.581 [main] DEBUG org.springframework.beans.factory.support.DefaultListableBeanFactory - Returning cached instance of singleton bean 'org.springframework.transaction.config.internalTransactionAdvisor'
01:26:49.581 [main] DEBUG org.springframework.beans.factory.support.DefaultListableBeanFactory - Finished creating instance of bean 'org.springframework.boot.autoconfigure.context.PropertyPlaceholderAutoConfiguration'
01:26:49.581 [main] DEBUG org.springframework.beans.factory.support.DefaultListableBeanFactory - Returning cached instance of singleton bean 'org.springframework.boot.autoconfigure.condition.BeanTypeRegistry'
01:26:49.581 [main] DEBUG org.springframework.beans.factory.support.DefaultListableBeanFactory - Returning cached instance of singleton bean 'propertySourcesPlaceholderConfigurer'
01:26:49.581 [main] DEBUG org.springframework.beans.factory.support.DefaultListableBeanFactory - Creating shared instance of singleton bean 'org.springframework.boot.autoconfigure.validation.ValidationAutoConfiguration'
01:26:49.582 [main] DEBUG org.springframework.beans.factory.support.DefaultListableBeanFactory - Creating instance of bean 'org.springframework.boot.autoconfigure.validation.ValidationAutoConfiguration'
01:26:49.582 [main] DEBUG org.springframework.beans.factory.support.DefaultListableBeanFactory - Returning cached instance of singleton bean 'org.springframework.transaction.config.internalTransactionAdvisor'
01:26:49.582 [main] DEBUG org.springframework.beans.factory.support.DefaultListableBeanFactory - Eagerly caching bean 'org.springframework.boot.autoconfigure.validation.ValidationAutoConfiguration' to allow for resolving potential circular references
01:26:49.582 [main] DEBUG org.springframework.beans.factory.support.DefaultListableBeanFactory - Returning cached instance of singleton bean 'org.springframework.transaction.config.internalTransactionAdvisor'
01:26:49.582 [main] DEBUG org.springframework.beans.factory.support.DefaultListableBeanFactory - Returning cached instance of singleton bean 'org.springframework.transaction.config.internalTransactionAdvisor'
01:26:49.583 [main] DEBUG org.springframework.beans.factory.support.DefaultListableBeanFactory - Finished creating instance of bean 'org.springframework.boot.autoconfigure.validation.ValidationAutoConfiguration'
01:26:49.583 [main] DEBUG org.springframework.beans.factory.support.DefaultListableBeanFactory - Creating shared instance of singleton bean 'defaultValidator'
01:26:49.583 [main] DEBUG org.springframework.beans.factory.support.DefaultListableBeanFactory - Creating instance of bean 'defaultValidator'
01:26:49.583 [main] DEBUG org.springframework.beans.factory.support.DefaultListableBeanFactory - Returning cached instance of singleton bean 'org.springframework.transaction.config.internalTransactionAdvisor'
01:26:49.583 [main] DEBUG org.hibernate.validator.internal.engine.resolver.TraversableResolvers - Found javax.persistence.Persistence on classpath containing 'getPersistenceUtil'. Assuming JPA 2 environment. Trying to instantiate JPA aware TraversableResolver
01:26:49.583 [main] DEBUG org.hibernate.validator.internal.engine.resolver.TraversableResolvers - Instantiated JPA aware TraversableResolver of type org.hibernate.validator.internal.engine.resolver.JPATraversableResolver.
01:26:49.583 [main] DEBUG org.hibernate.validator.messageinterpolation.ResourceBundleMessageInterpolator - Loaded expression factory via original TCCL
01:26:49.584 [main] DEBUG org.springframework.beans.factory.support.DefaultListableBeanFactory - Eagerly caching bean 'defaultValidator' to allow for resolving potential circular references
01:26:49.584 [main] DEBUG org.springframework.beans.factory.support.DefaultListableBeanFactory - Invoking afterPropertiesSet() on bean with name 'defaultValidator'
01:26:49.584 [main] DEBUG org.hibernate.validator.internal.engine.resolver.TraversableResolvers - Found javax.persistence.Persistence on classpath containing 'getPersistenceUtil'. Assuming JPA 2 environment. Trying to instantiate JPA aware TraversableResolver
01:26:49.584 [main] DEBUG org.hibernate.validator.internal.engine.resolver.TraversableResolvers - Instantiated JPA aware TraversableResolver of type org.hibernate.validator.internal.engine.resolver.JPATraversableResolver.
01:26:49.585 [main] DEBUG org.hibernate.validator.internal.engine.ConfigurationImpl - Setting custom MessageInterpolator of type org.springframework.validation.beanvalidation.LocaleContextMessageInterpolator
01:26:49.585 [main] DEBUG org.hibernate.validator.internal.engine.ConfigurationImpl - Setting custom ConstraintValidatorFactory of type org.springframework.validation.beanvalidation.SpringConstraintValidatorFactory
01:26:49.585 [main] DEBUG org.hibernate.validator.internal.engine.ConfigurationImpl - Setting custom ParameterNameProvider of type org.springframework.validation.beanvalidation.LocalValidatorFactoryBean$1
01:26:49.585 [main] DEBUG org.hibernate.validator.internal.xml.config.ValidationXmlParser - Trying to load META-INF/validation.xml for XML based Validator configuration.
01:26:49.585 [main] DEBUG org.hibernate.validator.internal.xml.config.ResourceLoaderHelper - Trying to load META-INF/validation.xml via user class loader
01:26:49.586 [main] DEBUG org.hibernate.validator.internal.xml.config.ResourceLoaderHelper - Trying to load META-INF/validation.xml via TCCL
01:26:49.586 [main] DEBUG org.hibernate.validator.internal.xml.config.ResourceLoaderHelper - Trying to load META-INF/validation.xml via Hibernate Validator's class loader
01:26:49.588 [main] DEBUG org.hibernate.validator.internal.xml.config.ValidationXmlParser - No META-INF/validation.xml found. Using annotation based configuration only.
01:26:49.681 [main] DEBUG org.hibernate.validator.internal.engine.ValidatorFactoryImpl - HV000234: Using org.springframework.validation.beanvalidation.LocaleContextMessageInterpolator as ValidatorFactory-scoped message interpolator.
01:26:49.681 [main] DEBUG org.hibernate.validator.internal.engine.ValidatorFactoryImpl - HV000234: Using org.hibernate.validator.internal.engine.resolver.JPATraversableResolver as ValidatorFactory-scoped traversable resolver.
01:26:49.682 [main] DEBUG org.hibernate.validator.internal.engine.ValidatorFactoryImpl - HV000234: Using org.hibernate.validator.internal.util.ExecutableParameterNameProvider as ValidatorFactory-scoped parameter name provider.
01:26:49.682 [main] DEBUG org.hibernate.validator.internal.engine.ValidatorFactoryImpl - HV000234: Using org.hibernate.validator.internal.engine.DefaultClockProvider as ValidatorFactory-scoped clock provider.
01:26:49.682 [main] DEBUG org.hibernate.validator.internal.engine.ValidatorFactoryImpl - HV000234: Using org.hibernate.validator.internal.engine.scripting.DefaultScriptEvaluatorFactory as ValidatorFactory-scoped script evaluator factory.
01:26:49.684 [main] DEBUG org.springframework.beans.factory.support.DefaultListableBeanFactory - Returning cached instance of singleton bean 'org.springframework.transaction.config.internalTransactionAdvisor'
01:26:49.684 [main] DEBUG org.springframework.beans.factory.support.DefaultListableBeanFactory - Returning cached instance of singleton bean 'org.springframework.transaction.config.internalTransactionAdvisor'
01:26:49.685 [main] DEBUG org.springframework.beans.factory.support.DefaultListableBeanFactory - Finished creating instance of bean 'defaultValidator'
01:26:49.685 [main] DEBUG org.springframework.beans.factory.support.DefaultListableBeanFactory - Returning cached instance of singleton bean 'methodValidationPostProcessor'
01:26:49.685 [main] DEBUG org.springframework.beans.factory.support.DefaultListableBeanFactory - Creating shared instance of singleton bean 'org.springframework.boot.autoconfigure.aop.AopAutoConfiguration$CglibAutoProxyConfiguration'
01:26:49.692 [main] DEBUG org.springframework.beans.factory.support.DefaultListableBeanFactory - Creating instance of bean 'org.springframework.boot.autoconfigure.aop.AopAutoConfiguration$CglibAutoProxyConfiguration'
01:26:49.692 [main] DEBUG org.springframework.beans.factory.support.DefaultListableBeanFactory - Returning cached instance of singleton bean 'org.springframework.transaction.config.internalTransactionAdvisor'
01:26:49.693 [main] DEBUG org.springframework.beans.factory.support.DefaultListableBeanFactory - Eagerly caching bean 'org.springframework.boot.autoconfigure.aop.AopAutoConfiguration$CglibAutoProxyConfiguration' to allow for resolving potential circular references
01:26:49.693 [main] DEBUG org.springframework.beans.factory.support.DefaultListableBeanFactory - Returning cached instance of singleton bean 'org.springframework.transaction.config.internalTransactionAdvisor'
01:26:49.693 [main] DEBUG org.springframework.beans.factory.support.DefaultListableBeanFactory - Returning cached instance of singleton bean 'org.springframework.transaction.config.internalTransactionAdvisor'
01:26:49.694 [main] DEBUG org.springframework.beans.factory.support.DefaultListableBeanFactory - Finished creating instance of bean 'org.springframework.boot.autoconfigure.aop.AopAutoConfiguration$CglibAutoProxyConfiguration'
01:26:49.694 [main] DEBUG org.springframework.beans.factory.support.DefaultListableBeanFactory - Returning cached instance of singleton bean 'org.springframework.aop.config.internalAutoProxyCreator'
01:26:49.694 [main] DEBUG org.springframework.beans.factory.support.DefaultListableBeanFactory - Creating shared instance of singleton bean 'org.springframework.boot.autoconfigure.aop.AopAutoConfiguration'
01:26:49.694 [main] DEBUG org.springframework.beans.factory.support.DefaultListableBeanFactory - Creating instance of bean 'org.springframework.boot.autoconfigure.aop.AopAutoConfiguration'
01:26:49.694 [main] DEBUG org.springframework.beans.factory.support.DefaultListableBeanFactory - Returning cached instance of singleton bean 'org.springframework.transaction.config.internalTransactionAdvisor'
01:26:49.694 [main] DEBUG org.springframework.beans.factory.support.DefaultListableBeanFactory - Eagerly caching bean 'org.springframework.boot.autoconfigure.aop.AopAutoConfiguration' to allow for resolving potential circular references
01:26:49.695 [main] DEBUG org.springframework.beans.factory.support.DefaultListableBeanFactory - Returning cached instance of singleton bean 'org.springframework.transaction.config.internalTransactionAdvisor'
01:26:49.695 [main] DEBUG org.springframework.beans.factory.support.DefaultListableBeanFactory - Returning cached instance of singleton bean 'org.springframework.transaction.config.internalTransactionAdvisor'
01:26:49.695 [main] DEBUG org.springframework.beans.factory.support.DefaultListableBeanFactory - Finished creating instance of bean 'org.springframework.boot.autoconfigure.aop.AopAutoConfiguration'
01:26:49.695 [main] DEBUG org.springframework.beans.factory.support.DefaultListableBeanFactory - Creating shared instance of singleton bean 'org.springframework.boot.autoconfigure.context.ConfigurationPropertiesAutoConfiguration'
01:26:49.695 [main] DEBUG org.springframework.beans.factory.support.DefaultListableBeanFactory - Creating instance of bean 'org.springframework.boot.autoconfigure.context.ConfigurationPropertiesAutoConfiguration'
01:26:49.696 [main] DEBUG org.springframework.beans.factory.support.DefaultListableBeanFactory - Returning cached instance of singleton bean 'org.springframework.transaction.config.internalTransactionAdvisor'
01:26:49.696 [main] DEBUG org.springframework.beans.factory.support.DefaultListableBeanFactory - Eagerly caching bean 'org.springframework.boot.autoconfigure.context.ConfigurationPropertiesAutoConfiguration' to allow for resolving potential circular references
01:26:49.696 [main] DEBUG org.springframework.beans.factory.support.DefaultListableBeanFactory - Returning cached instance of singleton bean 'org.springframework.transaction.config.internalTransactionAdvisor'
01:26:49.696 [main] DEBUG org.springframework.beans.factory.support.DefaultListableBeanFactory - Returning cached instance of singleton bean 'org.springframework.transaction.config.internalTransactionAdvisor'
01:26:49.697 [main] DEBUG org.springframework.beans.factory.support.DefaultListableBeanFactory - Finished creating instance of bean 'org.springframework.boot.autoconfigure.context.ConfigurationPropertiesAutoConfiguration'
01:26:49.697 [main] DEBUG org.springframework.beans.factory.support.DefaultListableBeanFactory - Returning cached instance of singleton bean 'org.springframework.boot.context.properties.ConfigurationPropertiesBindingPostProcessor'
01:26:49.697 [main] DEBUG org.springframework.beans.factory.support.DefaultListableBeanFactory - Returning cached instance of singleton bean 'org.springframework.boot.context.properties.ConfigurationBeanFactoryMetadata'
01:26:49.697 [main] DEBUG org.springframework.beans.factory.support.DefaultListableBeanFactory - Creating shared instance of singleton bean 'org.springframework.boot.autoconfigure.dao.PersistenceExceptionTranslationAutoConfiguration'
01:26:49.697 [main] DEBUG org.springframework.beans.factory.support.DefaultListableBeanFactory - Creating instance of bean 'org.springframework.boot.autoconfigure.dao.PersistenceExceptionTranslationAutoConfiguration'
01:26:49.697 [main] DEBUG org.springframework.beans.factory.support.DefaultListableBeanFactory - Returning cached instance of singleton bean 'org.springframework.transaction.config.internalTransactionAdvisor'
01:26:49.697 [main] DEBUG org.springframework.beans.factory.support.DefaultListableBeanFactory - Eagerly caching bean 'org.springframework.boot.autoconfigure.dao.PersistenceExceptionTranslationAutoConfiguration' to allow for resolving potential circular references
01:26:49.700 [main] DEBUG org.springframework.beans.factory.support.DefaultListableBeanFactory - Returning cached instance of singleton bean 'org.springframework.transaction.config.internalTransactionAdvisor'
01:26:49.700 [main] DEBUG org.springframework.beans.factory.support.DefaultListableBeanFactory - Returning cached instance of singleton bean 'org.springframework.transaction.config.internalTransactionAdvisor'
01:26:49.700 [main] DEBUG org.springframework.beans.factory.support.DefaultListableBeanFactory - Finished creating instance of bean 'org.springframework.boot.autoconfigure.dao.PersistenceExceptionTranslationAutoConfiguration'
01:26:49.700 [main] DEBUG org.springframework.beans.factory.support.DefaultListableBeanFactory - Creating shared instance of singleton bean 'org.springframework.boot.autoconfigure.transaction.jta.JtaAutoConfiguration'
01:26:49.700 [main] DEBUG org.springframework.beans.factory.support.DefaultListableBeanFactory - Creating instance of bean 'org.springframework.boot.autoconfigure.transaction.jta.JtaAutoConfiguration'
01:26:49.701 [main] DEBUG org.springframework.beans.factory.support.DefaultListableBeanFactory - Returning cached instance of singleton bean 'org.springframework.transaction.config.internalTransactionAdvisor'
01:26:49.701 [main] DEBUG org.springframework.beans.factory.support.DefaultListableBeanFactory - Eagerly caching bean 'org.springframework.boot.autoconfigure.transaction.jta.JtaAutoConfiguration' to allow for resolving potential circular references
01:26:49.701 [main] DEBUG org.springframework.beans.factory.support.DefaultListableBeanFactory - Returning cached instance of singleton bean 'org.springframework.transaction.config.internalTransactionAdvisor'
01:26:49.701 [main] DEBUG org.springframework.beans.factory.support.DefaultListableBeanFactory - Returning cached instance of singleton bean 'org.springframework.transaction.config.internalTransactionAdvisor'
01:26:49.701 [main] DEBUG org.springframework.beans.factory.support.DefaultListableBeanFactory - Finished creating instance of bean 'org.springframework.boot.autoconfigure.transaction.jta.JtaAutoConfiguration'
01:26:49.702 [main] DEBUG org.springframework.beans.factory.support.DefaultListableBeanFactory - Creating shared instance of singleton bean 'spring.jta-org.springframework.boot.autoconfigure.transaction.jta.JtaProperties'
01:26:49.702 [main] DEBUG org.springframework.beans.factory.support.DefaultListableBeanFactory - Creating instance of bean 'spring.jta-org.springframework.boot.autoconfigure.transaction.jta.JtaProperties'
01:26:49.702 [main] DEBUG org.springframework.beans.factory.support.DefaultListableBeanFactory - Returning cached instance of singleton bean 'org.springframework.transaction.config.internalTransactionAdvisor'
01:26:49.702 [main] DEBUG org.springframework.beans.factory.support.DefaultListableBeanFactory - Eagerly caching bean 'spring.jta-org.springframework.boot.autoconfigure.transaction.jta.JtaProperties' to allow for resolving potential circular references
01:26:49.704 [main] DEBUG org.springframework.beans.factory.support.DefaultListableBeanFactory - Returning cached instance of singleton bean 'org.springframework.transaction.config.internalTransactionAdvisor'
01:26:49.708 [main] DEBUG org.springframework.beans.factory.support.DefaultListableBeanFactory - Returning cached instance of singleton bean 'org.springframework.transaction.config.internalTransactionAdvisor'
01:26:49.711 [main] DEBUG org.springframework.beans.factory.support.DefaultListableBeanFactory - Finished creating instance of bean 'spring.jta-org.springframework.boot.autoconfigure.transaction.jta.JtaProperties'
01:26:49.711 [main] DEBUG org.springframework.beans.factory.support.DefaultListableBeanFactory - Returning cached instance of singleton bean 'org.springframework.boot.autoconfigure.jdbc.DataSourceConfiguration$Hikari'
01:26:49.711 [main] DEBUG org.springframework.beans.factory.support.DefaultListableBeanFactory - Returning cached instance of singleton bean 'dataSource'
01:26:49.711 [main] DEBUG org.springframework.beans.factory.support.DefaultListableBeanFactory - Creating shared instance of singleton bean 'org.springframework.boot.autoconfigure.jdbc.DataSourceAutoConfiguration$PooledDataSourceConfiguration'
01:26:49.711 [main] DEBUG org.springframework.beans.factory.support.DefaultListableBeanFactory - Creating instance of bean 'org.springframework.boot.autoconfigure.jdbc.DataSourceAutoConfiguration$PooledDataSourceConfiguration'
01:26:49.712 [main] DEBUG org.springframework.beans.factory.support.DefaultListableBeanFactory - Returning cached instance of singleton bean 'org.springframework.transaction.config.internalTransactionAdvisor'
01:26:49.712 [main] DEBUG org.springframework.beans.factory.support.DefaultListableBeanFactory - Eagerly caching bean 'org.springframework.boot.autoconfigure.jdbc.DataSourceAutoConfiguration$PooledDataSourceConfiguration' to allow for resolving potential circular references
01:26:49.722 [main] DEBUG org.springframework.beans.factory.support.DefaultListableBeanFactory - Returning cached instance of singleton bean 'org.springframework.transaction.config.internalTransactionAdvisor'
01:26:49.723 [main] DEBUG org.springframework.beans.factory.support.DefaultListableBeanFactory - Returning cached instance of singleton bean 'org.springframework.transaction.config.internalTransactionAdvisor'
01:26:49.723 [main] DEBUG org.springframework.beans.factory.support.DefaultListableBeanFactory - Finished creating instance of bean 'org.springframework.boot.autoconfigure.jdbc.DataSourceAutoConfiguration$PooledDataSourceConfiguration'
01:26:49.723 [main] DEBUG org.springframework.beans.factory.support.DefaultListableBeanFactory - Returning cached instance of singleton bean 'org.springframework.boot.autoconfigure.jdbc.metadata.DataSourcePoolMetadataProvidersConfiguration$HikariPoolDataSourceMetadataProviderConfiguration'
01:26:49.726 [main] DEBUG org.springframework.beans.factory.support.DefaultListableBeanFactory - Returning cached instance of singleton bean 'hikariPoolDataSourceMetadataProvider'
01:26:49.726 [main] DEBUG org.springframework.beans.factory.support.DefaultListableBeanFactory - Creating shared instance of singleton bean 'org.springframework.boot.autoconfigure.jdbc.metadata.DataSourcePoolMetadataProvidersConfiguration'
01:26:49.726 [main] DEBUG org.springframework.beans.factory.support.DefaultListableBeanFactory - Creating instance of bean 'org.springframework.boot.autoconfigure.jdbc.metadata.DataSourcePoolMetadataProvidersConfiguration'
01:26:49.727 [main] DEBUG org.springframework.beans.factory.support.DefaultListableBeanFactory - Returning cached instance of singleton bean 'org.springframework.transaction.config.internalTransactionAdvisor'
01:26:49.727 [main] DEBUG org.springframework.beans.factory.support.DefaultListableBeanFactory - Eagerly caching bean 'org.springframework.boot.autoconfigure.jdbc.metadata.DataSourcePoolMetadataProvidersConfiguration' to allow for resolving potential circular references
01:26:49.727 [main] DEBUG org.springframework.beans.factory.support.DefaultListableBeanFactory - Returning cached instance of singleton bean 'org.springframework.transaction.config.internalTransactionAdvisor'
01:26:49.727 [main] DEBUG org.springframework.beans.factory.support.DefaultListableBeanFactory - Returning cached instance of singleton bean 'org.springframework.transaction.config.internalTransactionAdvisor'
01:26:49.728 [main] DEBUG org.springframework.beans.factory.support.DefaultListableBeanFactory - Finished creating instance of bean 'org.springframework.boot.autoconfigure.jdbc.metadata.DataSourcePoolMetadataProvidersConfiguration'
01:26:49.729 [main] DEBUG org.springframework.beans.factory.support.DefaultListableBeanFactory - Returning cached instance of singleton bean 'org.springframework.boot.autoconfigure.jdbc.DataSourceInitializerInvoker'
01:26:49.729 [main] DEBUG org.springframework.beans.factory.support.DefaultListableBeanFactory - Creating shared instance of singleton bean 'org.springframework.boot.autoconfigure.jdbc.DataSourceInitializationConfiguration'
01:26:49.729 [main] DEBUG org.springframework.beans.factory.support.DefaultListableBeanFactory - Creating instance of bean 'org.springframework.boot.autoconfigure.jdbc.DataSourceInitializationConfiguration'
01:26:49.729 [main] DEBUG org.springframework.beans.factory.support.DefaultListableBeanFactory - Returning cached instance of singleton bean 'org.springframework.transaction.config.internalTransactionAdvisor'
01:26:49.730 [main] DEBUG org.springframework.beans.factory.support.DefaultListableBeanFactory - Eagerly caching bean 'org.springframework.boot.autoconfigure.jdbc.DataSourceInitializationConfiguration' to allow for resolving potential circular references
01:26:49.730 [main] DEBUG org.springframework.beans.factory.support.DefaultListableBeanFactory - Returning cached instance of singleton bean 'org.springframework.transaction.config.internalTransactionAdvisor'
01:26:49.730 [main] DEBUG org.springframework.beans.factory.support.DefaultListableBeanFactory - Returning cached instance of singleton bean 'org.springframework.transaction.config.internalTransactionAdvisor'
01:26:49.730 [main] DEBUG org.springframework.beans.factory.support.DefaultListableBeanFactory - Finished creating instance of bean 'org.springframework.boot.autoconfigure.jdbc.DataSourceInitializationConfiguration'
01:26:49.730 [main] DEBUG org.springframework.beans.factory.support.DefaultListableBeanFactory - Returning cached instance of singleton bean 'dataSourceInitializerPostProcessor'
01:26:49.730 [main] DEBUG org.springframework.beans.factory.support.DefaultListableBeanFactory - Creating shared instance of singleton bean 'org.springframework.boot.autoconfigure.jdbc.DataSourceAutoConfiguration'
01:26:49.731 [main] DEBUG org.springframework.beans.factory.support.DefaultListableBeanFactory - Creating instance of bean 'org.springframework.boot.autoconfigure.jdbc.DataSourceAutoConfiguration'
01:26:49.733 [main] DEBUG org.springframework.beans.factory.support.DefaultListableBeanFactory - Returning cached instance of singleton bean 'org.springframework.transaction.config.internalTransactionAdvisor'
01:26:49.733 [main] DEBUG org.springframework.beans.factory.support.DefaultListableBeanFactory - Eagerly caching bean 'org.springframework.boot.autoconfigure.jdbc.DataSourceAutoConfiguration' to allow for resolving potential circular references
01:26:49.735 [main] DEBUG org.springframework.beans.factory.support.DefaultListableBeanFactory - Returning cached instance of singleton bean 'org.springframework.transaction.config.internalTransactionAdvisor'
01:26:49.735 [main] DEBUG org.springframework.beans.factory.support.DefaultListableBeanFactory - Returning cached instance of singleton bean 'org.springframework.transaction.config.internalTransactionAdvisor'
01:26:49.735 [main] DEBUG org.springframework.beans.factory.support.DefaultListableBeanFactory - Finished creating instance of bean 'org.springframework.boot.autoconfigure.jdbc.DataSourceAutoConfiguration'
01:26:49.735 [main] DEBUG org.springframework.beans.factory.support.DefaultListableBeanFactory - Returning cached instance of singleton bean 'spring.datasource-org.springframework.boot.autoconfigure.jdbc.DataSourceProperties'
01:26:49.736 [main] DEBUG org.springframework.beans.factory.support.DefaultListableBeanFactory - Returning cached instance of singleton bean 'org.springframework.boot.autoconfigure.orm.jpa.HibernateJpaConfiguration'
01:26:49.736 [main] DEBUG org.springframework.beans.factory.support.DefaultListableBeanFactory - Returning cached instance of singleton bean 'jpaVendorAdapter'
01:26:49.736 [main] DEBUG org.springframework.beans.factory.support.DefaultListableBeanFactory - Returning cached instance of singleton bean 'entityManagerFactoryBuilder'
01:26:49.736 [main] DEBUG org.springframework.beans.factory.support.DefaultListableBeanFactory - Returning cached instance of singleton bean 'entityManagerFactory'
01:26:49.736 [main] DEBUG org.springframework.beans.factory.support.DefaultListableBeanFactory - Returning cached instance of singleton bean 'spring.jpa-org.springframework.boot.autoconfigure.orm.jpa.JpaProperties'
01:26:49.736 [main] DEBUG org.springframework.beans.factory.support.DefaultListableBeanFactory - Returning cached instance of singleton bean 'dataSourceInitializedPublisher'
01:26:49.736 [main] DEBUG org.springframework.beans.factory.support.DefaultListableBeanFactory - Creating shared instance of singleton bean 'org.springframework.boot.autoconfigure.orm.jpa.HibernateJpaAutoConfiguration'
01:26:49.736 [main] DEBUG org.springframework.beans.factory.support.DefaultListableBeanFactory - Creating instance of bean 'org.springframework.boot.autoconfigure.orm.jpa.HibernateJpaAutoConfiguration'
01:26:49.736 [main] DEBUG org.springframework.beans.factory.support.DefaultListableBeanFactory - Returning cached instance of singleton bean 'org.springframework.transaction.config.internalTransactionAdvisor'
01:26:49.737 [main] DEBUG org.springframework.beans.factory.support.DefaultListableBeanFactory - Eagerly caching bean 'org.springframework.boot.autoconfigure.orm.jpa.HibernateJpaAutoConfiguration' to allow for resolving potential circular references
01:26:49.737 [main] DEBUG org.springframework.beans.factory.support.DefaultListableBeanFactory - Returning cached instance of singleton bean 'org.springframework.transaction.config.internalTransactionAdvisor'
01:26:49.737 [main] DEBUG org.springframework.beans.factory.support.DefaultListableBeanFactory - Returning cached instance of singleton bean 'org.springframework.transaction.config.internalTransactionAdvisor'
01:26:49.738 [main] DEBUG org.springframework.beans.factory.support.DefaultListableBeanFactory - Finished creating instance of bean 'org.springframework.boot.autoconfigure.orm.jpa.HibernateJpaAutoConfiguration'
01:26:49.738 [main] DEBUG org.springframework.beans.factory.support.DefaultListableBeanFactory - Creating shared instance of singleton bean 'org.springframework.boot.autoconfigure.jackson.JacksonAutoConfiguration$Jackson2ObjectMapperBuilderCustomizerConfiguration'
01:26:49.738 [main] DEBUG org.springframework.beans.factory.support.DefaultListableBeanFactory - Creating instance of bean 'org.springframework.boot.autoconfigure.jackson.JacksonAutoConfiguration$Jackson2ObjectMapperBuilderCustomizerConfiguration'
01:26:49.738 [main] DEBUG org.springframework.beans.factory.support.DefaultListableBeanFactory - Returning cached instance of singleton bean 'org.springframework.transaction.config.internalTransactionAdvisor'
01:26:49.738 [main] DEBUG org.springframework.beans.factory.support.DefaultListableBeanFactory - Eagerly caching bean 'org.springframework.boot.autoconfigure.jackson.JacksonAutoConfiguration$Jackson2ObjectMapperBuilderCustomizerConfiguration' to allow for resolving potential circular references
01:26:49.738 [main] DEBUG org.springframework.beans.factory.support.DefaultListableBeanFactory - Returning cached instance of singleton bean 'org.springframework.transaction.config.internalTransactionAdvisor'
01:26:49.738 [main] DEBUG org.springframework.beans.factory.support.DefaultListableBeanFactory - Returning cached instance of singleton bean 'org.springframework.transaction.config.internalTransactionAdvisor'
01:26:49.739 [main] DEBUG org.springframework.beans.factory.support.DefaultListableBeanFactory - Finished creating instance of bean 'org.springframework.boot.autoconfigure.jackson.JacksonAutoConfiguration$Jackson2ObjectMapperBuilderCustomizerConfiguration'
01:26:49.739 [main] DEBUG org.springframework.beans.factory.support.DefaultListableBeanFactory - Creating shared instance of singleton bean 'standardJacksonObjectMapperBuilderCustomizer'
01:26:49.739 [main] DEBUG org.springframework.beans.factory.support.DefaultListableBeanFactory - Creating instance of bean 'standardJacksonObjectMapperBuilderCustomizer'
01:26:49.739 [main] DEBUG org.springframework.beans.factory.support.DefaultListableBeanFactory - Returning cached instance of singleton bean 'org.springframework.transaction.config.internalTransactionAdvisor'
01:26:49.739 [main] DEBUG org.springframework.beans.factory.support.DefaultListableBeanFactory - Returning cached instance of singleton bean 'org.springframework.boot.autoconfigure.jackson.JacksonAutoConfiguration$Jackson2ObjectMapperBuilderCustomizerConfiguration'
01:26:49.742 [main] DEBUG org.springframework.beans.factory.support.DefaultListableBeanFactory - Creating shared instance of singleton bean 'spring.jackson-org.springframework.boot.autoconfigure.jackson.JacksonProperties'
01:26:49.742 [main] DEBUG org.springframework.beans.factory.support.DefaultListableBeanFactory - Creating instance of bean 'spring.jackson-org.springframework.boot.autoconfigure.jackson.JacksonProperties'
01:26:49.744 [main] DEBUG org.springframework.beans.factory.support.DefaultListableBeanFactory - Returning cached instance of singleton bean 'org.springframework.transaction.config.internalTransactionAdvisor'
01:26:49.744 [main] DEBUG org.springframework.beans.factory.support.DefaultListableBeanFactory - Eagerly caching bean 'spring.jackson-org.springframework.boot.autoconfigure.jackson.JacksonProperties' to allow for resolving potential circular references
01:26:49.745 [main] DEBUG org.springframework.beans.factory.support.DefaultListableBeanFactory - Returning cached instance of singleton bean 'org.springframework.transaction.config.internalTransactionAdvisor'
01:26:49.745 [main] DEBUG org.springframework.beans.factory.support.DefaultListableBeanFactory - Returning cached instance of singleton bean 'org.springframework.transaction.config.internalTransactionAdvisor'
01:26:49.746 [main] DEBUG org.springframework.beans.factory.support.DefaultListableBeanFactory - Finished creating instance of bean 'spring.jackson-org.springframework.boot.autoconfigure.jackson.JacksonProperties'
01:26:49.746 [main] DEBUG org.springframework.beans.factory.support.DefaultListableBeanFactory - Autowiring by type from bean name 'standardJacksonObjectMapperBuilderCustomizer' via factory method to bean named 'org.springframework.context.support.GenericApplicationContext@15994b0b'
01:26:49.746 [main] DEBUG org.springframework.beans.factory.support.DefaultListableBeanFactory - Autowiring by type from bean name 'standardJacksonObjectMapperBuilderCustomizer' via factory method to bean named 'spring.jackson-org.springframework.boot.autoconfigure.jackson.JacksonProperties'
01:26:49.746 [main] DEBUG org.springframework.beans.factory.support.DefaultListableBeanFactory - Eagerly caching bean 'standardJacksonObjectMapperBuilderCustomizer' to allow for resolving potential circular references
01:26:49.746 [main] DEBUG org.springframework.beans.factory.support.DefaultListableBeanFactory - Returning cached instance of singleton bean 'org.springframework.transaction.config.internalTransactionAdvisor'
01:26:49.746 [main] DEBUG org.springframework.beans.factory.support.DefaultListableBeanFactory - Returning cached instance of singleton bean 'org.springframework.transaction.config.internalTransactionAdvisor'
01:26:49.746 [main] DEBUG org.springframework.beans.factory.support.DefaultListableBeanFactory - Finished creating instance of bean 'standardJacksonObjectMapperBuilderCustomizer'
01:26:49.747 [main] DEBUG org.springframework.beans.factory.support.DefaultListableBeanFactory - Returning cached instance of singleton bean 'spring.jackson-org.springframework.boot.autoconfigure.jackson.JacksonProperties'
01:26:49.747 [main] DEBUG org.springframework.beans.factory.support.DefaultListableBeanFactory - Creating shared instance of singleton bean 'org.springframework.boot.autoconfigure.jackson.JacksonAutoConfiguration$JacksonObjectMapperBuilderConfiguration'
01:26:49.747 [main] DEBUG org.springframework.beans.factory.support.DefaultListableBeanFactory - Creating instance of bean 'org.springframework.boot.autoconfigure.jackson.JacksonAutoConfiguration$JacksonObjectMapperBuilderConfiguration'
01:26:49.747 [main] DEBUG org.springframework.beans.factory.support.DefaultListableBeanFactory - Returning cached instance of singleton bean 'org.springframework.transaction.config.internalTransactionAdvisor'
01:26:49.747 [main] DEBUG org.springframework.core.LocalVariableTableParameterNameDiscoverer - Cannot find '.class' file for class [class org.springframework.boot.autoconfigure.jackson.JacksonAutoConfiguration$JacksonObjectMapperBuilderConfiguration$$EnhancerBySpringCGLIB$$763b34f2] - unable to determine constructor/method parameter names
01:26:49.748 [main] DEBUG org.springframework.beans.factory.support.DefaultListableBeanFactory - Autowiring by type from bean name 'org.springframework.boot.autoconfigure.jackson.JacksonAutoConfiguration$JacksonObjectMapperBuilderConfiguration' via constructor to bean named 'org.springframework.context.support.GenericApplicationContext@15994b0b'
01:26:49.748 [main] DEBUG org.springframework.beans.factory.support.DefaultListableBeanFactory - Eagerly caching bean 'org.springframework.boot.autoconfigure.jackson.JacksonAutoConfiguration$JacksonObjectMapperBuilderConfiguration' to allow for resolving potential circular references
01:26:49.749 [main] DEBUG org.springframework.beans.factory.support.DefaultListableBeanFactory - Returning cached instance of singleton bean 'org.springframework.transaction.config.internalTransactionAdvisor'
01:26:49.749 [main] DEBUG org.springframework.beans.factory.support.DefaultListableBeanFactory - Returning cached instance of singleton bean 'org.springframework.transaction.config.internalTransactionAdvisor'
01:26:49.749 [main] DEBUG org.springframework.beans.factory.support.DefaultListableBeanFactory - Finished creating instance of bean 'org.springframework.boot.autoconfigure.jackson.JacksonAutoConfiguration$JacksonObjectMapperBuilderConfiguration'
01:26:49.749 [main] DEBUG org.springframework.beans.factory.support.DefaultListableBeanFactory - Creating shared instance of singleton bean 'jacksonObjectMapperBuilder'
01:26:49.749 [main] DEBUG org.springframework.beans.factory.support.DefaultListableBeanFactory - Creating instance of bean 'jacksonObjectMapperBuilder'
01:26:49.750 [main] DEBUG org.springframework.beans.factory.support.DefaultListableBeanFactory - Returning cached instance of singleton bean 'org.springframework.transaction.config.internalTransactionAdvisor'
01:26:49.750 [main] DEBUG org.springframework.beans.factory.support.DefaultListableBeanFactory - Returning cached instance of singleton bean 'org.springframework.boot.autoconfigure.jackson.JacksonAutoConfiguration$JacksonObjectMapperBuilderConfiguration'
01:26:49.751 [main] DEBUG org.springframework.beans.factory.support.DefaultListableBeanFactory - Returning cached instance of singleton bean 'standardJacksonObjectMapperBuilderCustomizer'
01:26:49.751 [main] DEBUG org.springframework.beans.factory.support.DefaultListableBeanFactory - Autowiring by type from bean name 'jacksonObjectMapperBuilder' via factory method to bean named 'standardJacksonObjectMapperBuilderCustomizer'
01:26:49.751 [main] DEBUG org.springframework.beans.factory.support.DefaultListableBeanFactory - Creating shared instance of singleton bean 'parameterNamesModule'
01:26:49.754 [main] DEBUG org.springframework.beans.factory.support.DefaultListableBeanFactory - Creating instance of bean 'parameterNamesModule'
01:26:49.754 [main] DEBUG org.springframework.beans.factory.support.DefaultListableBeanFactory - Returning cached instance of singleton bean 'org.springframework.transaction.config.internalTransactionAdvisor'
01:26:49.755 [main] DEBUG org.springframework.beans.factory.support.DefaultListableBeanFactory - Creating shared instance of singleton bean 'org.springframework.boot.autoconfigure.jackson.JacksonAutoConfiguration$ParameterNamesModuleConfiguration'
01:26:49.755 [main] DEBUG org.springframework.beans.factory.support.DefaultListableBeanFactory - Creating instance of bean 'org.springframework.boot.autoconfigure.jackson.JacksonAutoConfiguration$ParameterNamesModuleConfiguration'
01:26:49.755 [main] DEBUG org.springframework.beans.factory.support.DefaultListableBeanFactory - Returning cached instance of singleton bean 'org.springframework.transaction.config.internalTransactionAdvisor'
01:26:49.756 [main] DEBUG org.springframework.beans.factory.support.DefaultListableBeanFactory - Eagerly caching bean 'org.springframework.boot.autoconfigure.jackson.JacksonAutoConfiguration$ParameterNamesModuleConfiguration' to allow for resolving potential circular references
01:26:49.756 [main] DEBUG org.springframework.beans.factory.support.DefaultListableBeanFactory - Returning cached instance of singleton bean 'org.springframework.transaction.config.internalTransactionAdvisor'
01:26:49.756 [main] DEBUG org.springframework.beans.factory.support.DefaultListableBeanFactory - Returning cached instance of singleton bean 'org.springframework.transaction.config.internalTransactionAdvisor'
01:26:49.756 [main] DEBUG org.springframework.beans.factory.support.DefaultListableBeanFactory - Finished creating instance of bean 'org.springframework.boot.autoconfigure.jackson.JacksonAutoConfiguration$ParameterNamesModuleConfiguration'
01:26:49.757 [main] DEBUG org.springframework.beans.factory.support.DefaultListableBeanFactory - Eagerly caching bean 'parameterNamesModule' to allow for resolving potential circular references
01:26:49.757 [main] DEBUG org.springframework.beans.factory.support.DefaultListableBeanFactory - Returning cached instance of singleton bean 'org.springframework.transaction.config.internalTransactionAdvisor'
01:26:49.758 [main] DEBUG org.springframework.beans.factory.support.DefaultListableBeanFactory - Returning cached instance of singleton bean 'org.springframework.transaction.config.internalTransactionAdvisor'
01:26:49.759 [main] DEBUG org.springframework.beans.factory.support.DefaultListableBeanFactory - Finished creating instance of bean 'parameterNamesModule'
01:26:49.759 [main] DEBUG org.springframework.beans.factory.support.DefaultListableBeanFactory - Creating shared instance of singleton bean 'jsonComponentModule'
01:26:49.759 [main] DEBUG org.springframework.beans.factory.support.DefaultListableBeanFactory - Creating instance of bean 'jsonComponentModule'
01:26:49.759 [main] DEBUG org.springframework.beans.factory.support.DefaultListableBeanFactory - Returning cached instance of singleton bean 'org.springframework.transaction.config.internalTransactionAdvisor'
01:26:49.760 [main] DEBUG org.springframework.beans.factory.support.DefaultListableBeanFactory - Creating shared instance of singleton bean 'org.springframework.boot.autoconfigure.jackson.JacksonAutoConfiguration'
01:26:49.760 [main] DEBUG org.springframework.beans.factory.support.DefaultListableBeanFactory - Creating instance of bean 'org.springframework.boot.autoconfigure.jackson.JacksonAutoConfiguration'
01:26:49.760 [main] DEBUG org.springframework.beans.factory.support.DefaultListableBeanFactory - Returning cached instance of singleton bean 'org.springframework.transaction.config.internalTransactionAdvisor'
01:26:49.760 [main] DEBUG org.springframework.beans.factory.support.DefaultListableBeanFactory - Eagerly caching bean 'org.springframework.boot.autoconfigure.jackson.JacksonAutoConfiguration' to allow for resolving potential circular references
01:26:49.760 [main] DEBUG org.springframework.beans.factory.support.DefaultListableBeanFactory - Returning cached instance of singleton bean 'org.springframework.transaction.config.internalTransactionAdvisor'
01:26:49.760 [main] DEBUG org.springframework.beans.factory.support.DefaultListableBeanFactory - Returning cached instance of singleton bean 'org.springframework.transaction.config.internalTransactionAdvisor'
01:26:49.760 [main] DEBUG org.springframework.beans.factory.support.DefaultListableBeanFactory - Finished creating instance of bean 'org.springframework.boot.autoconfigure.jackson.JacksonAutoConfiguration'
01:26:49.760 [main] DEBUG org.springframework.context.annotation.CommonAnnotationBeanPostProcessor - Found init method on class [org.springframework.boot.jackson.JsonComponentModule]: public void org.springframework.boot.jackson.JsonComponentModule.registerJsonComponents()
01:26:49.760 [main] DEBUG org.springframework.context.annotation.CommonAnnotationBeanPostProcessor - Registered init method on class [org.springframework.boot.jackson.JsonComponentModule]: org.springframework.beans.factory.annotation.InitDestroyAnnotationBeanPostProcessor$LifecycleElement@65126ba1
01:26:49.761 [main] DEBUG org.springframework.beans.factory.support.DefaultListableBeanFactory - Eagerly caching bean 'jsonComponentModule' to allow for resolving potential circular references
01:26:49.761 [main] DEBUG org.springframework.context.annotation.CommonAnnotationBeanPostProcessor - Invoking init method on bean 'jsonComponentModule': public void org.springframework.boot.jackson.JsonComponentModule.registerJsonComponents()
01:26:49.763 [main] DEBUG org.springframework.beans.factory.support.DefaultListableBeanFactory - Returning cached instance of singleton bean 'org.springframework.transaction.config.internalTransactionAdvisor'
01:26:49.763 [main] DEBUG org.springframework.beans.factory.support.DefaultListableBeanFactory - Returning cached instance of singleton bean 'org.springframework.transaction.config.internalTransactionAdvisor'
01:26:49.763 [main] DEBUG org.springframework.beans.factory.support.DefaultListableBeanFactory - Finished creating instance of bean 'jsonComponentModule'
01:26:49.764 [main] DEBUG org.springframework.beans.factory.support.DefaultListableBeanFactory - Eagerly caching bean 'jacksonObjectMapperBuilder' to allow for resolving potential circular references
01:26:49.764 [main] DEBUG org.springframework.beans.factory.support.DefaultListableBeanFactory - Returning cached instance of singleton bean 'org.springframework.transaction.config.internalTransactionAdvisor'
01:26:49.764 [main] DEBUG org.springframework.beans.factory.support.DefaultListableBeanFactory - Returning cached instance of singleton bean 'org.springframework.transaction.config.internalTransactionAdvisor'
01:26:49.764 [main] DEBUG org.springframework.beans.factory.support.DefaultListableBeanFactory - Finished creating instance of bean 'jacksonObjectMapperBuilder'
01:26:49.764 [main] DEBUG org.springframework.beans.factory.support.DefaultListableBeanFactory - Returning cached instance of singleton bean 'org.springframework.boot.autoconfigure.jackson.JacksonAutoConfiguration$ParameterNamesModuleConfiguration'
01:26:49.765 [main] DEBUG org.springframework.beans.factory.support.DefaultListableBeanFactory - Returning cached instance of singleton bean 'parameterNamesModule'
01:26:49.765 [main] DEBUG org.springframework.beans.factory.support.DefaultListableBeanFactory - Creating shared instance of singleton bean 'org.springframework.boot.autoconfigure.jackson.JacksonAutoConfiguration$JacksonObjectMapperConfiguration'
01:26:49.765 [main] DEBUG org.springframework.beans.factory.support.DefaultListableBeanFactory - Creating instance of bean 'org.springframework.boot.autoconfigure.jackson.JacksonAutoConfiguration$JacksonObjectMapperConfiguration'
01:26:49.765 [main] DEBUG org.springframework.beans.factory.support.DefaultListableBeanFactory - Returning cached instance of singleton bean 'org.springframework.transaction.config.internalTransactionAdvisor'
01:26:49.765 [main] DEBUG org.springframework.beans.factory.support.DefaultListableBeanFactory - Eagerly caching bean 'org.springframework.boot.autoconfigure.jackson.JacksonAutoConfiguration$JacksonObjectMapperConfiguration' to allow for resolving potential circular references
01:26:49.766 [main] DEBUG org.springframework.beans.factory.support.DefaultListableBeanFactory - Returning cached instance of singleton bean 'org.springframework.transaction.config.internalTransactionAdvisor'
01:26:49.766 [main] DEBUG org.springframework.beans.factory.support.DefaultListableBeanFactory - Returning cached instance of singleton bean 'org.springframework.transaction.config.internalTransactionAdvisor'
01:26:49.766 [main] DEBUG org.springframework.beans.factory.support.DefaultListableBeanFactory - Finished creating instance of bean 'org.springframework.boot.autoconfigure.jackson.JacksonAutoConfiguration$JacksonObjectMapperConfiguration'
01:26:49.766 [main] DEBUG org.springframework.beans.factory.support.DefaultListableBeanFactory - Creating shared instance of singleton bean 'jacksonObjectMapper'
01:26:49.766 [main] DEBUG org.springframework.beans.factory.support.DefaultListableBeanFactory - Creating instance of bean 'jacksonObjectMapper'
01:26:49.767 [main] DEBUG org.springframework.beans.factory.support.DefaultListableBeanFactory - Returning cached instance of singleton bean 'org.springframework.transaction.config.internalTransactionAdvisor'
01:26:49.767 [main] DEBUG org.springframework.beans.factory.support.DefaultListableBeanFactory - Returning cached instance of singleton bean 'org.springframework.boot.autoconfigure.jackson.JacksonAutoConfiguration$JacksonObjectMapperConfiguration'
01:26:49.767 [main] DEBUG org.springframework.beans.factory.support.DefaultListableBeanFactory - Returning cached instance of singleton bean 'jacksonObjectMapperBuilder'
01:26:49.768 [main] DEBUG org.springframework.beans.factory.support.DefaultListableBeanFactory - Autowiring by type from bean name 'jacksonObjectMapper' via factory method to bean named 'jacksonObjectMapperBuilder'
01:26:49.775 [main] DEBUG org.springframework.beans.factory.support.DefaultListableBeanFactory - Eagerly caching bean 'jacksonObjectMapper' to allow for resolving potential circular references
01:26:49.778 [main] DEBUG org.springframework.beans.factory.support.DefaultListableBeanFactory - Returning cached instance of singleton bean 'org.springframework.transaction.config.internalTransactionAdvisor'
01:26:49.778 [main] DEBUG org.springframework.beans.factory.support.DefaultListableBeanFactory - Returning cached instance of singleton bean 'org.springframework.transaction.config.internalTransactionAdvisor'
01:26:49.781 [main] DEBUG org.springframework.beans.factory.support.DefaultListableBeanFactory - Finished creating instance of bean 'jacksonObjectMapper'
01:26:49.781 [main] DEBUG org.springframework.beans.factory.support.DefaultListableBeanFactory - Returning cached instance of singleton bean 'org.springframework.boot.autoconfigure.jackson.JacksonAutoConfiguration'
01:26:49.782 [main] DEBUG org.springframework.beans.factory.support.DefaultListableBeanFactory - Returning cached instance of singleton bean 'jsonComponentModule'
01:26:49.783 [main] DEBUG org.springframework.beans.factory.support.DefaultListableBeanFactory - Creating shared instance of singleton bean 'org.springframework.boot.autoconfigure.http.HttpMessageConvertersAutoConfiguration$StringHttpMessageConverterConfiguration'
01:26:49.783 [main] DEBUG org.springframework.beans.factory.support.DefaultListableBeanFactory - Creating instance of bean 'org.springframework.boot.autoconfigure.http.HttpMessageConvertersAutoConfiguration$StringHttpMessageConverterConfiguration'
01:26:49.783 [main] DEBUG org.springframework.beans.factory.support.DefaultListableBeanFactory - Returning cached instance of singleton bean 'org.springframework.transaction.config.internalTransactionAdvisor'
01:26:49.784 [main] DEBUG org.springframework.core.LocalVariableTableParameterNameDiscoverer - Cannot find '.class' file for class [class org.springframework.boot.autoconfigure.http.HttpMessageConvertersAutoConfiguration$StringHttpMessageConverterConfiguration$$EnhancerBySpringCGLIB$$b59c857c] - unable to determine constructor/method parameter names
01:26:49.784 [main] DEBUG org.springframework.beans.factory.support.DefaultListableBeanFactory - Creating shared instance of singleton bean 'spring.http.encoding-org.springframework.boot.autoconfigure.http.HttpEncodingProperties'
01:26:49.784 [main] DEBUG org.springframework.beans.factory.support.DefaultListableBeanFactory - Creating instance of bean 'spring.http.encoding-org.springframework.boot.autoconfigure.http.HttpEncodingProperties'
01:26:49.785 [main] DEBUG org.springframework.beans.factory.support.DefaultListableBeanFactory - Returning cached instance of singleton bean 'org.springframework.transaction.config.internalTransactionAdvisor'
01:26:49.792 [main] DEBUG org.springframework.beans.factory.support.DefaultListableBeanFactory - Eagerly caching bean 'spring.http.encoding-org.springframework.boot.autoconfigure.http.HttpEncodingProperties' to allow for resolving potential circular references
01:26:49.793 [main] DEBUG org.springframework.beans.factory.support.DefaultListableBeanFactory - Returning cached instance of singleton bean 'org.springframework.transaction.config.internalTransactionAdvisor'
01:26:49.794 [main] DEBUG org.springframework.beans.factory.support.DefaultListableBeanFactory - Returning cached instance of singleton bean 'org.springframework.transaction.config.internalTransactionAdvisor'
01:26:49.794 [main] DEBUG org.springframework.beans.factory.support.DefaultListableBeanFactory - Finished creating instance of bean 'spring.http.encoding-org.springframework.boot.autoconfigure.http.HttpEncodingProperties'
01:26:49.794 [main] DEBUG org.springframework.beans.factory.support.DefaultListableBeanFactory - Autowiring by type from bean name 'org.springframework.boot.autoconfigure.http.HttpMessageConvertersAutoConfiguration$StringHttpMessageConverterConfiguration' via constructor to bean named 'spring.http.encoding-org.springframework.boot.autoconfigure.http.HttpEncodingProperties'
01:26:49.794 [main] DEBUG org.springframework.beans.factory.support.DefaultListableBeanFactory - Eagerly caching bean 'org.springframework.boot.autoconfigure.http.HttpMessageConvertersAutoConfiguration$StringHttpMessageConverterConfiguration' to allow for resolving potential circular references
01:26:49.795 [main] DEBUG org.springframework.beans.factory.support.DefaultListableBeanFactory - Returning cached instance of singleton bean 'org.springframework.transaction.config.internalTransactionAdvisor'
01:26:49.795 [main] DEBUG org.springframework.beans.factory.support.DefaultListableBeanFactory - Returning cached instance of singleton bean 'org.springframework.transaction.config.internalTransactionAdvisor'
01:26:49.795 [main] DEBUG org.springframework.beans.factory.support.DefaultListableBeanFactory - Finished creating instance of bean 'org.springframework.boot.autoconfigure.http.HttpMessageConvertersAutoConfiguration$StringHttpMessageConverterConfiguration'
01:26:49.795 [main] DEBUG org.springframework.beans.factory.support.DefaultListableBeanFactory - Creating shared instance of singleton bean 'stringHttpMessageConverter'
01:26:49.795 [main] DEBUG org.springframework.beans.factory.support.DefaultListableBeanFactory - Creating instance of bean 'stringHttpMessageConverter'
01:26:49.795 [main] DEBUG org.springframework.beans.factory.support.DefaultListableBeanFactory - Returning cached instance of singleton bean 'org.springframework.transaction.config.internalTransactionAdvisor'
01:26:49.795 [main] DEBUG org.springframework.beans.factory.support.DefaultListableBeanFactory - Returning cached instance of singleton bean 'org.springframework.boot.autoconfigure.http.HttpMessageConvertersAutoConfiguration$StringHttpMessageConverterConfiguration'
01:26:49.797 [main] DEBUG org.springframework.beans.factory.support.DefaultListableBeanFactory - Eagerly caching bean 'stringHttpMessageConverter' to allow for resolving potential circular references
01:26:49.797 [main] DEBUG org.springframework.beans.factory.support.DefaultListableBeanFactory - Returning cached instance of singleton bean 'org.springframework.transaction.config.internalTransactionAdvisor'
01:26:49.798 [main] DEBUG org.springframework.beans.factory.support.DefaultListableBeanFactory - Returning cached instance of singleton bean 'org.springframework.transaction.config.internalTransactionAdvisor'
01:26:49.798 [main] DEBUG org.springframework.beans.factory.support.DefaultListableBeanFactory - Finished creating instance of bean 'stringHttpMessageConverter'
01:26:49.798 [main] DEBUG org.springframework.beans.factory.support.DefaultListableBeanFactory - Returning cached instance of singleton bean 'spring.http.encoding-org.springframework.boot.autoconfigure.http.HttpEncodingProperties'
01:26:49.798 [main] DEBUG org.springframework.beans.factory.support.DefaultListableBeanFactory - Creating shared instance of singleton bean 'org.springframework.boot.autoconfigure.http.JacksonHttpMessageConvertersConfiguration$MappingJackson2HttpMessageConverterConfiguration'
01:26:49.798 [main] DEBUG org.springframework.beans.factory.support.DefaultListableBeanFactory - Creating instance of bean 'org.springframework.boot.autoconfigure.http.JacksonHttpMessageConvertersConfiguration$MappingJackson2HttpMessageConverterConfiguration'
01:26:49.798 [main] DEBUG org.springframework.beans.factory.support.DefaultListableBeanFactory - Returning cached instance of singleton bean 'org.springframework.transaction.config.internalTransactionAdvisor'
01:26:49.799 [main] DEBUG org.springframework.beans.factory.support.DefaultListableBeanFactory - Eagerly caching bean 'org.springframework.boot.autoconfigure.http.JacksonHttpMessageConvertersConfiguration$MappingJackson2HttpMessageConverterConfiguration' to allow for resolving potential circular references
01:26:49.799 [main] DEBUG org.springframework.beans.factory.support.DefaultListableBeanFactory - Returning cached instance of singleton bean 'org.springframework.transaction.config.internalTransactionAdvisor'
01:26:49.799 [main] DEBUG org.springframework.beans.factory.support.DefaultListableBeanFactory - Returning cached instance of singleton bean 'org.springframework.transaction.config.internalTransactionAdvisor'
01:26:49.800 [main] DEBUG org.springframework.beans.factory.support.DefaultListableBeanFactory - Finished creating instance of bean 'org.springframework.boot.autoconfigure.http.JacksonHttpMessageConvertersConfiguration$MappingJackson2HttpMessageConverterConfiguration'
01:26:49.800 [main] DEBUG org.springframework.beans.factory.support.DefaultListableBeanFactory - Creating shared instance of singleton bean 'mappingJackson2HttpMessageConverter'
01:26:49.800 [main] DEBUG org.springframework.beans.factory.support.DefaultListableBeanFactory - Creating instance of bean 'mappingJackson2HttpMessageConverter'
01:26:49.800 [main] DEBUG org.springframework.beans.factory.support.DefaultListableBeanFactory - Returning cached instance of singleton bean 'org.springframework.transaction.config.internalTransactionAdvisor'
01:26:49.800 [main] DEBUG org.springframework.beans.factory.support.DefaultListableBeanFactory - Returning cached instance of singleton bean 'org.springframework.boot.autoconfigure.http.JacksonHttpMessageConvertersConfiguration$MappingJackson2HttpMessageConverterConfiguration'
01:26:49.803 [main] DEBUG org.springframework.beans.factory.support.DefaultListableBeanFactory - Returning cached instance of singleton bean 'jacksonObjectMapper'
01:26:49.804 [main] DEBUG org.springframework.beans.factory.support.DefaultListableBeanFactory - Autowiring by type from bean name 'mappingJackson2HttpMessageConverter' via factory method to bean named 'jacksonObjectMapper'
01:26:49.804 [main] DEBUG org.springframework.beans.factory.support.DefaultListableBeanFactory - Eagerly caching bean 'mappingJackson2HttpMessageConverter' to allow for resolving potential circular references
01:26:49.805 [main] DEBUG org.springframework.beans.factory.support.DefaultListableBeanFactory - Returning cached instance of singleton bean 'org.springframework.transaction.config.internalTransactionAdvisor'
01:26:49.805 [main] DEBUG org.springframework.beans.factory.support.DefaultListableBeanFactory - Returning cached instance of singleton bean 'org.springframework.transaction.config.internalTransactionAdvisor'
01:26:49.806 [main] DEBUG org.springframework.beans.factory.support.DefaultListableBeanFactory - Finished creating instance of bean 'mappingJackson2HttpMessageConverter'
01:26:49.806 [main] DEBUG org.springframework.beans.factory.support.DefaultListableBeanFactory - Creating shared instance of singleton bean 'org.springframework.boot.autoconfigure.http.JacksonHttpMessageConvertersConfiguration'
01:26:49.806 [main] DEBUG org.springframework.beans.factory.support.DefaultListableBeanFactory - Creating instance of bean 'org.springframework.boot.autoconfigure.http.JacksonHttpMessageConvertersConfiguration'
01:26:49.806 [main] DEBUG org.springframework.beans.factory.support.DefaultListableBeanFactory - Returning cached instance of singleton bean 'org.springframework.transaction.config.internalTransactionAdvisor'
01:26:49.807 [main] DEBUG org.springframework.beans.factory.support.DefaultListableBeanFactory - Eagerly caching bean 'org.springframework.boot.autoconfigure.http.JacksonHttpMessageConvertersConfiguration' to allow for resolving potential circular references
01:26:49.807 [main] DEBUG org.springframework.beans.factory.support.DefaultListableBeanFactory - Returning cached instance of singleton bean 'org.springframework.transaction.config.internalTransactionAdvisor'
01:26:49.807 [main] DEBUG org.springframework.beans.factory.support.DefaultListableBeanFactory - Returning cached instance of singleton bean 'org.springframework.transaction.config.internalTransactionAdvisor'
01:26:49.807 [main] DEBUG org.springframework.beans.factory.support.DefaultListableBeanFactory - Finished creating instance of bean 'org.springframework.boot.autoconfigure.http.JacksonHttpMessageConvertersConfiguration'
01:26:49.807 [main] DEBUG org.springframework.beans.factory.support.DefaultListableBeanFactory - Creating shared instance of singleton bean 'org.springframework.boot.autoconfigure.http.HttpMessageConvertersAutoConfiguration'
01:26:49.808 [main] DEBUG org.springframework.beans.factory.support.DefaultListableBeanFactory - Creating instance of bean 'org.springframework.boot.autoconfigure.http.HttpMessageConvertersAutoConfiguration'
01:26:49.808 [main] DEBUG org.springframework.beans.factory.support.DefaultListableBeanFactory - Returning cached instance of singleton bean 'org.springframework.transaction.config.internalTransactionAdvisor'
01:26:49.808 [main] DEBUG org.springframework.core.LocalVariableTableParameterNameDiscoverer - Cannot find '.class' file for class [class org.springframework.boot.autoconfigure.http.HttpMessageConvertersAutoConfiguration$$EnhancerBySpringCGLIB$$828ebedc] - unable to determine constructor/method parameter names
01:26:49.810 [main] DEBUG org.springframework.beans.factory.support.DefaultListableBeanFactory - Returning cached instance of singleton bean 'stringHttpMessageConverter'
01:26:49.810 [main] DEBUG org.springframework.beans.factory.support.DefaultListableBeanFactory - Returning cached instance of singleton bean 'mappingJackson2HttpMessageConverter'
01:26:49.811 [main] DEBUG org.springframework.beans.factory.support.DefaultListableBeanFactory - Eagerly caching bean 'org.springframework.boot.autoconfigure.http.HttpMessageConvertersAutoConfiguration' to allow for resolving potential circular references
01:26:49.814 [main] DEBUG org.springframework.beans.factory.support.DefaultListableBeanFactory - Returning cached instance of singleton bean 'org.springframework.transaction.config.internalTransactionAdvisor'
01:26:49.815 [main] DEBUG org.springframework.beans.factory.support.DefaultListableBeanFactory - Returning cached instance of singleton bean 'org.springframework.transaction.config.internalTransactionAdvisor'
01:26:49.816 [main] DEBUG org.springframework.beans.factory.support.DefaultListableBeanFactory - Finished creating instance of bean 'org.springframework.boot.autoconfigure.http.HttpMessageConvertersAutoConfiguration'
01:26:49.816 [main] DEBUG org.springframework.beans.factory.support.DefaultListableBeanFactory - Creating shared instance of singleton bean 'messageConverters'
01:26:49.816 [main] DEBUG org.springframework.beans.factory.support.DefaultListableBeanFactory - Creating instance of bean 'messageConverters'
01:26:49.816 [main] DEBUG org.springframework.beans.factory.support.DefaultListableBeanFactory - Returning cached instance of singleton bean 'org.springframework.transaction.config.internalTransactionAdvisor'
01:26:49.816 [main] DEBUG org.springframework.beans.factory.support.DefaultListableBeanFactory - Returning cached instance of singleton bean 'org.springframework.boot.autoconfigure.http.HttpMessageConvertersAutoConfiguration'
01:26:49.824 [main] DEBUG org.springframework.beans.factory.support.DefaultListableBeanFactory - Eagerly caching bean 'messageConverters' to allow for resolving potential circular references
01:26:49.825 [main] DEBUG org.springframework.beans.factory.support.DefaultListableBeanFactory - Returning cached instance of singleton bean 'org.springframework.transaction.config.internalTransactionAdvisor'
01:26:49.825 [main] DEBUG org.springframework.beans.factory.support.DefaultListableBeanFactory - Returning cached instance of singleton bean 'org.springframework.transaction.config.internalTransactionAdvisor'
01:26:49.825 [main] DEBUG org.springframework.beans.factory.support.DefaultListableBeanFactory - Finished creating instance of bean 'messageConverters'
01:26:49.825 [main] DEBUG org.springframework.beans.factory.support.DefaultListableBeanFactory - Creating shared instance of singleton bean 'org.springframework.boot.autoconfigure.http.codec.CodecsAutoConfiguration$JacksonCodecConfiguration'
01:26:49.825 [main] DEBUG org.springframework.beans.factory.support.DefaultListableBeanFactory - Creating instance of bean 'org.springframework.boot.autoconfigure.http.codec.CodecsAutoConfiguration$JacksonCodecConfiguration'
01:26:49.826 [main] DEBUG org.springframework.beans.factory.support.DefaultListableBeanFactory - Returning cached instance of singleton bean 'org.springframework.transaction.config.internalTransactionAdvisor'
01:26:49.826 [main] DEBUG org.springframework.beans.factory.support.DefaultListableBeanFactory - Eagerly caching bean 'org.springframework.boot.autoconfigure.http.codec.CodecsAutoConfiguration$JacksonCodecConfiguration' to allow for resolving potential circular references
01:26:49.826 [main] DEBUG org.springframework.beans.factory.support.DefaultListableBeanFactory - Returning cached instance of singleton bean 'org.springframework.transaction.config.internalTransactionAdvisor'
01:26:49.826 [main] DEBUG org.springframework.beans.factory.support.DefaultListableBeanFactory - Returning cached instance of singleton bean 'org.springframework.transaction.config.internalTransactionAdvisor'
01:26:49.827 [main] DEBUG org.springframework.beans.factory.support.DefaultListableBeanFactory - Finished creating instance of bean 'org.springframework.boot.autoconfigure.http.codec.CodecsAutoConfiguration$JacksonCodecConfiguration'
01:26:49.827 [main] DEBUG org.springframework.beans.factory.support.DefaultListableBeanFactory - Creating shared instance of singleton bean 'jacksonCodecCustomizer'
01:26:49.833 [main] DEBUG org.springframework.beans.factory.support.DefaultListableBeanFactory - Creating instance of bean 'jacksonCodecCustomizer'
01:26:49.865 [main] DEBUG org.springframework.beans.factory.support.DefaultListableBeanFactory - Returning cached instance of singleton bean 'org.springframework.transaction.config.internalTransactionAdvisor'
01:26:49.865 [main] DEBUG org.springframework.beans.factory.support.DefaultListableBeanFactory - Returning cached instance of singleton bean 'org.springframework.boot.autoconfigure.http.codec.CodecsAutoConfiguration$JacksonCodecConfiguration'
01:26:49.866 [main] DEBUG org.springframework.beans.factory.support.DefaultListableBeanFactory - Returning cached instance of singleton bean 'jacksonObjectMapper'
01:26:49.867 [main] DEBUG org.springframework.beans.factory.support.DefaultListableBeanFactory - Autowiring by type from bean name 'jacksonCodecCustomizer' via factory method to bean named 'jacksonObjectMapper'
01:26:49.868 [main] DEBUG org.springframework.beans.factory.support.DefaultListableBeanFactory - Eagerly caching bean 'jacksonCodecCustomizer' to allow for resolving potential circular references
01:26:49.868 [main] DEBUG org.springframework.beans.factory.support.DefaultListableBeanFactory - Returning cached instance of singleton bean 'org.springframework.transaction.config.internalTransactionAdvisor'
01:26:49.868 [main] DEBUG org.springframework.beans.factory.support.DefaultListableBeanFactory - Returning cached instance of singleton bean 'org.springframework.transaction.config.internalTransactionAdvisor'
01:26:49.868 [main] DEBUG org.springframework.beans.factory.support.DefaultListableBeanFactory - Finished creating instance of bean 'jacksonCodecCustomizer'
01:26:49.868 [main] DEBUG org.springframework.beans.factory.support.DefaultListableBeanFactory - Creating shared instance of singleton bean 'org.springframework.boot.autoconfigure.http.codec.CodecsAutoConfiguration'
01:26:49.868 [main] DEBUG org.springframework.beans.factory.support.DefaultListableBeanFactory - Creating instance of bean 'org.springframework.boot.autoconfigure.http.codec.CodecsAutoConfiguration'
01:26:49.868 [main] DEBUG org.springframework.beans.factory.support.DefaultListableBeanFactory - Returning cached instance of singleton bean 'org.springframework.transaction.config.internalTransactionAdvisor'
01:26:49.870 [main] DEBUG org.springframework.beans.factory.support.DefaultListableBeanFactory - Eagerly caching bean 'org.springframework.boot.autoconfigure.http.codec.CodecsAutoConfiguration' to allow for resolving potential circular references
01:26:49.873 [main] DEBUG org.springframework.beans.factory.support.DefaultListableBeanFactory - Returning cached instance of singleton bean 'org.springframework.transaction.config.internalTransactionAdvisor'
01:26:49.873 [main] DEBUG org.springframework.beans.factory.support.DefaultListableBeanFactory - Returning cached instance of singleton bean 'org.springframework.transaction.config.internalTransactionAdvisor'
01:26:49.873 [main] DEBUG org.springframework.beans.factory.support.DefaultListableBeanFactory - Finished creating instance of bean 'org.springframework.boot.autoconfigure.http.codec.CodecsAutoConfiguration'
01:26:49.873 [main] DEBUG org.springframework.beans.factory.support.DefaultListableBeanFactory - Creating shared instance of singleton bean 'org.springframework.boot.autoconfigure.info.ProjectInfoAutoConfiguration'
01:26:49.873 [main] DEBUG org.springframework.beans.factory.support.DefaultListableBeanFactory - Creating instance of bean 'org.springframework.boot.autoconfigure.info.ProjectInfoAutoConfiguration'
01:26:49.873 [main] DEBUG org.springframework.beans.factory.support.DefaultListableBeanFactory - Returning cached instance of singleton bean 'org.springframework.transaction.config.internalTransactionAdvisor'
01:26:49.874 [main] DEBUG org.springframework.core.LocalVariableTableParameterNameDiscoverer - Cannot find '.class' file for class [class org.springframework.boot.autoconfigure.info.ProjectInfoAutoConfiguration$$EnhancerBySpringCGLIB$$a4550061] - unable to determine constructor/method parameter names
01:26:49.875 [main] DEBUG org.springframework.beans.factory.support.DefaultListableBeanFactory - Creating shared instance of singleton bean 'spring.info-org.springframework.boot.autoconfigure.info.ProjectInfoProperties'
01:26:49.875 [main] DEBUG org.springframework.beans.factory.support.DefaultListableBeanFactory - Creating instance of bean 'spring.info-org.springframework.boot.autoconfigure.info.ProjectInfoProperties'
01:26:49.875 [main] DEBUG org.springframework.beans.factory.support.DefaultListableBeanFactory - Returning cached instance of singleton bean 'org.springframework.transaction.config.internalTransactionAdvisor'
01:26:49.875 [main] DEBUG org.springframework.beans.factory.support.DefaultListableBeanFactory - Eagerly caching bean 'spring.info-org.springframework.boot.autoconfigure.info.ProjectInfoProperties' to allow for resolving potential circular references
01:26:49.877 [main] DEBUG org.springframework.beans.factory.support.DefaultListableBeanFactory - Returning cached instance of singleton bean 'org.springframework.transaction.config.internalTransactionAdvisor'
01:26:49.877 [main] DEBUG org.springframework.beans.factory.support.DefaultListableBeanFactory - Returning cached instance of singleton bean 'org.springframework.transaction.config.internalTransactionAdvisor'
01:26:49.877 [main] DEBUG org.springframework.beans.factory.support.DefaultListableBeanFactory - Finished creating instance of bean 'spring.info-org.springframework.boot.autoconfigure.info.ProjectInfoProperties'
01:26:49.877 [main] DEBUG org.springframework.beans.factory.support.DefaultListableBeanFactory - Autowiring by type from bean name 'org.springframework.boot.autoconfigure.info.ProjectInfoAutoConfiguration' via constructor to bean named 'spring.info-org.springframework.boot.autoconfigure.info.ProjectInfoProperties'
01:26:49.878 [main] DEBUG org.springframework.beans.factory.support.DefaultListableBeanFactory - Eagerly caching bean 'org.springframework.boot.autoconfigure.info.ProjectInfoAutoConfiguration' to allow for resolving potential circular references
01:26:49.881 [main] DEBUG org.springframework.beans.factory.support.DefaultListableBeanFactory - Returning cached instance of singleton bean 'org.springframework.transaction.config.internalTransactionAdvisor'
01:26:49.881 [main] DEBUG org.springframework.beans.factory.support.DefaultListableBeanFactory - Returning cached instance of singleton bean 'org.springframework.transaction.config.internalTransactionAdvisor'
01:26:49.881 [main] DEBUG org.springframework.beans.factory.support.DefaultListableBeanFactory - Finished creating instance of bean 'org.springframework.boot.autoconfigure.info.ProjectInfoAutoConfiguration'
01:26:49.881 [main] DEBUG org.springframework.beans.factory.support.DefaultListableBeanFactory - Returning cached instance of singleton bean 'spring.info-org.springframework.boot.autoconfigure.info.ProjectInfoProperties'
01:26:49.881 [main] DEBUG org.springframework.beans.factory.support.DefaultListableBeanFactory - Creating shared instance of singleton bean 'org.springframework.boot.autoconfigure.jdbc.JdbcTemplateAutoConfiguration$JdbcTemplateConfiguration'
01:26:49.881 [main] DEBUG org.springframework.beans.factory.support.DefaultListableBeanFactory - Creating instance of bean 'org.springframework.boot.autoconfigure.jdbc.JdbcTemplateAutoConfiguration$JdbcTemplateConfiguration'
01:26:49.881 [main] DEBUG org.springframework.beans.factory.support.DefaultListableBeanFactory - Returning cached instance of singleton bean 'org.springframework.transaction.config.internalTransactionAdvisor'
01:26:49.882 [main] DEBUG org.springframework.core.LocalVariableTableParameterNameDiscoverer - Cannot find '.class' file for class [class org.springframework.boot.autoconfigure.jdbc.JdbcTemplateAutoConfiguration$JdbcTemplateConfiguration$$EnhancerBySpringCGLIB$$80e621b5] - unable to determine constructor/method parameter names
01:26:49.885 [main] DEBUG org.springframework.beans.factory.support.DefaultListableBeanFactory - Returning cached instance of singleton bean 'dataSource'
01:26:49.889 [main] DEBUG org.springframework.beans.factory.support.DefaultListableBeanFactory - Creating shared instance of singleton bean 'spring.jdbc-org.springframework.boot.autoconfigure.jdbc.JdbcProperties'
01:26:49.889 [main] DEBUG org.springframework.beans.factory.support.DefaultListableBeanFactory - Creating instance of bean 'spring.jdbc-org.springframework.boot.autoconfigure.jdbc.JdbcProperties'
01:26:49.889 [main] DEBUG org.springframework.beans.factory.support.DefaultListableBeanFactory - Returning cached instance of singleton bean 'org.springframework.transaction.config.internalTransactionAdvisor'
01:26:49.889 [main] DEBUG org.springframework.beans.factory.support.DefaultListableBeanFactory - Eagerly caching bean 'spring.jdbc-org.springframework.boot.autoconfigure.jdbc.JdbcProperties' to allow for resolving potential circular references
01:26:49.891 [main] DEBUG org.springframework.beans.factory.support.DefaultListableBeanFactory - Returning cached instance of singleton bean 'org.springframework.transaction.config.internalTransactionAdvisor'
01:26:49.891 [main] DEBUG org.springframework.beans.factory.support.DefaultListableBeanFactory - Returning cached instance of singleton bean 'org.springframework.transaction.config.internalTransactionAdvisor'
01:26:49.891 [main] DEBUG org.springframework.beans.factory.support.DefaultListableBeanFactory - Finished creating instance of bean 'spring.jdbc-org.springframework.boot.autoconfigure.jdbc.JdbcProperties'
01:26:49.891 [main] DEBUG org.springframework.beans.factory.support.DefaultListableBeanFactory - Autowiring by type from bean name 'org.springframework.boot.autoconfigure.jdbc.JdbcTemplateAutoConfiguration$JdbcTemplateConfiguration' via constructor to bean named 'dataSource'
01:26:49.891 [main] DEBUG org.springframework.beans.factory.support.DefaultListableBeanFactory - Autowiring by type from bean name 'org.springframework.boot.autoconfigure.jdbc.JdbcTemplateAutoConfiguration$JdbcTemplateConfiguration' via constructor to bean named 'spring.jdbc-org.springframework.boot.autoconfigure.jdbc.JdbcProperties'
01:26:49.892 [main] DEBUG org.springframework.beans.factory.support.DefaultListableBeanFactory - Eagerly caching bean 'org.springframework.boot.autoconfigure.jdbc.JdbcTemplateAutoConfiguration$JdbcTemplateConfiguration' to allow for resolving potential circular references
01:26:49.892 [main] DEBUG org.springframework.beans.factory.support.DefaultListableBeanFactory - Returning cached instance of singleton bean 'org.springframework.transaction.config.internalTransactionAdvisor'
01:26:49.892 [main] DEBUG org.springframework.beans.factory.support.DefaultListableBeanFactory - Returning cached instance of singleton bean 'org.springframework.transaction.config.internalTransactionAdvisor'
01:26:49.892 [main] DEBUG org.springframework.beans.factory.support.DefaultListableBeanFactory - Finished creating instance of bean 'org.springframework.boot.autoconfigure.jdbc.JdbcTemplateAutoConfiguration$JdbcTemplateConfiguration'
01:26:49.892 [main] DEBUG org.springframework.beans.factory.support.DefaultListableBeanFactory - Creating shared instance of singleton bean 'jdbcTemplate'
01:26:49.892 [main] DEBUG org.springframework.beans.factory.support.DefaultListableBeanFactory - Creating instance of bean 'jdbcTemplate'
01:26:49.893 [main] DEBUG org.springframework.beans.factory.support.DefaultListableBeanFactory - Returning cached instance of singleton bean 'org.springframework.transaction.config.internalTransactionAdvisor'
01:26:49.893 [main] DEBUG org.springframework.beans.factory.support.DefaultListableBeanFactory - Returning cached instance of singleton bean 'org.springframework.boot.autoconfigure.jdbc.JdbcTemplateAutoConfiguration$JdbcTemplateConfiguration'
01:26:49.893 [main] DEBUG org.springframework.beans.factory.support.DefaultListableBeanFactory - Eagerly caching bean 'jdbcTemplate' to allow for resolving potential circular references
01:26:49.894 [main] DEBUG org.springframework.beans.factory.support.DefaultListableBeanFactory - Invoking afterPropertiesSet() on bean with name 'jdbcTemplate'
01:26:49.894 [main] DEBUG org.springframework.beans.factory.support.DefaultListableBeanFactory - Returning cached instance of singleton bean 'org.springframework.transaction.config.internalTransactionAdvisor'
01:26:49.894 [main] DEBUG org.springframework.beans.factory.support.DefaultListableBeanFactory - Returning cached instance of singleton bean 'org.springframework.transaction.config.internalTransactionAdvisor'
01:26:49.897 [main] DEBUG org.springframework.beans.factory.support.DefaultListableBeanFactory - Finished creating instance of bean 'jdbcTemplate'
01:26:49.897 [main] DEBUG org.springframework.beans.factory.support.DefaultListableBeanFactory - Creating shared instance of singleton bean 'org.springframework.boot.autoconfigure.jdbc.JdbcTemplateAutoConfiguration$NamedParameterJdbcTemplateConfiguration'
01:26:49.897 [main] DEBUG org.springframework.beans.factory.support.DefaultListableBeanFactory - Creating instance of bean 'org.springframework.boot.autoconfigure.jdbc.JdbcTemplateAutoConfiguration$NamedParameterJdbcTemplateConfiguration'
01:26:49.897 [main] DEBUG org.springframework.beans.factory.support.DefaultListableBeanFactory - Returning cached instance of singleton bean 'org.springframework.transaction.config.internalTransactionAdvisor'
01:26:49.900 [main] DEBUG org.springframework.beans.factory.support.DefaultListableBeanFactory - Eagerly caching bean 'org.springframework.boot.autoconfigure.jdbc.JdbcTemplateAutoConfiguration$NamedParameterJdbcTemplateConfiguration' to allow for resolving potential circular references
01:26:49.901 [main] DEBUG org.springframework.beans.factory.support.DefaultListableBeanFactory - Returning cached instance of singleton bean 'org.springframework.transaction.config.internalTransactionAdvisor'
01:26:49.901 [main] DEBUG org.springframework.beans.factory.support.DefaultListableBeanFactory - Returning cached instance of singleton bean 'org.springframework.transaction.config.internalTransactionAdvisor'
01:26:49.901 [main] DEBUG org.springframework.beans.factory.support.DefaultListableBeanFactory - Finished creating instance of bean 'org.springframework.boot.autoconfigure.jdbc.JdbcTemplateAutoConfiguration$NamedParameterJdbcTemplateConfiguration'
01:26:49.901 [main] DEBUG org.springframework.beans.factory.support.DefaultListableBeanFactory - Creating shared instance of singleton bean 'namedParameterJdbcTemplate'
01:26:49.901 [main] DEBUG org.springframework.beans.factory.support.DefaultListableBeanFactory - Creating instance of bean 'namedParameterJdbcTemplate'
01:26:49.901 [main] DEBUG org.springframework.beans.factory.support.DefaultListableBeanFactory - Returning cached instance of singleton bean 'org.springframework.transaction.config.internalTransactionAdvisor'
01:26:49.911 [main] DEBUG org.springframework.beans.factory.support.DefaultListableBeanFactory - Returning cached instance of singleton bean 'org.springframework.boot.autoconfigure.jdbc.JdbcTemplateAutoConfiguration$NamedParameterJdbcTemplateConfiguration'
01:26:49.912 [main] DEBUG org.springframework.beans.factory.support.DefaultListableBeanFactory - Returning cached instance of singleton bean 'jdbcTemplate'
01:26:49.912 [main] DEBUG org.springframework.beans.factory.support.DefaultListableBeanFactory - Autowiring by type from bean name 'namedParameterJdbcTemplate' via factory method to bean named 'jdbcTemplate'
01:26:49.932 [main] DEBUG org.springframework.beans.factory.support.DefaultListableBeanFactory - Eagerly caching bean 'namedParameterJdbcTemplate' to allow for resolving potential circular references
01:26:49.933 [main] DEBUG org.springframework.beans.factory.support.DefaultListableBeanFactory - Returning cached instance of singleton bean 'org.springframework.transaction.config.internalTransactionAdvisor'
01:26:49.933 [main] DEBUG org.springframework.beans.factory.support.DefaultListableBeanFactory - Returning cached instance of singleton bean 'org.springframework.transaction.config.internalTransactionAdvisor'
01:26:49.934 [main] DEBUG org.springframework.beans.factory.support.DefaultListableBeanFactory - Finished creating instance of bean 'namedParameterJdbcTemplate'
01:26:49.934 [main] DEBUG org.springframework.beans.factory.support.DefaultListableBeanFactory - Creating shared instance of singleton bean 'org.springframework.boot.autoconfigure.jdbc.JdbcTemplateAutoConfiguration'
01:26:49.934 [main] DEBUG org.springframework.beans.factory.support.DefaultListableBeanFactory - Creating instance of bean 'org.springframework.boot.autoconfigure.jdbc.JdbcTemplateAutoConfiguration'
01:26:49.934 [main] DEBUG org.springframework.beans.factory.support.DefaultListableBeanFactory - Returning cached instance of singleton bean 'org.springframework.transaction.config.internalTransactionAdvisor'
01:26:49.934 [main] DEBUG org.springframework.beans.factory.support.DefaultListableBeanFactory - Eagerly caching bean 'org.springframework.boot.autoconfigure.jdbc.JdbcTemplateAutoConfiguration' to allow for resolving potential circular references
01:26:49.935 [main] DEBUG org.springframework.beans.factory.support.DefaultListableBeanFactory - Returning cached instance of singleton bean 'org.springframework.transaction.config.internalTransactionAdvisor'
01:26:49.935 [main] DEBUG org.springframework.beans.factory.support.DefaultListableBeanFactory - Returning cached instance of singleton bean 'org.springframework.transaction.config.internalTransactionAdvisor'
01:26:49.935 [main] DEBUG org.springframework.beans.factory.support.DefaultListableBeanFactory - Finished creating instance of bean 'org.springframework.boot.autoconfigure.jdbc.JdbcTemplateAutoConfiguration'
01:26:49.937 [main] DEBUG org.springframework.beans.factory.support.DefaultListableBeanFactory - Returning cached instance of singleton bean 'spring.jdbc-org.springframework.boot.autoconfigure.jdbc.JdbcProperties'
01:26:49.937 [main] DEBUG org.springframework.beans.factory.support.DefaultListableBeanFactory - Creating shared instance of singleton bean 'org.springframework.boot.autoconfigure.security.reactive.ReactiveSecurityAutoConfiguration'
01:26:49.938 [main] DEBUG org.springframework.beans.factory.support.DefaultListableBeanFactory - Creating instance of bean 'org.springframework.boot.autoconfigure.security.reactive.ReactiveSecurityAutoConfiguration'
01:26:49.938 [main] DEBUG org.springframework.beans.factory.support.DefaultListableBeanFactory - Returning cached instance of singleton bean 'org.springframework.transaction.config.internalTransactionAdvisor'
01:26:49.938 [main] DEBUG org.springframework.beans.factory.support.DefaultListableBeanFactory - Eagerly caching bean 'org.springframework.boot.autoconfigure.security.reactive.ReactiveSecurityAutoConfiguration' to allow for resolving potential circular references
01:26:49.938 [main] DEBUG org.springframework.beans.factory.support.DefaultListableBeanFactory - Returning cached instance of singleton bean 'org.springframework.transaction.config.internalTransactionAdvisor'
01:26:49.939 [main] DEBUG org.springframework.beans.factory.support.DefaultListableBeanFactory - Returning cached instance of singleton bean 'org.springframework.transaction.config.internalTransactionAdvisor'
01:26:49.939 [main] DEBUG org.springframework.beans.factory.support.DefaultListableBeanFactory - Finished creating instance of bean 'org.springframework.boot.autoconfigure.security.reactive.ReactiveSecurityAutoConfiguration'
01:26:49.939 [main] DEBUG org.springframework.beans.factory.support.DefaultListableBeanFactory - Creating shared instance of singleton bean 'spring.security-org.springframework.boot.autoconfigure.security.SecurityProperties'
01:26:49.939 [main] DEBUG org.springframework.beans.factory.support.DefaultListableBeanFactory - Creating instance of bean 'spring.security-org.springframework.boot.autoconfigure.security.SecurityProperties'
01:26:49.939 [main] DEBUG org.springframework.beans.factory.support.DefaultListableBeanFactory - Returning cached instance of singleton bean 'org.springframework.transaction.config.internalTransactionAdvisor'
01:26:49.940 [main] DEBUG org.springframework.beans.factory.support.DefaultListableBeanFactory - Eagerly caching bean 'spring.security-org.springframework.boot.autoconfigure.security.SecurityProperties' to allow for resolving potential circular references
01:26:49.942 [main] DEBUG org.springframework.beans.factory.support.DefaultListableBeanFactory - Returning cached instance of singleton bean 'org.springframework.transaction.config.internalTransactionAdvisor'
01:26:49.942 [main] DEBUG org.springframework.beans.factory.support.DefaultListableBeanFactory - Returning cached instance of singleton bean 'org.springframework.transaction.config.internalTransactionAdvisor'
01:26:49.942 [main] DEBUG org.springframework.beans.factory.support.DefaultListableBeanFactory - Finished creating instance of bean 'spring.security-org.springframework.boot.autoconfigure.security.SecurityProperties'
01:26:49.942 [main] DEBUG org.springframework.beans.factory.support.DefaultListableBeanFactory - Creating shared instance of singleton bean 'org.springframework.boot.autoconfigure.jdbc.DataSourceTransactionManagerAutoConfiguration$DataSourceTransactionManagerConfiguration'
01:26:49.943 [main] DEBUG org.springframework.beans.factory.support.DefaultListableBeanFactory - Creating instance of bean 'org.springframework.boot.autoconfigure.jdbc.DataSourceTransactionManagerAutoConfiguration$DataSourceTransactionManagerConfiguration'
01:26:49.943 [main] DEBUG org.springframework.beans.factory.support.DefaultListableBeanFactory - Returning cached instance of singleton bean 'org.springframework.transaction.config.internalTransactionAdvisor'
01:26:49.944 [main] DEBUG org.springframework.core.LocalVariableTableParameterNameDiscoverer - Cannot find '.class' file for class [class org.springframework.boot.autoconfigure.jdbc.DataSourceTransactionManagerAutoConfiguration$DataSourceTransactionManagerConfiguration$$EnhancerBySpringCGLIB$$155b8bb7] - unable to determine constructor/method parameter names
01:26:49.944 [main] DEBUG org.springframework.beans.factory.support.DefaultListableBeanFactory - Returning cached instance of singleton bean 'dataSource'
01:26:49.944 [main] DEBUG org.springframework.beans.factory.support.DefaultListableBeanFactory - Autowiring by type from bean name 'org.springframework.boot.autoconfigure.jdbc.DataSourceTransactionManagerAutoConfiguration$DataSourceTransactionManagerConfiguration' via constructor to bean named 'dataSource'
01:26:49.945 [main] DEBUG org.springframework.beans.factory.support.DefaultListableBeanFactory - Returning cached instance of singleton bean 'platformTransactionManagerCustomizers'
01:26:49.946 [main] DEBUG org.springframework.beans.factory.support.DefaultListableBeanFactory - Eagerly caching bean 'org.springframework.boot.autoconfigure.jdbc.DataSourceTransactionManagerAutoConfiguration$DataSourceTransactionManagerConfiguration' to allow for resolving potential circular references
01:26:49.946 [main] DEBUG org.springframework.beans.factory.support.DefaultListableBeanFactory - Returning cached instance of singleton bean 'org.springframework.transaction.config.internalTransactionAdvisor'
01:26:49.946 [main] DEBUG org.springframework.beans.factory.support.DefaultListableBeanFactory - Returning cached instance of singleton bean 'org.springframework.transaction.config.internalTransactionAdvisor'
01:26:49.946 [main] DEBUG org.springframework.beans.factory.support.DefaultListableBeanFactory - Finished creating instance of bean 'org.springframework.boot.autoconfigure.jdbc.DataSourceTransactionManagerAutoConfiguration$DataSourceTransactionManagerConfiguration'
01:26:49.946 [main] DEBUG org.springframework.beans.factory.support.DefaultListableBeanFactory - Creating shared instance of singleton bean 'org.springframework.boot.autoconfigure.jdbc.DataSourceTransactionManagerAutoConfiguration'
01:26:49.947 [main] DEBUG org.springframework.beans.factory.support.DefaultListableBeanFactory - Creating instance of bean 'org.springframework.boot.autoconfigure.jdbc.DataSourceTransactionManagerAutoConfiguration'
01:26:49.947 [main] DEBUG org.springframework.beans.factory.support.DefaultListableBeanFactory - Returning cached instance of singleton bean 'org.springframework.transaction.config.internalTransactionAdvisor'
01:26:49.947 [main] DEBUG org.springframework.beans.factory.support.DefaultListableBeanFactory - Eagerly caching bean 'org.springframework.boot.autoconfigure.jdbc.DataSourceTransactionManagerAutoConfiguration' to allow for resolving potential circular references
01:26:49.949 [main] DEBUG org.springframework.beans.factory.support.DefaultListableBeanFactory - Returning cached instance of singleton bean 'org.springframework.transaction.config.internalTransactionAdvisor'
01:26:49.949 [main] DEBUG org.springframework.beans.factory.support.DefaultListableBeanFactory - Returning cached instance of singleton bean 'org.springframework.transaction.config.internalTransactionAdvisor'
01:26:49.950 [main] DEBUG org.springframework.beans.factory.support.DefaultListableBeanFactory - Finished creating instance of bean 'org.springframework.boot.autoconfigure.jdbc.DataSourceTransactionManagerAutoConfiguration'
01:26:49.950 [main] DEBUG org.springframework.beans.factory.support.DefaultListableBeanFactory - Returning cached instance of singleton bean 'org.springframework.transaction.annotation.ProxyTransactionManagementConfiguration'
01:26:49.951 [main] DEBUG org.springframework.beans.factory.support.DefaultListableBeanFactory - Returning cached instance of singleton bean 'org.springframework.transaction.config.internalTransactionAdvisor'
01:26:49.951 [main] DEBUG org.springframework.beans.factory.support.DefaultListableBeanFactory - Returning cached instance of singleton bean 'transactionAttributeSource'
01:26:49.951 [main] DEBUG org.springframework.beans.factory.support.DefaultListableBeanFactory - Returning cached instance of singleton bean 'transactionInterceptor'
01:26:49.951 [main] DEBUG org.springframework.beans.factory.support.DefaultListableBeanFactory - Creating shared instance of singleton bean 'org.springframework.transaction.config.internalTransactionalEventListenerFactory'
01:26:49.951 [main] DEBUG org.springframework.beans.factory.support.DefaultListableBeanFactory - Creating instance of bean 'org.springframework.transaction.config.internalTransactionalEventListenerFactory'
01:26:49.951 [main] DEBUG org.springframework.beans.factory.support.DefaultListableBeanFactory - Returning cached instance of singleton bean 'org.springframework.transaction.config.internalTransactionAdvisor'
01:26:49.951 [main] DEBUG org.springframework.beans.factory.support.DefaultListableBeanFactory - Returning cached instance of singleton bean 'org.springframework.transaction.annotation.ProxyTransactionManagementConfiguration'
01:26:49.951 [main] DEBUG org.springframework.beans.factory.support.DefaultListableBeanFactory - Eagerly caching bean 'org.springframework.transaction.config.internalTransactionalEventListenerFactory' to allow for resolving potential circular references
01:26:49.952 [main] DEBUG org.springframework.beans.factory.support.DefaultListableBeanFactory - Returning cached instance of singleton bean 'org.springframework.transaction.config.internalTransactionAdvisor'
01:26:49.953 [main] DEBUG org.springframework.beans.factory.support.DefaultListableBeanFactory - Returning cached instance of singleton bean 'org.springframework.transaction.config.internalTransactionAdvisor'
01:26:49.954 [main] DEBUG org.springframework.beans.factory.support.DefaultListableBeanFactory - Finished creating instance of bean 'org.springframework.transaction.config.internalTransactionalEventListenerFactory'
01:26:50.071 [main] DEBUG org.springframework.beans.factory.support.DefaultListableBeanFactory - Creating shared instance of singleton bean 'org.springframework.boot.autoconfigure.transaction.TransactionAutoConfiguration$EnableTransactionManagementConfiguration$CglibAutoProxyConfiguration'
01:26:50.071 [main] DEBUG org.springframework.beans.factory.support.DefaultListableBeanFactory - Creating instance of bean 'org.springframework.boot.autoconfigure.transaction.TransactionAutoConfiguration$EnableTransactionManagementConfiguration$CglibAutoProxyConfiguration'
01:26:50.071 [main] DEBUG org.springframework.beans.factory.support.DefaultListableBeanFactory - Returning cached instance of singleton bean 'org.springframework.transaction.config.internalTransactionAdvisor'
01:26:50.072 [main] DEBUG org.springframework.beans.factory.support.DefaultListableBeanFactory - Eagerly caching bean 'org.springframework.boot.autoconfigure.transaction.TransactionAutoConfiguration$EnableTransactionManagementConfiguration$CglibAutoProxyConfiguration' to allow for resolving potential circular references
01:26:50.072 [main] DEBUG org.springframework.beans.factory.support.DefaultListableBeanFactory - Returning cached instance of singleton bean 'org.springframework.transaction.config.internalTransactionAdvisor'
01:26:50.072 [main] DEBUG org.springframework.beans.factory.support.DefaultListableBeanFactory - Returning cached instance of singleton bean 'org.springframework.transaction.config.internalTransactionAdvisor'
01:26:50.072 [main] DEBUG org.springframework.beans.factory.support.DefaultListableBeanFactory - Finished creating instance of bean 'org.springframework.boot.autoconfigure.transaction.TransactionAutoConfiguration$EnableTransactionManagementConfiguration$CglibAutoProxyConfiguration'
01:26:50.072 [main] DEBUG org.springframework.beans.factory.support.DefaultListableBeanFactory - Creating shared instance of singleton bean 'org.springframework.boot.autoconfigure.transaction.TransactionAutoConfiguration$EnableTransactionManagementConfiguration'
01:26:50.072 [main] DEBUG org.springframework.beans.factory.support.DefaultListableBeanFactory - Creating instance of bean 'org.springframework.boot.autoconfigure.transaction.TransactionAutoConfiguration$EnableTransactionManagementConfiguration'
01:26:50.073 [main] DEBUG org.springframework.beans.factory.support.DefaultListableBeanFactory - Returning cached instance of singleton bean 'org.springframework.transaction.config.internalTransactionAdvisor'
01:26:50.073 [main] DEBUG org.springframework.beans.factory.support.DefaultListableBeanFactory - Eagerly caching bean 'org.springframework.boot.autoconfigure.transaction.TransactionAutoConfiguration$EnableTransactionManagementConfiguration' to allow for resolving potential circular references
01:26:50.073 [main] DEBUG org.springframework.beans.factory.support.DefaultListableBeanFactory - Returning cached instance of singleton bean 'org.springframework.transaction.config.internalTransactionAdvisor'
01:26:50.073 [main] DEBUG org.springframework.beans.factory.support.DefaultListableBeanFactory - Returning cached instance of singleton bean 'org.springframework.transaction.config.internalTransactionAdvisor'
01:26:50.073 [main] DEBUG org.springframework.beans.factory.support.DefaultListableBeanFactory - Finished creating instance of bean 'org.springframework.boot.autoconfigure.transaction.TransactionAutoConfiguration$EnableTransactionManagementConfiguration'
01:26:50.074 [main] DEBUG org.springframework.beans.factory.support.DefaultListableBeanFactory - Creating shared instance of singleton bean 'org.springframework.boot.autoconfigure.transaction.TransactionAutoConfiguration$TransactionTemplateConfiguration'
01:26:50.074 [main] DEBUG org.springframework.beans.factory.support.DefaultListableBeanFactory - Creating instance of bean 'org.springframework.boot.autoconfigure.transaction.TransactionAutoConfiguration$TransactionTemplateConfiguration'
01:26:50.074 [main] DEBUG org.springframework.beans.factory.support.DefaultListableBeanFactory - Returning cached instance of singleton bean 'org.springframework.transaction.config.internalTransactionAdvisor'
01:26:50.074 [main] DEBUG org.springframework.core.LocalVariableTableParameterNameDiscoverer - Cannot find '.class' file for class [class org.springframework.boot.autoconfigure.transaction.TransactionAutoConfiguration$TransactionTemplateConfiguration$$EnhancerBySpringCGLIB$$66e5508a] - unable to determine constructor/method parameter names
01:26:50.075 [main] DEBUG org.springframework.beans.factory.support.DefaultListableBeanFactory - Creating shared instance of singleton bean 'transactionManager'
01:26:50.075 [main] DEBUG org.springframework.beans.factory.support.DefaultListableBeanFactory - Creating instance of bean 'transactionManager'
01:26:50.075 [main] DEBUG org.springframework.beans.factory.support.DefaultListableBeanFactory - Returning cached instance of singleton bean 'org.springframework.transaction.config.internalTransactionAdvisor'
01:26:50.075 [main] DEBUG org.springframework.beans.factory.support.DefaultListableBeanFactory - Returning cached instance of singleton bean 'persistenceConfiguration'
01:26:50.075 [main] DEBUG org.springframework.beans.factory.support.DefaultListableBeanFactory - Returning cached instance of singleton bean 'entityManagerFactory'
01:26:50.075 [main] DEBUG org.springframework.beans.factory.support.DefaultListableBeanFactory - Autowiring by type from bean name 'transactionManager' via factory method to bean named 'entityManagerFactory'
01:26:50.076 [main] DEBUG org.springframework.beans.factory.support.DefaultListableBeanFactory - Eagerly caching bean 'transactionManager' to allow for resolving potential circular references
01:26:50.076 [main] DEBUG org.springframework.beans.factory.support.DefaultListableBeanFactory - Invoking afterPropertiesSet() on bean with name 'transactionManager'
01:26:50.076 [main] DEBUG org.springframework.beans.factory.support.DefaultListableBeanFactory - Returning cached instance of singleton bean 'org.springframework.transaction.config.internalTransactionAdvisor'
01:26:50.077 [main] DEBUG org.springframework.beans.factory.support.DefaultListableBeanFactory - Returning cached instance of singleton bean 'org.springframework.transaction.config.internalTransactionAdvisor'
01:26:50.077 [main] DEBUG org.springframework.beans.factory.support.DefaultListableBeanFactory - Finished creating instance of bean 'transactionManager'
01:26:50.077 [main] DEBUG org.springframework.beans.factory.support.DefaultListableBeanFactory - Autowiring by type from bean name 'org.springframework.boot.autoconfigure.transaction.TransactionAutoConfiguration$TransactionTemplateConfiguration' via constructor to bean named 'transactionManager'
01:26:50.077 [main] DEBUG org.springframework.beans.factory.support.DefaultListableBeanFactory - Eagerly caching bean 'org.springframework.boot.autoconfigure.transaction.TransactionAutoConfiguration$TransactionTemplateConfiguration' to allow for resolving potential circular references
01:26:50.078 [main] DEBUG org.springframework.beans.factory.support.DefaultListableBeanFactory - Returning cached instance of singleton bean 'org.springframework.transaction.config.internalTransactionAdvisor'
01:26:50.078 [main] DEBUG org.springframework.beans.factory.support.DefaultListableBeanFactory - Returning cached instance of singleton bean 'org.springframework.transaction.config.internalTransactionAdvisor'
01:26:50.078 [main] DEBUG org.springframework.beans.factory.support.DefaultListableBeanFactory - Finished creating instance of bean 'org.springframework.boot.autoconfigure.transaction.TransactionAutoConfiguration$TransactionTemplateConfiguration'
01:26:50.078 [main] DEBUG org.springframework.beans.factory.support.DefaultListableBeanFactory - Creating shared instance of singleton bean 'transactionTemplate'
01:26:50.078 [main] DEBUG org.springframework.beans.factory.support.DefaultListableBeanFactory - Creating instance of bean 'transactionTemplate'
01:26:50.078 [main] DEBUG org.springframework.beans.factory.support.DefaultListableBeanFactory - Returning cached instance of singleton bean 'org.springframework.transaction.config.internalTransactionAdvisor'
01:26:50.079 [main] DEBUG org.springframework.beans.factory.support.DefaultListableBeanFactory - Returning cached instance of singleton bean 'org.springframework.boot.autoconfigure.transaction.TransactionAutoConfiguration$TransactionTemplateConfiguration'
01:26:50.080 [main] DEBUG org.springframework.beans.factory.support.DefaultListableBeanFactory - Eagerly caching bean 'transactionTemplate' to allow for resolving potential circular references
01:26:50.081 [main] DEBUG org.springframework.beans.factory.support.DefaultListableBeanFactory - Invoking afterPropertiesSet() on bean with name 'transactionTemplate'
01:26:50.081 [main] DEBUG org.springframework.beans.factory.support.DefaultListableBeanFactory - Returning cached instance of singleton bean 'org.springframework.transaction.config.internalTransactionAdvisor'
01:26:50.081 [main] DEBUG org.springframework.beans.factory.support.DefaultListableBeanFactory - Returning cached instance of singleton bean 'org.springframework.transaction.config.internalTransactionAdvisor'
01:26:50.082 [main] DEBUG org.springframework.beans.factory.support.DefaultListableBeanFactory - Finished creating instance of bean 'transactionTemplate'
01:26:50.082 [main] DEBUG org.springframework.beans.factory.support.DefaultListableBeanFactory - Returning cached instance of singleton bean 'org.springframework.boot.autoconfigure.transaction.TransactionAutoConfiguration'
01:26:50.082 [main] DEBUG org.springframework.beans.factory.support.DefaultListableBeanFactory - Returning cached instance of singleton bean 'platformTransactionManagerCustomizers'
01:26:50.082 [main] DEBUG org.springframework.beans.factory.support.DefaultListableBeanFactory - Returning cached instance of singleton bean 'spring.transaction-org.springframework.boot.autoconfigure.transaction.TransactionProperties'
01:26:50.082 [main] DEBUG org.springframework.beans.factory.support.DefaultListableBeanFactory - Creating shared instance of singleton bean 'org.springframework.boot.autoconfigure.web.client.RestTemplateAutoConfiguration'
01:26:50.082 [main] DEBUG org.springframework.beans.factory.support.DefaultListableBeanFactory - Creating instance of bean 'org.springframework.boot.autoconfigure.web.client.RestTemplateAutoConfiguration'
01:26:50.083 [main] DEBUG org.springframework.beans.factory.support.DefaultListableBeanFactory - Returning cached instance of singleton bean 'org.springframework.transaction.config.internalTransactionAdvisor'
01:26:50.083 [main] DEBUG org.springframework.core.LocalVariableTableParameterNameDiscoverer - Cannot find '.class' file for class [class org.springframework.boot.autoconfigure.web.client.RestTemplateAutoConfiguration$$EnhancerBySpringCGLIB$$370ecc9] - unable to determine constructor/method parameter names
01:26:50.084 [main] DEBUG org.springframework.beans.factory.support.DefaultListableBeanFactory - Eagerly caching bean 'org.springframework.boot.autoconfigure.web.client.RestTemplateAutoConfiguration' to allow for resolving potential circular references
01:26:50.084 [main] DEBUG org.springframework.beans.factory.support.DefaultListableBeanFactory - Returning cached instance of singleton bean 'org.springframework.transaction.config.internalTransactionAdvisor'
01:26:50.084 [main] DEBUG org.springframework.beans.factory.support.DefaultListableBeanFactory - Returning cached instance of singleton bean 'org.springframework.transaction.config.internalTransactionAdvisor'
01:26:50.084 [main] DEBUG org.springframework.beans.factory.support.DefaultListableBeanFactory - Finished creating instance of bean 'org.springframework.boot.autoconfigure.web.client.RestTemplateAutoConfiguration'
01:26:50.085 [main] DEBUG org.springframework.beans.factory.support.DefaultListableBeanFactory - Creating shared instance of singleton bean 'restTemplateBuilder'
01:26:50.085 [main] DEBUG org.springframework.beans.factory.support.DefaultListableBeanFactory - Creating instance of bean 'restTemplateBuilder'
01:26:50.085 [main] DEBUG org.springframework.beans.factory.support.DefaultListableBeanFactory - Returning cached instance of singleton bean 'org.springframework.transaction.config.internalTransactionAdvisor'
01:26:50.085 [main] DEBUG org.springframework.beans.factory.support.DefaultListableBeanFactory - Returning cached instance of singleton bean 'org.springframework.boot.autoconfigure.web.client.RestTemplateAutoConfiguration'
01:26:50.085 [main] DEBUG org.springframework.beans.factory.support.DefaultListableBeanFactory - Returning cached instance of singleton bean 'messageConverters'
01:26:50.087 [main] DEBUG org.springframework.beans.factory.support.DefaultListableBeanFactory - Eagerly caching bean 'restTemplateBuilder' to allow for resolving potential circular references
01:26:50.088 [main] DEBUG org.springframework.beans.factory.support.DefaultListableBeanFactory - Returning cached instance of singleton bean 'org.springframework.transaction.config.internalTransactionAdvisor'
01:26:50.088 [main] DEBUG org.springframework.beans.factory.support.DefaultListableBeanFactory - Returning cached instance of singleton bean 'org.springframework.transaction.config.internalTransactionAdvisor'
01:26:50.088 [main] DEBUG org.springframework.beans.factory.support.DefaultListableBeanFactory - Finished creating instance of bean 'restTemplateBuilder'
01:26:50.089 [main] DEBUG org.springframework.beans.factory.support.DefaultListableBeanFactory - Creating shared instance of singleton bean 'org.springframework.boot.autoconfigure.web.embedded.EmbeddedWebServerFactoryCustomizerAutoConfiguration$TomcatWebServerFactoryCustomizerConfiguration'
01:26:50.089 [main] DEBUG org.springframework.beans.factory.support.DefaultListableBeanFactory - Creating instance of bean 'org.springframework.boot.autoconfigure.web.embedded.EmbeddedWebServerFactoryCustomizerAutoConfiguration$TomcatWebServerFactoryCustomizerConfiguration'
01:26:50.089 [main] DEBUG org.springframework.beans.factory.support.DefaultListableBeanFactory - Returning cached instance of singleton bean 'org.springframework.transaction.config.internalTransactionAdvisor'
01:26:50.089 [main] DEBUG org.springframework.beans.factory.support.DefaultListableBeanFactory - Eagerly caching bean 'org.springframework.boot.autoconfigure.web.embedded.EmbeddedWebServerFactoryCustomizerAutoConfiguration$TomcatWebServerFactoryCustomizerConfiguration' to allow for resolving potential circular references
01:26:50.089 [main] DEBUG org.springframework.beans.factory.support.DefaultListableBeanFactory - Returning cached instance of singleton bean 'org.springframework.transaction.config.internalTransactionAdvisor'
01:26:50.089 [main] DEBUG org.springframework.beans.factory.support.DefaultListableBeanFactory - Returning cached instance of singleton bean 'org.springframework.transaction.config.internalTransactionAdvisor'
01:26:50.089 [main] DEBUG org.springframework.beans.factory.support.DefaultListableBeanFactory - Finished creating instance of bean 'org.springframework.boot.autoconfigure.web.embedded.EmbeddedWebServerFactoryCustomizerAutoConfiguration$TomcatWebServerFactoryCustomizerConfiguration'
01:26:50.090 [main] DEBUG org.springframework.beans.factory.support.DefaultListableBeanFactory - Creating shared instance of singleton bean 'tomcatWebServerFactoryCustomizer'
01:26:50.090 [main] DEBUG org.springframework.beans.factory.support.DefaultListableBeanFactory - Creating instance of bean 'tomcatWebServerFactoryCustomizer'
01:26:50.090 [main] DEBUG org.springframework.beans.factory.support.DefaultListableBeanFactory - Returning cached instance of singleton bean 'org.springframework.transaction.config.internalTransactionAdvisor'
01:26:50.090 [main] DEBUG org.springframework.beans.factory.support.DefaultListableBeanFactory - Returning cached instance of singleton bean 'org.springframework.boot.autoconfigure.web.embedded.EmbeddedWebServerFactoryCustomizerAutoConfiguration$TomcatWebServerFactoryCustomizerConfiguration'
01:26:50.091 [main] DEBUG org.springframework.beans.factory.support.DefaultListableBeanFactory - Returning cached instance of singleton bean 'environment'
01:26:50.208 [main] DEBUG org.springframework.beans.factory.support.DefaultListableBeanFactory - Creating shared instance of singleton bean 'server-org.springframework.boot.autoconfigure.web.ServerProperties'
01:26:50.208 [main] DEBUG org.springframework.beans.factory.support.DefaultListableBeanFactory - Creating instance of bean 'server-org.springframework.boot.autoconfigure.web.ServerProperties'
01:26:50.208 [main] DEBUG org.springframework.beans.factory.support.DefaultListableBeanFactory - Returning cached instance of singleton bean 'org.springframework.transaction.config.internalTransactionAdvisor'
01:26:50.209 [main] DEBUG org.springframework.beans.factory.support.DefaultListableBeanFactory - Eagerly caching bean 'server-org.springframework.boot.autoconfigure.web.ServerProperties' to allow for resolving potential circular references
01:26:50.217 [main] DEBUG org.springframework.beans.factory.support.DefaultListableBeanFactory - Returning cached instance of singleton bean 'org.springframework.transaction.config.internalTransactionAdvisor'
01:26:50.217 [main] DEBUG org.springframework.beans.factory.support.DefaultListableBeanFactory - Returning cached instance of singleton bean 'org.springframework.transaction.config.internalTransactionAdvisor'
01:26:50.218 [main] DEBUG org.springframework.beans.factory.support.DefaultListableBeanFactory - Finished creating instance of bean 'server-org.springframework.boot.autoconfigure.web.ServerProperties'
01:26:50.218 [main] DEBUG org.springframework.beans.factory.support.DefaultListableBeanFactory - Autowiring by type from bean name 'tomcatWebServerFactoryCustomizer' via factory method to bean named 'environment'
01:26:50.218 [main] DEBUG org.springframework.beans.factory.support.DefaultListableBeanFactory - Autowiring by type from bean name 'tomcatWebServerFactoryCustomizer' via factory method to bean named 'server-org.springframework.boot.autoconfigure.web.ServerProperties'
01:26:50.218 [main] DEBUG org.springframework.beans.factory.support.DefaultListableBeanFactory - Eagerly caching bean 'tomcatWebServerFactoryCustomizer' to allow for resolving potential circular references
01:26:50.220 [main] DEBUG org.springframework.beans.factory.support.DefaultListableBeanFactory - Returning cached instance of singleton bean 'org.springframework.transaction.config.internalTransactionAdvisor'
01:26:50.220 [main] DEBUG org.springframework.beans.factory.support.DefaultListableBeanFactory - Returning cached instance of singleton bean 'org.springframework.transaction.config.internalTransactionAdvisor'
01:26:50.220 [main] DEBUG org.springframework.beans.factory.support.DefaultListableBeanFactory - Finished creating instance of bean 'tomcatWebServerFactoryCustomizer'
01:26:50.220 [main] DEBUG org.springframework.beans.factory.support.DefaultListableBeanFactory - Creating shared instance of singleton bean 'org.springframework.boot.autoconfigure.web.embedded.EmbeddedWebServerFactoryCustomizerAutoConfiguration'
01:26:50.220 [main] DEBUG org.springframework.beans.factory.support.DefaultListableBeanFactory - Creating instance of bean 'org.springframework.boot.autoconfigure.web.embedded.EmbeddedWebServerFactoryCustomizerAutoConfiguration'
01:26:50.221 [main] DEBUG org.springframework.beans.factory.support.DefaultListableBeanFactory - Returning cached instance of singleton bean 'org.springframework.transaction.config.internalTransactionAdvisor'
01:26:50.221 [main] DEBUG org.springframework.beans.factory.support.DefaultListableBeanFactory - Eagerly caching bean 'org.springframework.boot.autoconfigure.web.embedded.EmbeddedWebServerFactoryCustomizerAutoConfiguration' to allow for resolving potential circular references
01:26:50.222 [main] DEBUG org.springframework.beans.factory.support.DefaultListableBeanFactory - Returning cached instance of singleton bean 'org.springframework.transaction.config.internalTransactionAdvisor'
01:26:50.223 [main] DEBUG org.springframework.beans.factory.support.DefaultListableBeanFactory - Returning cached instance of singleton bean 'org.springframework.transaction.config.internalTransactionAdvisor'
01:26:50.223 [main] DEBUG org.springframework.beans.factory.support.DefaultListableBeanFactory - Finished creating instance of bean 'org.springframework.boot.autoconfigure.web.embedded.EmbeddedWebServerFactoryCustomizerAutoConfiguration'
01:26:50.223 [main] DEBUG org.springframework.beans.factory.support.DefaultListableBeanFactory - Returning cached instance of singleton bean 'server-org.springframework.boot.autoconfigure.web.ServerProperties'
01:26:50.223 [main] DEBUG org.springframework.beans.factory.support.DefaultListableBeanFactory - Returning cached instance of singleton bean 'org.springframework.boot.devtools.autoconfigure.DevToolsDataSourceAutoConfiguration$DatabaseShutdownExecutorJpaDependencyConfiguration'
01:26:50.223 [main] DEBUG org.springframework.beans.factory.support.DefaultListableBeanFactory - Returning cached instance of singleton bean 'org.springframework.boot.devtools.autoconfigure.DevToolsDataSourceAutoConfiguration'
01:26:50.223 [main] DEBUG org.springframework.beans.factory.support.DefaultListableBeanFactory - Returning cached instance of singleton bean 'inMemoryDatabaseShutdownExecutor'
01:26:50.223 [main] DEBUG org.springframework.beans.factory.support.DefaultListableBeanFactory - Returning cached instance of singleton bean 'org.springframework.orm.jpa.SharedEntityManagerCreator#0'
01:26:50.223 [main] DEBUG org.springframework.beans.factory.support.DefaultListableBeanFactory - Returning cached instance of singleton bean 'org.springframework.context.event.internalEventListenerFactory'
01:26:50.223 [main] DEBUG org.springframework.beans.factory.support.DefaultListableBeanFactory - Returning cached instance of singleton bean 'org.springframework.transaction.config.internalTransactionalEventListenerFactory'
01:26:50.234 [main] DEBUG org.springframework.context.support.GenericApplicationContext - Unable to locate LifecycleProcessor with name 'lifecycleProcessor': using default [org.springframework.context.support.DefaultLifecycleProcessor@7848321e]
01:26:50.235 [main] DEBUG org.springframework.beans.factory.support.DefaultListableBeanFactory - Returning cached instance of singleton bean 'lifecycleProcessor'
01:26:50.235 [main] DEBUG org.springframework.core.env.PropertySourcesPropertyResolver - Could not find key 'spring.liveBeansView.mbeanDomain' in any property source
01:26:50.236 [main] DEBUG org.springframework.test.context.cache.DefaultCacheAwareContextLoaderDelegate - Storing ApplicationContext in cache under key [[MergedContextConfiguration@53bb71e5 testClass = FournisseurImplTest, locations = '{}', classes = '{class ngondi.ged.ga.infrastructure.service.test.FournisseurImplTest$conf}', contextInitializerClasses = '[]', activeProfiles = '{}', propertySourceLocations = '{}', propertySourceProperties = '{}', contextCustomizers = set[org.springframework.boot.test.context.filter.ExcludeFilterContextCustomizer@1e4a7dd4, org.springframework.boot.test.json.DuplicateJsonObjectContextCustomizerFactory$DuplicateJsonObjectContextCustomizer@133e16fd, org.springframework.boot.test.mock.mockito.MockitoContextCustomizer@0, org.springframework.boot.test.autoconfigure.properties.PropertyMappingContextCustomizer@0, org.springframework.boot.test.autoconfigure.web.servlet.WebDriverContextCustomizerFactory$Customizer@1176dcec], contextLoader = 'org.springframework.test.context.support.DelegatingSmartContextLoader', parent = [null]]]
01:26:50.236 [main] DEBUG org.springframework.test.context.cache - Spring test ApplicationContext cache statistics: [DefaultContextCache@14e750c5 size = 2, maxSize = 32, parentContextCount = 0, hitCount = 19, missCount = 2]
01:26:50.238 [main] DEBUG org.springframework.beans.factory.annotation.InjectionMetadata - Processing injected element of bean 'ngondi.ged.ga.infrastructure.service.test.FournisseurImplTest': AutowiredFieldElement for private transient ngondi.ged.ga.infrastructure.service.FournisseurImpl ngondi.ged.ga.infrastructure.service.test.FournisseurImplTest.fournisseurImpl
01:26:50.238 [main] DEBUG org.springframework.beans.factory.support.DefaultListableBeanFactory - Returning cached instance of singleton bean 'fournisseurImpl'
01:26:50.238 [main] DEBUG org.springframework.beans.factory.annotation.AutowiredAnnotationBeanPostProcessor - Autowiring by type from bean name 'ngondi.ged.ga.infrastructure.service.test.FournisseurImplTest' to bean named 'fournisseurImpl'
01:26:50.238 [main] DEBUG org.springframework.beans.factory.annotation.InjectionMetadata - Processing injected element of bean 'ngondi.ged.ga.infrastructure.service.test.FournisseurImplTest': AutowiredFieldElement for private transient ngondi.ged.ga.infrastructure.service.IFournisseurDao ngondi.ged.ga.infrastructure.service.test.FournisseurImplTest.fournisseurDao
01:26:50.239 [main] DEBUG org.springframework.beans.factory.support.DefaultListableBeanFactory - Returning cached instance of singleton bean 'IFournisseurDao'
01:26:50.239 [main] DEBUG org.springframework.beans.factory.annotation.AutowiredAnnotationBeanPostProcessor - Autowiring by type from bean name 'ngondi.ged.ga.infrastructure.service.test.FournisseurImplTest' to bean named 'IFournisseurDao'
01:26:50.239 [main] DEBUG org.springframework.beans.factory.annotation.InjectionMetadata - Processing injected element of bean 'ngondi.ged.ga.infrastructure.service.test.FournisseurImplTest': AutowiredFieldElement for private transient ngondi.ged.ga.infrastructure.service.ArchivageImpl ngondi.ged.ga.infrastructure.service.test.FournisseurImplTest.archivageImpl
01:26:50.239 [main] DEBUG org.springframework.beans.factory.support.DefaultListableBeanFactory - Returning cached instance of singleton bean 'archivageImpl'
01:26:50.239 [main] DEBUG org.springframework.beans.factory.annotation.AutowiredAnnotationBeanPostProcessor - Autowiring by type from bean name 'ngondi.ged.ga.infrastructure.service.test.FournisseurImplTest' to bean named 'archivageImpl'
01:26:50.240 [main] DEBUG org.springframework.beans.factory.support.DefaultListableBeanFactory - Returning cached instance of singleton bean 'org.springframework.transaction.config.internalTransactionAdvisor'
01:26:50.240 [main] DEBUG org.springframework.beans.factory.support.DefaultListableBeanFactory - Returning cached instance of singleton bean 'org.springframework.transaction.config.internalTransactionAdvisor'
01:26:50.241 [main] DEBUG org.springframework.test.context.support.AbstractDirtiesContextTestExecutionListener - Before test method: context [DefaultTestContext@1412682c testClass = FournisseurImplTest, testInstance = ngondi.ged.ga.infrastructure.service.test.FournisseurImplTest@54a056e4, testMethod = testGetFournisseurs@FournisseurImplTest, testException = [null], mergedContextConfiguration = [MergedContextConfiguration@53bb71e5 testClass = FournisseurImplTest, locations = '{}', classes = '{class ngondi.ged.ga.infrastructure.service.test.FournisseurImplTest$conf}', contextInitializerClasses = '[]', activeProfiles = '{}', propertySourceLocations = '{}', propertySourceProperties = '{}', contextCustomizers = set[org.springframework.boot.test.context.filter.ExcludeFilterContextCustomizer@1e4a7dd4, org.springframework.boot.test.json.DuplicateJsonObjectContextCustomizerFactory$DuplicateJsonObjectContextCustomizer@133e16fd, org.springframework.boot.test.mock.mockito.MockitoContextCustomizer@0, org.springframework.boot.test.autoconfigure.properties.PropertyMappingContextCustomizer@0, org.springframework.boot.test.autoconfigure.web.servlet.WebDriverContextCustomizerFactory$Customizer@1176dcec], contextLoader = 'org.springframework.test.context.support.DelegatingSmartContextLoader', parent = [null]], attributes = map[[empty]]], class annotated with @DirtiesContext [false] with mode [null], method annotated with @DirtiesContext [false] with mode [null].
01:26:50.241 [main] DEBUG org.springframework.test.context.cache.DefaultCacheAwareContextLoaderDelegate - Retrieved ApplicationContext from cache with key [[MergedContextConfiguration@53bb71e5 testClass = FournisseurImplTest, locations = '{}', classes = '{class ngondi.ged.ga.infrastructure.service.test.FournisseurImplTest$conf}', contextInitializerClasses = '[]', activeProfiles = '{}', propertySourceLocations = '{}', propertySourceProperties = '{}', contextCustomizers = set[org.springframework.boot.test.context.filter.ExcludeFilterContextCustomizer@1e4a7dd4, org.springframework.boot.test.json.DuplicateJsonObjectContextCustomizerFactory$DuplicateJsonObjectContextCustomizer@133e16fd, org.springframework.boot.test.mock.mockito.MockitoContextCustomizer@0, org.springframework.boot.test.autoconfigure.properties.PropertyMappingContextCustomizer@0, org.springframework.boot.test.autoconfigure.web.servlet.WebDriverContextCustomizerFactory$Customizer@1176dcec], contextLoader = 'org.springframework.test.context.support.DelegatingSmartContextLoader', parent = [null]]]
01:26:50.241 [main] DEBUG org.springframework.test.context.cache - Spring test ApplicationContext cache statistics: [DefaultContextCache@14e750c5 size = 2, maxSize = 32, parentContextCount = 0, hitCount = 20, missCount = 2]
01:26:50.241 [main] DEBUG org.springframework.beans.factory.support.DefaultListableBeanFactory - Returning cached instance of singleton bean 'org.springframework.boot.test.mock.mockito.MockitoBeans'
01:26:50.243 [main] DEBUG org.springframework.test.context.cache.DefaultCacheAwareContextLoaderDelegate - Retrieved ApplicationContext from cache with key [[MergedContextConfiguration@53bb71e5 testClass = FournisseurImplTest, locations = '{}', classes = '{class ngondi.ged.ga.infrastructure.service.test.FournisseurImplTest$conf}', contextInitializerClasses = '[]', activeProfiles = '{}', propertySourceLocations = '{}', propertySourceProperties = '{}', contextCustomizers = set[org.springframework.boot.test.context.filter.ExcludeFilterContextCustomizer@1e4a7dd4, org.springframework.boot.test.json.DuplicateJsonObjectContextCustomizerFactory$DuplicateJsonObjectContextCustomizer@133e16fd, org.springframework.boot.test.mock.mockito.MockitoContextCustomizer@0, org.springframework.boot.test.autoconfigure.properties.PropertyMappingContextCustomizer@0, org.springframework.boot.test.autoconfigure.web.servlet.WebDriverContextCustomizerFactory$Customizer@1176dcec], contextLoader = 'org.springframework.test.context.support.DelegatingSmartContextLoader', parent = [null]]]
01:26:50.243 [main] DEBUG org.springframework.test.context.cache - Spring test ApplicationContext cache statistics: [DefaultContextCache@14e750c5 size = 2, maxSize = 32, parentContextCount = 0, hitCount = 21, missCount = 2]
01:26:50.243 [main] DEBUG org.springframework.test.context.cache.DefaultCacheAwareContextLoaderDelegate - Retrieved ApplicationContext from cache with key [[MergedContextConfiguration@53bb71e5 testClass = FournisseurImplTest, locations = '{}', classes = '{class ngondi.ged.ga.infrastructure.service.test.FournisseurImplTest$conf}', contextInitializerClasses = '[]', activeProfiles = '{}', propertySourceLocations = '{}', propertySourceProperties = '{}', contextCustomizers = set[org.springframework.boot.test.context.filter.ExcludeFilterContextCustomizer@1e4a7dd4, org.springframework.boot.test.json.DuplicateJsonObjectContextCustomizerFactory$DuplicateJsonObjectContextCustomizer@133e16fd, org.springframework.boot.test.mock.mockito.MockitoContextCustomizer@0, org.springframework.boot.test.autoconfigure.properties.PropertyMappingContextCustomizer@0, org.springframework.boot.test.autoconfigure.web.servlet.WebDriverContextCustomizerFactory$Customizer@1176dcec], contextLoader = 'org.springframework.test.context.support.DelegatingSmartContextLoader', parent = [null]]]
01:26:50.243 [main] DEBUG org.springframework.test.context.cache - Spring test ApplicationContext cache statistics: [DefaultContextCache@14e750c5 size = 2, maxSize = 32, parentContextCount = 0, hitCount = 22, missCount = 2]
01:26:50.244 [main] DEBUG org.springframework.test.context.cache.DefaultCacheAwareContextLoaderDelegate - Retrieved ApplicationContext from cache with key [[MergedContextConfiguration@53bb71e5 testClass = FournisseurImplTest, locations = '{}', classes = '{class ngondi.ged.ga.infrastructure.service.test.FournisseurImplTest$conf}', contextInitializerClasses = '[]', activeProfiles = '{}', propertySourceLocations = '{}', propertySourceProperties = '{}', contextCustomizers = set[org.springframework.boot.test.context.filter.ExcludeFilterContextCustomizer@1e4a7dd4, org.springframework.boot.test.json.DuplicateJsonObjectContextCustomizerFactory$DuplicateJsonObjectContextCustomizer@133e16fd, org.springframework.boot.test.mock.mockito.MockitoContextCustomizer@0, org.springframework.boot.test.autoconfigure.properties.PropertyMappingContextCustomizer@0, org.springframework.boot.test.autoconfigure.web.servlet.WebDriverContextCustomizerFactory$Customizer@1176dcec], contextLoader = 'org.springframework.test.context.support.DelegatingSmartContextLoader', parent = [null]]]
01:26:50.244 [main] DEBUG org.springframework.test.context.cache - Spring test ApplicationContext cache statistics: [DefaultContextCache@14e750c5 size = 2, maxSize = 32, parentContextCount = 0, hitCount = 23, missCount = 2]
01:26:50.246 [main] DEBUG org.springframework.test.context.cache.DefaultCacheAwareContextLoaderDelegate - Retrieved ApplicationContext from cache with key [[MergedContextConfiguration@53bb71e5 testClass = FournisseurImplTest, locations = '{}', classes = '{class ngondi.ged.ga.infrastructure.service.test.FournisseurImplTest$conf}', contextInitializerClasses = '[]', activeProfiles = '{}', propertySourceLocations = '{}', propertySourceProperties = '{}', contextCustomizers = set[org.springframework.boot.test.context.filter.ExcludeFilterContextCustomizer@1e4a7dd4, org.springframework.boot.test.json.DuplicateJsonObjectContextCustomizerFactory$DuplicateJsonObjectContextCustomizer@133e16fd, org.springframework.boot.test.mock.mockito.MockitoContextCustomizer@0, org.springframework.boot.test.autoconfigure.properties.PropertyMappingContextCustomizer@0, org.springframework.boot.test.autoconfigure.web.servlet.WebDriverContextCustomizerFactory$Customizer@1176dcec], contextLoader = 'org.springframework.test.context.support.DelegatingSmartContextLoader', parent = [null]]]
01:26:50.246 [main] DEBUG org.springframework.test.context.cache - Spring test ApplicationContext cache statistics: [DefaultContextCache@14e750c5 size = 2, maxSize = 32, parentContextCount = 0, hitCount = 24, missCount = 2]
01:26:50.246 [main] DEBUG org.springframework.beans.factory.support.DefaultListableBeanFactory - Returning cached instance of singleton bean 'org.springframework.boot.test.mock.mockito.MockitoBeans'
01:26:50.247 [main] DEBUG org.springframework.test.context.support.AbstractDirtiesContextTestExecutionListener - After test method: context [DefaultTestContext@1412682c testClass = FournisseurImplTest, testInstance = ngondi.ged.ga.infrastructure.service.test.FournisseurImplTest@54a056e4, testMethod = testGetFournisseurs@FournisseurImplTest, testException = java.lang.IllegalArgumentException: Source must not be null, mergedContextConfiguration = [MergedContextConfiguration@53bb71e5 testClass = FournisseurImplTest, locations = '{}', classes = '{class ngondi.ged.ga.infrastructure.service.test.FournisseurImplTest$conf}', contextInitializerClasses = '[]', activeProfiles = '{}', propertySourceLocations = '{}', propertySourceProperties = '{}', contextCustomizers = set[org.springframework.boot.test.context.filter.ExcludeFilterContextCustomizer@1e4a7dd4, org.springframework.boot.test.json.DuplicateJsonObjectContextCustomizerFactory$DuplicateJsonObjectContextCustomizer@133e16fd, org.springframework.boot.test.mock.mockito.MockitoContextCustomizer@0, org.springframework.boot.test.autoconfigure.properties.PropertyMappingContextCustomizer@0, org.springframework.boot.test.autoconfigure.web.servlet.WebDriverContextCustomizerFactory$Customizer@1176dcec], contextLoader = 'org.springframework.test.context.support.DelegatingSmartContextLoader', parent = [null]], attributes = map[[empty]]], class annotated with @DirtiesContext [false] with mode [null], method annotated with @DirtiesContext [false] with mode [null].
]]></system-out>
  </testcase>
  <testcase name="testUpdateFournisseur" classname="ngondi.ged.ga.infrastructure.service.test.FournisseurImplTest" time="0.006">
    <error message="Source must not be null" type="java.lang.IllegalArgumentException">java.lang.IllegalArgumentException: Source must not be null
	at ngondi.ged.ga.infrastructure.service.test.FournisseurImplTest.testUpdateFournisseur(FournisseurImplTest.java:158)
</error>
    <system-out><![CDATA[01:26:50.258 [main] DEBUG org.springframework.test.annotation.ProfileValueUtils - Retrieved @ProfileValueSourceConfiguration [null] for test class [ngondi.ged.ga.infrastructure.service.test.FournisseurImplTest]
01:26:50.258 [main] DEBUG org.springframework.test.annotation.ProfileValueUtils - Retrieved ProfileValueSource type [class org.springframework.test.annotation.SystemProfileValueSource] for class [ngondi.ged.ga.infrastructure.service.test.FournisseurImplTest]
01:26:50.258 [main] DEBUG org.springframework.test.context.support.DependencyInjectionTestExecutionListener - Performing dependency injection for test context [[DefaultTestContext@1412682c testClass = FournisseurImplTest, testInstance = ngondi.ged.ga.infrastructure.service.test.FournisseurImplTest@7198ab9a, testMethod = [null], testException = [null], mergedContextConfiguration = [MergedContextConfiguration@53bb71e5 testClass = FournisseurImplTest, locations = '{}', classes = '{class ngondi.ged.ga.infrastructure.service.test.FournisseurImplTest$conf}', contextInitializerClasses = '[]', activeProfiles = '{}', propertySourceLocations = '{}', propertySourceProperties = '{}', contextCustomizers = set[org.springframework.boot.test.context.filter.ExcludeFilterContextCustomizer@1e4a7dd4, org.springframework.boot.test.json.DuplicateJsonObjectContextCustomizerFactory$DuplicateJsonObjectContextCustomizer@133e16fd, org.springframework.boot.test.mock.mockito.MockitoContextCustomizer@0, org.springframework.boot.test.autoconfigure.properties.PropertyMappingContextCustomizer@0, org.springframework.boot.test.autoconfigure.web.servlet.WebDriverContextCustomizerFactory$Customizer@1176dcec], contextLoader = 'org.springframework.test.context.support.DelegatingSmartContextLoader', parent = [null]], attributes = map[[empty]]]].
01:26:50.258 [main] DEBUG org.springframework.test.context.cache.DefaultCacheAwareContextLoaderDelegate - Retrieved ApplicationContext from cache with key [[MergedContextConfiguration@53bb71e5 testClass = FournisseurImplTest, locations = '{}', classes = '{class ngondi.ged.ga.infrastructure.service.test.FournisseurImplTest$conf}', contextInitializerClasses = '[]', activeProfiles = '{}', propertySourceLocations = '{}', propertySourceProperties = '{}', contextCustomizers = set[org.springframework.boot.test.context.filter.ExcludeFilterContextCustomizer@1e4a7dd4, org.springframework.boot.test.json.DuplicateJsonObjectContextCustomizerFactory$DuplicateJsonObjectContextCustomizer@133e16fd, org.springframework.boot.test.mock.mockito.MockitoContextCustomizer@0, org.springframework.boot.test.autoconfigure.properties.PropertyMappingContextCustomizer@0, org.springframework.boot.test.autoconfigure.web.servlet.WebDriverContextCustomizerFactory$Customizer@1176dcec], contextLoader = 'org.springframework.test.context.support.DelegatingSmartContextLoader', parent = [null]]]
01:26:50.258 [main] DEBUG org.springframework.test.context.cache - Spring test ApplicationContext cache statistics: [DefaultContextCache@14e750c5 size = 2, maxSize = 32, parentContextCount = 0, hitCount = 25, missCount = 2]
01:26:50.258 [main] DEBUG org.springframework.beans.factory.annotation.InjectionMetadata - Processing injected element of bean 'ngondi.ged.ga.infrastructure.service.test.FournisseurImplTest': AutowiredFieldElement for private transient ngondi.ged.ga.infrastructure.service.FournisseurImpl ngondi.ged.ga.infrastructure.service.test.FournisseurImplTest.fournisseurImpl
01:26:50.270 [main] DEBUG org.springframework.beans.factory.support.DefaultListableBeanFactory - Returning cached instance of singleton bean 'fournisseurImpl'
01:26:50.270 [main] DEBUG org.springframework.beans.factory.annotation.InjectionMetadata - Processing injected element of bean 'ngondi.ged.ga.infrastructure.service.test.FournisseurImplTest': AutowiredFieldElement for private transient ngondi.ged.ga.infrastructure.service.IFournisseurDao ngondi.ged.ga.infrastructure.service.test.FournisseurImplTest.fournisseurDao
01:26:50.271 [main] DEBUG org.springframework.beans.factory.support.DefaultListableBeanFactory - Returning cached instance of singleton bean 'IFournisseurDao'
01:26:50.271 [main] DEBUG org.springframework.beans.factory.annotation.InjectionMetadata - Processing injected element of bean 'ngondi.ged.ga.infrastructure.service.test.FournisseurImplTest': AutowiredFieldElement for private transient ngondi.ged.ga.infrastructure.service.ArchivageImpl ngondi.ged.ga.infrastructure.service.test.FournisseurImplTest.archivageImpl
01:26:50.271 [main] DEBUG org.springframework.beans.factory.support.DefaultListableBeanFactory - Returning cached instance of singleton bean 'archivageImpl'
01:26:50.273 [main] DEBUG org.springframework.test.context.support.AbstractDirtiesContextTestExecutionListener - Before test method: context [DefaultTestContext@1412682c testClass = FournisseurImplTest, testInstance = ngondi.ged.ga.infrastructure.service.test.FournisseurImplTest@7198ab9a, testMethod = testUpdateFournisseur@FournisseurImplTest, testException = [null], mergedContextConfiguration = [MergedContextConfiguration@53bb71e5 testClass = FournisseurImplTest, locations = '{}', classes = '{class ngondi.ged.ga.infrastructure.service.test.FournisseurImplTest$conf}', contextInitializerClasses = '[]', activeProfiles = '{}', propertySourceLocations = '{}', propertySourceProperties = '{}', contextCustomizers = set[org.springframework.boot.test.context.filter.ExcludeFilterContextCustomizer@1e4a7dd4, org.springframework.boot.test.json.DuplicateJsonObjectContextCustomizerFactory$DuplicateJsonObjectContextCustomizer@133e16fd, org.springframework.boot.test.mock.mockito.MockitoContextCustomizer@0, org.springframework.boot.test.autoconfigure.properties.PropertyMappingContextCustomizer@0, org.springframework.boot.test.autoconfigure.web.servlet.WebDriverContextCustomizerFactory$Customizer@1176dcec], contextLoader = 'org.springframework.test.context.support.DelegatingSmartContextLoader', parent = [null]], attributes = map[[empty]]], class annotated with @DirtiesContext [false] with mode [null], method annotated with @DirtiesContext [false] with mode [null].
01:26:50.273 [main] DEBUG org.springframework.test.context.cache.DefaultCacheAwareContextLoaderDelegate - Retrieved ApplicationContext from cache with key [[MergedContextConfiguration@53bb71e5 testClass = FournisseurImplTest, locations = '{}', classes = '{class ngondi.ged.ga.infrastructure.service.test.FournisseurImplTest$conf}', contextInitializerClasses = '[]', activeProfiles = '{}', propertySourceLocations = '{}', propertySourceProperties = '{}', contextCustomizers = set[org.springframework.boot.test.context.filter.ExcludeFilterContextCustomizer@1e4a7dd4, org.springframework.boot.test.json.DuplicateJsonObjectContextCustomizerFactory$DuplicateJsonObjectContextCustomizer@133e16fd, org.springframework.boot.test.mock.mockito.MockitoContextCustomizer@0, org.springframework.boot.test.autoconfigure.properties.PropertyMappingContextCustomizer@0, org.springframework.boot.test.autoconfigure.web.servlet.WebDriverContextCustomizerFactory$Customizer@1176dcec], contextLoader = 'org.springframework.test.context.support.DelegatingSmartContextLoader', parent = [null]]]
01:26:50.273 [main] DEBUG org.springframework.test.context.cache - Spring test ApplicationContext cache statistics: [DefaultContextCache@14e750c5 size = 2, maxSize = 32, parentContextCount = 0, hitCount = 26, missCount = 2]
01:26:50.273 [main] DEBUG org.springframework.beans.factory.support.DefaultListableBeanFactory - Returning cached instance of singleton bean 'org.springframework.boot.test.mock.mockito.MockitoBeans'
01:26:50.274 [main] DEBUG org.springframework.test.context.cache.DefaultCacheAwareContextLoaderDelegate - Retrieved ApplicationContext from cache with key [[MergedContextConfiguration@53bb71e5 testClass = FournisseurImplTest, locations = '{}', classes = '{class ngondi.ged.ga.infrastructure.service.test.FournisseurImplTest$conf}', contextInitializerClasses = '[]', activeProfiles = '{}', propertySourceLocations = '{}', propertySourceProperties = '{}', contextCustomizers = set[org.springframework.boot.test.context.filter.ExcludeFilterContextCustomizer@1e4a7dd4, org.springframework.boot.test.json.DuplicateJsonObjectContextCustomizerFactory$DuplicateJsonObjectContextCustomizer@133e16fd, org.springframework.boot.test.mock.mockito.MockitoContextCustomizer@0, org.springframework.boot.test.autoconfigure.properties.PropertyMappingContextCustomizer@0, org.springframework.boot.test.autoconfigure.web.servlet.WebDriverContextCustomizerFactory$Customizer@1176dcec], contextLoader = 'org.springframework.test.context.support.DelegatingSmartContextLoader', parent = [null]]]
01:26:50.275 [main] DEBUG org.springframework.test.context.cache - Spring test ApplicationContext cache statistics: [DefaultContextCache@14e750c5 size = 2, maxSize = 32, parentContextCount = 0, hitCount = 27, missCount = 2]
01:26:50.275 [main] DEBUG org.springframework.test.context.cache.DefaultCacheAwareContextLoaderDelegate - Retrieved ApplicationContext from cache with key [[MergedContextConfiguration@53bb71e5 testClass = FournisseurImplTest, locations = '{}', classes = '{class ngondi.ged.ga.infrastructure.service.test.FournisseurImplTest$conf}', contextInitializerClasses = '[]', activeProfiles = '{}', propertySourceLocations = '{}', propertySourceProperties = '{}', contextCustomizers = set[org.springframework.boot.test.context.filter.ExcludeFilterContextCustomizer@1e4a7dd4, org.springframework.boot.test.json.DuplicateJsonObjectContextCustomizerFactory$DuplicateJsonObjectContextCustomizer@133e16fd, org.springframework.boot.test.mock.mockito.MockitoContextCustomizer@0, org.springframework.boot.test.autoconfigure.properties.PropertyMappingContextCustomizer@0, org.springframework.boot.test.autoconfigure.web.servlet.WebDriverContextCustomizerFactory$Customizer@1176dcec], contextLoader = 'org.springframework.test.context.support.DelegatingSmartContextLoader', parent = [null]]]
01:26:50.275 [main] DEBUG org.springframework.test.context.cache - Spring test ApplicationContext cache statistics: [DefaultContextCache@14e750c5 size = 2, maxSize = 32, parentContextCount = 0, hitCount = 28, missCount = 2]
01:26:50.275 [main] DEBUG org.springframework.test.context.cache.DefaultCacheAwareContextLoaderDelegate - Retrieved ApplicationContext from cache with key [[MergedContextConfiguration@53bb71e5 testClass = FournisseurImplTest, locations = '{}', classes = '{class ngondi.ged.ga.infrastructure.service.test.FournisseurImplTest$conf}', contextInitializerClasses = '[]', activeProfiles = '{}', propertySourceLocations = '{}', propertySourceProperties = '{}', contextCustomizers = set[org.springframework.boot.test.context.filter.ExcludeFilterContextCustomizer@1e4a7dd4, org.springframework.boot.test.json.DuplicateJsonObjectContextCustomizerFactory$DuplicateJsonObjectContextCustomizer@133e16fd, org.springframework.boot.test.mock.mockito.MockitoContextCustomizer@0, org.springframework.boot.test.autoconfigure.properties.PropertyMappingContextCustomizer@0, org.springframework.boot.test.autoconfigure.web.servlet.WebDriverContextCustomizerFactory$Customizer@1176dcec], contextLoader = 'org.springframework.test.context.support.DelegatingSmartContextLoader', parent = [null]]]
01:26:50.275 [main] DEBUG org.springframework.test.context.cache - Spring test ApplicationContext cache statistics: [DefaultContextCache@14e750c5 size = 2, maxSize = 32, parentContextCount = 0, hitCount = 29, missCount = 2]
01:26:50.276 [main] DEBUG org.springframework.test.context.cache.DefaultCacheAwareContextLoaderDelegate - Retrieved ApplicationContext from cache with key [[MergedContextConfiguration@53bb71e5 testClass = FournisseurImplTest, locations = '{}', classes = '{class ngondi.ged.ga.infrastructure.service.test.FournisseurImplTest$conf}', contextInitializerClasses = '[]', activeProfiles = '{}', propertySourceLocations = '{}', propertySourceProperties = '{}', contextCustomizers = set[org.springframework.boot.test.context.filter.ExcludeFilterContextCustomizer@1e4a7dd4, org.springframework.boot.test.json.DuplicateJsonObjectContextCustomizerFactory$DuplicateJsonObjectContextCustomizer@133e16fd, org.springframework.boot.test.mock.mockito.MockitoContextCustomizer@0, org.springframework.boot.test.autoconfigure.properties.PropertyMappingContextCustomizer@0, org.springframework.boot.test.autoconfigure.web.servlet.WebDriverContextCustomizerFactory$Customizer@1176dcec], contextLoader = 'org.springframework.test.context.support.DelegatingSmartContextLoader', parent = [null]]]
01:26:50.277 [main] DEBUG org.springframework.test.context.cache - Spring test ApplicationContext cache statistics: [DefaultContextCache@14e750c5 size = 2, maxSize = 32, parentContextCount = 0, hitCount = 30, missCount = 2]
01:26:50.277 [main] DEBUG org.springframework.beans.factory.support.DefaultListableBeanFactory - Returning cached instance of singleton bean 'org.springframework.boot.test.mock.mockito.MockitoBeans'
01:26:50.277 [main] DEBUG org.springframework.test.context.support.AbstractDirtiesContextTestExecutionListener - After test method: context [DefaultTestContext@1412682c testClass = FournisseurImplTest, testInstance = ngondi.ged.ga.infrastructure.service.test.FournisseurImplTest@7198ab9a, testMethod = testUpdateFournisseur@FournisseurImplTest, testException = java.lang.IllegalArgumentException: Source must not be null, mergedContextConfiguration = [MergedContextConfiguration@53bb71e5 testClass = FournisseurImplTest, locations = '{}', classes = '{class ngondi.ged.ga.infrastructure.service.test.FournisseurImplTest$conf}', contextInitializerClasses = '[]', activeProfiles = '{}', propertySourceLocations = '{}', propertySourceProperties = '{}', contextCustomizers = set[org.springframework.boot.test.context.filter.ExcludeFilterContextCustomizer@1e4a7dd4, org.springframework.boot.test.json.DuplicateJsonObjectContextCustomizerFactory$DuplicateJsonObjectContextCustomizer@133e16fd, org.springframework.boot.test.mock.mockito.MockitoContextCustomizer@0, org.springframework.boot.test.autoconfigure.properties.PropertyMappingContextCustomizer@0, org.springframework.boot.test.autoconfigure.web.servlet.WebDriverContextCustomizerFactory$Customizer@1176dcec], contextLoader = 'org.springframework.test.context.support.DelegatingSmartContextLoader', parent = [null]], attributes = map[[empty]]], class annotated with @DirtiesContext [false] with mode [null], method annotated with @DirtiesContext [false] with mode [null].
]]></system-out>
  </testcase>
  <testcase name="testSaveFournisseur" classname="ngondi.ged.ga.infrastructure.service.test.FournisseurImplTest" time="0.218"/>
  <testcase name="testGetFournisseursByActivity" classname="ngondi.ged.ga.infrastructure.service.test.FournisseurImplTest" time="0.001">
    <error message="Source must not be null" type="java.lang.IllegalArgumentException">java.lang.IllegalArgumentException: Source must not be null
	at ngondi.ged.ga.infrastructure.service.test.FournisseurImplTest.testGetFournisseursByActivity(FournisseurImplTest.java:199)
</error>
    <system-out><![CDATA[01:26:50.492 [main] DEBUG org.springframework.test.annotation.ProfileValueUtils - Retrieved @ProfileValueSourceConfiguration [null] for test class [ngondi.ged.ga.infrastructure.service.test.FournisseurImplTest]
01:26:50.492 [main] DEBUG org.springframework.test.annotation.ProfileValueUtils - Retrieved ProfileValueSource type [class org.springframework.test.annotation.SystemProfileValueSource] for class [ngondi.ged.ga.infrastructure.service.test.FournisseurImplTest]
01:26:50.492 [main] DEBUG org.springframework.test.context.support.DependencyInjectionTestExecutionListener - Performing dependency injection for test context [[DefaultTestContext@1412682c testClass = FournisseurImplTest, testInstance = ngondi.ged.ga.infrastructure.service.test.FournisseurImplTest@4756e5cc, testMethod = [null], testException = [null], mergedContextConfiguration = [MergedContextConfiguration@53bb71e5 testClass = FournisseurImplTest, locations = '{}', classes = '{class ngondi.ged.ga.infrastructure.service.test.FournisseurImplTest$conf}', contextInitializerClasses = '[]', activeProfiles = '{}', propertySourceLocations = '{}', propertySourceProperties = '{}', contextCustomizers = set[org.springframework.boot.test.context.filter.ExcludeFilterContextCustomizer@1e4a7dd4, org.springframework.boot.test.json.DuplicateJsonObjectContextCustomizerFactory$DuplicateJsonObjectContextCustomizer@133e16fd, org.springframework.boot.test.mock.mockito.MockitoContextCustomizer@0, org.springframework.boot.test.autoconfigure.properties.PropertyMappingContextCustomizer@0, org.springframework.boot.test.autoconfigure.web.servlet.WebDriverContextCustomizerFactory$Customizer@1176dcec], contextLoader = 'org.springframework.test.context.support.DelegatingSmartContextLoader', parent = [null]], attributes = map[[empty]]]].
01:26:50.493 [main] DEBUG org.springframework.test.context.cache.DefaultCacheAwareContextLoaderDelegate - Retrieved ApplicationContext from cache with key [[MergedContextConfiguration@53bb71e5 testClass = FournisseurImplTest, locations = '{}', classes = '{class ngondi.ged.ga.infrastructure.service.test.FournisseurImplTest$conf}', contextInitializerClasses = '[]', activeProfiles = '{}', propertySourceLocations = '{}', propertySourceProperties = '{}', contextCustomizers = set[org.springframework.boot.test.context.filter.ExcludeFilterContextCustomizer@1e4a7dd4, org.springframework.boot.test.json.DuplicateJsonObjectContextCustomizerFactory$DuplicateJsonObjectContextCustomizer@133e16fd, org.springframework.boot.test.mock.mockito.MockitoContextCustomizer@0, org.springframework.boot.test.autoconfigure.properties.PropertyMappingContextCustomizer@0, org.springframework.boot.test.autoconfigure.web.servlet.WebDriverContextCustomizerFactory$Customizer@1176dcec], contextLoader = 'org.springframework.test.context.support.DelegatingSmartContextLoader', parent = [null]]]
01:26:50.495 [main] DEBUG org.springframework.test.context.cache - Spring test ApplicationContext cache statistics: [DefaultContextCache@14e750c5 size = 2, maxSize = 32, parentContextCount = 0, hitCount = 36, missCount = 2]
01:26:50.495 [main] DEBUG org.springframework.beans.factory.annotation.InjectionMetadata - Processing injected element of bean 'ngondi.ged.ga.infrastructure.service.test.FournisseurImplTest': AutowiredFieldElement for private transient ngondi.ged.ga.infrastructure.service.FournisseurImpl ngondi.ged.ga.infrastructure.service.test.FournisseurImplTest.fournisseurImpl
01:26:50.495 [main] DEBUG org.springframework.beans.factory.support.DefaultListableBeanFactory - Returning cached instance of singleton bean 'fournisseurImpl'
01:26:50.495 [main] DEBUG org.springframework.beans.factory.annotation.InjectionMetadata - Processing injected element of bean 'ngondi.ged.ga.infrastructure.service.test.FournisseurImplTest': AutowiredFieldElement for private transient ngondi.ged.ga.infrastructure.service.IFournisseurDao ngondi.ged.ga.infrastructure.service.test.FournisseurImplTest.fournisseurDao
01:26:50.495 [main] DEBUG org.springframework.beans.factory.support.DefaultListableBeanFactory - Returning cached instance of singleton bean 'IFournisseurDao'
01:26:50.495 [main] DEBUG org.springframework.beans.factory.annotation.InjectionMetadata - Processing injected element of bean 'ngondi.ged.ga.infrastructure.service.test.FournisseurImplTest': AutowiredFieldElement for private transient ngondi.ged.ga.infrastructure.service.ArchivageImpl ngondi.ged.ga.infrastructure.service.test.FournisseurImplTest.archivageImpl
01:26:50.495 [main] DEBUG org.springframework.beans.factory.support.DefaultListableBeanFactory - Returning cached instance of singleton bean 'archivageImpl'
01:26:50.496 [main] DEBUG org.springframework.test.context.support.AbstractDirtiesContextTestExecutionListener - Before test method: context [DefaultTestContext@1412682c testClass = FournisseurImplTest, testInstance = ngondi.ged.ga.infrastructure.service.test.FournisseurImplTest@4756e5cc, testMethod = testGetFournisseursByActivity@FournisseurImplTest, testException = [null], mergedContextConfiguration = [MergedContextConfiguration@53bb71e5 testClass = FournisseurImplTest, locations = '{}', classes = '{class ngondi.ged.ga.infrastructure.service.test.FournisseurImplTest$conf}', contextInitializerClasses = '[]', activeProfiles = '{}', propertySourceLocations = '{}', propertySourceProperties = '{}', contextCustomizers = set[org.springframework.boot.test.context.filter.ExcludeFilterContextCustomizer@1e4a7dd4, org.springframework.boot.test.json.DuplicateJsonObjectContextCustomizerFactory$DuplicateJsonObjectContextCustomizer@133e16fd, org.springframework.boot.test.mock.mockito.MockitoContextCustomizer@0, org.springframework.boot.test.autoconfigure.properties.PropertyMappingContextCustomizer@0, org.springframework.boot.test.autoconfigure.web.servlet.WebDriverContextCustomizerFactory$Customizer@1176dcec], contextLoader = 'org.springframework.test.context.support.DelegatingSmartContextLoader', parent = [null]], attributes = map[[empty]]], class annotated with @DirtiesContext [false] with mode [null], method annotated with @DirtiesContext [false] with mode [null].
01:26:50.496 [main] DEBUG org.springframework.test.context.cache.DefaultCacheAwareContextLoaderDelegate - Retrieved ApplicationContext from cache with key [[MergedContextConfiguration@53bb71e5 testClass = FournisseurImplTest, locations = '{}', classes = '{class ngondi.ged.ga.infrastructure.service.test.FournisseurImplTest$conf}', contextInitializerClasses = '[]', activeProfiles = '{}', propertySourceLocations = '{}', propertySourceProperties = '{}', contextCustomizers = set[org.springframework.boot.test.context.filter.ExcludeFilterContextCustomizer@1e4a7dd4, org.springframework.boot.test.json.DuplicateJsonObjectContextCustomizerFactory$DuplicateJsonObjectContextCustomizer@133e16fd, org.springframework.boot.test.mock.mockito.MockitoContextCustomizer@0, org.springframework.boot.test.autoconfigure.properties.PropertyMappingContextCustomizer@0, org.springframework.boot.test.autoconfigure.web.servlet.WebDriverContextCustomizerFactory$Customizer@1176dcec], contextLoader = 'org.springframework.test.context.support.DelegatingSmartContextLoader', parent = [null]]]
01:26:50.496 [main] DEBUG org.springframework.test.context.cache - Spring test ApplicationContext cache statistics: [DefaultContextCache@14e750c5 size = 2, maxSize = 32, parentContextCount = 0, hitCount = 37, missCount = 2]
01:26:50.496 [main] DEBUG org.springframework.beans.factory.support.DefaultListableBeanFactory - Returning cached instance of singleton bean 'org.springframework.boot.test.mock.mockito.MockitoBeans'
01:26:50.497 [main] DEBUG org.springframework.test.context.cache.DefaultCacheAwareContextLoaderDelegate - Retrieved ApplicationContext from cache with key [[MergedContextConfiguration@53bb71e5 testClass = FournisseurImplTest, locations = '{}', classes = '{class ngondi.ged.ga.infrastructure.service.test.FournisseurImplTest$conf}', contextInitializerClasses = '[]', activeProfiles = '{}', propertySourceLocations = '{}', propertySourceProperties = '{}', contextCustomizers = set[org.springframework.boot.test.context.filter.ExcludeFilterContextCustomizer@1e4a7dd4, org.springframework.boot.test.json.DuplicateJsonObjectContextCustomizerFactory$DuplicateJsonObjectContextCustomizer@133e16fd, org.springframework.boot.test.mock.mockito.MockitoContextCustomizer@0, org.springframework.boot.test.autoconfigure.properties.PropertyMappingContextCustomizer@0, org.springframework.boot.test.autoconfigure.web.servlet.WebDriverContextCustomizerFactory$Customizer@1176dcec], contextLoader = 'org.springframework.test.context.support.DelegatingSmartContextLoader', parent = [null]]]
01:26:50.497 [main] DEBUG org.springframework.test.context.cache - Spring test ApplicationContext cache statistics: [DefaultContextCache@14e750c5 size = 2, maxSize = 32, parentContextCount = 0, hitCount = 38, missCount = 2]
01:26:50.497 [main] DEBUG org.springframework.test.context.cache.DefaultCacheAwareContextLoaderDelegate - Retrieved ApplicationContext from cache with key [[MergedContextConfiguration@53bb71e5 testClass = FournisseurImplTest, locations = '{}', classes = '{class ngondi.ged.ga.infrastructure.service.test.FournisseurImplTest$conf}', contextInitializerClasses = '[]', activeProfiles = '{}', propertySourceLocations = '{}', propertySourceProperties = '{}', contextCustomizers = set[org.springframework.boot.test.context.filter.ExcludeFilterContextCustomizer@1e4a7dd4, org.springframework.boot.test.json.DuplicateJsonObjectContextCustomizerFactory$DuplicateJsonObjectContextCustomizer@133e16fd, org.springframework.boot.test.mock.mockito.MockitoContextCustomizer@0, org.springframework.boot.test.autoconfigure.properties.PropertyMappingContextCustomizer@0, org.springframework.boot.test.autoconfigure.web.servlet.WebDriverContextCustomizerFactory$Customizer@1176dcec], contextLoader = 'org.springframework.test.context.support.DelegatingSmartContextLoader', parent = [null]]]
01:26:50.497 [main] DEBUG org.springframework.test.context.cache - Spring test ApplicationContext cache statistics: [DefaultContextCache@14e750c5 size = 2, maxSize = 32, parentContextCount = 0, hitCount = 39, missCount = 2]
01:26:50.497 [main] DEBUG org.springframework.test.context.cache.DefaultCacheAwareContextLoaderDelegate - Retrieved ApplicationContext from cache with key [[MergedContextConfiguration@53bb71e5 testClass = FournisseurImplTest, locations = '{}', classes = '{class ngondi.ged.ga.infrastructure.service.test.FournisseurImplTest$conf}', contextInitializerClasses = '[]', activeProfiles = '{}', propertySourceLocations = '{}', propertySourceProperties = '{}', contextCustomizers = set[org.springframework.boot.test.context.filter.ExcludeFilterContextCustomizer@1e4a7dd4, org.springframework.boot.test.json.DuplicateJsonObjectContextCustomizerFactory$DuplicateJsonObjectContextCustomizer@133e16fd, org.springframework.boot.test.mock.mockito.MockitoContextCustomizer@0, org.springframework.boot.test.autoconfigure.properties.PropertyMappingContextCustomizer@0, org.springframework.boot.test.autoconfigure.web.servlet.WebDriverContextCustomizerFactory$Customizer@1176dcec], contextLoader = 'org.springframework.test.context.support.DelegatingSmartContextLoader', parent = [null]]]
01:26:50.497 [main] DEBUG org.springframework.test.context.cache - Spring test ApplicationContext cache statistics: [DefaultContextCache@14e750c5 size = 2, maxSize = 32, parentContextCount = 0, hitCount = 40, missCount = 2]
01:26:50.498 [main] DEBUG org.springframework.test.context.cache.DefaultCacheAwareContextLoaderDelegate - Retrieved ApplicationContext from cache with key [[MergedContextConfiguration@53bb71e5 testClass = FournisseurImplTest, locations = '{}', classes = '{class ngondi.ged.ga.infrastructure.service.test.FournisseurImplTest$conf}', contextInitializerClasses = '[]', activeProfiles = '{}', propertySourceLocations = '{}', propertySourceProperties = '{}', contextCustomizers = set[org.springframework.boot.test.context.filter.ExcludeFilterContextCustomizer@1e4a7dd4, org.springframework.boot.test.json.DuplicateJsonObjectContextCustomizerFactory$DuplicateJsonObjectContextCustomizer@133e16fd, org.springframework.boot.test.mock.mockito.MockitoContextCustomizer@0, org.springframework.boot.test.autoconfigure.properties.PropertyMappingContextCustomizer@0, org.springframework.boot.test.autoconfigure.web.servlet.WebDriverContextCustomizerFactory$Customizer@1176dcec], contextLoader = 'org.springframework.test.context.support.DelegatingSmartContextLoader', parent = [null]]]
01:26:50.498 [main] DEBUG org.springframework.test.context.cache - Spring test ApplicationContext cache statistics: [DefaultContextCache@14e750c5 size = 2, maxSize = 32, parentContextCount = 0, hitCount = 41, missCount = 2]
01:26:50.498 [main] DEBUG org.springframework.beans.factory.support.DefaultListableBeanFactory - Returning cached instance of singleton bean 'org.springframework.boot.test.mock.mockito.MockitoBeans'
01:26:50.499 [main] DEBUG org.springframework.test.context.support.AbstractDirtiesContextTestExecutionListener - After test method: context [DefaultTestContext@1412682c testClass = FournisseurImplTest, testInstance = ngondi.ged.ga.infrastructure.service.test.FournisseurImplTest@4756e5cc, testMethod = testGetFournisseursByActivity@FournisseurImplTest, testException = java.lang.IllegalArgumentException: Source must not be null, mergedContextConfiguration = [MergedContextConfiguration@53bb71e5 testClass = FournisseurImplTest, locations = '{}', classes = '{class ngondi.ged.ga.infrastructure.service.test.FournisseurImplTest$conf}', contextInitializerClasses = '[]', activeProfiles = '{}', propertySourceLocations = '{}', propertySourceProperties = '{}', contextCustomizers = set[org.springframework.boot.test.context.filter.ExcludeFilterContextCustomizer@1e4a7dd4, org.springframework.boot.test.json.DuplicateJsonObjectContextCustomizerFactory$DuplicateJsonObjectContextCustomizer@133e16fd, org.springframework.boot.test.mock.mockito.MockitoContextCustomizer@0, org.springframework.boot.test.autoconfigure.properties.PropertyMappingContextCustomizer@0, org.springframework.boot.test.autoconfigure.web.servlet.WebDriverContextCustomizerFactory$Customizer@1176dcec], contextLoader = 'org.springframework.test.context.support.DelegatingSmartContextLoader', parent = [null]], attributes = map[[empty]]], class annotated with @DirtiesContext [false] with mode [null], method annotated with @DirtiesContext [false] with mode [null].
]]></system-out>
  </testcase>
  <testcase name="testDeleteFournisseur" classname="ngondi.ged.ga.infrastructure.service.test.FournisseurImplTest" time="0.002">
    <error message="Source must not be null" type="java.lang.IllegalArgumentException">java.lang.IllegalArgumentException: Source must not be null
	at ngondi.ged.ga.infrastructure.service.test.FournisseurImplTest.testDeleteFournisseur(FournisseurImplTest.java:119)
</error>
    <system-out><![CDATA[01:26:50.499 [main] DEBUG org.springframework.test.annotation.ProfileValueUtils - Retrieved @ProfileValueSourceConfiguration [null] for test class [ngondi.ged.ga.infrastructure.service.test.FournisseurImplTest]
01:26:50.499 [main] DEBUG org.springframework.test.annotation.ProfileValueUtils - Retrieved ProfileValueSource type [class org.springframework.test.annotation.SystemProfileValueSource] for class [ngondi.ged.ga.infrastructure.service.test.FournisseurImplTest]
01:26:50.499 [main] DEBUG org.springframework.test.context.support.DependencyInjectionTestExecutionListener - Performing dependency injection for test context [[DefaultTestContext@1412682c testClass = FournisseurImplTest, testInstance = ngondi.ged.ga.infrastructure.service.test.FournisseurImplTest@2e349cf2, testMethod = [null], testException = [null], mergedContextConfiguration = [MergedContextConfiguration@53bb71e5 testClass = FournisseurImplTest, locations = '{}', classes = '{class ngondi.ged.ga.infrastructure.service.test.FournisseurImplTest$conf}', contextInitializerClasses = '[]', activeProfiles = '{}', propertySourceLocations = '{}', propertySourceProperties = '{}', contextCustomizers = set[org.springframework.boot.test.context.filter.ExcludeFilterContextCustomizer@1e4a7dd4, org.springframework.boot.test.json.DuplicateJsonObjectContextCustomizerFactory$DuplicateJsonObjectContextCustomizer@133e16fd, org.springframework.boot.test.mock.mockito.MockitoContextCustomizer@0, org.springframework.boot.test.autoconfigure.properties.PropertyMappingContextCustomizer@0, org.springframework.boot.test.autoconfigure.web.servlet.WebDriverContextCustomizerFactory$Customizer@1176dcec], contextLoader = 'org.springframework.test.context.support.DelegatingSmartContextLoader', parent = [null]], attributes = map[[empty]]]].
01:26:50.499 [main] DEBUG org.springframework.test.context.cache.DefaultCacheAwareContextLoaderDelegate - Retrieved ApplicationContext from cache with key [[MergedContextConfiguration@53bb71e5 testClass = FournisseurImplTest, locations = '{}', classes = '{class ngondi.ged.ga.infrastructure.service.test.FournisseurImplTest$conf}', contextInitializerClasses = '[]', activeProfiles = '{}', propertySourceLocations = '{}', propertySourceProperties = '{}', contextCustomizers = set[org.springframework.boot.test.context.filter.ExcludeFilterContextCustomizer@1e4a7dd4, org.springframework.boot.test.json.DuplicateJsonObjectContextCustomizerFactory$DuplicateJsonObjectContextCustomizer@133e16fd, org.springframework.boot.test.mock.mockito.MockitoContextCustomizer@0, org.springframework.boot.test.autoconfigure.properties.PropertyMappingContextCustomizer@0, org.springframework.boot.test.autoconfigure.web.servlet.WebDriverContextCustomizerFactory$Customizer@1176dcec], contextLoader = 'org.springframework.test.context.support.DelegatingSmartContextLoader', parent = [null]]]
01:26:50.499 [main] DEBUG org.springframework.test.context.cache - Spring test ApplicationContext cache statistics: [DefaultContextCache@14e750c5 size = 2, maxSize = 32, parentContextCount = 0, hitCount = 42, missCount = 2]
01:26:50.499 [main] DEBUG org.springframework.beans.factory.annotation.InjectionMetadata - Processing injected element of bean 'ngondi.ged.ga.infrastructure.service.test.FournisseurImplTest': AutowiredFieldElement for private transient ngondi.ged.ga.infrastructure.service.FournisseurImpl ngondi.ged.ga.infrastructure.service.test.FournisseurImplTest.fournisseurImpl
01:26:50.499 [main] DEBUG org.springframework.beans.factory.support.DefaultListableBeanFactory - Returning cached instance of singleton bean 'fournisseurImpl'
01:26:50.499 [main] DEBUG org.springframework.beans.factory.annotation.InjectionMetadata - Processing injected element of bean 'ngondi.ged.ga.infrastructure.service.test.FournisseurImplTest': AutowiredFieldElement for private transient ngondi.ged.ga.infrastructure.service.IFournisseurDao ngondi.ged.ga.infrastructure.service.test.FournisseurImplTest.fournisseurDao
01:26:50.499 [main] DEBUG org.springframework.beans.factory.support.DefaultListableBeanFactory - Returning cached instance of singleton bean 'IFournisseurDao'
01:26:50.500 [main] DEBUG org.springframework.beans.factory.annotation.InjectionMetadata - Processing injected element of bean 'ngondi.ged.ga.infrastructure.service.test.FournisseurImplTest': AutowiredFieldElement for private transient ngondi.ged.ga.infrastructure.service.ArchivageImpl ngondi.ged.ga.infrastructure.service.test.FournisseurImplTest.archivageImpl
01:26:50.500 [main] DEBUG org.springframework.beans.factory.support.DefaultListableBeanFactory - Returning cached instance of singleton bean 'archivageImpl'
01:26:50.500 [main] DEBUG org.springframework.test.context.support.AbstractDirtiesContextTestExecutionListener - Before test method: context [DefaultTestContext@1412682c testClass = FournisseurImplTest, testInstance = ngondi.ged.ga.infrastructure.service.test.FournisseurImplTest@2e349cf2, testMethod = testDeleteFournisseur@FournisseurImplTest, testException = [null], mergedContextConfiguration = [MergedContextConfiguration@53bb71e5 testClass = FournisseurImplTest, locations = '{}', classes = '{class ngondi.ged.ga.infrastructure.service.test.FournisseurImplTest$conf}', contextInitializerClasses = '[]', activeProfiles = '{}', propertySourceLocations = '{}', propertySourceProperties = '{}', contextCustomizers = set[org.springframework.boot.test.context.filter.ExcludeFilterContextCustomizer@1e4a7dd4, org.springframework.boot.test.json.DuplicateJsonObjectContextCustomizerFactory$DuplicateJsonObjectContextCustomizer@133e16fd, org.springframework.boot.test.mock.mockito.MockitoContextCustomizer@0, org.springframework.boot.test.autoconfigure.properties.PropertyMappingContextCustomizer@0, org.springframework.boot.test.autoconfigure.web.servlet.WebDriverContextCustomizerFactory$Customizer@1176dcec], contextLoader = 'org.springframework.test.context.support.DelegatingSmartContextLoader', parent = [null]], attributes = map[[empty]]], class annotated with @DirtiesContext [false] with mode [null], method annotated with @DirtiesContext [false] with mode [null].
01:26:50.500 [main] DEBUG org.springframework.test.context.cache.DefaultCacheAwareContextLoaderDelegate - Retrieved ApplicationContext from cache with key [[MergedContextConfiguration@53bb71e5 testClass = FournisseurImplTest, locations = '{}', classes = '{class ngondi.ged.ga.infrastructure.service.test.FournisseurImplTest$conf}', contextInitializerClasses = '[]', activeProfiles = '{}', propertySourceLocations = '{}', propertySourceProperties = '{}', contextCustomizers = set[org.springframework.boot.test.context.filter.ExcludeFilterContextCustomizer@1e4a7dd4, org.springframework.boot.test.json.DuplicateJsonObjectContextCustomizerFactory$DuplicateJsonObjectContextCustomizer@133e16fd, org.springframework.boot.test.mock.mockito.MockitoContextCustomizer@0, org.springframework.boot.test.autoconfigure.properties.PropertyMappingContextCustomizer@0, org.springframework.boot.test.autoconfigure.web.servlet.WebDriverContextCustomizerFactory$Customizer@1176dcec], contextLoader = 'org.springframework.test.context.support.DelegatingSmartContextLoader', parent = [null]]]
01:26:50.500 [main] DEBUG org.springframework.test.context.cache - Spring test ApplicationContext cache statistics: [DefaultContextCache@14e750c5 size = 2, maxSize = 32, parentContextCount = 0, hitCount = 43, missCount = 2]
01:26:50.500 [main] DEBUG org.springframework.beans.factory.support.DefaultListableBeanFactory - Returning cached instance of singleton bean 'org.springframework.boot.test.mock.mockito.MockitoBeans'
01:26:50.501 [main] DEBUG org.springframework.test.context.cache.DefaultCacheAwareContextLoaderDelegate - Retrieved ApplicationContext from cache with key [[MergedContextConfiguration@53bb71e5 testClass = FournisseurImplTest, locations = '{}', classes = '{class ngondi.ged.ga.infrastructure.service.test.FournisseurImplTest$conf}', contextInitializerClasses = '[]', activeProfiles = '{}', propertySourceLocations = '{}', propertySourceProperties = '{}', contextCustomizers = set[org.springframework.boot.test.context.filter.ExcludeFilterContextCustomizer@1e4a7dd4, org.springframework.boot.test.json.DuplicateJsonObjectContextCustomizerFactory$DuplicateJsonObjectContextCustomizer@133e16fd, org.springframework.boot.test.mock.mockito.MockitoContextCustomizer@0, org.springframework.boot.test.autoconfigure.properties.PropertyMappingContextCustomizer@0, org.springframework.boot.test.autoconfigure.web.servlet.WebDriverContextCustomizerFactory$Customizer@1176dcec], contextLoader = 'org.springframework.test.context.support.DelegatingSmartContextLoader', parent = [null]]]
01:26:50.501 [main] DEBUG org.springframework.test.context.cache - Spring test ApplicationContext cache statistics: [DefaultContextCache@14e750c5 size = 2, maxSize = 32, parentContextCount = 0, hitCount = 44, missCount = 2]
01:26:50.501 [main] DEBUG org.springframework.test.context.cache.DefaultCacheAwareContextLoaderDelegate - Retrieved ApplicationContext from cache with key [[MergedContextConfiguration@53bb71e5 testClass = FournisseurImplTest, locations = '{}', classes = '{class ngondi.ged.ga.infrastructure.service.test.FournisseurImplTest$conf}', contextInitializerClasses = '[]', activeProfiles = '{}', propertySourceLocations = '{}', propertySourceProperties = '{}', contextCustomizers = set[org.springframework.boot.test.context.filter.ExcludeFilterContextCustomizer@1e4a7dd4, org.springframework.boot.test.json.DuplicateJsonObjectContextCustomizerFactory$DuplicateJsonObjectContextCustomizer@133e16fd, org.springframework.boot.test.mock.mockito.MockitoContextCustomizer@0, org.springframework.boot.test.autoconfigure.properties.PropertyMappingContextCustomizer@0, org.springframework.boot.test.autoconfigure.web.servlet.WebDriverContextCustomizerFactory$Customizer@1176dcec], contextLoader = 'org.springframework.test.context.support.DelegatingSmartContextLoader', parent = [null]]]
01:26:50.501 [main] DEBUG org.springframework.test.context.cache - Spring test ApplicationContext cache statistics: [DefaultContextCache@14e750c5 size = 2, maxSize = 32, parentContextCount = 0, hitCount = 45, missCount = 2]
01:26:50.501 [main] DEBUG org.springframework.test.context.cache.DefaultCacheAwareContextLoaderDelegate - Retrieved ApplicationContext from cache with key [[MergedContextConfiguration@53bb71e5 testClass = FournisseurImplTest, locations = '{}', classes = '{class ngondi.ged.ga.infrastructure.service.test.FournisseurImplTest$conf}', contextInitializerClasses = '[]', activeProfiles = '{}', propertySourceLocations = '{}', propertySourceProperties = '{}', contextCustomizers = set[org.springframework.boot.test.context.filter.ExcludeFilterContextCustomizer@1e4a7dd4, org.springframework.boot.test.json.DuplicateJsonObjectContextCustomizerFactory$DuplicateJsonObjectContextCustomizer@133e16fd, org.springframework.boot.test.mock.mockito.MockitoContextCustomizer@0, org.springframework.boot.test.autoconfigure.properties.PropertyMappingContextCustomizer@0, org.springframework.boot.test.autoconfigure.web.servlet.WebDriverContextCustomizerFactory$Customizer@1176dcec], contextLoader = 'org.springframework.test.context.support.DelegatingSmartContextLoader', parent = [null]]]
01:26:50.501 [main] DEBUG org.springframework.test.context.cache - Spring test ApplicationContext cache statistics: [DefaultContextCache@14e750c5 size = 2, maxSize = 32, parentContextCount = 0, hitCount = 46, missCount = 2]
01:26:50.503 [main] DEBUG org.springframework.test.context.cache.DefaultCacheAwareContextLoaderDelegate - Retrieved ApplicationContext from cache with key [[MergedContextConfiguration@53bb71e5 testClass = FournisseurImplTest, locations = '{}', classes = '{class ngondi.ged.ga.infrastructure.service.test.FournisseurImplTest$conf}', contextInitializerClasses = '[]', activeProfiles = '{}', propertySourceLocations = '{}', propertySourceProperties = '{}', contextCustomizers = set[org.springframework.boot.test.context.filter.ExcludeFilterContextCustomizer@1e4a7dd4, org.springframework.boot.test.json.DuplicateJsonObjectContextCustomizerFactory$DuplicateJsonObjectContextCustomizer@133e16fd, org.springframework.boot.test.mock.mockito.MockitoContextCustomizer@0, org.springframework.boot.test.autoconfigure.properties.PropertyMappingContextCustomizer@0, org.springframework.boot.test.autoconfigure.web.servlet.WebDriverContextCustomizerFactory$Customizer@1176dcec], contextLoader = 'org.springframework.test.context.support.DelegatingSmartContextLoader', parent = [null]]]
01:26:50.503 [main] DEBUG org.springframework.test.context.cache - Spring test ApplicationContext cache statistics: [DefaultContextCache@14e750c5 size = 2, maxSize = 32, parentContextCount = 0, hitCount = 47, missCount = 2]
01:26:50.503 [main] DEBUG org.springframework.beans.factory.support.DefaultListableBeanFactory - Returning cached instance of singleton bean 'org.springframework.boot.test.mock.mockito.MockitoBeans'
01:26:50.504 [main] DEBUG org.springframework.test.context.support.AbstractDirtiesContextTestExecutionListener - After test method: context [DefaultTestContext@1412682c testClass = FournisseurImplTest, testInstance = ngondi.ged.ga.infrastructure.service.test.FournisseurImplTest@2e349cf2, testMethod = testDeleteFournisseur@FournisseurImplTest, testException = java.lang.IllegalArgumentException: Source must not be null, mergedContextConfiguration = [MergedContextConfiguration@53bb71e5 testClass = FournisseurImplTest, locations = '{}', classes = '{class ngondi.ged.ga.infrastructure.service.test.FournisseurImplTest$conf}', contextInitializerClasses = '[]', activeProfiles = '{}', propertySourceLocations = '{}', propertySourceProperties = '{}', contextCustomizers = set[org.springframework.boot.test.context.filter.ExcludeFilterContextCustomizer@1e4a7dd4, org.springframework.boot.test.json.DuplicateJsonObjectContextCustomizerFactory$DuplicateJsonObjectContextCustomizer@133e16fd, org.springframework.boot.test.mock.mockito.MockitoContextCustomizer@0, org.springframework.boot.test.autoconfigure.properties.PropertyMappingContextCustomizer@0, org.springframework.boot.test.autoconfigure.web.servlet.WebDriverContextCustomizerFactory$Customizer@1176dcec], contextLoader = 'org.springframework.test.context.support.DelegatingSmartContextLoader', parent = [null]], attributes = map[[empty]]], class annotated with @DirtiesContext [false] with mode [null], method annotated with @DirtiesContext [false] with mode [null].
]]></system-out>
  </testcase>
  <testcase name="testGetDocOfFournisseurs" classname="ngondi.ged.ga.infrastructure.service.test.FournisseurImplTest" time="0.003">
    <error message="Source must not be null" type="java.lang.IllegalArgumentException">java.lang.IllegalArgumentException: Source must not be null
	at ngondi.ged.ga.infrastructure.service.test.FournisseurImplTest.testGetDocOfFournisseurs(FournisseurImplTest.java:77)
</error>
    <system-out><![CDATA[01:26:50.504 [main] DEBUG org.springframework.test.annotation.ProfileValueUtils - Retrieved @ProfileValueSourceConfiguration [null] for test class [ngondi.ged.ga.infrastructure.service.test.FournisseurImplTest]
01:26:50.505 [main] DEBUG org.springframework.test.annotation.ProfileValueUtils - Retrieved ProfileValueSource type [class org.springframework.test.annotation.SystemProfileValueSource] for class [ngondi.ged.ga.infrastructure.service.test.FournisseurImplTest]
01:26:50.505 [main] DEBUG org.springframework.test.context.support.DependencyInjectionTestExecutionListener - Performing dependency injection for test context [[DefaultTestContext@1412682c testClass = FournisseurImplTest, testInstance = ngondi.ged.ga.infrastructure.service.test.FournisseurImplTest@3dbb3fb7, testMethod = [null], testException = [null], mergedContextConfiguration = [MergedContextConfiguration@53bb71e5 testClass = FournisseurImplTest, locations = '{}', classes = '{class ngondi.ged.ga.infrastructure.service.test.FournisseurImplTest$conf}', contextInitializerClasses = '[]', activeProfiles = '{}', propertySourceLocations = '{}', propertySourceProperties = '{}', contextCustomizers = set[org.springframework.boot.test.context.filter.ExcludeFilterContextCustomizer@1e4a7dd4, org.springframework.boot.test.json.DuplicateJsonObjectContextCustomizerFactory$DuplicateJsonObjectContextCustomizer@133e16fd, org.springframework.boot.test.mock.mockito.MockitoContextCustomizer@0, org.springframework.boot.test.autoconfigure.properties.PropertyMappingContextCustomizer@0, org.springframework.boot.test.autoconfigure.web.servlet.WebDriverContextCustomizerFactory$Customizer@1176dcec], contextLoader = 'org.springframework.test.context.support.DelegatingSmartContextLoader', parent = [null]], attributes = map[[empty]]]].
01:26:50.505 [main] DEBUG org.springframework.test.context.cache.DefaultCacheAwareContextLoaderDelegate - Retrieved ApplicationContext from cache with key [[MergedContextConfiguration@53bb71e5 testClass = FournisseurImplTest, locations = '{}', classes = '{class ngondi.ged.ga.infrastructure.service.test.FournisseurImplTest$conf}', contextInitializerClasses = '[]', activeProfiles = '{}', propertySourceLocations = '{}', propertySourceProperties = '{}', contextCustomizers = set[org.springframework.boot.test.context.filter.ExcludeFilterContextCustomizer@1e4a7dd4, org.springframework.boot.test.json.DuplicateJsonObjectContextCustomizerFactory$DuplicateJsonObjectContextCustomizer@133e16fd, org.springframework.boot.test.mock.mockito.MockitoContextCustomizer@0, org.springframework.boot.test.autoconfigure.properties.PropertyMappingContextCustomizer@0, org.springframework.boot.test.autoconfigure.web.servlet.WebDriverContextCustomizerFactory$Customizer@1176dcec], contextLoader = 'org.springframework.test.context.support.DelegatingSmartContextLoader', parent = [null]]]
01:26:50.505 [main] DEBUG org.springframework.test.context.cache - Spring test ApplicationContext cache statistics: [DefaultContextCache@14e750c5 size = 2, maxSize = 32, parentContextCount = 0, hitCount = 48, missCount = 2]
01:26:50.505 [main] DEBUG org.springframework.beans.factory.annotation.InjectionMetadata - Processing injected element of bean 'ngondi.ged.ga.infrastructure.service.test.FournisseurImplTest': AutowiredFieldElement for private transient ngondi.ged.ga.infrastructure.service.FournisseurImpl ngondi.ged.ga.infrastructure.service.test.FournisseurImplTest.fournisseurImpl
01:26:50.505 [main] DEBUG org.springframework.beans.factory.support.DefaultListableBeanFactory - Returning cached instance of singleton bean 'fournisseurImpl'
01:26:50.505 [main] DEBUG org.springframework.beans.factory.annotation.InjectionMetadata - Processing injected element of bean 'ngondi.ged.ga.infrastructure.service.test.FournisseurImplTest': AutowiredFieldElement for private transient ngondi.ged.ga.infrastructure.service.IFournisseurDao ngondi.ged.ga.infrastructure.service.test.FournisseurImplTest.fournisseurDao
01:26:50.505 [main] DEBUG org.springframework.beans.factory.support.DefaultListableBeanFactory - Returning cached instance of singleton bean 'IFournisseurDao'
01:26:50.505 [main] DEBUG org.springframework.beans.factory.annotation.InjectionMetadata - Processing injected element of bean 'ngondi.ged.ga.infrastructure.service.test.FournisseurImplTest': AutowiredFieldElement for private transient ngondi.ged.ga.infrastructure.service.ArchivageImpl ngondi.ged.ga.infrastructure.service.test.FournisseurImplTest.archivageImpl
01:26:50.505 [main] DEBUG org.springframework.beans.factory.support.DefaultListableBeanFactory - Returning cached instance of singleton bean 'archivageImpl'
01:26:50.505 [main] DEBUG org.springframework.test.context.support.AbstractDirtiesContextTestExecutionListener - Before test method: context [DefaultTestContext@1412682c testClass = FournisseurImplTest, testInstance = ngondi.ged.ga.infrastructure.service.test.FournisseurImplTest@3dbb3fb7, testMethod = testGetDocOfFournisseurs@FournisseurImplTest, testException = [null], mergedContextConfiguration = [MergedContextConfiguration@53bb71e5 testClass = FournisseurImplTest, locations = '{}', classes = '{class ngondi.ged.ga.infrastructure.service.test.FournisseurImplTest$conf}', contextInitializerClasses = '[]', activeProfiles = '{}', propertySourceLocations = '{}', propertySourceProperties = '{}', contextCustomizers = set[org.springframework.boot.test.context.filter.ExcludeFilterContextCustomizer@1e4a7dd4, org.springframework.boot.test.json.DuplicateJsonObjectContextCustomizerFactory$DuplicateJsonObjectContextCustomizer@133e16fd, org.springframework.boot.test.mock.mockito.MockitoContextCustomizer@0, org.springframework.boot.test.autoconfigure.properties.PropertyMappingContextCustomizer@0, org.springframework.boot.test.autoconfigure.web.servlet.WebDriverContextCustomizerFactory$Customizer@1176dcec], contextLoader = 'org.springframework.test.context.support.DelegatingSmartContextLoader', parent = [null]], attributes = map[[empty]]], class annotated with @DirtiesContext [false] with mode [null], method annotated with @DirtiesContext [false] with mode [null].
01:26:50.505 [main] DEBUG org.springframework.test.context.cache.DefaultCacheAwareContextLoaderDelegate - Retrieved ApplicationContext from cache with key [[MergedContextConfiguration@53bb71e5 testClass = FournisseurImplTest, locations = '{}', classes = '{class ngondi.ged.ga.infrastructure.service.test.FournisseurImplTest$conf}', contextInitializerClasses = '[]', activeProfiles = '{}', propertySourceLocations = '{}', propertySourceProperties = '{}', contextCustomizers = set[org.springframework.boot.test.context.filter.ExcludeFilterContextCustomizer@1e4a7dd4, org.springframework.boot.test.json.DuplicateJsonObjectContextCustomizerFactory$DuplicateJsonObjectContextCustomizer@133e16fd, org.springframework.boot.test.mock.mockito.MockitoContextCustomizer@0, org.springframework.boot.test.autoconfigure.properties.PropertyMappingContextCustomizer@0, org.springframework.boot.test.autoconfigure.web.servlet.WebDriverContextCustomizerFactory$Customizer@1176dcec], contextLoader = 'org.springframework.test.context.support.DelegatingSmartContextLoader', parent = [null]]]
01:26:50.505 [main] DEBUG org.springframework.test.context.cache - Spring test ApplicationContext cache statistics: [DefaultContextCache@14e750c5 size = 2, maxSize = 32, parentContextCount = 0, hitCount = 49, missCount = 2]
01:26:50.506 [main] DEBUG org.springframework.beans.factory.support.DefaultListableBeanFactory - Returning cached instance of singleton bean 'org.springframework.boot.test.mock.mockito.MockitoBeans'
01:26:50.506 [main] DEBUG org.springframework.test.context.cache.DefaultCacheAwareContextLoaderDelegate - Retrieved ApplicationContext from cache with key [[MergedContextConfiguration@53bb71e5 testClass = FournisseurImplTest, locations = '{}', classes = '{class ngondi.ged.ga.infrastructure.service.test.FournisseurImplTest$conf}', contextInitializerClasses = '[]', activeProfiles = '{}', propertySourceLocations = '{}', propertySourceProperties = '{}', contextCustomizers = set[org.springframework.boot.test.context.filter.ExcludeFilterContextCustomizer@1e4a7dd4, org.springframework.boot.test.json.DuplicateJsonObjectContextCustomizerFactory$DuplicateJsonObjectContextCustomizer@133e16fd, org.springframework.boot.test.mock.mockito.MockitoContextCustomizer@0, org.springframework.boot.test.autoconfigure.properties.PropertyMappingContextCustomizer@0, org.springframework.boot.test.autoconfigure.web.servlet.WebDriverContextCustomizerFactory$Customizer@1176dcec], contextLoader = 'org.springframework.test.context.support.DelegatingSmartContextLoader', parent = [null]]]
01:26:50.506 [main] DEBUG org.springframework.test.context.cache - Spring test ApplicationContext cache statistics: [DefaultContextCache@14e750c5 size = 2, maxSize = 32, parentContextCount = 0, hitCount = 50, missCount = 2]
01:26:50.506 [main] DEBUG org.springframework.test.context.cache.DefaultCacheAwareContextLoaderDelegate - Retrieved ApplicationContext from cache with key [[MergedContextConfiguration@53bb71e5 testClass = FournisseurImplTest, locations = '{}', classes = '{class ngondi.ged.ga.infrastructure.service.test.FournisseurImplTest$conf}', contextInitializerClasses = '[]', activeProfiles = '{}', propertySourceLocations = '{}', propertySourceProperties = '{}', contextCustomizers = set[org.springframework.boot.test.context.filter.ExcludeFilterContextCustomizer@1e4a7dd4, org.springframework.boot.test.json.DuplicateJsonObjectContextCustomizerFactory$DuplicateJsonObjectContextCustomizer@133e16fd, org.springframework.boot.test.mock.mockito.MockitoContextCustomizer@0, org.springframework.boot.test.autoconfigure.properties.PropertyMappingContextCustomizer@0, org.springframework.boot.test.autoconfigure.web.servlet.WebDriverContextCustomizerFactory$Customizer@1176dcec], contextLoader = 'org.springframework.test.context.support.DelegatingSmartContextLoader', parent = [null]]]
01:26:50.506 [main] DEBUG org.springframework.test.context.cache - Spring test ApplicationContext cache statistics: [DefaultContextCache@14e750c5 size = 2, maxSize = 32, parentContextCount = 0, hitCount = 51, missCount = 2]
01:26:50.507 [main] DEBUG org.springframework.test.context.cache.DefaultCacheAwareContextLoaderDelegate - Retrieved ApplicationContext from cache with key [[MergedContextConfiguration@53bb71e5 testClass = FournisseurImplTest, locations = '{}', classes = '{class ngondi.ged.ga.infrastructure.service.test.FournisseurImplTest$conf}', contextInitializerClasses = '[]', activeProfiles = '{}', propertySourceLocations = '{}', propertySourceProperties = '{}', contextCustomizers = set[org.springframework.boot.test.context.filter.ExcludeFilterContextCustomizer@1e4a7dd4, org.springframework.boot.test.json.DuplicateJsonObjectContextCustomizerFactory$DuplicateJsonObjectContextCustomizer@133e16fd, org.springframework.boot.test.mock.mockito.MockitoContextCustomizer@0, org.springframework.boot.test.autoconfigure.properties.PropertyMappingContextCustomizer@0, org.springframework.boot.test.autoconfigure.web.servlet.WebDriverContextCustomizerFactory$Customizer@1176dcec], contextLoader = 'org.springframework.test.context.support.DelegatingSmartContextLoader', parent = [null]]]
01:26:50.507 [main] DEBUG org.springframework.test.context.cache - Spring test ApplicationContext cache statistics: [DefaultContextCache@14e750c5 size = 2, maxSize = 32, parentContextCount = 0, hitCount = 52, missCount = 2]
01:26:50.508 [main] DEBUG org.springframework.test.context.cache.DefaultCacheAwareContextLoaderDelegate - Retrieved ApplicationContext from cache with key [[MergedContextConfiguration@53bb71e5 testClass = FournisseurImplTest, locations = '{}', classes = '{class ngondi.ged.ga.infrastructure.service.test.FournisseurImplTest$conf}', contextInitializerClasses = '[]', activeProfiles = '{}', propertySourceLocations = '{}', propertySourceProperties = '{}', contextCustomizers = set[org.springframework.boot.test.context.filter.ExcludeFilterContextCustomizer@1e4a7dd4, org.springframework.boot.test.json.DuplicateJsonObjectContextCustomizerFactory$DuplicateJsonObjectContextCustomizer@133e16fd, org.springframework.boot.test.mock.mockito.MockitoContextCustomizer@0, org.springframework.boot.test.autoconfigure.properties.PropertyMappingContextCustomizer@0, org.springframework.boot.test.autoconfigure.web.servlet.WebDriverContextCustomizerFactory$Customizer@1176dcec], contextLoader = 'org.springframework.test.context.support.DelegatingSmartContextLoader', parent = [null]]]
01:26:50.508 [main] DEBUG org.springframework.test.context.cache - Spring test ApplicationContext cache statistics: [DefaultContextCache@14e750c5 size = 2, maxSize = 32, parentContextCount = 0, hitCount = 53, missCount = 2]
01:26:50.508 [main] DEBUG org.springframework.beans.factory.support.DefaultListableBeanFactory - Returning cached instance of singleton bean 'org.springframework.boot.test.mock.mockito.MockitoBeans'
01:26:50.509 [main] DEBUG org.springframework.test.context.support.AbstractDirtiesContextTestExecutionListener - After test method: context [DefaultTestContext@1412682c testClass = FournisseurImplTest, testInstance = ngondi.ged.ga.infrastructure.service.test.FournisseurImplTest@3dbb3fb7, testMethod = testGetDocOfFournisseurs@FournisseurImplTest, testException = java.lang.IllegalArgumentException: Source must not be null, mergedContextConfiguration = [MergedContextConfiguration@53bb71e5 testClass = FournisseurImplTest, locations = '{}', classes = '{class ngondi.ged.ga.infrastructure.service.test.FournisseurImplTest$conf}', contextInitializerClasses = '[]', activeProfiles = '{}', propertySourceLocations = '{}', propertySourceProperties = '{}', contextCustomizers = set[org.springframework.boot.test.context.filter.ExcludeFilterContextCustomizer@1e4a7dd4, org.springframework.boot.test.json.DuplicateJsonObjectContextCustomizerFactory$DuplicateJsonObjectContextCustomizer@133e16fd, org.springframework.boot.test.mock.mockito.MockitoContextCustomizer@0, org.springframework.boot.test.autoconfigure.properties.PropertyMappingContextCustomizer@0, org.springframework.boot.test.autoconfigure.web.servlet.WebDriverContextCustomizerFactory$Customizer@1176dcec], contextLoader = 'org.springframework.test.context.support.DelegatingSmartContextLoader', parent = [null]], attributes = map[[empty]]], class annotated with @DirtiesContext [false] with mode [null], method annotated with @DirtiesContext [false] with mode [null].
]]></system-out>
  </testcase>
  <testcase name="testDeleteDocOfFournisseur" classname="ngondi.ged.ga.infrastructure.service.test.FournisseurImplTest" time="0.004">
    <error message="Source must not be null" type="java.lang.IllegalArgumentException">java.lang.IllegalArgumentException: Source must not be null
	at ngondi.ged.ga.infrastructure.service.test.FournisseurImplTest.testDeleteDocOfFournisseur(FournisseurImplTest.java:54)
</error>
    <system-out><![CDATA[01:26:50.509 [main] DEBUG org.springframework.test.annotation.ProfileValueUtils - Retrieved @ProfileValueSourceConfiguration [null] for test class [ngondi.ged.ga.infrastructure.service.test.FournisseurImplTest]
01:26:50.509 [main] DEBUG org.springframework.test.annotation.ProfileValueUtils - Retrieved ProfileValueSource type [class org.springframework.test.annotation.SystemProfileValueSource] for class [ngondi.ged.ga.infrastructure.service.test.FournisseurImplTest]
01:26:50.509 [main] DEBUG org.springframework.test.context.support.DependencyInjectionTestExecutionListener - Performing dependency injection for test context [[DefaultTestContext@1412682c testClass = FournisseurImplTest, testInstance = ngondi.ged.ga.infrastructure.service.test.FournisseurImplTest@68a426c3, testMethod = [null], testException = [null], mergedContextConfiguration = [MergedContextConfiguration@53bb71e5 testClass = FournisseurImplTest, locations = '{}', classes = '{class ngondi.ged.ga.infrastructure.service.test.FournisseurImplTest$conf}', contextInitializerClasses = '[]', activeProfiles = '{}', propertySourceLocations = '{}', propertySourceProperties = '{}', contextCustomizers = set[org.springframework.boot.test.context.filter.ExcludeFilterContextCustomizer@1e4a7dd4, org.springframework.boot.test.json.DuplicateJsonObjectContextCustomizerFactory$DuplicateJsonObjectContextCustomizer@133e16fd, org.springframework.boot.test.mock.mockito.MockitoContextCustomizer@0, org.springframework.boot.test.autoconfigure.properties.PropertyMappingContextCustomizer@0, org.springframework.boot.test.autoconfigure.web.servlet.WebDriverContextCustomizerFactory$Customizer@1176dcec], contextLoader = 'org.springframework.test.context.support.DelegatingSmartContextLoader', parent = [null]], attributes = map[[empty]]]].
01:26:50.509 [main] DEBUG org.springframework.test.context.cache.DefaultCacheAwareContextLoaderDelegate - Retrieved ApplicationContext from cache with key [[MergedContextConfiguration@53bb71e5 testClass = FournisseurImplTest, locations = '{}', classes = '{class ngondi.ged.ga.infrastructure.service.test.FournisseurImplTest$conf}', contextInitializerClasses = '[]', activeProfiles = '{}', propertySourceLocations = '{}', propertySourceProperties = '{}', contextCustomizers = set[org.springframework.boot.test.context.filter.ExcludeFilterContextCustomizer@1e4a7dd4, org.springframework.boot.test.json.DuplicateJsonObjectContextCustomizerFactory$DuplicateJsonObjectContextCustomizer@133e16fd, org.springframework.boot.test.mock.mockito.MockitoContextCustomizer@0, org.springframework.boot.test.autoconfigure.properties.PropertyMappingContextCustomizer@0, org.springframework.boot.test.autoconfigure.web.servlet.WebDriverContextCustomizerFactory$Customizer@1176dcec], contextLoader = 'org.springframework.test.context.support.DelegatingSmartContextLoader', parent = [null]]]
01:26:50.509 [main] DEBUG org.springframework.test.context.cache - Spring test ApplicationContext cache statistics: [DefaultContextCache@14e750c5 size = 2, maxSize = 32, parentContextCount = 0, hitCount = 54, missCount = 2]
01:26:50.509 [main] DEBUG org.springframework.beans.factory.annotation.InjectionMetadata - Processing injected element of bean 'ngondi.ged.ga.infrastructure.service.test.FournisseurImplTest': AutowiredFieldElement for private transient ngondi.ged.ga.infrastructure.service.FournisseurImpl ngondi.ged.ga.infrastructure.service.test.FournisseurImplTest.fournisseurImpl
01:26:50.509 [main] DEBUG org.springframework.beans.factory.support.DefaultListableBeanFactory - Returning cached instance of singleton bean 'fournisseurImpl'
01:26:50.509 [main] DEBUG org.springframework.beans.factory.annotation.InjectionMetadata - Processing injected element of bean 'ngondi.ged.ga.infrastructure.service.test.FournisseurImplTest': AutowiredFieldElement for private transient ngondi.ged.ga.infrastructure.service.IFournisseurDao ngondi.ged.ga.infrastructure.service.test.FournisseurImplTest.fournisseurDao
01:26:50.509 [main] DEBUG org.springframework.beans.factory.support.DefaultListableBeanFactory - Returning cached instance of singleton bean 'IFournisseurDao'
01:26:50.509 [main] DEBUG org.springframework.beans.factory.annotation.InjectionMetadata - Processing injected element of bean 'ngondi.ged.ga.infrastructure.service.test.FournisseurImplTest': AutowiredFieldElement for private transient ngondi.ged.ga.infrastructure.service.ArchivageImpl ngondi.ged.ga.infrastructure.service.test.FournisseurImplTest.archivageImpl
01:26:50.509 [main] DEBUG org.springframework.beans.factory.support.DefaultListableBeanFactory - Returning cached instance of singleton bean 'archivageImpl'
01:26:50.509 [main] DEBUG org.springframework.test.context.support.AbstractDirtiesContextTestExecutionListener - Before test method: context [DefaultTestContext@1412682c testClass = FournisseurImplTest, testInstance = ngondi.ged.ga.infrastructure.service.test.FournisseurImplTest@68a426c3, testMethod = testDeleteDocOfFournisseur@FournisseurImplTest, testException = [null], mergedContextConfiguration = [MergedContextConfiguration@53bb71e5 testClass = FournisseurImplTest, locations = '{}', classes = '{class ngondi.ged.ga.infrastructure.service.test.FournisseurImplTest$conf}', contextInitializerClasses = '[]', activeProfiles = '{}', propertySourceLocations = '{}', propertySourceProperties = '{}', contextCustomizers = set[org.springframework.boot.test.context.filter.ExcludeFilterContextCustomizer@1e4a7dd4, org.springframework.boot.test.json.DuplicateJsonObjectContextCustomizerFactory$DuplicateJsonObjectContextCustomizer@133e16fd, org.springframework.boot.test.mock.mockito.MockitoContextCustomizer@0, org.springframework.boot.test.autoconfigure.properties.PropertyMappingContextCustomizer@0, org.springframework.boot.test.autoconfigure.web.servlet.WebDriverContextCustomizerFactory$Customizer@1176dcec], contextLoader = 'org.springframework.test.context.support.DelegatingSmartContextLoader', parent = [null]], attributes = map[[empty]]], class annotated with @DirtiesContext [false] with mode [null], method annotated with @DirtiesContext [false] with mode [null].
01:26:50.510 [main] DEBUG org.springframework.test.context.cache.DefaultCacheAwareContextLoaderDelegate - Retrieved ApplicationContext from cache with key [[MergedContextConfiguration@53bb71e5 testClass = FournisseurImplTest, locations = '{}', classes = '{class ngondi.ged.ga.infrastructure.service.test.FournisseurImplTest$conf}', contextInitializerClasses = '[]', activeProfiles = '{}', propertySourceLocations = '{}', propertySourceProperties = '{}', contextCustomizers = set[org.springframework.boot.test.context.filter.ExcludeFilterContextCustomizer@1e4a7dd4, org.springframework.boot.test.json.DuplicateJsonObjectContextCustomizerFactory$DuplicateJsonObjectContextCustomizer@133e16fd, org.springframework.boot.test.mock.mockito.MockitoContextCustomizer@0, org.springframework.boot.test.autoconfigure.properties.PropertyMappingContextCustomizer@0, org.springframework.boot.test.autoconfigure.web.servlet.WebDriverContextCustomizerFactory$Customizer@1176dcec], contextLoader = 'org.springframework.test.context.support.DelegatingSmartContextLoader', parent = [null]]]
01:26:50.510 [main] DEBUG org.springframework.test.context.cache - Spring test ApplicationContext cache statistics: [DefaultContextCache@14e750c5 size = 2, maxSize = 32, parentContextCount = 0, hitCount = 55, missCount = 2]
01:26:50.510 [main] DEBUG org.springframework.beans.factory.support.DefaultListableBeanFactory - Returning cached instance of singleton bean 'org.springframework.boot.test.mock.mockito.MockitoBeans'
01:26:50.511 [main] DEBUG org.springframework.test.context.cache.DefaultCacheAwareContextLoaderDelegate - Retrieved ApplicationContext from cache with key [[MergedContextConfiguration@53bb71e5 testClass = FournisseurImplTest, locations = '{}', classes = '{class ngondi.ged.ga.infrastructure.service.test.FournisseurImplTest$conf}', contextInitializerClasses = '[]', activeProfiles = '{}', propertySourceLocations = '{}', propertySourceProperties = '{}', contextCustomizers = set[org.springframework.boot.test.context.filter.ExcludeFilterContextCustomizer@1e4a7dd4, org.springframework.boot.test.json.DuplicateJsonObjectContextCustomizerFactory$DuplicateJsonObjectContextCustomizer@133e16fd, org.springframework.boot.test.mock.mockito.MockitoContextCustomizer@0, org.springframework.boot.test.autoconfigure.properties.PropertyMappingContextCustomizer@0, org.springframework.boot.test.autoconfigure.web.servlet.WebDriverContextCustomizerFactory$Customizer@1176dcec], contextLoader = 'org.springframework.test.context.support.DelegatingSmartContextLoader', parent = [null]]]
01:26:50.511 [main] DEBUG org.springframework.test.context.cache - Spring test ApplicationContext cache statistics: [DefaultContextCache@14e750c5 size = 2, maxSize = 32, parentContextCount = 0, hitCount = 56, missCount = 2]
01:26:50.511 [main] DEBUG org.springframework.test.context.cache.DefaultCacheAwareContextLoaderDelegate - Retrieved ApplicationContext from cache with key [[MergedContextConfiguration@53bb71e5 testClass = FournisseurImplTest, locations = '{}', classes = '{class ngondi.ged.ga.infrastructure.service.test.FournisseurImplTest$conf}', contextInitializerClasses = '[]', activeProfiles = '{}', propertySourceLocations = '{}', propertySourceProperties = '{}', contextCustomizers = set[org.springframework.boot.test.context.filter.ExcludeFilterContextCustomizer@1e4a7dd4, org.springframework.boot.test.json.DuplicateJsonObjectContextCustomizerFactory$DuplicateJsonObjectContextCustomizer@133e16fd, org.springframework.boot.test.mock.mockito.MockitoContextCustomizer@0, org.springframework.boot.test.autoconfigure.properties.PropertyMappingContextCustomizer@0, org.springframework.boot.test.autoconfigure.web.servlet.WebDriverContextCustomizerFactory$Customizer@1176dcec], contextLoader = 'org.springframework.test.context.support.DelegatingSmartContextLoader', parent = [null]]]
01:26:50.511 [main] DEBUG org.springframework.test.context.cache - Spring test ApplicationContext cache statistics: [DefaultContextCache@14e750c5 size = 2, maxSize = 32, parentContextCount = 0, hitCount = 57, missCount = 2]
01:26:50.511 [main] DEBUG org.springframework.test.context.cache.DefaultCacheAwareContextLoaderDelegate - Retrieved ApplicationContext from cache with key [[MergedContextConfiguration@53bb71e5 testClass = FournisseurImplTest, locations = '{}', classes = '{class ngondi.ged.ga.infrastructure.service.test.FournisseurImplTest$conf}', contextInitializerClasses = '[]', activeProfiles = '{}', propertySourceLocations = '{}', propertySourceProperties = '{}', contextCustomizers = set[org.springframework.boot.test.context.filter.ExcludeFilterContextCustomizer@1e4a7dd4, org.springframework.boot.test.json.DuplicateJsonObjectContextCustomizerFactory$DuplicateJsonObjectContextCustomizer@133e16fd, org.springframework.boot.test.mock.mockito.MockitoContextCustomizer@0, org.springframework.boot.test.autoconfigure.properties.PropertyMappingContextCustomizer@0, org.springframework.boot.test.autoconfigure.web.servlet.WebDriverContextCustomizerFactory$Customizer@1176dcec], contextLoader = 'org.springframework.test.context.support.DelegatingSmartContextLoader', parent = [null]]]
01:26:50.511 [main] DEBUG org.springframework.test.context.cache - Spring test ApplicationContext cache statistics: [DefaultContextCache@14e750c5 size = 2, maxSize = 32, parentContextCount = 0, hitCount = 58, missCount = 2]
01:26:50.512 [main] DEBUG org.springframework.test.context.cache.DefaultCacheAwareContextLoaderDelegate - Retrieved ApplicationContext from cache with key [[MergedContextConfiguration@53bb71e5 testClass = FournisseurImplTest, locations = '{}', classes = '{class ngondi.ged.ga.infrastructure.service.test.FournisseurImplTest$conf}', contextInitializerClasses = '[]', activeProfiles = '{}', propertySourceLocations = '{}', propertySourceProperties = '{}', contextCustomizers = set[org.springframework.boot.test.context.filter.ExcludeFilterContextCustomizer@1e4a7dd4, org.springframework.boot.test.json.DuplicateJsonObjectContextCustomizerFactory$DuplicateJsonObjectContextCustomizer@133e16fd, org.springframework.boot.test.mock.mockito.MockitoContextCustomizer@0, org.springframework.boot.test.autoconfigure.properties.PropertyMappingContextCustomizer@0, org.springframework.boot.test.autoconfigure.web.servlet.WebDriverContextCustomizerFactory$Customizer@1176dcec], contextLoader = 'org.springframework.test.context.support.DelegatingSmartContextLoader', parent = [null]]]
01:26:50.512 [main] DEBUG org.springframework.test.context.cache - Spring test ApplicationContext cache statistics: [DefaultContextCache@14e750c5 size = 2, maxSize = 32, parentContextCount = 0, hitCount = 59, missCount = 2]
01:26:50.513 [main] DEBUG org.springframework.beans.factory.support.DefaultListableBeanFactory - Returning cached instance of singleton bean 'org.springframework.boot.test.mock.mockito.MockitoBeans'
01:26:50.513 [main] DEBUG org.springframework.test.context.support.AbstractDirtiesContextTestExecutionListener - After test method: context [DefaultTestContext@1412682c testClass = FournisseurImplTest, testInstance = ngondi.ged.ga.infrastructure.service.test.FournisseurImplTest@68a426c3, testMethod = testDeleteDocOfFournisseur@FournisseurImplTest, testException = java.lang.IllegalArgumentException: Source must not be null, mergedContextConfiguration = [MergedContextConfiguration@53bb71e5 testClass = FournisseurImplTest, locations = '{}', classes = '{class ngondi.ged.ga.infrastructure.service.test.FournisseurImplTest$conf}', contextInitializerClasses = '[]', activeProfiles = '{}', propertySourceLocations = '{}', propertySourceProperties = '{}', contextCustomizers = set[org.springframework.boot.test.context.filter.ExcludeFilterContextCustomizer@1e4a7dd4, org.springframework.boot.test.json.DuplicateJsonObjectContextCustomizerFactory$DuplicateJsonObjectContextCustomizer@133e16fd, org.springframework.boot.test.mock.mockito.MockitoContextCustomizer@0, org.springframework.boot.test.autoconfigure.properties.PropertyMappingContextCustomizer@0, org.springframework.boot.test.autoconfigure.web.servlet.WebDriverContextCustomizerFactory$Customizer@1176dcec], contextLoader = 'org.springframework.test.context.support.DelegatingSmartContextLoader', parent = [null]], attributes = map[[empty]]], class annotated with @DirtiesContext [false] with mode [null], method annotated with @DirtiesContext [false] with mode [null].
]]></system-out>
  </testcase>
  <testcase name="testGetFournisseur" classname="ngondi.ged.ga.infrastructure.service.test.FournisseurImplTest" time="0.003">
    <error message="Source must not be null" type="java.lang.IllegalArgumentException">java.lang.IllegalArgumentException: Source must not be null
	at ngondi.ged.ga.infrastructure.service.test.FournisseurImplTest.testGetFournisseur(FournisseurImplTest.java:99)
</error>
    <system-out><![CDATA[01:26:50.513 [main] DEBUG org.springframework.test.annotation.ProfileValueUtils - Retrieved @ProfileValueSourceConfiguration [null] for test class [ngondi.ged.ga.infrastructure.service.test.FournisseurImplTest]
01:26:50.513 [main] DEBUG org.springframework.test.annotation.ProfileValueUtils - Retrieved ProfileValueSource type [class org.springframework.test.annotation.SystemProfileValueSource] for class [ngondi.ged.ga.infrastructure.service.test.FournisseurImplTest]
01:26:50.513 [main] DEBUG org.springframework.test.context.support.DependencyInjectionTestExecutionListener - Performing dependency injection for test context [[DefaultTestContext@1412682c testClass = FournisseurImplTest, testInstance = ngondi.ged.ga.infrastructure.service.test.FournisseurImplTest@182cc69e, testMethod = [null], testException = [null], mergedContextConfiguration = [MergedContextConfiguration@53bb71e5 testClass = FournisseurImplTest, locations = '{}', classes = '{class ngondi.ged.ga.infrastructure.service.test.FournisseurImplTest$conf}', contextInitializerClasses = '[]', activeProfiles = '{}', propertySourceLocations = '{}', propertySourceProperties = '{}', contextCustomizers = set[org.springframework.boot.test.context.filter.ExcludeFilterContextCustomizer@1e4a7dd4, org.springframework.boot.test.json.DuplicateJsonObjectContextCustomizerFactory$DuplicateJsonObjectContextCustomizer@133e16fd, org.springframework.boot.test.mock.mockito.MockitoContextCustomizer@0, org.springframework.boot.test.autoconfigure.properties.PropertyMappingContextCustomizer@0, org.springframework.boot.test.autoconfigure.web.servlet.WebDriverContextCustomizerFactory$Customizer@1176dcec], contextLoader = 'org.springframework.test.context.support.DelegatingSmartContextLoader', parent = [null]], attributes = map[[empty]]]].
01:26:50.513 [main] DEBUG org.springframework.test.context.cache.DefaultCacheAwareContextLoaderDelegate - Retrieved ApplicationContext from cache with key [[MergedContextConfiguration@53bb71e5 testClass = FournisseurImplTest, locations = '{}', classes = '{class ngondi.ged.ga.infrastructure.service.test.FournisseurImplTest$conf}', contextInitializerClasses = '[]', activeProfiles = '{}', propertySourceLocations = '{}', propertySourceProperties = '{}', contextCustomizers = set[org.springframework.boot.test.context.filter.ExcludeFilterContextCustomizer@1e4a7dd4, org.springframework.boot.test.json.DuplicateJsonObjectContextCustomizerFactory$DuplicateJsonObjectContextCustomizer@133e16fd, org.springframework.boot.test.mock.mockito.MockitoContextCustomizer@0, org.springframework.boot.test.autoconfigure.properties.PropertyMappingContextCustomizer@0, org.springframework.boot.test.autoconfigure.web.servlet.WebDriverContextCustomizerFactory$Customizer@1176dcec], contextLoader = 'org.springframework.test.context.support.DelegatingSmartContextLoader', parent = [null]]]
01:26:50.513 [main] DEBUG org.springframework.test.context.cache - Spring test ApplicationContext cache statistics: [DefaultContextCache@14e750c5 size = 2, maxSize = 32, parentContextCount = 0, hitCount = 60, missCount = 2]
01:26:50.514 [main] DEBUG org.springframework.beans.factory.annotation.InjectionMetadata - Processing injected element of bean 'ngondi.ged.ga.infrastructure.service.test.FournisseurImplTest': AutowiredFieldElement for private transient ngondi.ged.ga.infrastructure.service.FournisseurImpl ngondi.ged.ga.infrastructure.service.test.FournisseurImplTest.fournisseurImpl
01:26:50.514 [main] DEBUG org.springframework.beans.factory.support.DefaultListableBeanFactory - Returning cached instance of singleton bean 'fournisseurImpl'
01:26:50.514 [main] DEBUG org.springframework.beans.factory.annotation.InjectionMetadata - Processing injected element of bean 'ngondi.ged.ga.infrastructure.service.test.FournisseurImplTest': AutowiredFieldElement for private transient ngondi.ged.ga.infrastructure.service.IFournisseurDao ngondi.ged.ga.infrastructure.service.test.FournisseurImplTest.fournisseurDao
01:26:50.514 [main] DEBUG org.springframework.beans.factory.support.DefaultListableBeanFactory - Returning cached instance of singleton bean 'IFournisseurDao'
01:26:50.514 [main] DEBUG org.springframework.beans.factory.annotation.InjectionMetadata - Processing injected element of bean 'ngondi.ged.ga.infrastructure.service.test.FournisseurImplTest': AutowiredFieldElement for private transient ngondi.ged.ga.infrastructure.service.ArchivageImpl ngondi.ged.ga.infrastructure.service.test.FournisseurImplTest.archivageImpl
01:26:50.514 [main] DEBUG org.springframework.beans.factory.support.DefaultListableBeanFactory - Returning cached instance of singleton bean 'archivageImpl'
01:26:50.514 [main] DEBUG org.springframework.test.context.support.AbstractDirtiesContextTestExecutionListener - Before test method: context [DefaultTestContext@1412682c testClass = FournisseurImplTest, testInstance = ngondi.ged.ga.infrastructure.service.test.FournisseurImplTest@182cc69e, testMethod = testGetFournisseur@FournisseurImplTest, testException = [null], mergedContextConfiguration = [MergedContextConfiguration@53bb71e5 testClass = FournisseurImplTest, locations = '{}', classes = '{class ngondi.ged.ga.infrastructure.service.test.FournisseurImplTest$conf}', contextInitializerClasses = '[]', activeProfiles = '{}', propertySourceLocations = '{}', propertySourceProperties = '{}', contextCustomizers = set[org.springframework.boot.test.context.filter.ExcludeFilterContextCustomizer@1e4a7dd4, org.springframework.boot.test.json.DuplicateJsonObjectContextCustomizerFactory$DuplicateJsonObjectContextCustomizer@133e16fd, org.springframework.boot.test.mock.mockito.MockitoContextCustomizer@0, org.springframework.boot.test.autoconfigure.properties.PropertyMappingContextCustomizer@0, org.springframework.boot.test.autoconfigure.web.servlet.WebDriverContextCustomizerFactory$Customizer@1176dcec], contextLoader = 'org.springframework.test.context.support.DelegatingSmartContextLoader', parent = [null]], attributes = map[[empty]]], class annotated with @DirtiesContext [false] with mode [null], method annotated with @DirtiesContext [false] with mode [null].
01:26:50.514 [main] DEBUG org.springframework.test.context.cache.DefaultCacheAwareContextLoaderDelegate - Retrieved ApplicationContext from cache with key [[MergedContextConfiguration@53bb71e5 testClass = FournisseurImplTest, locations = '{}', classes = '{class ngondi.ged.ga.infrastructure.service.test.FournisseurImplTest$conf}', contextInitializerClasses = '[]', activeProfiles = '{}', propertySourceLocations = '{}', propertySourceProperties = '{}', contextCustomizers = set[org.springframework.boot.test.context.filter.ExcludeFilterContextCustomizer@1e4a7dd4, org.springframework.boot.test.json.DuplicateJsonObjectContextCustomizerFactory$DuplicateJsonObjectContextCustomizer@133e16fd, org.springframework.boot.test.mock.mockito.MockitoContextCustomizer@0, org.springframework.boot.test.autoconfigure.properties.PropertyMappingContextCustomizer@0, org.springframework.boot.test.autoconfigure.web.servlet.WebDriverContextCustomizerFactory$Customizer@1176dcec], contextLoader = 'org.springframework.test.context.support.DelegatingSmartContextLoader', parent = [null]]]
01:26:50.514 [main] DEBUG org.springframework.test.context.cache - Spring test ApplicationContext cache statistics: [DefaultContextCache@14e750c5 size = 2, maxSize = 32, parentContextCount = 0, hitCount = 61, missCount = 2]
01:26:50.514 [main] DEBUG org.springframework.beans.factory.support.DefaultListableBeanFactory - Returning cached instance of singleton bean 'org.springframework.boot.test.mock.mockito.MockitoBeans'
01:26:50.515 [main] DEBUG org.springframework.test.context.cache.DefaultCacheAwareContextLoaderDelegate - Retrieved ApplicationContext from cache with key [[MergedContextConfiguration@53bb71e5 testClass = FournisseurImplTest, locations = '{}', classes = '{class ngondi.ged.ga.infrastructure.service.test.FournisseurImplTest$conf}', contextInitializerClasses = '[]', activeProfiles = '{}', propertySourceLocations = '{}', propertySourceProperties = '{}', contextCustomizers = set[org.springframework.boot.test.context.filter.ExcludeFilterContextCustomizer@1e4a7dd4, org.springframework.boot.test.json.DuplicateJsonObjectContextCustomizerFactory$DuplicateJsonObjectContextCustomizer@133e16fd, org.springframework.boot.test.mock.mockito.MockitoContextCustomizer@0, org.springframework.boot.test.autoconfigure.properties.PropertyMappingContextCustomizer@0, org.springframework.boot.test.autoconfigure.web.servlet.WebDriverContextCustomizerFactory$Customizer@1176dcec], contextLoader = 'org.springframework.test.context.support.DelegatingSmartContextLoader', parent = [null]]]
01:26:50.515 [main] DEBUG org.springframework.test.context.cache - Spring test ApplicationContext cache statistics: [DefaultContextCache@14e750c5 size = 2, maxSize = 32, parentContextCount = 0, hitCount = 62, missCount = 2]
01:26:50.515 [main] DEBUG org.springframework.test.context.cache.DefaultCacheAwareContextLoaderDelegate - Retrieved ApplicationContext from cache with key [[MergedContextConfiguration@53bb71e5 testClass = FournisseurImplTest, locations = '{}', classes = '{class ngondi.ged.ga.infrastructure.service.test.FournisseurImplTest$conf}', contextInitializerClasses = '[]', activeProfiles = '{}', propertySourceLocations = '{}', propertySourceProperties = '{}', contextCustomizers = set[org.springframework.boot.test.context.filter.ExcludeFilterContextCustomizer@1e4a7dd4, org.springframework.boot.test.json.DuplicateJsonObjectContextCustomizerFactory$DuplicateJsonObjectContextCustomizer@133e16fd, org.springframework.boot.test.mock.mockito.MockitoContextCustomizer@0, org.springframework.boot.test.autoconfigure.properties.PropertyMappingContextCustomizer@0, org.springframework.boot.test.autoconfigure.web.servlet.WebDriverContextCustomizerFactory$Customizer@1176dcec], contextLoader = 'org.springframework.test.context.support.DelegatingSmartContextLoader', parent = [null]]]
01:26:50.515 [main] DEBUG org.springframework.test.context.cache - Spring test ApplicationContext cache statistics: [DefaultContextCache@14e750c5 size = 2, maxSize = 32, parentContextCount = 0, hitCount = 63, missCount = 2]
01:26:50.516 [main] DEBUG org.springframework.test.context.cache.DefaultCacheAwareContextLoaderDelegate - Retrieved ApplicationContext from cache with key [[MergedContextConfiguration@53bb71e5 testClass = FournisseurImplTest, locations = '{}', classes = '{class ngondi.ged.ga.infrastructure.service.test.FournisseurImplTest$conf}', contextInitializerClasses = '[]', activeProfiles = '{}', propertySourceLocations = '{}', propertySourceProperties = '{}', contextCustomizers = set[org.springframework.boot.test.context.filter.ExcludeFilterContextCustomizer@1e4a7dd4, org.springframework.boot.test.json.DuplicateJsonObjectContextCustomizerFactory$DuplicateJsonObjectContextCustomizer@133e16fd, org.springframework.boot.test.mock.mockito.MockitoContextCustomizer@0, org.springframework.boot.test.autoconfigure.properties.PropertyMappingContextCustomizer@0, org.springframework.boot.test.autoconfigure.web.servlet.WebDriverContextCustomizerFactory$Customizer@1176dcec], contextLoader = 'org.springframework.test.context.support.DelegatingSmartContextLoader', parent = [null]]]
01:26:50.516 [main] DEBUG org.springframework.test.context.cache - Spring test ApplicationContext cache statistics: [DefaultContextCache@14e750c5 size = 2, maxSize = 32, parentContextCount = 0, hitCount = 64, missCount = 2]
01:26:50.516 [main] DEBUG org.springframework.test.context.cache.DefaultCacheAwareContextLoaderDelegate - Retrieved ApplicationContext from cache with key [[MergedContextConfiguration@53bb71e5 testClass = FournisseurImplTest, locations = '{}', classes = '{class ngondi.ged.ga.infrastructure.service.test.FournisseurImplTest$conf}', contextInitializerClasses = '[]', activeProfiles = '{}', propertySourceLocations = '{}', propertySourceProperties = '{}', contextCustomizers = set[org.springframework.boot.test.context.filter.ExcludeFilterContextCustomizer@1e4a7dd4, org.springframework.boot.test.json.DuplicateJsonObjectContextCustomizerFactory$DuplicateJsonObjectContextCustomizer@133e16fd, org.springframework.boot.test.mock.mockito.MockitoContextCustomizer@0, org.springframework.boot.test.autoconfigure.properties.PropertyMappingContextCustomizer@0, org.springframework.boot.test.autoconfigure.web.servlet.WebDriverContextCustomizerFactory$Customizer@1176dcec], contextLoader = 'org.springframework.test.context.support.DelegatingSmartContextLoader', parent = [null]]]
01:26:50.516 [main] DEBUG org.springframework.test.context.cache - Spring test ApplicationContext cache statistics: [DefaultContextCache@14e750c5 size = 2, maxSize = 32, parentContextCount = 0, hitCount = 65, missCount = 2]
01:26:50.517 [main] DEBUG org.springframework.beans.factory.support.DefaultListableBeanFactory - Returning cached instance of singleton bean 'org.springframework.boot.test.mock.mockito.MockitoBeans'
01:26:50.517 [main] DEBUG org.springframework.test.context.support.AbstractDirtiesContextTestExecutionListener - After test method: context [DefaultTestContext@1412682c testClass = FournisseurImplTest, testInstance = ngondi.ged.ga.infrastructure.service.test.FournisseurImplTest@182cc69e, testMethod = testGetFournisseur@FournisseurImplTest, testException = java.lang.IllegalArgumentException: Source must not be null, mergedContextConfiguration = [MergedContextConfiguration@53bb71e5 testClass = FournisseurImplTest, locations = '{}', classes = '{class ngondi.ged.ga.infrastructure.service.test.FournisseurImplTest$conf}', contextInitializerClasses = '[]', activeProfiles = '{}', propertySourceLocations = '{}', propertySourceProperties = '{}', contextCustomizers = set[org.springframework.boot.test.context.filter.ExcludeFilterContextCustomizer@1e4a7dd4, org.springframework.boot.test.json.DuplicateJsonObjectContextCustomizerFactory$DuplicateJsonObjectContextCustomizer@133e16fd, org.springframework.boot.test.mock.mockito.MockitoContextCustomizer@0, org.springframework.boot.test.autoconfigure.properties.PropertyMappingContextCustomizer@0, org.springframework.boot.test.autoconfigure.web.servlet.WebDriverContextCustomizerFactory$Customizer@1176dcec], contextLoader = 'org.springframework.test.context.support.DelegatingSmartContextLoader', parent = [null]], attributes = map[[empty]]], class annotated with @DirtiesContext [false] with mode [null], method annotated with @DirtiesContext [false] with mode [null].
]]></system-out>
  </testcase>
</testsuite>